[2025-02-11T00:00:25.332+0000] {local_task_job_runner.py:123} INFO - ::group::Pre task execution logs
[2025-02-11T00:00:25.367+0000] {taskinstance.py:2613} INFO - Dependencies all met for dep_context=non-requeueable deps ti=<TaskInstance: web_to_snowflake.scrape_weather_data scheduled__2025-02-10T00:00:00+00:00 [queued]>
[2025-02-11T00:00:25.387+0000] {taskinstance.py:2613} INFO - Dependencies all met for dep_context=requeueable deps ti=<TaskInstance: web_to_snowflake.scrape_weather_data scheduled__2025-02-10T00:00:00+00:00 [queued]>
[2025-02-11T00:00:25.390+0000] {taskinstance.py:2866} INFO - Starting attempt 1 of 2
[2025-02-11T00:00:25.419+0000] {taskinstance.py:2889} INFO - Executing <Task(PythonOperator): scrape_weather_data> on 2025-02-10 00:00:00+00:00
[2025-02-11T00:00:25.440+0000] {warnings.py:112} WARNING - /home/***/.local/lib/python3.12/site-packages/***/task/task_runner/standard_task_runner.py:70: DeprecationWarning: This process (pid=230) is multi-threaded, use of fork() may lead to deadlocks in the child.
  pid = os.fork()

[2025-02-11T00:00:25.446+0000] {standard_task_runner.py:72} INFO - Started process 232 to run task
[2025-02-11T00:00:25.446+0000] {standard_task_runner.py:104} INFO - Running: ['***', 'tasks', 'run', 'web_to_snowflake', 'scrape_weather_data', 'scheduled__2025-02-10T00:00:00+00:00', '--job-id', '74', '--raw', '--subdir', 'DAGS_FOLDER/web_to_snowflake.py', '--cfg-path', '/tmp/tmp667kgeb2']
[2025-02-11T00:00:25.453+0000] {standard_task_runner.py:105} INFO - Job 74: Subtask scrape_weather_data
[2025-02-11T00:00:25.556+0000] {task_command.py:467} INFO - Running <TaskInstance: web_to_snowflake.scrape_weather_data scheduled__2025-02-10T00:00:00+00:00 [running]> on host 48d23ee18b74
[2025-02-11T00:00:25.727+0000] {taskinstance.py:3132} INFO - Exporting env vars: AIRFLOW_CTX_DAG_OWNER='***' AIRFLOW_CTX_DAG_ID='web_to_snowflake' AIRFLOW_CTX_TASK_ID='scrape_weather_data' AIRFLOW_CTX_EXECUTION_DATE='2025-02-10T00:00:00+00:00' AIRFLOW_CTX_TRY_NUMBER='1' AIRFLOW_CTX_DAG_RUN_ID='scheduled__2025-02-10T00:00:00+00:00'
[2025-02-11T00:00:25.731+0000] {taskinstance.py:731} INFO - ::endgroup::
[2025-02-11T00:00:25.787+0000] {logging_mixin.py:190} INFO - Scraped data: {'temperature': 72, 'humidity': 65, 'date': '2025-02-10', 'temperature_celsius': 22.22}
[2025-02-11T00:00:25.789+0000] {python.py:240} INFO - Done. Returned value was: Data scraped successfully
[2025-02-11T00:00:25.827+0000] {taskinstance.py:340} INFO - ::group::Post task execution logs
[2025-02-11T00:00:25.829+0000] {taskinstance.py:352} INFO - Marking task as SUCCESS. dag_id=web_to_snowflake, task_id=scrape_weather_data, run_id=scheduled__2025-02-10T00:00:00+00:00, execution_date=20250210T000000, start_date=20250211T000025, end_date=20250211T000025
[2025-02-11T00:00:25.867+0000] {local_task_job_runner.py:266} INFO - Task exited with return code 0
[2025-02-11T00:00:25.915+0000] {taskinstance.py:3895} INFO - 1 downstream tasks scheduled from follow-on schedule check
[2025-02-11T00:00:25.922+0000] {local_task_job_runner.py:245} INFO - ::endgroup::
