[2025-02-11T00:00:02.202+0000] {local_task_job_runner.py:123} INFO - ::group::Pre task execution logs
[2025-02-11T00:00:02.241+0000] {taskinstance.py:2613} INFO - Dependencies all met for dep_context=non-requeueable deps ti=<TaskInstance: basic_concepts.print_context scheduled__2025-02-10T00:00:00+00:00 [queued]>
[2025-02-11T00:00:02.259+0000] {taskinstance.py:2613} INFO - Dependencies all met for dep_context=requeueable deps ti=<TaskInstance: basic_concepts.print_context scheduled__2025-02-10T00:00:00+00:00 [queued]>
[2025-02-11T00:00:02.262+0000] {taskinstance.py:2866} INFO - Starting attempt 1 of 2
[2025-02-11T00:00:02.287+0000] {taskinstance.py:2889} INFO - Executing <Task(PythonOperator): print_context> on 2025-02-10 00:00:00+00:00
[2025-02-11T00:00:02.304+0000] {warnings.py:112} WARNING - /home/***/.local/lib/python3.12/site-packages/***/task/task_runner/standard_task_runner.py:70: DeprecationWarning: This process (pid=196) is multi-threaded, use of fork() may lead to deadlocks in the child.
  pid = os.fork()

[2025-02-11T00:00:02.310+0000] {standard_task_runner.py:72} INFO - Started process 198 to run task
[2025-02-11T00:00:02.310+0000] {standard_task_runner.py:104} INFO - Running: ['***', 'tasks', 'run', 'basic_concepts', 'print_context', 'scheduled__2025-02-10T00:00:00+00:00', '--job-id', '66', '--raw', '--subdir', 'DAGS_FOLDER/01_basic_concepts.py', '--cfg-path', '/tmp/tmpry9nw9od']
[2025-02-11T00:00:02.313+0000] {standard_task_runner.py:105} INFO - Job 66: Subtask print_context
[2025-02-11T00:00:02.425+0000] {task_command.py:467} INFO - Running <TaskInstance: basic_concepts.print_context scheduled__2025-02-10T00:00:00+00:00 [running]> on host 48d23ee18b74
[2025-02-11T00:00:02.603+0000] {taskinstance.py:3132} INFO - Exporting env vars: AIRFLOW_CTX_DAG_OWNER='***' AIRFLOW_CTX_DAG_ID='basic_concepts' AIRFLOW_CTX_TASK_ID='print_context' AIRFLOW_CTX_EXECUTION_DATE='2025-02-10T00:00:00+00:00' AIRFLOW_CTX_TRY_NUMBER='1' AIRFLOW_CTX_DAG_RUN_ID='scheduled__2025-02-10T00:00:00+00:00'
[2025-02-11T00:00:02.605+0000] {taskinstance.py:731} INFO - ::endgroup::
[2025-02-11T00:00:02.674+0000] {logging_mixin.py:190} INFO - Execution date is 2025-02-10
[2025-02-11T00:00:02.675+0000] {logging_mixin.py:190} INFO - Task instance: <TaskInstance: basic_concepts.print_context scheduled__2025-02-10T00:00:00+00:00 [running]>
[2025-02-11T00:00:02.677+0000] {python.py:240} INFO - Done. Returned value was: Hello from first task!
[2025-02-11T00:00:02.729+0000] {taskinstance.py:340} INFO - ::group::Post task execution logs
[2025-02-11T00:00:02.731+0000] {taskinstance.py:352} INFO - Marking task as SUCCESS. dag_id=basic_concepts, task_id=print_context, run_id=scheduled__2025-02-10T00:00:00+00:00, execution_date=20250210T000000, start_date=20250211T000002, end_date=20250211T000002
[2025-02-11T00:00:02.770+0000] {local_task_job_runner.py:266} INFO - Task exited with return code 0
[2025-02-11T00:00:02.791+0000] {local_task_job_runner.py:245} INFO - ::endgroup::
