[2025-02-11T05:01:31.142+0000] {local_task_job_runner.py:123} INFO - ::group::Pre task execution logs
[2025-02-11T05:01:31.171+0000] {taskinstance.py:2613} INFO - Dependencies all met for dep_context=non-requeueable deps ti=<TaskInstance: sec_data_pipeline.extract_zips manual__2025-02-11T04:49:02.059757+00:00 [queued]>
[2025-02-11T05:01:31.184+0000] {taskinstance.py:2613} INFO - Dependencies all met for dep_context=requeueable deps ti=<TaskInstance: sec_data_pipeline.extract_zips manual__2025-02-11T04:49:02.059757+00:00 [queued]>
[2025-02-11T05:01:31.187+0000] {taskinstance.py:2866} INFO - Starting attempt 2 of 2
[2025-02-11T05:01:31.206+0000] {taskinstance.py:2889} INFO - Executing <Task(PythonOperator): extract_zips> on 2025-02-11 04:49:02.059757+00:00
[2025-02-11T05:01:31.224+0000] {warnings.py:112} WARNING - /home/***/.local/lib/python3.12/site-packages/***/task/task_runner/standard_task_runner.py:70: DeprecationWarning: This process (pid=78) is multi-threaded, use of fork() may lead to deadlocks in the child.
  pid = os.fork()

[2025-02-11T05:01:31.225+0000] {standard_task_runner.py:104} INFO - Running: ['***', 'tasks', 'run', 'sec_data_pipeline', 'extract_zips', 'manual__2025-02-11T04:49:02.059757+00:00', '--job-id', '22', '--raw', '--subdir', 'DAGS_FOLDER/zip.py', '--cfg-path', '/tmp/tmpjab7nsu3']
[2025-02-11T05:01:31.229+0000] {standard_task_runner.py:72} INFO - Started process 80 to run task
[2025-02-11T05:01:31.230+0000] {standard_task_runner.py:105} INFO - Job 22: Subtask extract_zips
[2025-02-11T05:01:31.308+0000] {task_command.py:467} INFO - Running <TaskInstance: sec_data_pipeline.extract_zips manual__2025-02-11T04:49:02.059757+00:00 [running]> on host 7505875b4e7c
[2025-02-11T05:01:31.424+0000] {taskinstance.py:3132} INFO - Exporting env vars: AIRFLOW_CTX_DAG_OWNER='***' AIRFLOW_CTX_DAG_ID='sec_data_pipeline' AIRFLOW_CTX_TASK_ID='extract_zips' AIRFLOW_CTX_EXECUTION_DATE='2025-02-11T04:49:02.059757+00:00' AIRFLOW_CTX_TRY_NUMBER='2' AIRFLOW_CTX_DAG_RUN_ID='manual__2025-02-11T04:49:02.059757+00:00'
[2025-02-11T05:01:31.427+0000] {taskinstance.py:731} INFO - ::endgroup::
[2025-02-11T05:01:31.458+0000] {logging_mixin.py:190} INFO - ⚠️ Skipping /opt/***/tmp/sec_zips/2024q4.zip - Not a valid ZIP file
[2025-02-11T05:01:31.459+0000] {logging_mixin.py:190} INFO - ⚠️ Skipping /opt/***/tmp/sec_zips/2009q3.zip - Not a valid ZIP file
[2025-02-11T05:01:31.460+0000] {logging_mixin.py:190} INFO - ⚠️ Skipping /opt/***/tmp/sec_zips/2022q4.zip - Not a valid ZIP file
[2025-02-11T05:01:31.461+0000] {logging_mixin.py:190} INFO - ⚠️ Skipping /opt/***/tmp/sec_zips/2023q1.zip - Not a valid ZIP file
[2025-02-11T05:01:31.462+0000] {logging_mixin.py:190} INFO - ⚠️ Skipping /opt/***/tmp/sec_zips/2012q2.zip - Not a valid ZIP file
[2025-02-11T05:01:31.463+0000] {logging_mixin.py:190} INFO - ⚠️ Skipping /opt/***/tmp/sec_zips/2020q2.zip - Not a valid ZIP file
[2025-02-11T05:01:31.464+0000] {logging_mixin.py:190} INFO - ⚠️ Skipping /opt/***/tmp/sec_zips/2014q4.zip - Not a valid ZIP file
[2025-02-11T05:01:31.465+0000] {logging_mixin.py:190} INFO - ⚠️ Skipping /opt/***/tmp/sec_zips/2016q3.zip - Not a valid ZIP file
[2025-02-11T05:01:31.467+0000] {logging_mixin.py:190} INFO - ⚠️ Skipping /opt/***/tmp/sec_zips/2009q2.zip - Not a valid ZIP file
[2025-02-11T05:01:31.468+0000] {logging_mixin.py:190} INFO - ⚠️ Skipping /opt/***/tmp/sec_zips/2019q2.zip - Not a valid ZIP file
[2025-02-11T05:01:31.468+0000] {logging_mixin.py:190} INFO - ⚠️ Skipping /opt/***/tmp/sec_zips/2018q4.zip - Not a valid ZIP file
[2025-02-11T05:01:31.469+0000] {logging_mixin.py:190} INFO - ⚠️ Skipping /opt/***/tmp/sec_zips/2016q2.zip - Not a valid ZIP file
[2025-02-11T05:01:31.470+0000] {logging_mixin.py:190} INFO - ⚠️ Skipping /opt/***/tmp/sec_zips/2014q1.zip - Not a valid ZIP file
[2025-02-11T05:01:31.471+0000] {logging_mixin.py:190} INFO - ⚠️ Skipping /opt/***/tmp/sec_zips/2015q2.zip - Not a valid ZIP file
[2025-02-11T05:01:31.471+0000] {logging_mixin.py:190} INFO - ⚠️ Skipping /opt/***/tmp/sec_zips/2009q1.zip - Not a valid ZIP file
[2025-02-11T05:01:31.472+0000] {logging_mixin.py:190} INFO - ⚠️ Skipping /opt/***/tmp/sec_zips/2020q1.zip - Not a valid ZIP file
[2025-02-11T05:01:31.473+0000] {logging_mixin.py:190} INFO - ⚠️ Skipping /opt/***/tmp/sec_zips/2013q2.zip - Not a valid ZIP file
[2025-02-11T05:01:31.474+0000] {logging_mixin.py:190} INFO - ⚠️ Skipping /opt/***/tmp/sec_zips/2011q3.zip - Not a valid ZIP file
[2025-02-11T05:01:31.476+0000] {logging_mixin.py:190} INFO - ⚠️ Skipping /opt/***/tmp/sec_zips/2023q3.zip - Not a valid ZIP file
[2025-02-11T05:01:31.477+0000] {logging_mixin.py:190} INFO - ⚠️ Skipping /opt/***/tmp/sec_zips/2024q1.zip - Not a valid ZIP file
[2025-02-11T05:01:31.478+0000] {logging_mixin.py:190} INFO - ⚠️ Skipping /opt/***/tmp/sec_zips/2010q2.zip - Not a valid ZIP file
[2025-02-11T05:01:31.479+0000] {logging_mixin.py:190} INFO - ⚠️ Skipping /opt/***/tmp/sec_zips/2012q1.zip - Not a valid ZIP file
[2025-02-11T05:01:31.480+0000] {logging_mixin.py:190} INFO - ⚠️ Skipping /opt/***/tmp/sec_zips/2011q4.zip - Not a valid ZIP file
[2025-02-11T05:01:31.481+0000] {logging_mixin.py:190} INFO - ⚠️ Skipping /opt/***/tmp/sec_zips/2017q2.zip - Not a valid ZIP file
[2025-02-11T05:01:31.481+0000] {logging_mixin.py:190} INFO - ⚠️ Skipping /opt/***/tmp/sec_zips/2023q2.zip - Not a valid ZIP file
[2025-02-11T05:01:31.482+0000] {logging_mixin.py:190} INFO - ⚠️ Skipping /opt/***/tmp/sec_zips/2015q1.zip - Not a valid ZIP file
[2025-02-11T05:01:31.483+0000] {logging_mixin.py:190} INFO - ⚠️ Skipping /opt/***/tmp/sec_zips/2024q3.zip - Not a valid ZIP file
[2025-02-11T05:01:31.484+0000] {logging_mixin.py:190} INFO - ⚠️ Skipping /opt/***/tmp/sec_zips/2018q3.zip - Not a valid ZIP file
[2025-02-11T05:01:31.485+0000] {logging_mixin.py:190} INFO - ⚠️ Skipping /opt/***/tmp/sec_zips/2010q1.zip - Not a valid ZIP file
[2025-02-11T05:01:31.486+0000] {logging_mixin.py:190} INFO - ⚠️ Skipping /opt/***/tmp/sec_zips/2017q4.zip - Not a valid ZIP file
[2025-02-11T05:01:31.487+0000] {logging_mixin.py:190} INFO - ⚠️ Skipping /opt/***/tmp/sec_zips/2018q2.zip - Not a valid ZIP file
[2025-02-11T05:01:31.488+0000] {logging_mixin.py:190} INFO - ⚠️ Skipping /opt/***/tmp/sec_zips/2015q3.zip - Not a valid ZIP file
[2025-02-11T05:01:31.489+0000] {logging_mixin.py:190} INFO - ⚠️ Skipping /opt/***/tmp/sec_zips/2016q4.zip - Not a valid ZIP file
[2025-02-11T05:01:31.490+0000] {logging_mixin.py:190} INFO - ⚠️ Skipping /opt/***/tmp/sec_zips/2021q1.zip - Not a valid ZIP file
[2025-02-11T05:01:31.491+0000] {logging_mixin.py:190} INFO - ⚠️ Skipping /opt/***/tmp/sec_zips/2022q2.zip - Not a valid ZIP file
[2025-02-11T05:01:31.492+0000] {logging_mixin.py:190} INFO - ⚠️ Skipping /opt/***/tmp/sec_zips/2016q1.zip - Not a valid ZIP file
[2025-02-11T05:01:31.493+0000] {logging_mixin.py:190} INFO - ⚠️ Skipping /opt/***/tmp/sec_zips/2023q4.zip - Not a valid ZIP file
[2025-02-11T05:01:31.494+0000] {logging_mixin.py:190} INFO - ⚠️ Skipping /opt/***/tmp/sec_zips/2015q4.zip - Not a valid ZIP file
[2025-02-11T05:01:31.495+0000] {logging_mixin.py:190} INFO - ⚠️ Skipping /opt/***/tmp/sec_zips/2017q1.zip - Not a valid ZIP file
[2025-02-11T05:01:31.495+0000] {logging_mixin.py:190} INFO - ⚠️ Skipping /opt/***/tmp/sec_zips/2018q1.zip - Not a valid ZIP file
[2025-02-11T05:01:31.496+0000] {logging_mixin.py:190} INFO - ⚠️ Skipping /opt/***/tmp/sec_zips/2013q3.zip - Not a valid ZIP file
[2025-02-11T05:01:31.498+0000] {logging_mixin.py:190} INFO - ⚠️ Skipping /opt/***/tmp/sec_zips/2010q4.zip - Not a valid ZIP file
[2025-02-11T05:01:31.499+0000] {logging_mixin.py:190} INFO - ⚠️ Skipping /opt/***/tmp/sec_zips/2024q2.zip - Not a valid ZIP file
[2025-02-11T05:01:31.500+0000] {logging_mixin.py:190} INFO - ⚠️ Skipping /opt/***/tmp/sec_zips/2012q3.zip - Not a valid ZIP file
[2025-02-11T05:01:31.501+0000] {logging_mixin.py:190} INFO - ⚠️ Skipping /opt/***/tmp/sec_zips/2013q1.zip - Not a valid ZIP file
[2025-02-11T05:01:31.501+0000] {logging_mixin.py:190} INFO - ⚠️ Skipping /opt/***/tmp/sec_zips/2022q1.zip - Not a valid ZIP file
[2025-02-11T05:01:31.502+0000] {logging_mixin.py:190} INFO - ⚠️ Skipping /opt/***/tmp/sec_zips/2019q1.zip - Not a valid ZIP file
[2025-02-11T05:01:31.503+0000] {logging_mixin.py:190} INFO - ⚠️ Skipping /opt/***/tmp/sec_zips/2012q4.zip - Not a valid ZIP file
[2025-02-11T05:01:31.504+0000] {logging_mixin.py:190} INFO - ⚠️ Skipping /opt/***/tmp/sec_zips/2013q4.zip - Not a valid ZIP file
[2025-02-11T05:01:31.506+0000] {logging_mixin.py:190} INFO - ⚠️ Skipping /opt/***/tmp/sec_zips/2014q3.zip - Not a valid ZIP file
[2025-02-11T05:01:31.507+0000] {logging_mixin.py:190} INFO - ⚠️ Skipping /opt/***/tmp/sec_zips/2022q3.zip - Not a valid ZIP file
[2025-02-11T05:01:31.508+0000] {logging_mixin.py:190} INFO - ⚠️ Skipping /opt/***/tmp/sec_zips/2021q4.zip - Not a valid ZIP file
[2025-02-11T05:01:31.510+0000] {logging_mixin.py:190} INFO - ⚠️ Skipping /opt/***/tmp/sec_zips/2019q4.zip - Not a valid ZIP file
[2025-02-11T05:01:31.511+0000] {logging_mixin.py:190} INFO - ⚠️ Skipping /opt/***/tmp/sec_zips/2021q3.zip - Not a valid ZIP file
[2025-02-11T05:01:31.511+0000] {logging_mixin.py:190} INFO - ⚠️ Skipping /opt/***/tmp/sec_zips/2010q3.zip - Not a valid ZIP file
[2025-02-11T05:01:31.512+0000] {logging_mixin.py:190} INFO - ⚠️ Skipping /opt/***/tmp/sec_zips/2014q2.zip - Not a valid ZIP file
[2025-02-11T05:01:31.513+0000] {logging_mixin.py:190} INFO - ⚠️ Skipping /opt/***/tmp/sec_zips/2017q3.zip - Not a valid ZIP file
[2025-02-11T05:01:31.514+0000] {logging_mixin.py:190} INFO - ⚠️ Skipping /opt/***/tmp/sec_zips/2020q4.zip - Not a valid ZIP file
[2025-02-11T05:01:31.515+0000] {logging_mixin.py:190} INFO - ⚠️ Skipping /opt/***/tmp/sec_zips/2011q2.zip - Not a valid ZIP file
[2025-02-11T05:01:31.516+0000] {logging_mixin.py:190} INFO - ⚠️ Skipping /opt/***/tmp/sec_zips/2019q3.zip - Not a valid ZIP file
[2025-02-11T05:01:31.517+0000] {logging_mixin.py:190} INFO - ⚠️ Skipping /opt/***/tmp/sec_zips/2011q1.zip - Not a valid ZIP file
[2025-02-11T05:01:31.518+0000] {logging_mixin.py:190} INFO - ⚠️ Skipping /opt/***/tmp/sec_zips/2009q4.zip - Not a valid ZIP file
[2025-02-11T05:01:31.519+0000] {logging_mixin.py:190} INFO - ⚠️ Skipping /opt/***/tmp/sec_zips/2021q2.zip - Not a valid ZIP file
[2025-02-11T05:01:31.521+0000] {logging_mixin.py:190} INFO - ⚠️ Skipping /opt/***/tmp/sec_zips/2020q3.zip - Not a valid ZIP file
[2025-02-11T05:01:31.522+0000] {python.py:240} INFO - Done. Returned value was: /opt/***/tmp/sec_extracted
[2025-02-11T05:01:31.555+0000] {taskinstance.py:340} INFO - ::group::Post task execution logs
[2025-02-11T05:01:31.556+0000] {taskinstance.py:352} INFO - Marking task as SUCCESS. dag_id=sec_data_pipeline, task_id=extract_zips, run_id=manual__2025-02-11T04:49:02.059757+00:00, execution_date=20250211T044902, start_date=20250211T050131, end_date=20250211T050131
[2025-02-11T05:01:31.609+0000] {local_task_job_runner.py:266} INFO - Task exited with return code 0
[2025-02-11T05:01:31.654+0000] {taskinstance.py:3895} INFO - 1 downstream tasks scheduled from follow-on schedule check
[2025-02-11T05:01:31.659+0000] {local_task_job_runner.py:245} INFO - ::endgroup::
