[2025-02-10T20:12:13.005+0000] {local_task_job_runner.py:123} INFO - ::group::Pre task execution logs
[2025-02-10T20:12:13.046+0000] {taskinstance.py:2613} INFO - Dependencies all met for dep_context=non-requeueable deps ti=<TaskInstance: web_to_snowflake.scrape_weather_data manual__2025-02-10T20:11:58.608851+00:00 [queued]>
[2025-02-10T20:12:13.067+0000] {taskinstance.py:2613} INFO - Dependencies all met for dep_context=requeueable deps ti=<TaskInstance: web_to_snowflake.scrape_weather_data manual__2025-02-10T20:11:58.608851+00:00 [queued]>
[2025-02-10T20:12:13.083+0000] {taskinstance.py:2866} INFO - Starting attempt 1 of 2
[2025-02-10T20:12:13.111+0000] {taskinstance.py:2889} INFO - Executing <Task(PythonOperator): scrape_weather_data> on 2025-02-10 20:11:58.608851+00:00
[2025-02-10T20:12:13.121+0000] {warnings.py:112} WARNING - /home/***/.local/lib/python3.12/site-packages/***/task/task_runner/standard_task_runner.py:70: DeprecationWarning: This process (pid=5581) is multi-threaded, use of fork() may lead to deadlocks in the child.
  pid = os.fork()

[2025-02-10T20:12:13.124+0000] {standard_task_runner.py:72} INFO - Started process 5590 to run task
[2025-02-10T20:12:13.124+0000] {standard_task_runner.py:104} INFO - Running: ['***', 'tasks', 'run', 'web_to_snowflake', 'scrape_weather_data', 'manual__2025-02-10T20:11:58.608851+00:00', '--job-id', '46', '--raw', '--subdir', 'DAGS_FOLDER/web_to_snowflake.py', '--cfg-path', '/tmp/tmpdgc6w1dr']
[2025-02-10T20:12:13.126+0000] {standard_task_runner.py:105} INFO - Job 46: Subtask scrape_weather_data
[2025-02-10T20:12:13.179+0000] {task_command.py:467} INFO - Running <TaskInstance: web_to_snowflake.scrape_weather_data manual__2025-02-10T20:11:58.608851+00:00 [running]> on host 0370ed89eba8
[2025-02-10T20:12:13.259+0000] {taskinstance.py:3132} INFO - Exporting env vars: AIRFLOW_CTX_DAG_OWNER='***' AIRFLOW_CTX_DAG_ID='web_to_snowflake' AIRFLOW_CTX_TASK_ID='scrape_weather_data' AIRFLOW_CTX_EXECUTION_DATE='2025-02-10T20:11:58.608851+00:00' AIRFLOW_CTX_TRY_NUMBER='1' AIRFLOW_CTX_DAG_RUN_ID='manual__2025-02-10T20:11:58.608851+00:00'
[2025-02-10T20:12:13.261+0000] {taskinstance.py:731} INFO - ::endgroup::
[2025-02-10T20:12:13.288+0000] {logging_mixin.py:190} INFO - Scraped data: {'temperature': 72, 'humidity': 65, 'date': '2025-02-10', 'temperature_celsius': 22.22}
[2025-02-10T20:12:13.289+0000] {python.py:240} INFO - Done. Returned value was: Data scraped successfully
[2025-02-10T20:12:13.309+0000] {taskinstance.py:340} INFO - ::group::Post task execution logs
[2025-02-10T20:12:13.310+0000] {taskinstance.py:352} INFO - Marking task as SUCCESS. dag_id=web_to_snowflake, task_id=scrape_weather_data, run_id=manual__2025-02-10T20:11:58.608851+00:00, execution_date=20250210T201158, start_date=20250210T201213, end_date=20250210T201213
[2025-02-10T20:12:13.340+0000] {local_task_job_runner.py:266} INFO - Task exited with return code 0
[2025-02-10T20:12:13.370+0000] {taskinstance.py:3895} INFO - 1 downstream tasks scheduled from follow-on schedule check
[2025-02-10T20:12:13.374+0000] {local_task_job_runner.py:245} INFO - ::endgroup::
