[2025-02-10T13:40:37.432+0000] {local_task_job_runner.py:123} INFO - ::group::Pre task execution logs
[2025-02-10T13:40:37.483+0000] {taskinstance.py:2613} INFO - Dependencies all met for dep_context=non-requeueable deps ti=<TaskInstance: basic_concepts.print_context scheduled__2025-02-09T00:00:00+00:00 [queued]>
[2025-02-10T13:40:37.514+0000] {taskinstance.py:2613} INFO - Dependencies all met for dep_context=requeueable deps ti=<TaskInstance: basic_concepts.print_context scheduled__2025-02-09T00:00:00+00:00 [queued]>
[2025-02-10T13:40:37.524+0000] {taskinstance.py:2866} INFO - Starting attempt 1 of 2
[2025-02-10T13:40:37.568+0000] {taskinstance.py:2889} INFO - Executing <Task(PythonOperator): print_context> on 2025-02-09 00:00:00+00:00
[2025-02-10T13:40:37.604+0000] {warnings.py:112} WARNING - /home/***/.local/lib/python3.12/site-packages/***/task/task_runner/standard_task_runner.py:70: DeprecationWarning: This process (pid=3751) is multi-threaded, use of fork() may lead to deadlocks in the child.
  pid = os.fork()

[2025-02-10T13:40:37.607+0000] {standard_task_runner.py:104} INFO - Running: ['***', 'tasks', 'run', 'basic_concepts', 'print_context', 'scheduled__2025-02-09T00:00:00+00:00', '--job-id', '18', '--raw', '--subdir', 'DAGS_FOLDER/01_basic_concepts.py', '--cfg-path', '/tmp/tmp7u3tdh2i']
[2025-02-10T13:40:37.623+0000] {standard_task_runner.py:72} INFO - Started process 3754 to run task
[2025-02-10T13:40:37.633+0000] {standard_task_runner.py:105} INFO - Job 18: Subtask print_context
[2025-02-10T13:40:37.769+0000] {task_command.py:467} INFO - Running <TaskInstance: basic_concepts.print_context scheduled__2025-02-09T00:00:00+00:00 [running]> on host 0370ed89eba8
[2025-02-10T13:40:37.907+0000] {taskinstance.py:3132} INFO - Exporting env vars: AIRFLOW_CTX_DAG_OWNER='***' AIRFLOW_CTX_DAG_ID='basic_concepts' AIRFLOW_CTX_TASK_ID='print_context' AIRFLOW_CTX_EXECUTION_DATE='2025-02-09T00:00:00+00:00' AIRFLOW_CTX_TRY_NUMBER='1' AIRFLOW_CTX_DAG_RUN_ID='scheduled__2025-02-09T00:00:00+00:00'
[2025-02-10T13:40:37.919+0000] {taskinstance.py:731} INFO - ::endgroup::
[2025-02-10T13:40:37.944+0000] {logging_mixin.py:190} INFO - Execution date is 2025-02-09
[2025-02-10T13:40:37.945+0000] {logging_mixin.py:190} INFO - Task instance: <TaskInstance: basic_concepts.print_context scheduled__2025-02-09T00:00:00+00:00 [running]>
[2025-02-10T13:40:37.946+0000] {python.py:240} INFO - Done. Returned value was: Hello from first task!
[2025-02-10T13:40:37.969+0000] {taskinstance.py:340} INFO - ::group::Post task execution logs
[2025-02-10T13:40:37.970+0000] {taskinstance.py:352} INFO - Marking task as SUCCESS. dag_id=basic_concepts, task_id=print_context, run_id=scheduled__2025-02-09T00:00:00+00:00, execution_date=20250209T000000, start_date=20250210T134037, end_date=20250210T134037
[2025-02-10T13:40:38.021+0000] {local_task_job_runner.py:266} INFO - Task exited with return code 0
[2025-02-10T13:40:38.058+0000] {taskinstance.py:3895} INFO - 2 downstream tasks scheduled from follow-on schedule check
[2025-02-10T13:40:38.065+0000] {local_task_job_runner.py:245} INFO - ::endgroup::
