[2025-02-10T22:58:59.813+0000] {local_task_job_runner.py:123} INFO - ::group::Pre task execution logs
[2025-02-10T22:58:59.835+0000] {taskinstance.py:2613} INFO - Dependencies all met for dep_context=non-requeueable deps ti=<TaskInstance: web_to_snowflake.load_to_snowflake manual__2025-02-10T22:07:50.506711+00:00 [queued]>
[2025-02-10T22:58:59.848+0000] {taskinstance.py:2613} INFO - Dependencies all met for dep_context=requeueable deps ti=<TaskInstance: web_to_snowflake.load_to_snowflake manual__2025-02-10T22:07:50.506711+00:00 [queued]>
[2025-02-10T22:58:59.850+0000] {taskinstance.py:2866} INFO - Starting attempt 1 of 2
[2025-02-10T22:58:59.870+0000] {taskinstance.py:2889} INFO - Executing <Task(SnowflakeOperator): load_to_snowflake> on 2025-02-10 22:07:50.506711+00:00
[2025-02-10T22:58:59.893+0000] {warnings.py:112} WARNING - /home/***/.local/lib/python3.12/site-packages/***/task/task_runner/standard_task_runner.py:70: DeprecationWarning: This process (pid=6281) is multi-threaded, use of fork() may lead to deadlocks in the child.
  pid = os.fork()

[2025-02-10T22:58:59.897+0000] {standard_task_runner.py:72} INFO - Started process 6283 to run task
[2025-02-10T22:58:59.896+0000] {standard_task_runner.py:104} INFO - Running: ['***', 'tasks', 'run', 'web_to_snowflake', 'load_to_snowflake', 'manual__2025-02-10T22:07:50.506711+00:00', '--job-id', '63', '--raw', '--subdir', 'DAGS_FOLDER/web_to_snowflake.py', '--cfg-path', '/tmp/tmp_cgmlrmf']
[2025-02-10T22:58:59.901+0000] {standard_task_runner.py:105} INFO - Job 63: Subtask load_to_snowflake
[2025-02-10T22:58:59.971+0000] {task_command.py:467} INFO - Running <TaskInstance: web_to_snowflake.load_to_snowflake manual__2025-02-10T22:07:50.506711+00:00 [running]> on host 0370ed89eba8
[2025-02-10T22:59:00.083+0000] {taskinstance.py:3132} INFO - Exporting env vars: AIRFLOW_CTX_DAG_OWNER='***' AIRFLOW_CTX_DAG_ID='web_to_snowflake' AIRFLOW_CTX_TASK_ID='load_to_snowflake' AIRFLOW_CTX_EXECUTION_DATE='2025-02-10T22:07:50.506711+00:00' AIRFLOW_CTX_TRY_NUMBER='1' AIRFLOW_CTX_DAG_RUN_ID='manual__2025-02-10T22:07:50.506711+00:00'
[2025-02-10T22:59:00.086+0000] {taskinstance.py:731} INFO - ::endgroup::
[2025-02-10T22:59:00.104+0000] {sql.py:278} INFO - Executing: 
    COPY INTO weather_table(temperature, humidity, date, temperature_celsius)
    FROM @my_s3_stage/2025-02-10
    FILE_FORMAT = my_csv_format
    ON_ERROR = 'CONTINUE';
    
[2025-02-10T22:59:00.121+0000] {base.py:84} INFO - Retrieving connection 'snowflake_default'
[2025-02-10T22:59:00.135+0000] {base.py:84} INFO - Retrieving connection 'snowflake_default'
[2025-02-10T22:59:00.136+0000] {connection.py:414} INFO - Snowflake Connector for Python Version: 3.12.4, Python Version: 3.12.8, Platform: Linux-5.15.167.4-microsoft-standard-WSL2-x86_64-with-glibc2.36
[2025-02-10T22:59:00.139+0000] {connection.py:1197} INFO - Connecting to GLOBAL Snowflake domain
[2025-02-10T22:59:00.140+0000] {connection.py:1278} INFO - This connection is in OCSP Fail Open Mode. TLS Certificates would be checked for validity and revocation status. Any other Certificate Revocation related exceptions or OCSP Responder failures would be disregarded in favor of connectivity.
[2025-02-10T22:59:00.836+0000] {cursor.py:1166} INFO - Number of results in first chunk: 1
[2025-02-10T22:59:00.841+0000] {sql.py:553} INFO - Running statement: COPY INTO weather_table(temperature, humidity, date, temperature_celsius)
    FROM @my_s3_stage/2025-02-10
    FILE_FORMAT = my_csv_format
    ON_ERROR = 'CONTINUE';, parameters: None
[2025-02-10T22:59:01.990+0000] {cursor.py:1166} INFO - Number of results in first chunk: 1
[2025-02-10T22:59:01.992+0000] {sql.py:562} INFO - Rows affected: 1
[2025-02-10T22:59:01.996+0000] {snowflake.py:447} INFO - Rows affected: 1
[2025-02-10T22:59:01.997+0000] {snowflake.py:448} INFO - Snowflake query id: 01ba4f03-3202-c23c-0005-f7120002704e
[2025-02-10T22:59:02.100+0000] {cursor.py:1166} INFO - Number of results in first chunk: 1
[2025-02-10T22:59:02.102+0000] {connection.py:789} INFO - closed
[2025-02-10T22:59:02.153+0000] {connection.py:795} INFO - No async queries seem to be running, deleting session
[2025-02-10T22:59:02.265+0000] {taskinstance.py:340} INFO - ::group::Post task execution logs
[2025-02-10T22:59:02.266+0000] {taskinstance.py:352} INFO - Marking task as SUCCESS. dag_id=web_to_snowflake, task_id=load_to_snowflake, run_id=manual__2025-02-10T22:07:50.506711+00:00, execution_date=20250210T220750, start_date=20250210T225859, end_date=20250210T225902
[2025-02-10T22:59:02.338+0000] {local_task_job_runner.py:266} INFO - Task exited with return code 0
[2025-02-10T22:59:02.375+0000] {taskinstance.py:3895} INFO - 0 downstream tasks scheduled from follow-on schedule check
[2025-02-10T22:59:02.382+0000] {local_task_job_runner.py:245} INFO - ::endgroup::
