[2025-02-09T02:25:41.531+0000] {local_task_job_runner.py:123} INFO - ::group::Pre task execution logs
[2025-02-09T02:25:41.551+0000] {taskinstance.py:2613} INFO - Dependencies all met for dep_context=non-requeueable deps ti=<TaskInstance: basic_concepts.bash_env_task scheduled__2025-02-08T00:00:00+00:00 [queued]>
[2025-02-09T02:25:41.561+0000] {taskinstance.py:2613} INFO - Dependencies all met for dep_context=requeueable deps ti=<TaskInstance: basic_concepts.bash_env_task scheduled__2025-02-08T00:00:00+00:00 [queued]>
[2025-02-09T02:25:41.563+0000] {taskinstance.py:2866} INFO - Starting attempt 1 of 2
[2025-02-09T02:25:41.581+0000] {taskinstance.py:2889} INFO - Executing <Task(BashOperator): bash_env_task> on 2025-02-08 00:00:00+00:00
[2025-02-09T02:25:41.589+0000] {warnings.py:112} WARNING - /home/***/.local/lib/python3.12/site-packages/***/task/task_runner/standard_task_runner.py:70: DeprecationWarning: This process (pid=104) is multi-threaded, use of fork() may lead to deadlocks in the child.
  pid = os.fork()

[2025-02-09T02:25:41.593+0000] {standard_task_runner.py:72} INFO - Started process 110 to run task
[2025-02-09T02:25:41.592+0000] {standard_task_runner.py:104} INFO - Running: ['***', 'tasks', 'run', 'basic_concepts', 'bash_env_task', 'scheduled__2025-02-08T00:00:00+00:00', '--job-id', '8', '--raw', '--subdir', 'DAGS_FOLDER/01_basic_concepts.py', '--cfg-path', '/tmp/tmpc41patoa']
[2025-02-09T02:25:41.594+0000] {standard_task_runner.py:105} INFO - Job 8: Subtask bash_env_task
[2025-02-09T02:25:41.652+0000] {task_command.py:467} INFO - Running <TaskInstance: basic_concepts.bash_env_task scheduled__2025-02-08T00:00:00+00:00 [running]> on host 0370ed89eba8
[2025-02-09T02:25:41.736+0000] {taskinstance.py:3132} INFO - Exporting env vars: AIRFLOW_CTX_DAG_OWNER='***' AIRFLOW_CTX_DAG_ID='basic_concepts' AIRFLOW_CTX_TASK_ID='bash_env_task' AIRFLOW_CTX_EXECUTION_DATE='2025-02-08T00:00:00+00:00' AIRFLOW_CTX_TRY_NUMBER='1' AIRFLOW_CTX_DAG_RUN_ID='scheduled__2025-02-08T00:00:00+00:00'
[2025-02-09T02:25:41.737+0000] {taskinstance.py:731} INFO - ::endgroup::
[2025-02-09T02:25:41.753+0000] {subprocess.py:78} INFO - Tmp dir root location: /tmp
[2025-02-09T02:25:41.754+0000] {subprocess.py:88} INFO - Running command: ['/usr/bin/bash', '-c', 'echo "Running on: $HOSTNAME, date: 2025-02-08"']
[2025-02-09T02:25:41.767+0000] {subprocess.py:99} INFO - Output:
[2025-02-09T02:25:41.768+0000] {subprocess.py:106} INFO - Running on: 0370ed89eba8, date: 2025-02-08
[2025-02-09T02:25:41.768+0000] {subprocess.py:110} INFO - Command exited with return code 0
[2025-02-09T02:25:41.792+0000] {taskinstance.py:340} INFO - ::group::Post task execution logs
[2025-02-09T02:25:41.793+0000] {taskinstance.py:352} INFO - Marking task as SUCCESS. dag_id=basic_concepts, task_id=bash_env_task, run_id=scheduled__2025-02-08T00:00:00+00:00, execution_date=20250208T000000, start_date=20250209T022541, end_date=20250209T022541
[2025-02-09T02:25:41.845+0000] {local_task_job_runner.py:266} INFO - Task exited with return code 0
[2025-02-09T02:25:41.864+0000] {taskinstance.py:3895} INFO - 1 downstream tasks scheduled from follow-on schedule check
[2025-02-09T02:25:41.868+0000] {local_task_job_runner.py:245} INFO - ::endgroup::
