[2025-02-09T02:25:42.722+0000] {local_task_job_runner.py:123} INFO - ::group::Pre task execution logs
[2025-02-09T02:25:42.737+0000] {taskinstance.py:2613} INFO - Dependencies all met for dep_context=non-requeueable deps ti=<TaskInstance: basic_concepts.use_xcom_value scheduled__2025-02-08T00:00:00+00:00 [queued]>
[2025-02-09T02:25:42.744+0000] {taskinstance.py:2613} INFO - Dependencies all met for dep_context=requeueable deps ti=<TaskInstance: basic_concepts.use_xcom_value scheduled__2025-02-08T00:00:00+00:00 [queued]>
[2025-02-09T02:25:42.745+0000] {taskinstance.py:2866} INFO - Starting attempt 1 of 2
[2025-02-09T02:25:42.760+0000] {taskinstance.py:2889} INFO - Executing <Task(PythonOperator): use_xcom_value> on 2025-02-08 00:00:00+00:00
[2025-02-09T02:25:42.768+0000] {warnings.py:112} WARNING - /home/***/.local/lib/python3.12/site-packages/***/task/task_runner/standard_task_runner.py:70: DeprecationWarning: This process (pid=115) is multi-threaded, use of fork() may lead to deadlocks in the child.
  pid = os.fork()

[2025-02-09T02:25:42.770+0000] {standard_task_runner.py:72} INFO - Started process 120 to run task
[2025-02-09T02:25:42.771+0000] {standard_task_runner.py:104} INFO - Running: ['***', 'tasks', 'run', 'basic_concepts', 'use_xcom_value', 'scheduled__2025-02-08T00:00:00+00:00', '--job-id', '10', '--raw', '--subdir', 'DAGS_FOLDER/01_basic_concepts.py', '--cfg-path', '/tmp/tmpt5s3gn7x']
[2025-02-09T02:25:42.772+0000] {standard_task_runner.py:105} INFO - Job 10: Subtask use_xcom_value
[2025-02-09T02:25:42.818+0000] {task_command.py:467} INFO - Running <TaskInstance: basic_concepts.use_xcom_value scheduled__2025-02-08T00:00:00+00:00 [running]> on host 0370ed89eba8
[2025-02-09T02:25:42.886+0000] {taskinstance.py:3132} INFO - Exporting env vars: AIRFLOW_CTX_DAG_OWNER='***' AIRFLOW_CTX_DAG_ID='basic_concepts' AIRFLOW_CTX_TASK_ID='use_xcom_value' AIRFLOW_CTX_EXECUTION_DATE='2025-02-08T00:00:00+00:00' AIRFLOW_CTX_TRY_NUMBER='1' AIRFLOW_CTX_DAG_RUN_ID='scheduled__2025-02-08T00:00:00+00:00'
[2025-02-09T02:25:42.887+0000] {taskinstance.py:731} INFO - ::endgroup::
[2025-02-09T02:25:42.912+0000] {logging_mixin.py:190} INFO - Retrieved data: {'value': 123, 'date': '2025-02-08'}
[2025-02-09T02:25:42.913+0000] {python.py:240} INFO - Done. Returned value was: Successfully used XCom value: 123
[2025-02-09T02:25:42.934+0000] {taskinstance.py:340} INFO - ::group::Post task execution logs
[2025-02-09T02:25:42.935+0000] {taskinstance.py:352} INFO - Marking task as SUCCESS. dag_id=basic_concepts, task_id=use_xcom_value, run_id=scheduled__2025-02-08T00:00:00+00:00, execution_date=20250208T000000, start_date=20250209T022542, end_date=20250209T022542
[2025-02-09T02:25:42.987+0000] {local_task_job_runner.py:266} INFO - Task exited with return code 0
[2025-02-09T02:25:43.004+0000] {taskinstance.py:3895} INFO - 0 downstream tasks scheduled from follow-on schedule check
[2025-02-09T02:25:43.006+0000] {local_task_job_runner.py:245} INFO - ::endgroup::
