[2025-02-11T05:31:44.785+0000] {local_task_job_runner.py:123} INFO - ::group::Pre task execution logs
[2025-02-11T05:31:44.803+0000] {taskinstance.py:2613} INFO - Dependencies all met for dep_context=non-requeueable deps ti=<TaskInstance: sec_data_pipeline.download_zips manual__2025-02-11T05:31:32.434454+00:00 [queued]>
[2025-02-11T05:31:44.812+0000] {taskinstance.py:2613} INFO - Dependencies all met for dep_context=requeueable deps ti=<TaskInstance: sec_data_pipeline.download_zips manual__2025-02-11T05:31:32.434454+00:00 [queued]>
[2025-02-11T05:31:44.813+0000] {taskinstance.py:2866} INFO - Starting attempt 1 of 2
[2025-02-11T05:31:44.826+0000] {taskinstance.py:2889} INFO - Executing <Task(PythonOperator): download_zips> on 2025-02-11 05:31:32.434454+00:00
[2025-02-11T05:31:44.834+0000] {warnings.py:112} WARNING - /home/***/.local/lib/python3.12/site-packages/***/task/task_runner/standard_task_runner.py:70: DeprecationWarning: This process (pid=234) is multi-threaded, use of fork() may lead to deadlocks in the child.
  pid = os.fork()

[2025-02-11T05:31:44.836+0000] {standard_task_runner.py:72} INFO - Started process 236 to run task
[2025-02-11T05:31:44.836+0000] {standard_task_runner.py:104} INFO - Running: ['***', 'tasks', 'run', 'sec_data_pipeline', 'download_zips', 'manual__2025-02-11T05:31:32.434454+00:00', '--job-id', '31', '--raw', '--subdir', 'DAGS_FOLDER/zip.py', '--cfg-path', '/tmp/tmp20a7ejhd']
[2025-02-11T05:31:44.840+0000] {standard_task_runner.py:105} INFO - Job 31: Subtask download_zips
[2025-02-11T05:31:44.886+0000] {task_command.py:467} INFO - Running <TaskInstance: sec_data_pipeline.download_zips manual__2025-02-11T05:31:32.434454+00:00 [running]> on host bd02590d998b
[2025-02-11T05:31:44.956+0000] {taskinstance.py:3132} INFO - Exporting env vars: AIRFLOW_CTX_DAG_OWNER='***' AIRFLOW_CTX_DAG_ID='sec_data_pipeline' AIRFLOW_CTX_TASK_ID='download_zips' AIRFLOW_CTX_EXECUTION_DATE='2025-02-11T05:31:32.434454+00:00' AIRFLOW_CTX_TRY_NUMBER='1' AIRFLOW_CTX_DAG_RUN_ID='manual__2025-02-11T05:31:32.434454+00:00'
[2025-02-11T05:31:44.958+0000] {taskinstance.py:731} INFO - ::endgroup::
[2025-02-11T05:31:45.050+0000] {logging_mixin.py:190} INFO - ⚠️ Skipping https://www.sec.gov/files/dera/data/financial-statement-data-sets/2024q4.zip - HTTP 403
[2025-02-11T05:31:45.082+0000] {logging_mixin.py:190} INFO - ⚠️ Skipping https://www.sec.gov/files/dera/data/financial-statement-data-sets/2024q3.zip - HTTP 403
[2025-02-11T05:31:45.129+0000] {logging_mixin.py:190} INFO - ⚠️ Skipping https://www.sec.gov/files/dera/data/financial-statement-data-sets/2024q2.zip - HTTP 403
[2025-02-11T05:31:45.163+0000] {logging_mixin.py:190} INFO - ⚠️ Skipping https://www.sec.gov/files/dera/data/financial-statement-data-sets/2024q1.zip - HTTP 403
[2025-02-11T05:31:45.202+0000] {logging_mixin.py:190} INFO - ⚠️ Skipping https://www.sec.gov/files/dera/data/financial-statement-data-sets/2023q4.zip - HTTP 403
[2025-02-11T05:31:45.240+0000] {logging_mixin.py:190} INFO - ⚠️ Skipping https://www.sec.gov/files/dera/data/financial-statement-data-sets/2023q3.zip - HTTP 403
[2025-02-11T05:31:45.275+0000] {logging_mixin.py:190} INFO - ⚠️ Skipping https://www.sec.gov/files/dera/data/financial-statement-data-sets/2023q2.zip - HTTP 403
[2025-02-11T05:31:45.310+0000] {logging_mixin.py:190} INFO - ⚠️ Skipping https://www.sec.gov/files/dera/data/financial-statement-data-sets/2023q1.zip - HTTP 403
[2025-02-11T05:31:45.347+0000] {logging_mixin.py:190} INFO - ⚠️ Skipping https://www.sec.gov/files/dera/data/financial-statement-data-sets/2022q4.zip - HTTP 403
[2025-02-11T05:31:45.390+0000] {logging_mixin.py:190} INFO - ⚠️ Skipping https://www.sec.gov/files/dera/data/financial-statement-data-sets/2022q3.zip - HTTP 403
[2025-02-11T05:31:45.431+0000] {logging_mixin.py:190} INFO - ⚠️ Skipping https://www.sec.gov/files/dera/data/financial-statement-data-sets/2022q2.zip - HTTP 403
[2025-02-11T05:31:45.471+0000] {logging_mixin.py:190} INFO - ⚠️ Skipping https://www.sec.gov/files/dera/data/financial-statement-data-sets/2022q1.zip - HTTP 403
[2025-02-11T05:31:45.511+0000] {logging_mixin.py:190} INFO - ⚠️ Skipping https://www.sec.gov/files/dera/data/financial-statement-data-sets/2021q4.zip - HTTP 403
[2025-02-11T05:31:45.551+0000] {logging_mixin.py:190} INFO - ⚠️ Skipping https://www.sec.gov/files/dera/data/financial-statement-data-sets/2021q3.zip - HTTP 403
[2025-02-11T05:31:45.594+0000] {logging_mixin.py:190} INFO - ⚠️ Skipping https://www.sec.gov/files/dera/data/financial-statement-data-sets/2021q2.zip - HTTP 403
[2025-02-11T05:31:45.636+0000] {logging_mixin.py:190} INFO - ⚠️ Skipping https://www.sec.gov/files/dera/data/financial-statement-data-sets/2021q1.zip - HTTP 403
[2025-02-11T05:31:45.675+0000] {logging_mixin.py:190} INFO - ⚠️ Skipping https://www.sec.gov/files/dera/data/financial-statement-data-sets/2020q4.zip - HTTP 403
[2025-02-11T05:31:45.712+0000] {logging_mixin.py:190} INFO - ⚠️ Skipping https://www.sec.gov/files/dera/data/financial-statement-data-sets/2020q3.zip - HTTP 403
[2025-02-11T05:31:45.751+0000] {logging_mixin.py:190} INFO - ⚠️ Skipping https://www.sec.gov/files/dera/data/financial-statement-data-sets/2020q2.zip - HTTP 403
[2025-02-11T05:31:45.786+0000] {logging_mixin.py:190} INFO - ⚠️ Skipping https://www.sec.gov/files/dera/data/financial-statement-data-sets/2020q1.zip - HTTP 403
[2025-02-11T05:31:45.822+0000] {logging_mixin.py:190} INFO - ⚠️ Skipping https://www.sec.gov/files/dera/data/financial-statement-data-sets/2019q4.zip - HTTP 403
[2025-02-11T05:31:45.859+0000] {logging_mixin.py:190} INFO - ⚠️ Skipping https://www.sec.gov/files/dera/data/financial-statement-data-sets/2019q3.zip - HTTP 403
[2025-02-11T05:31:45.891+0000] {logging_mixin.py:190} INFO - ⚠️ Skipping https://www.sec.gov/files/dera/data/financial-statement-data-sets/2019q2.zip - HTTP 403
[2025-02-11T05:31:45.926+0000] {logging_mixin.py:190} INFO - ⚠️ Skipping https://www.sec.gov/files/dera/data/financial-statement-data-sets/2019q1.zip - HTTP 403
[2025-02-11T05:31:45.960+0000] {logging_mixin.py:190} INFO - ⚠️ Skipping https://www.sec.gov/files/dera/data/financial-statement-data-sets/2018q4.zip - HTTP 403
[2025-02-11T05:31:45.992+0000] {logging_mixin.py:190} INFO - ⚠️ Skipping https://www.sec.gov/files/dera/data/financial-statement-data-sets/2018q3.zip - HTTP 403
[2025-02-11T05:31:46.024+0000] {logging_mixin.py:190} INFO - ⚠️ Skipping https://www.sec.gov/files/dera/data/financial-statement-data-sets/2018q2.zip - HTTP 403
[2025-02-11T05:31:46.056+0000] {logging_mixin.py:190} INFO - ⚠️ Skipping https://www.sec.gov/files/dera/data/financial-statement-data-sets/2018q1.zip - HTTP 403
[2025-02-11T05:31:46.089+0000] {logging_mixin.py:190} INFO - ⚠️ Skipping https://www.sec.gov/files/dera/data/financial-statement-data-sets/2017q4.zip - HTTP 403
[2025-02-11T05:31:46.126+0000] {logging_mixin.py:190} INFO - ⚠️ Skipping https://www.sec.gov/files/dera/data/financial-statement-data-sets/2017q3.zip - HTTP 403
[2025-02-11T05:31:46.163+0000] {logging_mixin.py:190} INFO - ⚠️ Skipping https://www.sec.gov/files/dera/data/financial-statement-data-sets/2017q2.zip - HTTP 403
[2025-02-11T05:31:46.203+0000] {logging_mixin.py:190} INFO - ⚠️ Skipping https://www.sec.gov/files/dera/data/financial-statement-data-sets/2017q1.zip - HTTP 403
[2025-02-11T05:31:46.242+0000] {logging_mixin.py:190} INFO - ⚠️ Skipping https://www.sec.gov/files/dera/data/financial-statement-data-sets/2016q4.zip - HTTP 403
[2025-02-11T05:31:46.282+0000] {logging_mixin.py:190} INFO - ⚠️ Skipping https://www.sec.gov/files/dera/data/financial-statement-data-sets/2016q3.zip - HTTP 403
[2025-02-11T05:31:46.322+0000] {logging_mixin.py:190} INFO - ⚠️ Skipping https://www.sec.gov/files/dera/data/financial-statement-data-sets/2016q2.zip - HTTP 403
[2025-02-11T05:31:46.362+0000] {logging_mixin.py:190} INFO - ⚠️ Skipping https://www.sec.gov/files/dera/data/financial-statement-data-sets/2016q1.zip - HTTP 403
[2025-02-11T05:31:46.401+0000] {logging_mixin.py:190} INFO - ⚠️ Skipping https://www.sec.gov/files/dera/data/financial-statement-data-sets/2015q4.zip - HTTP 403
[2025-02-11T05:31:46.441+0000] {logging_mixin.py:190} INFO - ⚠️ Skipping https://www.sec.gov/files/dera/data/financial-statement-data-sets/2015q3.zip - HTTP 403
[2025-02-11T05:31:46.483+0000] {logging_mixin.py:190} INFO - ⚠️ Skipping https://www.sec.gov/files/dera/data/financial-statement-data-sets/2015q2.zip - HTTP 403
[2025-02-11T05:31:46.522+0000] {logging_mixin.py:190} INFO - ⚠️ Skipping https://www.sec.gov/files/dera/data/financial-statement-data-sets/2015q1.zip - HTTP 403
[2025-02-11T05:31:46.560+0000] {logging_mixin.py:190} INFO - ⚠️ Skipping https://www.sec.gov/files/dera/data/financial-statement-data-sets/2014q4.zip - HTTP 403
[2025-02-11T05:31:46.596+0000] {logging_mixin.py:190} INFO - ⚠️ Skipping https://www.sec.gov/files/dera/data/financial-statement-data-sets/2014q3.zip - HTTP 403
[2025-02-11T05:31:46.634+0000] {logging_mixin.py:190} INFO - ⚠️ Skipping https://www.sec.gov/files/dera/data/financial-statement-data-sets/2014q2.zip - HTTP 403
[2025-02-11T05:31:46.671+0000] {logging_mixin.py:190} INFO - ⚠️ Skipping https://www.sec.gov/files/dera/data/financial-statement-data-sets/2014q1.zip - HTTP 403
[2025-02-11T05:31:46.708+0000] {logging_mixin.py:190} INFO - ⚠️ Skipping https://www.sec.gov/files/dera/data/financial-statement-data-sets/2013q4.zip - HTTP 403
[2025-02-11T05:31:46.749+0000] {logging_mixin.py:190} INFO - ⚠️ Skipping https://www.sec.gov/files/dera/data/financial-statement-data-sets/2013q3.zip - HTTP 403
[2025-02-11T05:31:46.797+0000] {logging_mixin.py:190} INFO - ⚠️ Skipping https://www.sec.gov/files/dera/data/financial-statement-data-sets/2013q2.zip - HTTP 403
[2025-02-11T05:31:46.856+0000] {logging_mixin.py:190} INFO - ⚠️ Skipping https://www.sec.gov/files/dera/data/financial-statement-data-sets/2013q1.zip - HTTP 403
[2025-02-11T05:31:46.910+0000] {logging_mixin.py:190} INFO - ⚠️ Skipping https://www.sec.gov/files/dera/data/financial-statement-data-sets/2012q4.zip - HTTP 403
[2025-02-11T05:31:46.954+0000] {logging_mixin.py:190} INFO - ⚠️ Skipping https://www.sec.gov/files/dera/data/financial-statement-data-sets/2012q3.zip - HTTP 403
[2025-02-11T05:31:46.991+0000] {logging_mixin.py:190} INFO - ⚠️ Skipping https://www.sec.gov/files/dera/data/financial-statement-data-sets/2012q2.zip - HTTP 403
[2025-02-11T05:31:47.027+0000] {logging_mixin.py:190} INFO - ⚠️ Skipping https://www.sec.gov/files/dera/data/financial-statement-data-sets/2012q1.zip - HTTP 403
[2025-02-11T05:31:47.068+0000] {logging_mixin.py:190} INFO - ⚠️ Skipping https://www.sec.gov/files/dera/data/financial-statement-data-sets/2011q4.zip - HTTP 403
[2025-02-11T05:31:47.107+0000] {logging_mixin.py:190} INFO - ⚠️ Skipping https://www.sec.gov/files/dera/data/financial-statement-data-sets/2011q3.zip - HTTP 403
[2025-02-11T05:31:47.151+0000] {logging_mixin.py:190} INFO - ⚠️ Skipping https://www.sec.gov/files/dera/data/financial-statement-data-sets/2011q2.zip - HTTP 403
[2025-02-11T05:31:47.192+0000] {logging_mixin.py:190} INFO - ⚠️ Skipping https://www.sec.gov/files/dera/data/financial-statement-data-sets/2011q1.zip - HTTP 403
[2025-02-11T05:31:47.231+0000] {logging_mixin.py:190} INFO - ⚠️ Skipping https://www.sec.gov/files/dera/data/financial-statement-data-sets/2010q4.zip - HTTP 403
[2025-02-11T05:31:47.273+0000] {logging_mixin.py:190} INFO - ⚠️ Skipping https://www.sec.gov/files/dera/data/financial-statement-data-sets/2010q3.zip - HTTP 403
[2025-02-11T05:31:47.314+0000] {logging_mixin.py:190} INFO - ⚠️ Skipping https://www.sec.gov/files/dera/data/financial-statement-data-sets/2010q2.zip - HTTP 403
[2025-02-11T05:31:47.354+0000] {logging_mixin.py:190} INFO - ⚠️ Skipping https://www.sec.gov/files/dera/data/financial-statement-data-sets/2010q1.zip - HTTP 403
[2025-02-11T05:31:47.396+0000] {logging_mixin.py:190} INFO - ⚠️ Skipping https://www.sec.gov/files/dera/data/financial-statement-data-sets/2009q4.zip - HTTP 403
[2025-02-11T05:31:47.437+0000] {logging_mixin.py:190} INFO - ⚠️ Skipping https://www.sec.gov/files/dera/data/financial-statement-data-sets/2009q3.zip - HTTP 403
[2025-02-11T05:31:47.482+0000] {logging_mixin.py:190} INFO - ⚠️ Skipping https://www.sec.gov/files/dera/data/financial-statement-data-sets/2009q2.zip - HTTP 403
[2025-02-11T05:31:47.524+0000] {logging_mixin.py:190} INFO - ⚠️ Skipping https://www.sec.gov/files/dera/data/financial-statement-data-sets/2009q1.zip - HTTP 403
[2025-02-11T05:31:47.527+0000] {python.py:240} INFO - Done. Returned value was: /opt/***/tmp/sec_zips
[2025-02-11T05:31:47.569+0000] {taskinstance.py:340} INFO - ::group::Post task execution logs
[2025-02-11T05:31:47.571+0000] {taskinstance.py:352} INFO - Marking task as SUCCESS. dag_id=sec_data_pipeline, task_id=download_zips, run_id=manual__2025-02-11T05:31:32.434454+00:00, execution_date=20250211T053132, start_date=20250211T053144, end_date=20250211T053147
[2025-02-11T05:31:47.625+0000] {local_task_job_runner.py:266} INFO - Task exited with return code 0
[2025-02-11T05:31:47.660+0000] {taskinstance.py:3895} INFO - 1 downstream tasks scheduled from follow-on schedule check
[2025-02-11T05:31:47.665+0000] {local_task_job_runner.py:245} INFO - ::endgroup::
