[2025-02-04T22:27:52.417+0000] {processor.py:186} INFO - Started process (PID=101) to work on /home/airflow/.local/lib/python3.12/site-packages/airflow/example_dags/example_sensors.py
[2025-02-04T22:27:52.418+0000] {processor.py:914} INFO - Processing file /home/airflow/.local/lib/python3.12/site-packages/airflow/example_dags/example_sensors.py for tasks to queue
[2025-02-04T22:27:52.419+0000] {logging_mixin.py:190} INFO - [2025-02-04T22:27:52.419+0000] {dagbag.py:588} INFO - Filling up the DagBag from /home/airflow/.local/lib/python3.12/site-packages/airflow/example_dags/example_sensors.py
[2025-02-04T22:27:52.427+0000] {processor.py:925} INFO - DAG(s) 'example_sensors' retrieved from /home/airflow/.local/lib/python3.12/site-packages/airflow/example_dags/example_sensors.py
[2025-02-04T22:27:52.487+0000] {logging_mixin.py:190} INFO - [2025-02-04T22:27:52.486+0000] {override.py:1911} INFO - Created Permission View: can edit on DAG:example_sensors
[2025-02-04T22:27:52.495+0000] {logging_mixin.py:190} INFO - [2025-02-04T22:27:52.495+0000] {override.py:1911} INFO - Created Permission View: can delete on DAG:example_sensors
[2025-02-04T22:27:52.497+0000] {logging_mixin.py:190} INFO - [2025-02-04T22:27:52.497+0000] {override.py:1911} INFO - Created Permission View: can read on DAG:example_sensors
[2025-02-04T22:27:52.501+0000] {logging_mixin.py:190} INFO - [2025-02-04T22:27:52.500+0000] {override.py:1911} INFO - Created Permission View: can create on DAG Run:example_sensors
[2025-02-04T22:27:52.503+0000] {logging_mixin.py:190} INFO - [2025-02-04T22:27:52.503+0000] {override.py:1911} INFO - Created Permission View: can delete on DAG Run:example_sensors
[2025-02-04T22:27:52.506+0000] {logging_mixin.py:190} INFO - [2025-02-04T22:27:52.506+0000] {override.py:1911} INFO - Created Permission View: can read on DAG Run:example_sensors
[2025-02-04T22:27:52.509+0000] {logging_mixin.py:190} INFO - [2025-02-04T22:27:52.509+0000] {override.py:1911} INFO - Created Permission View: menu access on DAG Run:example_sensors
[2025-02-04T22:27:52.510+0000] {logging_mixin.py:190} INFO - [2025-02-04T22:27:52.510+0000] {dag.py:3239} INFO - Sync 1 DAGs
[2025-02-04T22:27:52.516+0000] {logging_mixin.py:190} INFO - [2025-02-04T22:27:52.516+0000] {dag.py:3262} INFO - Creating ORM DAG for example_sensors
[2025-02-04T22:27:52.517+0000] {logging_mixin.py:190} INFO - [2025-02-04T22:27:52.517+0000] {dag.py:4180} INFO - Setting next_dagrun for example_sensors to None, run_after=None
[2025-02-04T22:27:52.529+0000] {processor.py:208} INFO - Processing /home/airflow/.local/lib/python3.12/site-packages/airflow/example_dags/example_sensors.py took 0.115 seconds
[2025-02-04T22:28:22.807+0000] {processor.py:186} INFO - Started process (PID=165) to work on /home/airflow/.local/lib/python3.12/site-packages/airflow/example_dags/example_sensors.py
[2025-02-04T22:28:22.807+0000] {processor.py:914} INFO - Processing file /home/airflow/.local/lib/python3.12/site-packages/airflow/example_dags/example_sensors.py for tasks to queue
[2025-02-04T22:28:22.808+0000] {logging_mixin.py:190} INFO - [2025-02-04T22:28:22.808+0000] {dagbag.py:588} INFO - Filling up the DagBag from /home/airflow/.local/lib/python3.12/site-packages/airflow/example_dags/example_sensors.py
[2025-02-04T22:28:22.814+0000] {processor.py:925} INFO - DAG(s) 'example_sensors' retrieved from /home/airflow/.local/lib/python3.12/site-packages/airflow/example_dags/example_sensors.py
[2025-02-04T22:28:22.825+0000] {logging_mixin.py:190} INFO - [2025-02-04T22:28:22.825+0000] {dag.py:3239} INFO - Sync 1 DAGs
[2025-02-04T22:28:22.830+0000] {logging_mixin.py:190} INFO - [2025-02-04T22:28:22.830+0000] {dag.py:4180} INFO - Setting next_dagrun for example_sensors to None, run_after=None
[2025-02-04T22:28:22.838+0000] {processor.py:208} INFO - Processing /home/airflow/.local/lib/python3.12/site-packages/airflow/example_dags/example_sensors.py took 0.034 seconds
[2025-02-04T22:28:54.152+0000] {processor.py:186} INFO - Started process (PID=229) to work on /home/airflow/.local/lib/python3.12/site-packages/airflow/example_dags/example_sensors.py
[2025-02-04T22:28:54.152+0000] {processor.py:914} INFO - Processing file /home/airflow/.local/lib/python3.12/site-packages/airflow/example_dags/example_sensors.py for tasks to queue
[2025-02-04T22:28:54.153+0000] {logging_mixin.py:190} INFO - [2025-02-04T22:28:54.153+0000] {dagbag.py:588} INFO - Filling up the DagBag from /home/airflow/.local/lib/python3.12/site-packages/airflow/example_dags/example_sensors.py
[2025-02-04T22:28:54.158+0000] {processor.py:925} INFO - DAG(s) 'example_sensors' retrieved from /home/airflow/.local/lib/python3.12/site-packages/airflow/example_dags/example_sensors.py
[2025-02-04T22:28:54.169+0000] {logging_mixin.py:190} INFO - [2025-02-04T22:28:54.169+0000] {dag.py:3239} INFO - Sync 1 DAGs
[2025-02-04T22:28:54.174+0000] {logging_mixin.py:190} INFO - [2025-02-04T22:28:54.174+0000] {dag.py:4180} INFO - Setting next_dagrun for example_sensors to None, run_after=None
[2025-02-04T22:28:54.181+0000] {processor.py:208} INFO - Processing /home/airflow/.local/lib/python3.12/site-packages/airflow/example_dags/example_sensors.py took 0.032 seconds
[2025-02-04T22:29:24.550+0000] {processor.py:186} INFO - Started process (PID=301) to work on /home/airflow/.local/lib/python3.12/site-packages/airflow/example_dags/example_sensors.py
[2025-02-04T22:29:24.550+0000] {processor.py:914} INFO - Processing file /home/airflow/.local/lib/python3.12/site-packages/airflow/example_dags/example_sensors.py for tasks to queue
[2025-02-04T22:29:24.551+0000] {logging_mixin.py:190} INFO - [2025-02-04T22:29:24.551+0000] {dagbag.py:588} INFO - Filling up the DagBag from /home/airflow/.local/lib/python3.12/site-packages/airflow/example_dags/example_sensors.py
[2025-02-04T22:29:24.556+0000] {processor.py:925} INFO - DAG(s) 'example_sensors' retrieved from /home/airflow/.local/lib/python3.12/site-packages/airflow/example_dags/example_sensors.py
[2025-02-04T22:29:24.568+0000] {logging_mixin.py:190} INFO - [2025-02-04T22:29:24.568+0000] {dag.py:3239} INFO - Sync 1 DAGs
[2025-02-04T22:29:24.575+0000] {logging_mixin.py:190} INFO - [2025-02-04T22:29:24.575+0000] {dag.py:4180} INFO - Setting next_dagrun for example_sensors to None, run_after=None
[2025-02-04T22:29:24.582+0000] {processor.py:208} INFO - Processing /home/airflow/.local/lib/python3.12/site-packages/airflow/example_dags/example_sensors.py took 0.035 seconds
