[2025-02-04T22:27:49.983+0000] {processor.py:186} INFO - Started process (PID=69) to work on /home/airflow/.local/lib/python3.12/site-packages/airflow/example_dags/example_local_kubernetes_executor.py
[2025-02-04T22:27:49.984+0000] {processor.py:914} INFO - Processing file /home/airflow/.local/lib/python3.12/site-packages/airflow/example_dags/example_local_kubernetes_executor.py for tasks to queue
[2025-02-04T22:27:49.985+0000] {logging_mixin.py:190} INFO - [2025-02-04T22:27:49.985+0000] {dagbag.py:588} INFO - Filling up the DagBag from /home/airflow/.local/lib/python3.12/site-packages/airflow/example_dags/example_local_kubernetes_executor.py
[2025-02-04T22:27:49.992+0000] {processor.py:925} INFO - DAG(s) 'example_local_kubernetes_executor' retrieved from /home/airflow/.local/lib/python3.12/site-packages/airflow/example_dags/example_local_kubernetes_executor.py
[2025-02-04T22:27:50.047+0000] {logging_mixin.py:190} INFO - [2025-02-04T22:27:50.047+0000] {override.py:1911} INFO - Created Permission View: can edit on DAG:example_local_kubernetes_executor
[2025-02-04T22:27:50.051+0000] {logging_mixin.py:190} INFO - [2025-02-04T22:27:50.051+0000] {override.py:1911} INFO - Created Permission View: can delete on DAG:example_local_kubernetes_executor
[2025-02-04T22:27:50.054+0000] {logging_mixin.py:190} INFO - [2025-02-04T22:27:50.053+0000] {override.py:1911} INFO - Created Permission View: can read on DAG:example_local_kubernetes_executor
[2025-02-04T22:27:50.056+0000] {logging_mixin.py:190} INFO - [2025-02-04T22:27:50.056+0000] {override.py:1911} INFO - Created Permission View: can create on DAG Run:example_local_kubernetes_executor
[2025-02-04T22:27:50.058+0000] {logging_mixin.py:190} INFO - [2025-02-04T22:27:50.058+0000] {override.py:1911} INFO - Created Permission View: can delete on DAG Run:example_local_kubernetes_executor
[2025-02-04T22:27:50.060+0000] {logging_mixin.py:190} INFO - [2025-02-04T22:27:50.060+0000] {override.py:1911} INFO - Created Permission View: can read on DAG Run:example_local_kubernetes_executor
[2025-02-04T22:27:50.062+0000] {logging_mixin.py:190} INFO - [2025-02-04T22:27:50.062+0000] {override.py:1911} INFO - Created Permission View: menu access on DAG Run:example_local_kubernetes_executor
[2025-02-04T22:27:50.062+0000] {logging_mixin.py:190} INFO - [2025-02-04T22:27:50.062+0000] {dag.py:3239} INFO - Sync 1 DAGs
[2025-02-04T22:27:50.068+0000] {logging_mixin.py:190} INFO - [2025-02-04T22:27:50.067+0000] {dag.py:3262} INFO - Creating ORM DAG for example_local_kubernetes_executor
[2025-02-04T22:27:50.068+0000] {logging_mixin.py:190} INFO - [2025-02-04T22:27:50.068+0000] {dag.py:4180} INFO - Setting next_dagrun for example_local_kubernetes_executor to None, run_after=None
[2025-02-04T22:27:50.075+0000] {processor.py:208} INFO - Processing /home/airflow/.local/lib/python3.12/site-packages/airflow/example_dags/example_local_kubernetes_executor.py took 0.095 seconds
[2025-02-04T22:28:20.598+0000] {processor.py:186} INFO - Started process (PID=133) to work on /home/airflow/.local/lib/python3.12/site-packages/airflow/example_dags/example_local_kubernetes_executor.py
[2025-02-04T22:28:20.598+0000] {processor.py:914} INFO - Processing file /home/airflow/.local/lib/python3.12/site-packages/airflow/example_dags/example_local_kubernetes_executor.py for tasks to queue
[2025-02-04T22:28:20.600+0000] {logging_mixin.py:190} INFO - [2025-02-04T22:28:20.599+0000] {dagbag.py:588} INFO - Filling up the DagBag from /home/airflow/.local/lib/python3.12/site-packages/airflow/example_dags/example_local_kubernetes_executor.py
[2025-02-04T22:28:20.606+0000] {processor.py:925} INFO - DAG(s) 'example_local_kubernetes_executor' retrieved from /home/airflow/.local/lib/python3.12/site-packages/airflow/example_dags/example_local_kubernetes_executor.py
[2025-02-04T22:28:20.615+0000] {logging_mixin.py:190} INFO - [2025-02-04T22:28:20.615+0000] {dag.py:3239} INFO - Sync 1 DAGs
[2025-02-04T22:28:20.620+0000] {logging_mixin.py:190} INFO - [2025-02-04T22:28:20.620+0000] {dag.py:4180} INFO - Setting next_dagrun for example_local_kubernetes_executor to None, run_after=None
[2025-02-04T22:28:20.632+0000] {processor.py:208} INFO - Processing /home/airflow/.local/lib/python3.12/site-packages/airflow/example_dags/example_local_kubernetes_executor.py took 0.038 seconds
[2025-02-04T22:28:50.814+0000] {processor.py:186} INFO - Started process (PID=197) to work on /home/airflow/.local/lib/python3.12/site-packages/airflow/example_dags/example_local_kubernetes_executor.py
[2025-02-04T22:28:50.814+0000] {processor.py:914} INFO - Processing file /home/airflow/.local/lib/python3.12/site-packages/airflow/example_dags/example_local_kubernetes_executor.py for tasks to queue
[2025-02-04T22:28:50.816+0000] {logging_mixin.py:190} INFO - [2025-02-04T22:28:50.815+0000] {dagbag.py:588} INFO - Filling up the DagBag from /home/airflow/.local/lib/python3.12/site-packages/airflow/example_dags/example_local_kubernetes_executor.py
[2025-02-04T22:28:50.820+0000] {processor.py:925} INFO - DAG(s) 'example_local_kubernetes_executor' retrieved from /home/airflow/.local/lib/python3.12/site-packages/airflow/example_dags/example_local_kubernetes_executor.py
[2025-02-04T22:28:50.833+0000] {logging_mixin.py:190} INFO - [2025-02-04T22:28:50.832+0000] {dag.py:3239} INFO - Sync 1 DAGs
[2025-02-04T22:28:50.838+0000] {logging_mixin.py:190} INFO - [2025-02-04T22:28:50.838+0000] {dag.py:4180} INFO - Setting next_dagrun for example_local_kubernetes_executor to None, run_after=None
[2025-02-04T22:28:50.845+0000] {processor.py:208} INFO - Processing /home/airflow/.local/lib/python3.12/site-packages/airflow/example_dags/example_local_kubernetes_executor.py took 0.034 seconds
[2025-02-04T22:29:21.181+0000] {processor.py:186} INFO - Started process (PID=269) to work on /home/airflow/.local/lib/python3.12/site-packages/airflow/example_dags/example_local_kubernetes_executor.py
[2025-02-04T22:29:21.182+0000] {processor.py:914} INFO - Processing file /home/airflow/.local/lib/python3.12/site-packages/airflow/example_dags/example_local_kubernetes_executor.py for tasks to queue
[2025-02-04T22:29:21.183+0000] {logging_mixin.py:190} INFO - [2025-02-04T22:29:21.183+0000] {dagbag.py:588} INFO - Filling up the DagBag from /home/airflow/.local/lib/python3.12/site-packages/airflow/example_dags/example_local_kubernetes_executor.py
[2025-02-04T22:29:21.187+0000] {processor.py:925} INFO - DAG(s) 'example_local_kubernetes_executor' retrieved from /home/airflow/.local/lib/python3.12/site-packages/airflow/example_dags/example_local_kubernetes_executor.py
[2025-02-04T22:29:21.198+0000] {logging_mixin.py:190} INFO - [2025-02-04T22:29:21.198+0000] {dag.py:3239} INFO - Sync 1 DAGs
[2025-02-04T22:29:21.205+0000] {logging_mixin.py:190} INFO - [2025-02-04T22:29:21.205+0000] {dag.py:4180} INFO - Setting next_dagrun for example_local_kubernetes_executor to None, run_after=None
[2025-02-04T22:29:21.213+0000] {processor.py:208} INFO - Processing /home/airflow/.local/lib/python3.12/site-packages/airflow/example_dags/example_local_kubernetes_executor.py took 0.034 seconds
