[2025-02-04T22:27:52.118+0000] {processor.py:186} INFO - Started process (PID=96) to work on /home/airflow/.local/lib/python3.12/site-packages/airflow/example_dags/example_branch_datetime_operator.py
[2025-02-04T22:27:52.120+0000] {processor.py:914} INFO - Processing file /home/airflow/.local/lib/python3.12/site-packages/airflow/example_dags/example_branch_datetime_operator.py for tasks to queue
[2025-02-04T22:27:52.121+0000] {logging_mixin.py:190} INFO - [2025-02-04T22:27:52.121+0000] {dagbag.py:588} INFO - Filling up the DagBag from /home/airflow/.local/lib/python3.12/site-packages/airflow/example_dags/example_branch_datetime_operator.py
[2025-02-04T22:27:52.127+0000] {processor.py:925} INFO - DAG(s) 'example_branch_datetime_operator_3', 'example_branch_datetime_operator_2', 'example_branch_datetime_operator' retrieved from /home/airflow/.local/lib/python3.12/site-packages/airflow/example_dags/example_branch_datetime_operator.py
[2025-02-04T22:27:52.169+0000] {logging_mixin.py:190} INFO - [2025-02-04T22:27:52.169+0000] {override.py:1911} INFO - Created Permission View: can edit on DAG:example_branch_datetime_operator_3
[2025-02-04T22:27:52.174+0000] {logging_mixin.py:190} INFO - [2025-02-04T22:27:52.174+0000] {override.py:1911} INFO - Created Permission View: can delete on DAG:example_branch_datetime_operator_3
[2025-02-04T22:27:52.177+0000] {logging_mixin.py:190} INFO - [2025-02-04T22:27:52.176+0000] {override.py:1911} INFO - Created Permission View: can read on DAG:example_branch_datetime_operator_3
[2025-02-04T22:27:52.179+0000] {logging_mixin.py:190} INFO - [2025-02-04T22:27:52.179+0000] {override.py:1911} INFO - Created Permission View: can create on DAG Run:example_branch_datetime_operator_3
[2025-02-04T22:27:52.182+0000] {logging_mixin.py:190} INFO - [2025-02-04T22:27:52.182+0000] {override.py:1911} INFO - Created Permission View: can delete on DAG Run:example_branch_datetime_operator_3
[2025-02-04T22:27:52.184+0000] {logging_mixin.py:190} INFO - [2025-02-04T22:27:52.184+0000] {override.py:1911} INFO - Created Permission View: can read on DAG Run:example_branch_datetime_operator_3
[2025-02-04T22:27:52.188+0000] {logging_mixin.py:190} INFO - [2025-02-04T22:27:52.188+0000] {override.py:1911} INFO - Created Permission View: menu access on DAG Run:example_branch_datetime_operator_3
[2025-02-04T22:27:52.195+0000] {logging_mixin.py:190} INFO - [2025-02-04T22:27:52.194+0000] {override.py:1911} INFO - Created Permission View: can edit on DAG:example_branch_datetime_operator_2
[2025-02-04T22:27:52.197+0000] {logging_mixin.py:190} INFO - [2025-02-04T22:27:52.197+0000] {override.py:1911} INFO - Created Permission View: can delete on DAG:example_branch_datetime_operator_2
[2025-02-04T22:27:52.200+0000] {logging_mixin.py:190} INFO - [2025-02-04T22:27:52.200+0000] {override.py:1911} INFO - Created Permission View: can read on DAG:example_branch_datetime_operator_2
[2025-02-04T22:27:52.205+0000] {logging_mixin.py:190} INFO - [2025-02-04T22:27:52.205+0000] {override.py:1911} INFO - Created Permission View: can create on DAG Run:example_branch_datetime_operator_2
[2025-02-04T22:27:52.207+0000] {logging_mixin.py:190} INFO - [2025-02-04T22:27:52.207+0000] {override.py:1911} INFO - Created Permission View: can delete on DAG Run:example_branch_datetime_operator_2
[2025-02-04T22:27:52.209+0000] {logging_mixin.py:190} INFO - [2025-02-04T22:27:52.209+0000] {override.py:1911} INFO - Created Permission View: can read on DAG Run:example_branch_datetime_operator_2
[2025-02-04T22:27:52.210+0000] {logging_mixin.py:190} INFO - [2025-02-04T22:27:52.210+0000] {override.py:1911} INFO - Created Permission View: menu access on DAG Run:example_branch_datetime_operator_2
[2025-02-04T22:27:52.214+0000] {logging_mixin.py:190} INFO - [2025-02-04T22:27:52.214+0000] {override.py:1911} INFO - Created Permission View: can edit on DAG:example_branch_datetime_operator
[2025-02-04T22:27:52.219+0000] {logging_mixin.py:190} INFO - [2025-02-04T22:27:52.219+0000] {override.py:1911} INFO - Created Permission View: can delete on DAG:example_branch_datetime_operator
[2025-02-04T22:27:52.222+0000] {logging_mixin.py:190} INFO - [2025-02-04T22:27:52.222+0000] {override.py:1911} INFO - Created Permission View: can read on DAG:example_branch_datetime_operator
[2025-02-04T22:27:52.226+0000] {logging_mixin.py:190} INFO - [2025-02-04T22:27:52.226+0000] {override.py:1911} INFO - Created Permission View: can create on DAG Run:example_branch_datetime_operator
[2025-02-04T22:27:52.231+0000] {logging_mixin.py:190} INFO - [2025-02-04T22:27:52.231+0000] {override.py:1911} INFO - Created Permission View: can delete on DAG Run:example_branch_datetime_operator
[2025-02-04T22:27:52.234+0000] {logging_mixin.py:190} INFO - [2025-02-04T22:27:52.234+0000] {override.py:1911} INFO - Created Permission View: can read on DAG Run:example_branch_datetime_operator
[2025-02-04T22:27:52.237+0000] {logging_mixin.py:190} INFO - [2025-02-04T22:27:52.237+0000] {override.py:1911} INFO - Created Permission View: menu access on DAG Run:example_branch_datetime_operator
[2025-02-04T22:27:52.237+0000] {logging_mixin.py:190} INFO - [2025-02-04T22:27:52.237+0000] {dag.py:3239} INFO - Sync 3 DAGs
[2025-02-04T22:27:52.244+0000] {logging_mixin.py:190} INFO - [2025-02-04T22:27:52.244+0000] {dag.py:3262} INFO - Creating ORM DAG for example_branch_datetime_operator_2
[2025-02-04T22:27:52.245+0000] {logging_mixin.py:190} INFO - [2025-02-04T22:27:52.245+0000] {dag.py:3262} INFO - Creating ORM DAG for example_branch_datetime_operator_3
[2025-02-04T22:27:52.246+0000] {logging_mixin.py:190} INFO - [2025-02-04T22:27:52.246+0000] {dag.py:3262} INFO - Creating ORM DAG for example_branch_datetime_operator
[2025-02-04T22:27:52.251+0000] {logging_mixin.py:190} INFO - [2025-02-04T22:27:52.251+0000] {dag.py:4180} INFO - Setting next_dagrun for example_branch_datetime_operator to 2025-02-03 00:00:00+00:00, run_after=2025-02-04 00:00:00+00:00
[2025-02-04T22:27:52.251+0000] {logging_mixin.py:190} INFO - [2025-02-04T22:27:52.251+0000] {dag.py:4180} INFO - Setting next_dagrun for example_branch_datetime_operator_2 to 2025-02-03 00:00:00+00:00, run_after=2025-02-04 00:00:00+00:00
[2025-02-04T22:27:52.252+0000] {logging_mixin.py:190} INFO - [2025-02-04T22:27:52.252+0000] {dag.py:4180} INFO - Setting next_dagrun for example_branch_datetime_operator_3 to 2025-02-03 00:00:00+00:00, run_after=2025-02-04 00:00:00+00:00
[2025-02-04T22:27:52.261+0000] {processor.py:208} INFO - Processing /home/airflow/.local/lib/python3.12/site-packages/airflow/example_dags/example_branch_datetime_operator.py took 0.145 seconds
[2025-02-04T22:28:22.684+0000] {processor.py:186} INFO - Started process (PID=160) to work on /home/airflow/.local/lib/python3.12/site-packages/airflow/example_dags/example_branch_datetime_operator.py
[2025-02-04T22:28:22.684+0000] {processor.py:914} INFO - Processing file /home/airflow/.local/lib/python3.12/site-packages/airflow/example_dags/example_branch_datetime_operator.py for tasks to queue
[2025-02-04T22:28:22.685+0000] {logging_mixin.py:190} INFO - [2025-02-04T22:28:22.685+0000] {dagbag.py:588} INFO - Filling up the DagBag from /home/airflow/.local/lib/python3.12/site-packages/airflow/example_dags/example_branch_datetime_operator.py
[2025-02-04T22:28:22.690+0000] {processor.py:925} INFO - DAG(s) 'example_branch_datetime_operator_3', 'example_branch_datetime_operator', 'example_branch_datetime_operator_2' retrieved from /home/airflow/.local/lib/python3.12/site-packages/airflow/example_dags/example_branch_datetime_operator.py
[2025-02-04T22:28:22.703+0000] {logging_mixin.py:190} INFO - [2025-02-04T22:28:22.703+0000] {dag.py:3239} INFO - Sync 3 DAGs
[2025-02-04T22:28:22.713+0000] {logging_mixin.py:190} INFO - [2025-02-04T22:28:22.713+0000] {dag.py:4180} INFO - Setting next_dagrun for example_branch_datetime_operator to 2025-02-03 00:00:00+00:00, run_after=2025-02-04 00:00:00+00:00
[2025-02-04T22:28:22.714+0000] {logging_mixin.py:190} INFO - [2025-02-04T22:28:22.714+0000] {dag.py:4180} INFO - Setting next_dagrun for example_branch_datetime_operator_2 to 2025-02-03 00:00:00+00:00, run_after=2025-02-04 00:00:00+00:00
[2025-02-04T22:28:22.715+0000] {logging_mixin.py:190} INFO - [2025-02-04T22:28:22.715+0000] {dag.py:4180} INFO - Setting next_dagrun for example_branch_datetime_operator_3 to 2025-02-03 00:00:00+00:00, run_after=2025-02-04 00:00:00+00:00
[2025-02-04T22:28:22.721+0000] {processor.py:208} INFO - Processing /home/airflow/.local/lib/python3.12/site-packages/airflow/example_dags/example_branch_datetime_operator.py took 0.040 seconds
[2025-02-04T22:28:53.978+0000] {processor.py:186} INFO - Started process (PID=224) to work on /home/airflow/.local/lib/python3.12/site-packages/airflow/example_dags/example_branch_datetime_operator.py
[2025-02-04T22:28:53.980+0000] {processor.py:914} INFO - Processing file /home/airflow/.local/lib/python3.12/site-packages/airflow/example_dags/example_branch_datetime_operator.py for tasks to queue
[2025-02-04T22:28:53.984+0000] {logging_mixin.py:190} INFO - [2025-02-04T22:28:53.984+0000] {dagbag.py:588} INFO - Filling up the DagBag from /home/airflow/.local/lib/python3.12/site-packages/airflow/example_dags/example_branch_datetime_operator.py
[2025-02-04T22:28:53.990+0000] {processor.py:925} INFO - DAG(s) 'example_branch_datetime_operator_2', 'example_branch_datetime_operator', 'example_branch_datetime_operator_3' retrieved from /home/airflow/.local/lib/python3.12/site-packages/airflow/example_dags/example_branch_datetime_operator.py
[2025-02-04T22:28:54.003+0000] {logging_mixin.py:190} INFO - [2025-02-04T22:28:54.002+0000] {dag.py:3239} INFO - Sync 3 DAGs
[2025-02-04T22:28:54.016+0000] {logging_mixin.py:190} INFO - [2025-02-04T22:28:54.015+0000] {dag.py:4180} INFO - Setting next_dagrun for example_branch_datetime_operator to 2025-02-03 00:00:00+00:00, run_after=2025-02-04 00:00:00+00:00
[2025-02-04T22:28:54.019+0000] {logging_mixin.py:190} INFO - [2025-02-04T22:28:54.019+0000] {dag.py:4180} INFO - Setting next_dagrun for example_branch_datetime_operator_2 to 2025-02-03 00:00:00+00:00, run_after=2025-02-04 00:00:00+00:00
[2025-02-04T22:28:54.021+0000] {logging_mixin.py:190} INFO - [2025-02-04T22:28:54.021+0000] {dag.py:4180} INFO - Setting next_dagrun for example_branch_datetime_operator_3 to 2025-02-03 00:00:00+00:00, run_after=2025-02-04 00:00:00+00:00
[2025-02-04T22:28:54.027+0000] {processor.py:208} INFO - Processing /home/airflow/.local/lib/python3.12/site-packages/airflow/example_dags/example_branch_datetime_operator.py took 0.053 seconds
[2025-02-04T22:29:24.448+0000] {processor.py:186} INFO - Started process (PID=296) to work on /home/airflow/.local/lib/python3.12/site-packages/airflow/example_dags/example_branch_datetime_operator.py
[2025-02-04T22:29:24.450+0000] {processor.py:914} INFO - Processing file /home/airflow/.local/lib/python3.12/site-packages/airflow/example_dags/example_branch_datetime_operator.py for tasks to queue
[2025-02-04T22:29:24.452+0000] {logging_mixin.py:190} INFO - [2025-02-04T22:29:24.451+0000] {dagbag.py:588} INFO - Filling up the DagBag from /home/airflow/.local/lib/python3.12/site-packages/airflow/example_dags/example_branch_datetime_operator.py
[2025-02-04T22:29:24.457+0000] {processor.py:925} INFO - DAG(s) 'example_branch_datetime_operator', 'example_branch_datetime_operator_3', 'example_branch_datetime_operator_2' retrieved from /home/airflow/.local/lib/python3.12/site-packages/airflow/example_dags/example_branch_datetime_operator.py
[2025-02-04T22:29:24.471+0000] {logging_mixin.py:190} INFO - [2025-02-04T22:29:24.471+0000] {dag.py:3239} INFO - Sync 3 DAGs
[2025-02-04T22:29:24.481+0000] {logging_mixin.py:190} INFO - [2025-02-04T22:29:24.481+0000] {dag.py:4180} INFO - Setting next_dagrun for example_branch_datetime_operator to 2025-02-03 00:00:00+00:00, run_after=2025-02-04 00:00:00+00:00
[2025-02-04T22:29:24.486+0000] {logging_mixin.py:190} INFO - [2025-02-04T22:29:24.485+0000] {dag.py:4180} INFO - Setting next_dagrun for example_branch_datetime_operator_2 to 2025-02-03 00:00:00+00:00, run_after=2025-02-04 00:00:00+00:00
[2025-02-04T22:29:24.486+0000] {logging_mixin.py:190} INFO - [2025-02-04T22:29:24.486+0000] {dag.py:4180} INFO - Setting next_dagrun for example_branch_datetime_operator_3 to 2025-02-03 00:00:00+00:00, run_after=2025-02-04 00:00:00+00:00
[2025-02-04T22:29:24.492+0000] {processor.py:208} INFO - Processing /home/airflow/.local/lib/python3.12/site-packages/airflow/example_dags/example_branch_datetime_operator.py took 0.046 seconds
