[2025-02-04T22:27:50.013+0000] {processor.py:186} INFO - Started process (PID=70) to work on /home/airflow/.local/lib/python3.12/site-packages/airflow/example_dags/example_branch_python_dop_operator_3.py
[2025-02-04T22:27:50.014+0000] {processor.py:914} INFO - Processing file /home/airflow/.local/lib/python3.12/site-packages/airflow/example_dags/example_branch_python_dop_operator_3.py for tasks to queue
[2025-02-04T22:27:50.017+0000] {logging_mixin.py:190} INFO - [2025-02-04T22:27:50.016+0000] {dagbag.py:588} INFO - Filling up the DagBag from /home/airflow/.local/lib/python3.12/site-packages/airflow/example_dags/example_branch_python_dop_operator_3.py
[2025-02-04T22:27:50.023+0000] {processor.py:925} INFO - DAG(s) 'example_branch_dop_operator_v3' retrieved from /home/airflow/.local/lib/python3.12/site-packages/airflow/example_dags/example_branch_python_dop_operator_3.py
[2025-02-04T22:27:50.071+0000] {logging_mixin.py:190} INFO - [2025-02-04T22:27:50.070+0000] {override.py:1911} INFO - Created Permission View: can edit on DAG:example_branch_dop_operator_v3
[2025-02-04T22:27:50.075+0000] {logging_mixin.py:190} INFO - [2025-02-04T22:27:50.075+0000] {override.py:1911} INFO - Created Permission View: can delete on DAG:example_branch_dop_operator_v3
[2025-02-04T22:27:50.079+0000] {logging_mixin.py:190} INFO - [2025-02-04T22:27:50.079+0000] {override.py:1911} INFO - Created Permission View: can read on DAG:example_branch_dop_operator_v3
[2025-02-04T22:27:50.082+0000] {logging_mixin.py:190} INFO - [2025-02-04T22:27:50.081+0000] {override.py:1911} INFO - Created Permission View: can create on DAG Run:example_branch_dop_operator_v3
[2025-02-04T22:27:50.084+0000] {logging_mixin.py:190} INFO - [2025-02-04T22:27:50.084+0000] {override.py:1911} INFO - Created Permission View: can delete on DAG Run:example_branch_dop_operator_v3
[2025-02-04T22:27:50.086+0000] {logging_mixin.py:190} INFO - [2025-02-04T22:27:50.086+0000] {override.py:1911} INFO - Created Permission View: can read on DAG Run:example_branch_dop_operator_v3
[2025-02-04T22:27:50.089+0000] {logging_mixin.py:190} INFO - [2025-02-04T22:27:50.089+0000] {override.py:1911} INFO - Created Permission View: menu access on DAG Run:example_branch_dop_operator_v3
[2025-02-04T22:27:50.089+0000] {logging_mixin.py:190} INFO - [2025-02-04T22:27:50.089+0000] {dag.py:3239} INFO - Sync 1 DAGs
[2025-02-04T22:27:50.096+0000] {logging_mixin.py:190} INFO - [2025-02-04T22:27:50.096+0000] {dag.py:3262} INFO - Creating ORM DAG for example_branch_dop_operator_v3
[2025-02-04T22:27:50.102+0000] {logging_mixin.py:190} INFO - [2025-02-04T22:27:50.102+0000] {dag.py:4180} INFO - Setting next_dagrun for example_branch_dop_operator_v3 to 2025-02-04 22:26:00+00:00, run_after=2025-02-04 22:27:00+00:00
[2025-02-04T22:27:50.112+0000] {processor.py:208} INFO - Processing /home/airflow/.local/lib/python3.12/site-packages/airflow/example_dags/example_branch_python_dop_operator_3.py took 0.103 seconds
[2025-02-04T22:28:20.617+0000] {processor.py:186} INFO - Started process (PID=134) to work on /home/airflow/.local/lib/python3.12/site-packages/airflow/example_dags/example_branch_python_dop_operator_3.py
[2025-02-04T22:28:20.618+0000] {processor.py:914} INFO - Processing file /home/airflow/.local/lib/python3.12/site-packages/airflow/example_dags/example_branch_python_dop_operator_3.py for tasks to queue
[2025-02-04T22:28:20.619+0000] {logging_mixin.py:190} INFO - [2025-02-04T22:28:20.619+0000] {dagbag.py:588} INFO - Filling up the DagBag from /home/airflow/.local/lib/python3.12/site-packages/airflow/example_dags/example_branch_python_dop_operator_3.py
[2025-02-04T22:28:20.624+0000] {processor.py:925} INFO - DAG(s) 'example_branch_dop_operator_v3' retrieved from /home/airflow/.local/lib/python3.12/site-packages/airflow/example_dags/example_branch_python_dop_operator_3.py
[2025-02-04T22:28:20.633+0000] {logging_mixin.py:190} INFO - [2025-02-04T22:28:20.633+0000] {dag.py:3239} INFO - Sync 1 DAGs
[2025-02-04T22:28:20.643+0000] {logging_mixin.py:190} INFO - [2025-02-04T22:28:20.643+0000] {dag.py:4180} INFO - Setting next_dagrun for example_branch_dop_operator_v3 to 2025-02-04 22:27:00+00:00, run_after=2025-02-04 22:28:00+00:00
[2025-02-04T22:28:20.649+0000] {processor.py:208} INFO - Processing /home/airflow/.local/lib/python3.12/site-packages/airflow/example_dags/example_branch_python_dop_operator_3.py took 0.035 seconds
[2025-02-04T22:28:50.846+0000] {processor.py:186} INFO - Started process (PID=198) to work on /home/airflow/.local/lib/python3.12/site-packages/airflow/example_dags/example_branch_python_dop_operator_3.py
[2025-02-04T22:28:50.848+0000] {processor.py:914} INFO - Processing file /home/airflow/.local/lib/python3.12/site-packages/airflow/example_dags/example_branch_python_dop_operator_3.py for tasks to queue
[2025-02-04T22:28:50.849+0000] {logging_mixin.py:190} INFO - [2025-02-04T22:28:50.849+0000] {dagbag.py:588} INFO - Filling up the DagBag from /home/airflow/.local/lib/python3.12/site-packages/airflow/example_dags/example_branch_python_dop_operator_3.py
[2025-02-04T22:28:50.854+0000] {processor.py:925} INFO - DAG(s) 'example_branch_dop_operator_v3' retrieved from /home/airflow/.local/lib/python3.12/site-packages/airflow/example_dags/example_branch_python_dop_operator_3.py
[2025-02-04T22:28:50.862+0000] {logging_mixin.py:190} INFO - [2025-02-04T22:28:50.861+0000] {dag.py:3239} INFO - Sync 1 DAGs
[2025-02-04T22:28:50.871+0000] {logging_mixin.py:190} INFO - [2025-02-04T22:28:50.871+0000] {dag.py:4180} INFO - Setting next_dagrun for example_branch_dop_operator_v3 to 2025-02-04 22:27:00+00:00, run_after=2025-02-04 22:28:00+00:00
[2025-02-04T22:28:50.882+0000] {processor.py:208} INFO - Processing /home/airflow/.local/lib/python3.12/site-packages/airflow/example_dags/example_branch_python_dop_operator_3.py took 0.038 seconds
[2025-02-04T22:29:21.219+0000] {processor.py:186} INFO - Started process (PID=270) to work on /home/airflow/.local/lib/python3.12/site-packages/airflow/example_dags/example_branch_python_dop_operator_3.py
[2025-02-04T22:29:21.219+0000] {processor.py:914} INFO - Processing file /home/airflow/.local/lib/python3.12/site-packages/airflow/example_dags/example_branch_python_dop_operator_3.py for tasks to queue
[2025-02-04T22:29:21.220+0000] {logging_mixin.py:190} INFO - [2025-02-04T22:29:21.220+0000] {dagbag.py:588} INFO - Filling up the DagBag from /home/airflow/.local/lib/python3.12/site-packages/airflow/example_dags/example_branch_python_dop_operator_3.py
[2025-02-04T22:29:21.225+0000] {processor.py:925} INFO - DAG(s) 'example_branch_dop_operator_v3' retrieved from /home/airflow/.local/lib/python3.12/site-packages/airflow/example_dags/example_branch_python_dop_operator_3.py
[2025-02-04T22:29:21.235+0000] {logging_mixin.py:190} INFO - [2025-02-04T22:29:21.234+0000] {dag.py:3239} INFO - Sync 1 DAGs
[2025-02-04T22:29:21.244+0000] {logging_mixin.py:190} INFO - [2025-02-04T22:29:21.244+0000] {dag.py:4180} INFO - Setting next_dagrun for example_branch_dop_operator_v3 to 2025-02-04 22:28:00+00:00, run_after=2025-02-04 22:29:00+00:00
[2025-02-04T22:29:21.252+0000] {processor.py:208} INFO - Processing /home/airflow/.local/lib/python3.12/site-packages/airflow/example_dags/example_branch_python_dop_operator_3.py took 0.035 seconds
