[2025-02-04T22:27:48.499+0000] {processor.py:186} INFO - Started process (PID=52) to work on /home/airflow/.local/lib/python3.12/site-packages/airflow/example_dags/example_trigger_controller_dag.py
[2025-02-04T22:27:48.502+0000] {processor.py:914} INFO - Processing file /home/airflow/.local/lib/python3.12/site-packages/airflow/example_dags/example_trigger_controller_dag.py for tasks to queue
[2025-02-04T22:27:48.508+0000] {logging_mixin.py:190} INFO - [2025-02-04T22:27:48.507+0000] {dagbag.py:588} INFO - Filling up the DagBag from /home/airflow/.local/lib/python3.12/site-packages/airflow/example_dags/example_trigger_controller_dag.py
[2025-02-04T22:27:48.517+0000] {processor.py:925} INFO - DAG(s) 'example_trigger_controller_dag' retrieved from /home/airflow/.local/lib/python3.12/site-packages/airflow/example_dags/example_trigger_controller_dag.py
[2025-02-04T22:27:48.632+0000] {logging_mixin.py:190} INFO - [2025-02-04T22:27:48.632+0000] {override.py:1911} INFO - Created Permission View: can edit on DAG:example_trigger_controller_dag
[2025-02-04T22:27:48.636+0000] {logging_mixin.py:190} INFO - [2025-02-04T22:27:48.636+0000] {override.py:1911} INFO - Created Permission View: can delete on DAG:example_trigger_controller_dag
[2025-02-04T22:27:48.641+0000] {logging_mixin.py:190} INFO - [2025-02-04T22:27:48.641+0000] {override.py:1911} INFO - Created Permission View: can read on DAG:example_trigger_controller_dag
[2025-02-04T22:27:48.652+0000] {logging_mixin.py:190} INFO - [2025-02-04T22:27:48.652+0000] {override.py:1911} INFO - Created Permission View: can create on DAG Run:example_trigger_controller_dag
[2025-02-04T22:27:48.657+0000] {logging_mixin.py:190} INFO - [2025-02-04T22:27:48.656+0000] {override.py:1911} INFO - Created Permission View: can delete on DAG Run:example_trigger_controller_dag
[2025-02-04T22:27:48.660+0000] {logging_mixin.py:190} INFO - [2025-02-04T22:27:48.659+0000] {override.py:1911} INFO - Created Permission View: can read on DAG Run:example_trigger_controller_dag
[2025-02-04T22:27:48.662+0000] {logging_mixin.py:190} INFO - [2025-02-04T22:27:48.662+0000] {override.py:1911} INFO - Created Permission View: menu access on DAG Run:example_trigger_controller_dag
[2025-02-04T22:27:48.662+0000] {logging_mixin.py:190} INFO - [2025-02-04T22:27:48.662+0000] {dag.py:3239} INFO - Sync 1 DAGs
[2025-02-04T22:27:48.669+0000] {logging_mixin.py:190} INFO - [2025-02-04T22:27:48.669+0000] {dag.py:3262} INFO - Creating ORM DAG for example_trigger_controller_dag
[2025-02-04T22:27:48.676+0000] {logging_mixin.py:190} INFO - [2025-02-04T22:27:48.676+0000] {dag.py:4180} INFO - Setting next_dagrun for example_trigger_controller_dag to 2021-01-01 00:00:00+00:00, run_after=2021-01-01 00:00:00+00:00
[2025-02-04T22:27:48.687+0000] {processor.py:208} INFO - Processing /home/airflow/.local/lib/python3.12/site-packages/airflow/example_dags/example_trigger_controller_dag.py took 0.191 seconds
[2025-02-04T22:28:18.992+0000] {processor.py:186} INFO - Started process (PID=116) to work on /home/airflow/.local/lib/python3.12/site-packages/airflow/example_dags/example_trigger_controller_dag.py
[2025-02-04T22:28:18.994+0000] {processor.py:914} INFO - Processing file /home/airflow/.local/lib/python3.12/site-packages/airflow/example_dags/example_trigger_controller_dag.py for tasks to queue
[2025-02-04T22:28:18.997+0000] {logging_mixin.py:190} INFO - [2025-02-04T22:28:18.997+0000] {dagbag.py:588} INFO - Filling up the DagBag from /home/airflow/.local/lib/python3.12/site-packages/airflow/example_dags/example_trigger_controller_dag.py
[2025-02-04T22:28:19.004+0000] {processor.py:925} INFO - DAG(s) 'example_trigger_controller_dag' retrieved from /home/airflow/.local/lib/python3.12/site-packages/airflow/example_dags/example_trigger_controller_dag.py
[2025-02-04T22:28:19.018+0000] {logging_mixin.py:190} INFO - [2025-02-04T22:28:19.018+0000] {dag.py:3239} INFO - Sync 1 DAGs
[2025-02-04T22:28:19.030+0000] {logging_mixin.py:190} INFO - [2025-02-04T22:28:19.030+0000] {dag.py:4180} INFO - Setting next_dagrun for example_trigger_controller_dag to 2021-01-01 00:00:00+00:00, run_after=2021-01-01 00:00:00+00:00
[2025-02-04T22:28:19.039+0000] {processor.py:208} INFO - Processing /home/airflow/.local/lib/python3.12/site-packages/airflow/example_dags/example_trigger_controller_dag.py took 0.051 seconds
[2025-02-04T22:28:49.242+0000] {processor.py:186} INFO - Started process (PID=180) to work on /home/airflow/.local/lib/python3.12/site-packages/airflow/example_dags/example_trigger_controller_dag.py
[2025-02-04T22:28:49.243+0000] {processor.py:914} INFO - Processing file /home/airflow/.local/lib/python3.12/site-packages/airflow/example_dags/example_trigger_controller_dag.py for tasks to queue
[2025-02-04T22:28:49.245+0000] {logging_mixin.py:190} INFO - [2025-02-04T22:28:49.245+0000] {dagbag.py:588} INFO - Filling up the DagBag from /home/airflow/.local/lib/python3.12/site-packages/airflow/example_dags/example_trigger_controller_dag.py
[2025-02-04T22:28:49.254+0000] {processor.py:925} INFO - DAG(s) 'example_trigger_controller_dag' retrieved from /home/airflow/.local/lib/python3.12/site-packages/airflow/example_dags/example_trigger_controller_dag.py
[2025-02-04T22:28:49.263+0000] {logging_mixin.py:190} INFO - [2025-02-04T22:28:49.263+0000] {dag.py:3239} INFO - Sync 1 DAGs
[2025-02-04T22:28:49.274+0000] {logging_mixin.py:190} INFO - [2025-02-04T22:28:49.274+0000] {dag.py:4180} INFO - Setting next_dagrun for example_trigger_controller_dag to 2021-01-01 00:00:00+00:00, run_after=2021-01-01 00:00:00+00:00
[2025-02-04T22:28:49.282+0000] {processor.py:208} INFO - Processing /home/airflow/.local/lib/python3.12/site-packages/airflow/example_dags/example_trigger_controller_dag.py took 0.043 seconds
[2025-02-04T22:29:19.522+0000] {processor.py:186} INFO - Started process (PID=252) to work on /home/airflow/.local/lib/python3.12/site-packages/airflow/example_dags/example_trigger_controller_dag.py
[2025-02-04T22:29:19.523+0000] {processor.py:914} INFO - Processing file /home/airflow/.local/lib/python3.12/site-packages/airflow/example_dags/example_trigger_controller_dag.py for tasks to queue
[2025-02-04T22:29:19.525+0000] {logging_mixin.py:190} INFO - [2025-02-04T22:29:19.525+0000] {dagbag.py:588} INFO - Filling up the DagBag from /home/airflow/.local/lib/python3.12/site-packages/airflow/example_dags/example_trigger_controller_dag.py
[2025-02-04T22:29:19.533+0000] {processor.py:925} INFO - DAG(s) 'example_trigger_controller_dag' retrieved from /home/airflow/.local/lib/python3.12/site-packages/airflow/example_dags/example_trigger_controller_dag.py
[2025-02-04T22:29:19.549+0000] {logging_mixin.py:190} INFO - [2025-02-04T22:29:19.548+0000] {dag.py:3239} INFO - Sync 1 DAGs
[2025-02-04T22:29:19.564+0000] {logging_mixin.py:190} INFO - [2025-02-04T22:29:19.564+0000] {dag.py:4180} INFO - Setting next_dagrun for example_trigger_controller_dag to 2021-01-01 00:00:00+00:00, run_after=2021-01-01 00:00:00+00:00
[2025-02-04T22:29:19.576+0000] {processor.py:208} INFO - Processing /home/airflow/.local/lib/python3.12/site-packages/airflow/example_dags/example_trigger_controller_dag.py took 0.060 seconds
