[2025-02-04T22:27:49.857+0000] {processor.py:186} INFO - Started process (PID=67) to work on /home/airflow/.local/lib/python3.12/site-packages/airflow/example_dags/example_branch_operator_decorator.py
[2025-02-04T22:27:49.858+0000] {processor.py:914} INFO - Processing file /home/airflow/.local/lib/python3.12/site-packages/airflow/example_dags/example_branch_operator_decorator.py for tasks to queue
[2025-02-04T22:27:49.859+0000] {logging_mixin.py:190} INFO - [2025-02-04T22:27:49.859+0000] {dagbag.py:588} INFO - Filling up the DagBag from /home/airflow/.local/lib/python3.12/site-packages/airflow/example_dags/example_branch_operator_decorator.py
[2025-02-04T22:27:49.873+0000] {processor.py:925} INFO - DAG(s) 'example_branch_python_operator_decorator' retrieved from /home/airflow/.local/lib/python3.12/site-packages/airflow/example_dags/example_branch_operator_decorator.py
[2025-02-04T22:27:49.928+0000] {logging_mixin.py:190} INFO - [2025-02-04T22:27:49.927+0000] {override.py:1911} INFO - Created Permission View: can edit on DAG:example_branch_python_operator_decorator
[2025-02-04T22:27:49.935+0000] {logging_mixin.py:190} INFO - [2025-02-04T22:27:49.935+0000] {override.py:1911} INFO - Created Permission View: can delete on DAG:example_branch_python_operator_decorator
[2025-02-04T22:27:49.938+0000] {logging_mixin.py:190} INFO - [2025-02-04T22:27:49.938+0000] {override.py:1911} INFO - Created Permission View: can read on DAG:example_branch_python_operator_decorator
[2025-02-04T22:27:49.940+0000] {logging_mixin.py:190} INFO - [2025-02-04T22:27:49.940+0000] {override.py:1911} INFO - Created Permission View: can create on DAG Run:example_branch_python_operator_decorator
[2025-02-04T22:27:49.942+0000] {logging_mixin.py:190} INFO - [2025-02-04T22:27:49.942+0000] {override.py:1911} INFO - Created Permission View: can delete on DAG Run:example_branch_python_operator_decorator
[2025-02-04T22:27:49.945+0000] {logging_mixin.py:190} INFO - [2025-02-04T22:27:49.944+0000] {override.py:1911} INFO - Created Permission View: can read on DAG Run:example_branch_python_operator_decorator
[2025-02-04T22:27:49.946+0000] {logging_mixin.py:190} INFO - [2025-02-04T22:27:49.946+0000] {override.py:1911} INFO - Created Permission View: menu access on DAG Run:example_branch_python_operator_decorator
[2025-02-04T22:27:49.946+0000] {logging_mixin.py:190} INFO - [2025-02-04T22:27:49.946+0000] {dag.py:3239} INFO - Sync 1 DAGs
[2025-02-04T22:27:49.952+0000] {logging_mixin.py:190} INFO - [2025-02-04T22:27:49.952+0000] {dag.py:3262} INFO - Creating ORM DAG for example_branch_python_operator_decorator
[2025-02-04T22:27:49.957+0000] {logging_mixin.py:190} INFO - [2025-02-04T22:27:49.957+0000] {dag.py:4180} INFO - Setting next_dagrun for example_branch_python_operator_decorator to 2025-02-03 00:00:00+00:00, run_after=2025-02-04 00:00:00+00:00
[2025-02-04T22:27:49.967+0000] {processor.py:208} INFO - Processing /home/airflow/.local/lib/python3.12/site-packages/airflow/example_dags/example_branch_operator_decorator.py took 0.114 seconds
[2025-02-04T22:28:20.540+0000] {processor.py:186} INFO - Started process (PID=131) to work on /home/airflow/.local/lib/python3.12/site-packages/airflow/example_dags/example_branch_operator_decorator.py
[2025-02-04T22:28:20.540+0000] {processor.py:914} INFO - Processing file /home/airflow/.local/lib/python3.12/site-packages/airflow/example_dags/example_branch_operator_decorator.py for tasks to queue
[2025-02-04T22:28:20.541+0000] {logging_mixin.py:190} INFO - [2025-02-04T22:28:20.541+0000] {dagbag.py:588} INFO - Filling up the DagBag from /home/airflow/.local/lib/python3.12/site-packages/airflow/example_dags/example_branch_operator_decorator.py
[2025-02-04T22:28:20.550+0000] {processor.py:925} INFO - DAG(s) 'example_branch_python_operator_decorator' retrieved from /home/airflow/.local/lib/python3.12/site-packages/airflow/example_dags/example_branch_operator_decorator.py
[2025-02-04T22:28:20.562+0000] {logging_mixin.py:190} INFO - [2025-02-04T22:28:20.562+0000] {dag.py:3239} INFO - Sync 1 DAGs
[2025-02-04T22:28:20.572+0000] {logging_mixin.py:190} INFO - [2025-02-04T22:28:20.572+0000] {dag.py:4180} INFO - Setting next_dagrun for example_branch_python_operator_decorator to 2025-02-03 00:00:00+00:00, run_after=2025-02-04 00:00:00+00:00
[2025-02-04T22:28:20.583+0000] {processor.py:208} INFO - Processing /home/airflow/.local/lib/python3.12/site-packages/airflow/example_dags/example_branch_operator_decorator.py took 0.046 seconds
[2025-02-04T22:28:50.762+0000] {processor.py:186} INFO - Started process (PID=195) to work on /home/airflow/.local/lib/python3.12/site-packages/airflow/example_dags/example_branch_operator_decorator.py
[2025-02-04T22:28:50.764+0000] {processor.py:914} INFO - Processing file /home/airflow/.local/lib/python3.12/site-packages/airflow/example_dags/example_branch_operator_decorator.py for tasks to queue
[2025-02-04T22:28:50.765+0000] {logging_mixin.py:190} INFO - [2025-02-04T22:28:50.765+0000] {dagbag.py:588} INFO - Filling up the DagBag from /home/airflow/.local/lib/python3.12/site-packages/airflow/example_dags/example_branch_operator_decorator.py
[2025-02-04T22:28:50.774+0000] {processor.py:925} INFO - DAG(s) 'example_branch_python_operator_decorator' retrieved from /home/airflow/.local/lib/python3.12/site-packages/airflow/example_dags/example_branch_operator_decorator.py
[2025-02-04T22:28:50.785+0000] {logging_mixin.py:190} INFO - [2025-02-04T22:28:50.785+0000] {dag.py:3239} INFO - Sync 1 DAGs
[2025-02-04T22:28:50.793+0000] {logging_mixin.py:190} INFO - [2025-02-04T22:28:50.793+0000] {dag.py:4180} INFO - Setting next_dagrun for example_branch_python_operator_decorator to 2025-02-03 00:00:00+00:00, run_after=2025-02-04 00:00:00+00:00
[2025-02-04T22:28:50.800+0000] {processor.py:208} INFO - Processing /home/airflow/.local/lib/python3.12/site-packages/airflow/example_dags/example_branch_operator_decorator.py took 0.040 seconds
[2025-02-04T22:29:21.094+0000] {processor.py:186} INFO - Started process (PID=267) to work on /home/airflow/.local/lib/python3.12/site-packages/airflow/example_dags/example_branch_operator_decorator.py
[2025-02-04T22:29:21.094+0000] {processor.py:914} INFO - Processing file /home/airflow/.local/lib/python3.12/site-packages/airflow/example_dags/example_branch_operator_decorator.py for tasks to queue
[2025-02-04T22:29:21.095+0000] {logging_mixin.py:190} INFO - [2025-02-04T22:29:21.095+0000] {dagbag.py:588} INFO - Filling up the DagBag from /home/airflow/.local/lib/python3.12/site-packages/airflow/example_dags/example_branch_operator_decorator.py
[2025-02-04T22:29:21.104+0000] {processor.py:925} INFO - DAG(s) 'example_branch_python_operator_decorator' retrieved from /home/airflow/.local/lib/python3.12/site-packages/airflow/example_dags/example_branch_operator_decorator.py
[2025-02-04T22:29:21.115+0000] {logging_mixin.py:190} INFO - [2025-02-04T22:29:21.115+0000] {dag.py:3239} INFO - Sync 1 DAGs
[2025-02-04T22:29:21.124+0000] {logging_mixin.py:190} INFO - [2025-02-04T22:29:21.124+0000] {dag.py:4180} INFO - Setting next_dagrun for example_branch_python_operator_decorator to 2025-02-03 00:00:00+00:00, run_after=2025-02-04 00:00:00+00:00
[2025-02-04T22:29:21.131+0000] {processor.py:208} INFO - Processing /home/airflow/.local/lib/python3.12/site-packages/airflow/example_dags/example_branch_operator_decorator.py took 0.040 seconds
