[2025-02-04T22:27:50.386+0000] {processor.py:186} INFO - Started process (PID=76) to work on /home/airflow/.local/lib/python3.12/site-packages/airflow/example_dags/example_skip_dag.py
[2025-02-04T22:27:50.387+0000] {processor.py:914} INFO - Processing file /home/airflow/.local/lib/python3.12/site-packages/airflow/example_dags/example_skip_dag.py for tasks to queue
[2025-02-04T22:27:50.388+0000] {logging_mixin.py:190} INFO - [2025-02-04T22:27:50.388+0000] {dagbag.py:588} INFO - Filling up the DagBag from /home/airflow/.local/lib/python3.12/site-packages/airflow/example_dags/example_skip_dag.py
[2025-02-04T22:27:50.393+0000] {processor.py:925} INFO - DAG(s) 'example_skip_dag' retrieved from /home/airflow/.local/lib/python3.12/site-packages/airflow/example_dags/example_skip_dag.py
[2025-02-04T22:27:50.438+0000] {logging_mixin.py:190} INFO - [2025-02-04T22:27:50.437+0000] {override.py:1911} INFO - Created Permission View: can edit on DAG:example_skip_dag
[2025-02-04T22:27:50.443+0000] {logging_mixin.py:190} INFO - [2025-02-04T22:27:50.443+0000] {override.py:1911} INFO - Created Permission View: can delete on DAG:example_skip_dag
[2025-02-04T22:27:50.450+0000] {logging_mixin.py:190} INFO - [2025-02-04T22:27:50.449+0000] {override.py:1911} INFO - Created Permission View: can read on DAG:example_skip_dag
[2025-02-04T22:27:50.454+0000] {logging_mixin.py:190} INFO - [2025-02-04T22:27:50.453+0000] {override.py:1911} INFO - Created Permission View: can create on DAG Run:example_skip_dag
[2025-02-04T22:27:50.458+0000] {logging_mixin.py:190} INFO - [2025-02-04T22:27:50.458+0000] {override.py:1911} INFO - Created Permission View: can delete on DAG Run:example_skip_dag
[2025-02-04T22:27:50.460+0000] {logging_mixin.py:190} INFO - [2025-02-04T22:27:50.460+0000] {override.py:1911} INFO - Created Permission View: can read on DAG Run:example_skip_dag
[2025-02-04T22:27:50.464+0000] {logging_mixin.py:190} INFO - [2025-02-04T22:27:50.463+0000] {override.py:1911} INFO - Created Permission View: menu access on DAG Run:example_skip_dag
[2025-02-04T22:27:50.464+0000] {logging_mixin.py:190} INFO - [2025-02-04T22:27:50.464+0000] {dag.py:3239} INFO - Sync 1 DAGs
[2025-02-04T22:27:50.468+0000] {logging_mixin.py:190} INFO - [2025-02-04T22:27:50.468+0000] {dag.py:3262} INFO - Creating ORM DAG for example_skip_dag
[2025-02-04T22:27:50.472+0000] {logging_mixin.py:190} INFO - [2025-02-04T22:27:50.472+0000] {dag.py:4180} INFO - Setting next_dagrun for example_skip_dag to 2025-02-03 00:00:00+00:00, run_after=2025-02-04 00:00:00+00:00
[2025-02-04T22:27:50.480+0000] {processor.py:208} INFO - Processing /home/airflow/.local/lib/python3.12/site-packages/airflow/example_dags/example_skip_dag.py took 0.097 seconds
[2025-02-04T22:28:20.751+0000] {processor.py:186} INFO - Started process (PID=140) to work on /home/airflow/.local/lib/python3.12/site-packages/airflow/example_dags/example_skip_dag.py
[2025-02-04T22:28:20.753+0000] {processor.py:914} INFO - Processing file /home/airflow/.local/lib/python3.12/site-packages/airflow/example_dags/example_skip_dag.py for tasks to queue
[2025-02-04T22:28:20.755+0000] {logging_mixin.py:190} INFO - [2025-02-04T22:28:20.754+0000] {dagbag.py:588} INFO - Filling up the DagBag from /home/airflow/.local/lib/python3.12/site-packages/airflow/example_dags/example_skip_dag.py
[2025-02-04T22:28:20.759+0000] {processor.py:925} INFO - DAG(s) 'example_skip_dag' retrieved from /home/airflow/.local/lib/python3.12/site-packages/airflow/example_dags/example_skip_dag.py
[2025-02-04T22:28:20.770+0000] {logging_mixin.py:190} INFO - [2025-02-04T22:28:20.770+0000] {dag.py:3239} INFO - Sync 1 DAGs
[2025-02-04T22:28:20.779+0000] {logging_mixin.py:190} INFO - [2025-02-04T22:28:20.779+0000] {dag.py:4180} INFO - Setting next_dagrun for example_skip_dag to 2025-02-03 00:00:00+00:00, run_after=2025-02-04 00:00:00+00:00
[2025-02-04T22:28:20.785+0000] {processor.py:208} INFO - Processing /home/airflow/.local/lib/python3.12/site-packages/airflow/example_dags/example_skip_dag.py took 0.037 seconds
[2025-02-04T22:28:50.987+0000] {processor.py:186} INFO - Started process (PID=204) to work on /home/airflow/.local/lib/python3.12/site-packages/airflow/example_dags/example_skip_dag.py
[2025-02-04T22:28:50.989+0000] {processor.py:914} INFO - Processing file /home/airflow/.local/lib/python3.12/site-packages/airflow/example_dags/example_skip_dag.py for tasks to queue
[2025-02-04T22:28:50.991+0000] {logging_mixin.py:190} INFO - [2025-02-04T22:28:50.990+0000] {dagbag.py:588} INFO - Filling up the DagBag from /home/airflow/.local/lib/python3.12/site-packages/airflow/example_dags/example_skip_dag.py
[2025-02-04T22:28:50.994+0000] {processor.py:925} INFO - DAG(s) 'example_skip_dag' retrieved from /home/airflow/.local/lib/python3.12/site-packages/airflow/example_dags/example_skip_dag.py
[2025-02-04T22:28:51.003+0000] {logging_mixin.py:190} INFO - [2025-02-04T22:28:51.003+0000] {dag.py:3239} INFO - Sync 1 DAGs
[2025-02-04T22:28:51.011+0000] {logging_mixin.py:190} INFO - [2025-02-04T22:28:51.011+0000] {dag.py:4180} INFO - Setting next_dagrun for example_skip_dag to 2025-02-03 00:00:00+00:00, run_after=2025-02-04 00:00:00+00:00
[2025-02-04T22:28:51.020+0000] {processor.py:208} INFO - Processing /home/airflow/.local/lib/python3.12/site-packages/airflow/example_dags/example_skip_dag.py took 0.036 seconds
[2025-02-04T22:29:21.397+0000] {processor.py:186} INFO - Started process (PID=276) to work on /home/airflow/.local/lib/python3.12/site-packages/airflow/example_dags/example_skip_dag.py
[2025-02-04T22:29:21.398+0000] {processor.py:914} INFO - Processing file /home/airflow/.local/lib/python3.12/site-packages/airflow/example_dags/example_skip_dag.py for tasks to queue
[2025-02-04T22:29:21.399+0000] {logging_mixin.py:190} INFO - [2025-02-04T22:29:21.399+0000] {dagbag.py:588} INFO - Filling up the DagBag from /home/airflow/.local/lib/python3.12/site-packages/airflow/example_dags/example_skip_dag.py
[2025-02-04T22:29:21.403+0000] {processor.py:925} INFO - DAG(s) 'example_skip_dag' retrieved from /home/airflow/.local/lib/python3.12/site-packages/airflow/example_dags/example_skip_dag.py
[2025-02-04T22:29:21.416+0000] {logging_mixin.py:190} INFO - [2025-02-04T22:29:21.416+0000] {dag.py:3239} INFO - Sync 1 DAGs
[2025-02-04T22:29:21.428+0000] {logging_mixin.py:190} INFO - [2025-02-04T22:29:21.428+0000] {dag.py:4180} INFO - Setting next_dagrun for example_skip_dag to 2025-02-03 00:00:00+00:00, run_after=2025-02-04 00:00:00+00:00
[2025-02-04T22:29:21.438+0000] {processor.py:208} INFO - Processing /home/airflow/.local/lib/python3.12/site-packages/airflow/example_dags/example_skip_dag.py took 0.044 seconds
