[2025-02-04T22:27:52.380+0000] {processor.py:186} INFO - Started process (PID=100) to work on /home/airflow/.local/lib/python3.12/site-packages/airflow/example_dags/example_dag_decorator.py
[2025-02-04T22:27:52.381+0000] {processor.py:914} INFO - Processing file /home/airflow/.local/lib/python3.12/site-packages/airflow/example_dags/example_dag_decorator.py for tasks to queue
[2025-02-04T22:27:52.382+0000] {logging_mixin.py:190} INFO - [2025-02-04T22:27:52.382+0000] {dagbag.py:588} INFO - Filling up the DagBag from /home/airflow/.local/lib/python3.12/site-packages/airflow/example_dags/example_dag_decorator.py
[2025-02-04T22:27:52.388+0000] {processor.py:925} INFO - DAG(s) 'example_dag_decorator' retrieved from /home/airflow/.local/lib/python3.12/site-packages/airflow/example_dags/example_dag_decorator.py
[2025-02-04T22:27:52.439+0000] {logging_mixin.py:190} INFO - [2025-02-04T22:27:52.438+0000] {override.py:1911} INFO - Created Permission View: can edit on DAG:example_dag_decorator
[2025-02-04T22:27:52.444+0000] {logging_mixin.py:190} INFO - [2025-02-04T22:27:52.444+0000] {override.py:1911} INFO - Created Permission View: can delete on DAG:example_dag_decorator
[2025-02-04T22:27:52.451+0000] {logging_mixin.py:190} INFO - [2025-02-04T22:27:52.451+0000] {override.py:1911} INFO - Created Permission View: can read on DAG:example_dag_decorator
[2025-02-04T22:27:52.458+0000] {logging_mixin.py:190} INFO - [2025-02-04T22:27:52.458+0000] {override.py:1911} INFO - Created Permission View: can create on DAG Run:example_dag_decorator
[2025-02-04T22:27:52.464+0000] {logging_mixin.py:190} INFO - [2025-02-04T22:27:52.463+0000] {override.py:1911} INFO - Created Permission View: can delete on DAG Run:example_dag_decorator
[2025-02-04T22:27:52.470+0000] {logging_mixin.py:190} INFO - [2025-02-04T22:27:52.470+0000] {override.py:1911} INFO - Created Permission View: can read on DAG Run:example_dag_decorator
[2025-02-04T22:27:52.476+0000] {logging_mixin.py:190} INFO - [2025-02-04T22:27:52.476+0000] {override.py:1911} INFO - Created Permission View: menu access on DAG Run:example_dag_decorator
[2025-02-04T22:27:52.476+0000] {logging_mixin.py:190} INFO - [2025-02-04T22:27:52.476+0000] {dag.py:3239} INFO - Sync 1 DAGs
[2025-02-04T22:27:52.481+0000] {logging_mixin.py:190} INFO - [2025-02-04T22:27:52.481+0000] {dag.py:3262} INFO - Creating ORM DAG for example_dag_decorator
[2025-02-04T22:27:52.482+0000] {logging_mixin.py:190} INFO - [2025-02-04T22:27:52.481+0000] {dag.py:4180} INFO - Setting next_dagrun for example_dag_decorator to None, run_after=None
[2025-02-04T22:27:52.491+0000] {processor.py:208} INFO - Processing /home/airflow/.local/lib/python3.12/site-packages/airflow/example_dags/example_dag_decorator.py took 0.114 seconds
[2025-02-04T22:28:22.777+0000] {processor.py:186} INFO - Started process (PID=164) to work on /home/airflow/.local/lib/python3.12/site-packages/airflow/example_dags/example_dag_decorator.py
[2025-02-04T22:28:22.777+0000] {processor.py:914} INFO - Processing file /home/airflow/.local/lib/python3.12/site-packages/airflow/example_dags/example_dag_decorator.py for tasks to queue
[2025-02-04T22:28:22.780+0000] {logging_mixin.py:190} INFO - [2025-02-04T22:28:22.779+0000] {dagbag.py:588} INFO - Filling up the DagBag from /home/airflow/.local/lib/python3.12/site-packages/airflow/example_dags/example_dag_decorator.py
[2025-02-04T22:28:22.786+0000] {processor.py:925} INFO - DAG(s) 'example_dag_decorator' retrieved from /home/airflow/.local/lib/python3.12/site-packages/airflow/example_dags/example_dag_decorator.py
[2025-02-04T22:28:22.829+0000] {logging_mixin.py:190} INFO - [2025-02-04T22:28:22.829+0000] {dag.py:3239} INFO - Sync 1 DAGs
[2025-02-04T22:28:22.834+0000] {logging_mixin.py:190} INFO - [2025-02-04T22:28:22.834+0000] {dag.py:4180} INFO - Setting next_dagrun for example_dag_decorator to None, run_after=None
[2025-02-04T22:28:22.842+0000] {processor.py:208} INFO - Processing /home/airflow/.local/lib/python3.12/site-packages/airflow/example_dags/example_dag_decorator.py took 0.068 seconds
[2025-02-04T22:28:54.085+0000] {processor.py:186} INFO - Started process (PID=228) to work on /home/airflow/.local/lib/python3.12/site-packages/airflow/example_dags/example_dag_decorator.py
[2025-02-04T22:28:54.085+0000] {processor.py:914} INFO - Processing file /home/airflow/.local/lib/python3.12/site-packages/airflow/example_dags/example_dag_decorator.py for tasks to queue
[2025-02-04T22:28:54.086+0000] {logging_mixin.py:190} INFO - [2025-02-04T22:28:54.086+0000] {dagbag.py:588} INFO - Filling up the DagBag from /home/airflow/.local/lib/python3.12/site-packages/airflow/example_dags/example_dag_decorator.py
[2025-02-04T22:28:54.092+0000] {processor.py:925} INFO - DAG(s) 'example_dag_decorator' retrieved from /home/airflow/.local/lib/python3.12/site-packages/airflow/example_dags/example_dag_decorator.py
[2025-02-04T22:28:54.131+0000] {logging_mixin.py:190} INFO - [2025-02-04T22:28:54.131+0000] {dag.py:3239} INFO - Sync 1 DAGs
[2025-02-04T22:28:54.135+0000] {logging_mixin.py:190} INFO - [2025-02-04T22:28:54.135+0000] {dag.py:4180} INFO - Setting next_dagrun for example_dag_decorator to None, run_after=None
[2025-02-04T22:28:54.141+0000] {processor.py:208} INFO - Processing /home/airflow/.local/lib/python3.12/site-packages/airflow/example_dags/example_dag_decorator.py took 0.059 seconds
[2025-02-04T22:29:24.541+0000] {processor.py:186} INFO - Started process (PID=300) to work on /home/airflow/.local/lib/python3.12/site-packages/airflow/example_dags/example_dag_decorator.py
[2025-02-04T22:29:24.541+0000] {processor.py:914} INFO - Processing file /home/airflow/.local/lib/python3.12/site-packages/airflow/example_dags/example_dag_decorator.py for tasks to queue
[2025-02-04T22:29:24.542+0000] {logging_mixin.py:190} INFO - [2025-02-04T22:29:24.542+0000] {dagbag.py:588} INFO - Filling up the DagBag from /home/airflow/.local/lib/python3.12/site-packages/airflow/example_dags/example_dag_decorator.py
[2025-02-04T22:29:24.548+0000] {processor.py:925} INFO - DAG(s) 'example_dag_decorator' retrieved from /home/airflow/.local/lib/python3.12/site-packages/airflow/example_dags/example_dag_decorator.py
[2025-02-04T22:29:24.588+0000] {logging_mixin.py:190} INFO - [2025-02-04T22:29:24.588+0000] {dag.py:3239} INFO - Sync 1 DAGs
[2025-02-04T22:29:24.593+0000] {logging_mixin.py:190} INFO - [2025-02-04T22:29:24.593+0000] {dag.py:4180} INFO - Setting next_dagrun for example_dag_decorator to None, run_after=None
[2025-02-04T22:29:24.602+0000] {processor.py:208} INFO - Processing /home/airflow/.local/lib/python3.12/site-packages/airflow/example_dags/example_dag_decorator.py took 0.064 seconds
