[2025-02-04T22:27:49.330+0000] {processor.py:186} INFO - Started process (PID=60) to work on /home/airflow/.local/lib/python3.12/site-packages/airflow/example_dags/example_branch_labels.py
[2025-02-04T22:27:49.331+0000] {processor.py:914} INFO - Processing file /home/airflow/.local/lib/python3.12/site-packages/airflow/example_dags/example_branch_labels.py for tasks to queue
[2025-02-04T22:27:49.333+0000] {logging_mixin.py:190} INFO - [2025-02-04T22:27:49.333+0000] {dagbag.py:588} INFO - Filling up the DagBag from /home/airflow/.local/lib/python3.12/site-packages/airflow/example_dags/example_branch_labels.py
[2025-02-04T22:27:49.340+0000] {processor.py:925} INFO - DAG(s) 'example_branch_labels' retrieved from /home/airflow/.local/lib/python3.12/site-packages/airflow/example_dags/example_branch_labels.py
[2025-02-04T22:27:49.389+0000] {logging_mixin.py:190} INFO - [2025-02-04T22:27:49.389+0000] {override.py:1911} INFO - Created Permission View: can edit on DAG:example_branch_labels
[2025-02-04T22:27:49.398+0000] {logging_mixin.py:190} INFO - [2025-02-04T22:27:49.398+0000] {override.py:1911} INFO - Created Permission View: can delete on DAG:example_branch_labels
[2025-02-04T22:27:49.403+0000] {logging_mixin.py:190} INFO - [2025-02-04T22:27:49.403+0000] {override.py:1911} INFO - Created Permission View: can read on DAG:example_branch_labels
[2025-02-04T22:27:49.406+0000] {logging_mixin.py:190} INFO - [2025-02-04T22:27:49.406+0000] {override.py:1911} INFO - Created Permission View: can create on DAG Run:example_branch_labels
[2025-02-04T22:27:49.413+0000] {logging_mixin.py:190} INFO - [2025-02-04T22:27:49.413+0000] {override.py:1911} INFO - Created Permission View: can delete on DAG Run:example_branch_labels
[2025-02-04T22:27:49.416+0000] {logging_mixin.py:190} INFO - [2025-02-04T22:27:49.416+0000] {override.py:1911} INFO - Created Permission View: can read on DAG Run:example_branch_labels
[2025-02-04T22:27:49.418+0000] {logging_mixin.py:190} INFO - [2025-02-04T22:27:49.418+0000] {override.py:1911} INFO - Created Permission View: menu access on DAG Run:example_branch_labels
[2025-02-04T22:27:49.419+0000] {logging_mixin.py:190} INFO - [2025-02-04T22:27:49.419+0000] {dag.py:3239} INFO - Sync 1 DAGs
[2025-02-04T22:27:49.426+0000] {logging_mixin.py:190} INFO - [2025-02-04T22:27:49.426+0000] {dag.py:3262} INFO - Creating ORM DAG for example_branch_labels
[2025-02-04T22:27:49.431+0000] {logging_mixin.py:190} INFO - [2025-02-04T22:27:49.431+0000] {dag.py:4180} INFO - Setting next_dagrun for example_branch_labels to 2025-02-03 00:00:00+00:00, run_after=2025-02-04 00:00:00+00:00
[2025-02-04T22:27:49.438+0000] {processor.py:208} INFO - Processing /home/airflow/.local/lib/python3.12/site-packages/airflow/example_dags/example_branch_labels.py took 0.111 seconds
[2025-02-04T22:28:20.295+0000] {processor.py:186} INFO - Started process (PID=124) to work on /home/airflow/.local/lib/python3.12/site-packages/airflow/example_dags/example_branch_labels.py
[2025-02-04T22:28:20.296+0000] {processor.py:914} INFO - Processing file /home/airflow/.local/lib/python3.12/site-packages/airflow/example_dags/example_branch_labels.py for tasks to queue
[2025-02-04T22:28:20.297+0000] {logging_mixin.py:190} INFO - [2025-02-04T22:28:20.297+0000] {dagbag.py:588} INFO - Filling up the DagBag from /home/airflow/.local/lib/python3.12/site-packages/airflow/example_dags/example_branch_labels.py
[2025-02-04T22:28:20.302+0000] {processor.py:925} INFO - DAG(s) 'example_branch_labels' retrieved from /home/airflow/.local/lib/python3.12/site-packages/airflow/example_dags/example_branch_labels.py
[2025-02-04T22:28:20.312+0000] {logging_mixin.py:190} INFO - [2025-02-04T22:28:20.312+0000] {dag.py:3239} INFO - Sync 1 DAGs
[2025-02-04T22:28:20.321+0000] {logging_mixin.py:190} INFO - [2025-02-04T22:28:20.321+0000] {dag.py:4180} INFO - Setting next_dagrun for example_branch_labels to 2025-02-03 00:00:00+00:00, run_after=2025-02-04 00:00:00+00:00
[2025-02-04T22:28:20.327+0000] {processor.py:208} INFO - Processing /home/airflow/.local/lib/python3.12/site-packages/airflow/example_dags/example_branch_labels.py took 0.034 seconds
[2025-02-04T22:28:50.473+0000] {processor.py:186} INFO - Started process (PID=187) to work on /home/airflow/.local/lib/python3.12/site-packages/airflow/example_dags/example_branch_labels.py
[2025-02-04T22:28:50.474+0000] {processor.py:914} INFO - Processing file /home/airflow/.local/lib/python3.12/site-packages/airflow/example_dags/example_branch_labels.py for tasks to queue
[2025-02-04T22:28:50.475+0000] {logging_mixin.py:190} INFO - [2025-02-04T22:28:50.475+0000] {dagbag.py:588} INFO - Filling up the DagBag from /home/airflow/.local/lib/python3.12/site-packages/airflow/example_dags/example_branch_labels.py
[2025-02-04T22:28:50.481+0000] {processor.py:925} INFO - DAG(s) 'example_branch_labels' retrieved from /home/airflow/.local/lib/python3.12/site-packages/airflow/example_dags/example_branch_labels.py
[2025-02-04T22:28:50.494+0000] {logging_mixin.py:190} INFO - [2025-02-04T22:28:50.494+0000] {dag.py:3239} INFO - Sync 1 DAGs
[2025-02-04T22:28:50.507+0000] {logging_mixin.py:190} INFO - [2025-02-04T22:28:50.507+0000] {dag.py:4180} INFO - Setting next_dagrun for example_branch_labels to 2025-02-03 00:00:00+00:00, run_after=2025-02-04 00:00:00+00:00
[2025-02-04T22:28:50.515+0000] {processor.py:208} INFO - Processing /home/airflow/.local/lib/python3.12/site-packages/airflow/example_dags/example_branch_labels.py took 0.046 seconds
[2025-02-04T22:29:20.813+0000] {processor.py:186} INFO - Started process (PID=259) to work on /home/airflow/.local/lib/python3.12/site-packages/airflow/example_dags/example_branch_labels.py
[2025-02-04T22:29:20.816+0000] {processor.py:914} INFO - Processing file /home/airflow/.local/lib/python3.12/site-packages/airflow/example_dags/example_branch_labels.py for tasks to queue
[2025-02-04T22:29:20.819+0000] {logging_mixin.py:190} INFO - [2025-02-04T22:29:20.818+0000] {dagbag.py:588} INFO - Filling up the DagBag from /home/airflow/.local/lib/python3.12/site-packages/airflow/example_dags/example_branch_labels.py
[2025-02-04T22:29:20.826+0000] {processor.py:925} INFO - DAG(s) 'example_branch_labels' retrieved from /home/airflow/.local/lib/python3.12/site-packages/airflow/example_dags/example_branch_labels.py
[2025-02-04T22:29:20.841+0000] {logging_mixin.py:190} INFO - [2025-02-04T22:29:20.841+0000] {dag.py:3239} INFO - Sync 1 DAGs
[2025-02-04T22:29:20.854+0000] {logging_mixin.py:190} INFO - [2025-02-04T22:29:20.854+0000] {dag.py:4180} INFO - Setting next_dagrun for example_branch_labels to 2025-02-03 00:00:00+00:00, run_after=2025-02-04 00:00:00+00:00
[2025-02-04T22:29:20.865+0000] {processor.py:208} INFO - Processing /home/airflow/.local/lib/python3.12/site-packages/airflow/example_dags/example_branch_labels.py took 0.056 seconds
