[2025-02-04T22:27:52.546+0000] {processor.py:186} INFO - Started process (PID=103) to work on /home/airflow/.local/lib/python3.12/site-packages/airflow/example_dags/example_time_delta_sensor_async.py
[2025-02-04T22:27:52.547+0000] {processor.py:914} INFO - Processing file /home/airflow/.local/lib/python3.12/site-packages/airflow/example_dags/example_time_delta_sensor_async.py for tasks to queue
[2025-02-04T22:27:52.548+0000] {logging_mixin.py:190} INFO - [2025-02-04T22:27:52.548+0000] {dagbag.py:588} INFO - Filling up the DagBag from /home/airflow/.local/lib/python3.12/site-packages/airflow/example_dags/example_time_delta_sensor_async.py
[2025-02-04T22:27:52.552+0000] {processor.py:925} INFO - DAG(s) 'example_time_delta_sensor_async' retrieved from /home/airflow/.local/lib/python3.12/site-packages/airflow/example_dags/example_time_delta_sensor_async.py
[2025-02-04T22:27:52.596+0000] {logging_mixin.py:190} INFO - [2025-02-04T22:27:52.596+0000] {override.py:1911} INFO - Created Permission View: can edit on DAG:example_time_delta_sensor_async
[2025-02-04T22:27:52.602+0000] {logging_mixin.py:190} INFO - [2025-02-04T22:27:52.602+0000] {override.py:1911} INFO - Created Permission View: can delete on DAG:example_time_delta_sensor_async
[2025-02-04T22:27:52.606+0000] {logging_mixin.py:190} INFO - [2025-02-04T22:27:52.606+0000] {override.py:1911} INFO - Created Permission View: can read on DAG:example_time_delta_sensor_async
[2025-02-04T22:27:52.609+0000] {logging_mixin.py:190} INFO - [2025-02-04T22:27:52.608+0000] {override.py:1911} INFO - Created Permission View: can create on DAG Run:example_time_delta_sensor_async
[2025-02-04T22:27:52.612+0000] {logging_mixin.py:190} INFO - [2025-02-04T22:27:52.612+0000] {override.py:1911} INFO - Created Permission View: can delete on DAG Run:example_time_delta_sensor_async
[2025-02-04T22:27:52.617+0000] {logging_mixin.py:190} INFO - [2025-02-04T22:27:52.616+0000] {override.py:1911} INFO - Created Permission View: can read on DAG Run:example_time_delta_sensor_async
[2025-02-04T22:27:52.618+0000] {logging_mixin.py:190} INFO - [2025-02-04T22:27:52.618+0000] {override.py:1911} INFO - Created Permission View: menu access on DAG Run:example_time_delta_sensor_async
[2025-02-04T22:27:52.619+0000] {logging_mixin.py:190} INFO - [2025-02-04T22:27:52.619+0000] {dag.py:3239} INFO - Sync 1 DAGs
[2025-02-04T22:27:52.623+0000] {logging_mixin.py:190} INFO - [2025-02-04T22:27:52.623+0000] {dag.py:3262} INFO - Creating ORM DAG for example_time_delta_sensor_async
[2025-02-04T22:27:52.623+0000] {logging_mixin.py:190} INFO - [2025-02-04T22:27:52.623+0000] {dag.py:4180} INFO - Setting next_dagrun for example_time_delta_sensor_async to None, run_after=None
[2025-02-04T22:27:52.629+0000] {processor.py:208} INFO - Processing /home/airflow/.local/lib/python3.12/site-packages/airflow/example_dags/example_time_delta_sensor_async.py took 0.086 seconds
[2025-02-04T22:28:22.857+0000] {processor.py:186} INFO - Started process (PID=167) to work on /home/airflow/.local/lib/python3.12/site-packages/airflow/example_dags/example_time_delta_sensor_async.py
[2025-02-04T22:28:22.858+0000] {processor.py:914} INFO - Processing file /home/airflow/.local/lib/python3.12/site-packages/airflow/example_dags/example_time_delta_sensor_async.py for tasks to queue
[2025-02-04T22:28:22.860+0000] {logging_mixin.py:190} INFO - [2025-02-04T22:28:22.860+0000] {dagbag.py:588} INFO - Filling up the DagBag from /home/airflow/.local/lib/python3.12/site-packages/airflow/example_dags/example_time_delta_sensor_async.py
[2025-02-04T22:28:22.863+0000] {processor.py:925} INFO - DAG(s) 'example_time_delta_sensor_async' retrieved from /home/airflow/.local/lib/python3.12/site-packages/airflow/example_dags/example_time_delta_sensor_async.py
[2025-02-04T22:28:22.875+0000] {logging_mixin.py:190} INFO - [2025-02-04T22:28:22.875+0000] {dag.py:3239} INFO - Sync 1 DAGs
[2025-02-04T22:28:22.881+0000] {logging_mixin.py:190} INFO - [2025-02-04T22:28:22.881+0000] {dag.py:4180} INFO - Setting next_dagrun for example_time_delta_sensor_async to None, run_after=None
[2025-02-04T22:28:22.890+0000] {processor.py:208} INFO - Processing /home/airflow/.local/lib/python3.12/site-packages/airflow/example_dags/example_time_delta_sensor_async.py took 0.035 seconds
[2025-02-04T22:28:54.195+0000] {processor.py:186} INFO - Started process (PID=231) to work on /home/airflow/.local/lib/python3.12/site-packages/airflow/example_dags/example_time_delta_sensor_async.py
[2025-02-04T22:28:54.195+0000] {processor.py:914} INFO - Processing file /home/airflow/.local/lib/python3.12/site-packages/airflow/example_dags/example_time_delta_sensor_async.py for tasks to queue
[2025-02-04T22:28:54.196+0000] {logging_mixin.py:190} INFO - [2025-02-04T22:28:54.196+0000] {dagbag.py:588} INFO - Filling up the DagBag from /home/airflow/.local/lib/python3.12/site-packages/airflow/example_dags/example_time_delta_sensor_async.py
[2025-02-04T22:28:54.199+0000] {processor.py:925} INFO - DAG(s) 'example_time_delta_sensor_async' retrieved from /home/airflow/.local/lib/python3.12/site-packages/airflow/example_dags/example_time_delta_sensor_async.py
[2025-02-04T22:28:54.207+0000] {logging_mixin.py:190} INFO - [2025-02-04T22:28:54.207+0000] {dag.py:3239} INFO - Sync 1 DAGs
[2025-02-04T22:28:54.212+0000] {logging_mixin.py:190} INFO - [2025-02-04T22:28:54.212+0000] {dag.py:4180} INFO - Setting next_dagrun for example_time_delta_sensor_async to None, run_after=None
[2025-02-04T22:28:54.220+0000] {processor.py:208} INFO - Processing /home/airflow/.local/lib/python3.12/site-packages/airflow/example_dags/example_time_delta_sensor_async.py took 0.027 seconds
[2025-02-04T22:29:24.617+0000] {processor.py:186} INFO - Started process (PID=303) to work on /home/airflow/.local/lib/python3.12/site-packages/airflow/example_dags/example_time_delta_sensor_async.py
[2025-02-04T22:29:24.620+0000] {processor.py:914} INFO - Processing file /home/airflow/.local/lib/python3.12/site-packages/airflow/example_dags/example_time_delta_sensor_async.py for tasks to queue
[2025-02-04T22:29:24.621+0000] {logging_mixin.py:190} INFO - [2025-02-04T22:29:24.621+0000] {dagbag.py:588} INFO - Filling up the DagBag from /home/airflow/.local/lib/python3.12/site-packages/airflow/example_dags/example_time_delta_sensor_async.py
[2025-02-04T22:29:24.625+0000] {processor.py:925} INFO - DAG(s) 'example_time_delta_sensor_async' retrieved from /home/airflow/.local/lib/python3.12/site-packages/airflow/example_dags/example_time_delta_sensor_async.py
[2025-02-04T22:29:24.635+0000] {logging_mixin.py:190} INFO - [2025-02-04T22:29:24.635+0000] {dag.py:3239} INFO - Sync 1 DAGs
[2025-02-04T22:29:24.641+0000] {logging_mixin.py:190} INFO - [2025-02-04T22:29:24.641+0000] {dag.py:4180} INFO - Setting next_dagrun for example_time_delta_sensor_async to None, run_after=None
[2025-02-04T22:29:24.647+0000] {processor.py:208} INFO - Processing /home/airflow/.local/lib/python3.12/site-packages/airflow/example_dags/example_time_delta_sensor_async.py took 0.033 seconds
