[2025-02-04T22:27:50.090+0000] {processor.py:186} INFO - Started process (PID=71) to work on /home/airflow/.local/lib/python3.12/site-packages/airflow/example_dags/example_short_circuit_operator.py
[2025-02-04T22:27:50.091+0000] {processor.py:914} INFO - Processing file /home/airflow/.local/lib/python3.12/site-packages/airflow/example_dags/example_short_circuit_operator.py for tasks to queue
[2025-02-04T22:27:50.093+0000] {logging_mixin.py:190} INFO - [2025-02-04T22:27:50.093+0000] {dagbag.py:588} INFO - Filling up the DagBag from /home/airflow/.local/lib/python3.12/site-packages/airflow/example_dags/example_short_circuit_operator.py
[2025-02-04T22:27:50.099+0000] {processor.py:925} INFO - DAG(s) 'example_short_circuit_operator' retrieved from /home/airflow/.local/lib/python3.12/site-packages/airflow/example_dags/example_short_circuit_operator.py
[2025-02-04T22:27:50.152+0000] {logging_mixin.py:190} INFO - [2025-02-04T22:27:50.151+0000] {override.py:1911} INFO - Created Permission View: can edit on DAG:example_short_circuit_operator
[2025-02-04T22:27:50.160+0000] {logging_mixin.py:190} INFO - [2025-02-04T22:27:50.160+0000] {override.py:1911} INFO - Created Permission View: can delete on DAG:example_short_circuit_operator
[2025-02-04T22:27:50.166+0000] {logging_mixin.py:190} INFO - [2025-02-04T22:27:50.166+0000] {override.py:1911} INFO - Created Permission View: can read on DAG:example_short_circuit_operator
[2025-02-04T22:27:50.175+0000] {logging_mixin.py:190} INFO - [2025-02-04T22:27:50.174+0000] {override.py:1911} INFO - Created Permission View: can create on DAG Run:example_short_circuit_operator
[2025-02-04T22:27:50.177+0000] {logging_mixin.py:190} INFO - [2025-02-04T22:27:50.177+0000] {override.py:1911} INFO - Created Permission View: can delete on DAG Run:example_short_circuit_operator
[2025-02-04T22:27:50.179+0000] {logging_mixin.py:190} INFO - [2025-02-04T22:27:50.179+0000] {override.py:1911} INFO - Created Permission View: can read on DAG Run:example_short_circuit_operator
[2025-02-04T22:27:50.181+0000] {logging_mixin.py:190} INFO - [2025-02-04T22:27:50.181+0000] {override.py:1911} INFO - Created Permission View: menu access on DAG Run:example_short_circuit_operator
[2025-02-04T22:27:50.182+0000] {logging_mixin.py:190} INFO - [2025-02-04T22:27:50.182+0000] {dag.py:3239} INFO - Sync 1 DAGs
[2025-02-04T22:27:50.188+0000] {logging_mixin.py:190} INFO - [2025-02-04T22:27:50.187+0000] {dag.py:3262} INFO - Creating ORM DAG for example_short_circuit_operator
[2025-02-04T22:27:50.188+0000] {logging_mixin.py:190} INFO - [2025-02-04T22:27:50.188+0000] {dag.py:4180} INFO - Setting next_dagrun for example_short_circuit_operator to None, run_after=None
[2025-02-04T22:27:50.195+0000] {processor.py:208} INFO - Processing /home/airflow/.local/lib/python3.12/site-packages/airflow/example_dags/example_short_circuit_operator.py took 0.108 seconds
[2025-02-04T22:28:20.646+0000] {processor.py:186} INFO - Started process (PID=135) to work on /home/airflow/.local/lib/python3.12/site-packages/airflow/example_dags/example_short_circuit_operator.py
[2025-02-04T22:28:20.647+0000] {processor.py:914} INFO - Processing file /home/airflow/.local/lib/python3.12/site-packages/airflow/example_dags/example_short_circuit_operator.py for tasks to queue
[2025-02-04T22:28:20.648+0000] {logging_mixin.py:190} INFO - [2025-02-04T22:28:20.648+0000] {dagbag.py:588} INFO - Filling up the DagBag from /home/airflow/.local/lib/python3.12/site-packages/airflow/example_dags/example_short_circuit_operator.py
[2025-02-04T22:28:20.652+0000] {processor.py:925} INFO - DAG(s) 'example_short_circuit_operator' retrieved from /home/airflow/.local/lib/python3.12/site-packages/airflow/example_dags/example_short_circuit_operator.py
[2025-02-04T22:28:20.661+0000] {logging_mixin.py:190} INFO - [2025-02-04T22:28:20.661+0000] {dag.py:3239} INFO - Sync 1 DAGs
[2025-02-04T22:28:20.667+0000] {logging_mixin.py:190} INFO - [2025-02-04T22:28:20.667+0000] {dag.py:4180} INFO - Setting next_dagrun for example_short_circuit_operator to None, run_after=None
[2025-02-04T22:28:20.675+0000] {processor.py:208} INFO - Processing /home/airflow/.local/lib/python3.12/site-packages/airflow/example_dags/example_short_circuit_operator.py took 0.031 seconds
[2025-02-04T22:28:50.858+0000] {processor.py:186} INFO - Started process (PID=199) to work on /home/airflow/.local/lib/python3.12/site-packages/airflow/example_dags/example_short_circuit_operator.py
[2025-02-04T22:28:50.861+0000] {processor.py:914} INFO - Processing file /home/airflow/.local/lib/python3.12/site-packages/airflow/example_dags/example_short_circuit_operator.py for tasks to queue
[2025-02-04T22:28:50.863+0000] {logging_mixin.py:190} INFO - [2025-02-04T22:28:50.863+0000] {dagbag.py:588} INFO - Filling up the DagBag from /home/airflow/.local/lib/python3.12/site-packages/airflow/example_dags/example_short_circuit_operator.py
[2025-02-04T22:28:50.868+0000] {processor.py:925} INFO - DAG(s) 'example_short_circuit_operator' retrieved from /home/airflow/.local/lib/python3.12/site-packages/airflow/example_dags/example_short_circuit_operator.py
[2025-02-04T22:28:50.878+0000] {logging_mixin.py:190} INFO - [2025-02-04T22:28:50.878+0000] {dag.py:3239} INFO - Sync 1 DAGs
[2025-02-04T22:28:50.884+0000] {logging_mixin.py:190} INFO - [2025-02-04T22:28:50.884+0000] {dag.py:4180} INFO - Setting next_dagrun for example_short_circuit_operator to None, run_after=None
[2025-02-04T22:28:50.891+0000] {processor.py:208} INFO - Processing /home/airflow/.local/lib/python3.12/site-packages/airflow/example_dags/example_short_circuit_operator.py took 0.035 seconds
[2025-02-04T22:29:21.227+0000] {processor.py:186} INFO - Started process (PID=271) to work on /home/airflow/.local/lib/python3.12/site-packages/airflow/example_dags/example_short_circuit_operator.py
[2025-02-04T22:29:21.228+0000] {processor.py:914} INFO - Processing file /home/airflow/.local/lib/python3.12/site-packages/airflow/example_dags/example_short_circuit_operator.py for tasks to queue
[2025-02-04T22:29:21.229+0000] {logging_mixin.py:190} INFO - [2025-02-04T22:29:21.229+0000] {dagbag.py:588} INFO - Filling up the DagBag from /home/airflow/.local/lib/python3.12/site-packages/airflow/example_dags/example_short_circuit_operator.py
[2025-02-04T22:29:21.233+0000] {processor.py:925} INFO - DAG(s) 'example_short_circuit_operator' retrieved from /home/airflow/.local/lib/python3.12/site-packages/airflow/example_dags/example_short_circuit_operator.py
[2025-02-04T22:29:21.245+0000] {logging_mixin.py:190} INFO - [2025-02-04T22:29:21.245+0000] {dag.py:3239} INFO - Sync 1 DAGs
[2025-02-04T22:29:21.251+0000] {logging_mixin.py:190} INFO - [2025-02-04T22:29:21.251+0000] {dag.py:4180} INFO - Setting next_dagrun for example_short_circuit_operator to None, run_after=None
[2025-02-04T22:29:21.258+0000] {processor.py:208} INFO - Processing /home/airflow/.local/lib/python3.12/site-packages/airflow/example_dags/example_short_circuit_operator.py took 0.033 seconds
