[2025-02-04T22:27:51.400+0000] {processor.py:186} INFO - Started process (PID=90) to work on /home/airflow/.local/lib/python3.12/site-packages/airflow/example_dags/example_dataset_alias.py
[2025-02-04T22:27:51.400+0000] {processor.py:914} INFO - Processing file /home/airflow/.local/lib/python3.12/site-packages/airflow/example_dags/example_dataset_alias.py for tasks to queue
[2025-02-04T22:27:51.401+0000] {logging_mixin.py:190} INFO - [2025-02-04T22:27:51.401+0000] {dagbag.py:588} INFO - Filling up the DagBag from /home/airflow/.local/lib/python3.12/site-packages/airflow/example_dags/example_dataset_alias.py
[2025-02-04T22:27:51.639+0000] {processor.py:925} INFO - DAG(s) 'dataset_s3_bucket_consumer', 'dataset_alias_example_alias_producer', 'dataset_s3_bucket_producer', 'dataset_alias_example_alias_consumer' retrieved from /home/airflow/.local/lib/python3.12/site-packages/airflow/example_dags/example_dataset_alias.py
[2025-02-04T22:27:51.673+0000] {logging_mixin.py:190} INFO - [2025-02-04T22:27:51.673+0000] {override.py:1911} INFO - Created Permission View: can edit on DAG:dataset_s3_bucket_consumer
[2025-02-04T22:27:51.678+0000] {logging_mixin.py:190} INFO - [2025-02-04T22:27:51.678+0000] {override.py:1911} INFO - Created Permission View: can delete on DAG:dataset_s3_bucket_consumer
[2025-02-04T22:27:51.682+0000] {logging_mixin.py:190} INFO - [2025-02-04T22:27:51.682+0000] {override.py:1911} INFO - Created Permission View: can read on DAG:dataset_s3_bucket_consumer
[2025-02-04T22:27:51.687+0000] {logging_mixin.py:190} INFO - [2025-02-04T22:27:51.687+0000] {override.py:1911} INFO - Created Permission View: can create on DAG Run:dataset_s3_bucket_consumer
[2025-02-04T22:27:51.691+0000] {logging_mixin.py:190} INFO - [2025-02-04T22:27:51.691+0000] {override.py:1911} INFO - Created Permission View: can delete on DAG Run:dataset_s3_bucket_consumer
[2025-02-04T22:27:51.694+0000] {logging_mixin.py:190} INFO - [2025-02-04T22:27:51.694+0000] {override.py:1911} INFO - Created Permission View: can read on DAG Run:dataset_s3_bucket_consumer
[2025-02-04T22:27:51.697+0000] {logging_mixin.py:190} INFO - [2025-02-04T22:27:51.697+0000] {override.py:1911} INFO - Created Permission View: menu access on DAG Run:dataset_s3_bucket_consumer
[2025-02-04T22:27:51.708+0000] {logging_mixin.py:190} INFO - [2025-02-04T22:27:51.708+0000] {override.py:1911} INFO - Created Permission View: can edit on DAG:dataset_alias_example_alias_producer
[2025-02-04T22:27:51.713+0000] {logging_mixin.py:190} INFO - [2025-02-04T22:27:51.713+0000] {override.py:1911} INFO - Created Permission View: can delete on DAG:dataset_alias_example_alias_producer
[2025-02-04T22:27:51.719+0000] {logging_mixin.py:190} INFO - [2025-02-04T22:27:51.718+0000] {override.py:1911} INFO - Created Permission View: can read on DAG:dataset_alias_example_alias_producer
[2025-02-04T22:27:51.723+0000] {logging_mixin.py:190} INFO - [2025-02-04T22:27:51.723+0000] {override.py:1911} INFO - Created Permission View: can create on DAG Run:dataset_alias_example_alias_producer
[2025-02-04T22:27:51.727+0000] {logging_mixin.py:190} INFO - [2025-02-04T22:27:51.727+0000] {override.py:1911} INFO - Created Permission View: can delete on DAG Run:dataset_alias_example_alias_producer
[2025-02-04T22:27:51.731+0000] {logging_mixin.py:190} INFO - [2025-02-04T22:27:51.731+0000] {override.py:1911} INFO - Created Permission View: can read on DAG Run:dataset_alias_example_alias_producer
[2025-02-04T22:27:51.734+0000] {logging_mixin.py:190} INFO - [2025-02-04T22:27:51.734+0000] {override.py:1911} INFO - Created Permission View: menu access on DAG Run:dataset_alias_example_alias_producer
[2025-02-04T22:27:51.743+0000] {logging_mixin.py:190} INFO - [2025-02-04T22:27:51.742+0000] {override.py:1911} INFO - Created Permission View: can edit on DAG:dataset_s3_bucket_producer
[2025-02-04T22:27:51.746+0000] {logging_mixin.py:190} INFO - [2025-02-04T22:27:51.746+0000] {override.py:1911} INFO - Created Permission View: can delete on DAG:dataset_s3_bucket_producer
[2025-02-04T22:27:51.750+0000] {logging_mixin.py:190} INFO - [2025-02-04T22:27:51.750+0000] {override.py:1911} INFO - Created Permission View: can read on DAG:dataset_s3_bucket_producer
[2025-02-04T22:27:51.754+0000] {logging_mixin.py:190} INFO - [2025-02-04T22:27:51.754+0000] {override.py:1911} INFO - Created Permission View: can create on DAG Run:dataset_s3_bucket_producer
[2025-02-04T22:27:51.762+0000] {logging_mixin.py:190} INFO - [2025-02-04T22:27:51.762+0000] {override.py:1911} INFO - Created Permission View: can delete on DAG Run:dataset_s3_bucket_producer
[2025-02-04T22:27:51.764+0000] {logging_mixin.py:190} INFO - [2025-02-04T22:27:51.764+0000] {override.py:1911} INFO - Created Permission View: can read on DAG Run:dataset_s3_bucket_producer
[2025-02-04T22:27:51.767+0000] {logging_mixin.py:190} INFO - [2025-02-04T22:27:51.767+0000] {override.py:1911} INFO - Created Permission View: menu access on DAG Run:dataset_s3_bucket_producer
[2025-02-04T22:27:51.773+0000] {logging_mixin.py:190} INFO - [2025-02-04T22:27:51.773+0000] {override.py:1911} INFO - Created Permission View: can edit on DAG:dataset_alias_example_alias_consumer
[2025-02-04T22:27:51.776+0000] {logging_mixin.py:190} INFO - [2025-02-04T22:27:51.776+0000] {override.py:1911} INFO - Created Permission View: can delete on DAG:dataset_alias_example_alias_consumer
[2025-02-04T22:27:51.780+0000] {logging_mixin.py:190} INFO - [2025-02-04T22:27:51.780+0000] {override.py:1911} INFO - Created Permission View: can read on DAG:dataset_alias_example_alias_consumer
[2025-02-04T22:27:51.782+0000] {logging_mixin.py:190} INFO - [2025-02-04T22:27:51.782+0000] {override.py:1911} INFO - Created Permission View: can create on DAG Run:dataset_alias_example_alias_consumer
[2025-02-04T22:27:51.785+0000] {logging_mixin.py:190} INFO - [2025-02-04T22:27:51.785+0000] {override.py:1911} INFO - Created Permission View: can delete on DAG Run:dataset_alias_example_alias_consumer
[2025-02-04T22:27:51.788+0000] {logging_mixin.py:190} INFO - [2025-02-04T22:27:51.788+0000] {override.py:1911} INFO - Created Permission View: can read on DAG Run:dataset_alias_example_alias_consumer
[2025-02-04T22:27:51.790+0000] {logging_mixin.py:190} INFO - [2025-02-04T22:27:51.790+0000] {override.py:1911} INFO - Created Permission View: menu access on DAG Run:dataset_alias_example_alias_consumer
[2025-02-04T22:27:51.791+0000] {logging_mixin.py:190} INFO - [2025-02-04T22:27:51.791+0000] {dag.py:3239} INFO - Sync 4 DAGs
[2025-02-04T22:27:51.797+0000] {logging_mixin.py:190} INFO - [2025-02-04T22:27:51.797+0000] {dag.py:3262} INFO - Creating ORM DAG for dataset_alias_example_alias_consumer
[2025-02-04T22:27:51.797+0000] {logging_mixin.py:190} INFO - [2025-02-04T22:27:51.797+0000] {dag.py:3262} INFO - Creating ORM DAG for dataset_s3_bucket_consumer
[2025-02-04T22:27:51.798+0000] {logging_mixin.py:190} INFO - [2025-02-04T22:27:51.798+0000] {dag.py:3262} INFO - Creating ORM DAG for dataset_s3_bucket_producer
[2025-02-04T22:27:51.798+0000] {logging_mixin.py:190} INFO - [2025-02-04T22:27:51.798+0000] {dag.py:3262} INFO - Creating ORM DAG for dataset_alias_example_alias_producer
[2025-02-04T22:27:51.802+0000] {logging_mixin.py:190} INFO - [2025-02-04T22:27:51.802+0000] {dag.py:4180} INFO - Setting next_dagrun for dataset_alias_example_alias_consumer to None, run_after=None
[2025-02-04T22:27:51.803+0000] {logging_mixin.py:190} INFO - [2025-02-04T22:27:51.803+0000] {dag.py:4180} INFO - Setting next_dagrun for dataset_alias_example_alias_producer to None, run_after=None
[2025-02-04T22:27:51.803+0000] {logging_mixin.py:190} INFO - [2025-02-04T22:27:51.803+0000] {dag.py:4180} INFO - Setting next_dagrun for dataset_s3_bucket_consumer to None, run_after=None
[2025-02-04T22:27:51.803+0000] {logging_mixin.py:190} INFO - [2025-02-04T22:27:51.803+0000] {dag.py:4180} INFO - Setting next_dagrun for dataset_s3_bucket_producer to None, run_after=None
[2025-02-04T22:27:51.816+0000] {processor.py:208} INFO - Processing /home/airflow/.local/lib/python3.12/site-packages/airflow/example_dags/example_dataset_alias.py took 0.419 seconds
[2025-02-04T22:28:22.332+0000] {processor.py:186} INFO - Started process (PID=154) to work on /home/airflow/.local/lib/python3.12/site-packages/airflow/example_dags/example_dataset_alias.py
[2025-02-04T22:28:22.332+0000] {processor.py:914} INFO - Processing file /home/airflow/.local/lib/python3.12/site-packages/airflow/example_dags/example_dataset_alias.py for tasks to queue
[2025-02-04T22:28:22.333+0000] {logging_mixin.py:190} INFO - [2025-02-04T22:28:22.333+0000] {dagbag.py:588} INFO - Filling up the DagBag from /home/airflow/.local/lib/python3.12/site-packages/airflow/example_dags/example_dataset_alias.py
[2025-02-04T22:28:22.540+0000] {processor.py:925} INFO - DAG(s) 'dataset_alias_example_alias_producer', 'dataset_alias_example_alias_consumer', 'dataset_s3_bucket_consumer', 'dataset_s3_bucket_producer' retrieved from /home/airflow/.local/lib/python3.12/site-packages/airflow/example_dags/example_dataset_alias.py
[2025-02-04T22:28:22.547+0000] {logging_mixin.py:190} INFO - [2025-02-04T22:28:22.547+0000] {dag.py:3239} INFO - Sync 4 DAGs
[2025-02-04T22:28:22.555+0000] {logging_mixin.py:190} INFO - [2025-02-04T22:28:22.555+0000] {dag.py:4180} INFO - Setting next_dagrun for dataset_alias_example_alias_consumer to None, run_after=None
[2025-02-04T22:28:22.556+0000] {logging_mixin.py:190} INFO - [2025-02-04T22:28:22.556+0000] {dag.py:4180} INFO - Setting next_dagrun for dataset_alias_example_alias_producer to None, run_after=None
[2025-02-04T22:28:22.557+0000] {logging_mixin.py:190} INFO - [2025-02-04T22:28:22.557+0000] {dag.py:4180} INFO - Setting next_dagrun for dataset_s3_bucket_consumer to None, run_after=None
[2025-02-04T22:28:22.557+0000] {logging_mixin.py:190} INFO - [2025-02-04T22:28:22.557+0000] {dag.py:4180} INFO - Setting next_dagrun for dataset_s3_bucket_producer to None, run_after=None
[2025-02-04T22:28:22.564+0000] {processor.py:208} INFO - Processing /home/airflow/.local/lib/python3.12/site-packages/airflow/example_dags/example_dataset_alias.py took 0.235 seconds
[2025-02-04T22:28:53.641+0000] {processor.py:186} INFO - Started process (PID=218) to work on /home/airflow/.local/lib/python3.12/site-packages/airflow/example_dags/example_dataset_alias.py
[2025-02-04T22:28:53.644+0000] {processor.py:914} INFO - Processing file /home/airflow/.local/lib/python3.12/site-packages/airflow/example_dags/example_dataset_alias.py for tasks to queue
[2025-02-04T22:28:53.646+0000] {logging_mixin.py:190} INFO - [2025-02-04T22:28:53.646+0000] {dagbag.py:588} INFO - Filling up the DagBag from /home/airflow/.local/lib/python3.12/site-packages/airflow/example_dags/example_dataset_alias.py
[2025-02-04T22:28:53.842+0000] {processor.py:925} INFO - DAG(s) 'dataset_alias_example_alias_producer', 'dataset_alias_example_alias_consumer', 'dataset_s3_bucket_consumer', 'dataset_s3_bucket_producer' retrieved from /home/airflow/.local/lib/python3.12/site-packages/airflow/example_dags/example_dataset_alias.py
[2025-02-04T22:28:53.850+0000] {logging_mixin.py:190} INFO - [2025-02-04T22:28:53.850+0000] {dag.py:3239} INFO - Sync 4 DAGs
[2025-02-04T22:28:53.858+0000] {logging_mixin.py:190} INFO - [2025-02-04T22:28:53.858+0000] {dag.py:4180} INFO - Setting next_dagrun for dataset_alias_example_alias_consumer to None, run_after=None
[2025-02-04T22:28:53.859+0000] {logging_mixin.py:190} INFO - [2025-02-04T22:28:53.859+0000] {dag.py:4180} INFO - Setting next_dagrun for dataset_alias_example_alias_producer to None, run_after=None
[2025-02-04T22:28:53.860+0000] {logging_mixin.py:190} INFO - [2025-02-04T22:28:53.860+0000] {dag.py:4180} INFO - Setting next_dagrun for dataset_s3_bucket_consumer to None, run_after=None
[2025-02-04T22:28:53.860+0000] {logging_mixin.py:190} INFO - [2025-02-04T22:28:53.860+0000] {dag.py:4180} INFO - Setting next_dagrun for dataset_s3_bucket_producer to None, run_after=None
[2025-02-04T22:28:53.869+0000] {processor.py:208} INFO - Processing /home/airflow/.local/lib/python3.12/site-packages/airflow/example_dags/example_dataset_alias.py took 0.230 seconds
[2025-02-04T22:29:24.064+0000] {processor.py:186} INFO - Started process (PID=290) to work on /home/airflow/.local/lib/python3.12/site-packages/airflow/example_dags/example_dataset_alias.py
[2025-02-04T22:29:24.065+0000] {processor.py:914} INFO - Processing file /home/airflow/.local/lib/python3.12/site-packages/airflow/example_dags/example_dataset_alias.py for tasks to queue
[2025-02-04T22:29:24.066+0000] {logging_mixin.py:190} INFO - [2025-02-04T22:29:24.066+0000] {dagbag.py:588} INFO - Filling up the DagBag from /home/airflow/.local/lib/python3.12/site-packages/airflow/example_dags/example_dataset_alias.py
[2025-02-04T22:29:24.283+0000] {processor.py:925} INFO - DAG(s) 'dataset_s3_bucket_producer', 'dataset_s3_bucket_consumer', 'dataset_alias_example_alias_consumer', 'dataset_alias_example_alias_producer' retrieved from /home/airflow/.local/lib/python3.12/site-packages/airflow/example_dags/example_dataset_alias.py
[2025-02-04T22:29:24.290+0000] {logging_mixin.py:190} INFO - [2025-02-04T22:29:24.289+0000] {dag.py:3239} INFO - Sync 4 DAGs
[2025-02-04T22:29:24.297+0000] {logging_mixin.py:190} INFO - [2025-02-04T22:29:24.297+0000] {dag.py:4180} INFO - Setting next_dagrun for dataset_alias_example_alias_consumer to None, run_after=None
[2025-02-04T22:29:24.299+0000] {logging_mixin.py:190} INFO - [2025-02-04T22:29:24.299+0000] {dag.py:4180} INFO - Setting next_dagrun for dataset_alias_example_alias_producer to None, run_after=None
[2025-02-04T22:29:24.300+0000] {logging_mixin.py:190} INFO - [2025-02-04T22:29:24.300+0000] {dag.py:4180} INFO - Setting next_dagrun for dataset_s3_bucket_consumer to None, run_after=None
[2025-02-04T22:29:24.300+0000] {logging_mixin.py:190} INFO - [2025-02-04T22:29:24.300+0000] {dag.py:4180} INFO - Setting next_dagrun for dataset_s3_bucket_producer to None, run_after=None
[2025-02-04T22:29:24.311+0000] {processor.py:208} INFO - Processing /home/airflow/.local/lib/python3.12/site-packages/airflow/example_dags/example_dataset_alias.py took 0.250 seconds
