[2025-02-04T22:27:49.642+0000] {processor.py:186} INFO - Started process (PID=63) to work on /home/airflow/.local/lib/python3.12/site-packages/airflow/example_dags/example_display_name.py
[2025-02-04T22:27:49.642+0000] {processor.py:914} INFO - Processing file /home/airflow/.local/lib/python3.12/site-packages/airflow/example_dags/example_display_name.py for tasks to queue
[2025-02-04T22:27:49.643+0000] {logging_mixin.py:190} INFO - [2025-02-04T22:27:49.643+0000] {dagbag.py:588} INFO - Filling up the DagBag from /home/airflow/.local/lib/python3.12/site-packages/airflow/example_dags/example_display_name.py
[2025-02-04T22:27:49.648+0000] {processor.py:925} INFO - DAG(s) 'example_display_name' retrieved from /home/airflow/.local/lib/python3.12/site-packages/airflow/example_dags/example_display_name.py
[2025-02-04T22:27:49.693+0000] {logging_mixin.py:190} INFO - [2025-02-04T22:27:49.692+0000] {override.py:1911} INFO - Created Permission View: can edit on DAG:example_display_name
[2025-02-04T22:27:49.699+0000] {logging_mixin.py:190} INFO - [2025-02-04T22:27:49.699+0000] {override.py:1911} INFO - Created Permission View: can delete on DAG:example_display_name
[2025-02-04T22:27:49.708+0000] {logging_mixin.py:190} INFO - [2025-02-04T22:27:49.708+0000] {override.py:1911} INFO - Created Permission View: can read on DAG:example_display_name
[2025-02-04T22:27:49.713+0000] {logging_mixin.py:190} INFO - [2025-02-04T22:27:49.713+0000] {override.py:1911} INFO - Created Permission View: can create on DAG Run:example_display_name
[2025-02-04T22:27:49.715+0000] {logging_mixin.py:190} INFO - [2025-02-04T22:27:49.715+0000] {override.py:1911} INFO - Created Permission View: can delete on DAG Run:example_display_name
[2025-02-04T22:27:49.723+0000] {logging_mixin.py:190} INFO - [2025-02-04T22:27:49.723+0000] {override.py:1911} INFO - Created Permission View: can read on DAG Run:example_display_name
[2025-02-04T22:27:49.727+0000] {logging_mixin.py:190} INFO - [2025-02-04T22:27:49.727+0000] {override.py:1911} INFO - Created Permission View: menu access on DAG Run:example_display_name
[2025-02-04T22:27:49.728+0000] {logging_mixin.py:190} INFO - [2025-02-04T22:27:49.728+0000] {dag.py:3239} INFO - Sync 1 DAGs
[2025-02-04T22:27:49.736+0000] {logging_mixin.py:190} INFO - [2025-02-04T22:27:49.736+0000] {dag.py:3262} INFO - Creating ORM DAG for example_display_name
[2025-02-04T22:27:49.737+0000] {logging_mixin.py:190} INFO - [2025-02-04T22:27:49.736+0000] {dag.py:4180} INFO - Setting next_dagrun for example_display_name to None, run_after=None
[2025-02-04T22:27:49.746+0000] {processor.py:208} INFO - Processing /home/airflow/.local/lib/python3.12/site-packages/airflow/example_dags/example_display_name.py took 0.107 seconds
[2025-02-04T22:28:20.440+0000] {processor.py:186} INFO - Started process (PID=127) to work on /home/airflow/.local/lib/python3.12/site-packages/airflow/example_dags/example_display_name.py
[2025-02-04T22:28:20.441+0000] {processor.py:914} INFO - Processing file /home/airflow/.local/lib/python3.12/site-packages/airflow/example_dags/example_display_name.py for tasks to queue
[2025-02-04T22:28:20.443+0000] {logging_mixin.py:190} INFO - [2025-02-04T22:28:20.442+0000] {dagbag.py:588} INFO - Filling up the DagBag from /home/airflow/.local/lib/python3.12/site-packages/airflow/example_dags/example_display_name.py
[2025-02-04T22:28:20.448+0000] {processor.py:925} INFO - DAG(s) 'example_display_name' retrieved from /home/airflow/.local/lib/python3.12/site-packages/airflow/example_dags/example_display_name.py
[2025-02-04T22:28:20.459+0000] {logging_mixin.py:190} INFO - [2025-02-04T22:28:20.459+0000] {dag.py:3239} INFO - Sync 1 DAGs
[2025-02-04T22:28:20.467+0000] {logging_mixin.py:190} INFO - [2025-02-04T22:28:20.466+0000] {dag.py:4180} INFO - Setting next_dagrun for example_display_name to None, run_after=None
[2025-02-04T22:28:20.473+0000] {processor.py:208} INFO - Processing /home/airflow/.local/lib/python3.12/site-packages/airflow/example_dags/example_display_name.py took 0.036 seconds
[2025-02-04T22:28:50.601+0000] {processor.py:186} INFO - Started process (PID=191) to work on /home/airflow/.local/lib/python3.12/site-packages/airflow/example_dags/example_display_name.py
[2025-02-04T22:28:50.601+0000] {processor.py:914} INFO - Processing file /home/airflow/.local/lib/python3.12/site-packages/airflow/example_dags/example_display_name.py for tasks to queue
[2025-02-04T22:28:50.603+0000] {logging_mixin.py:190} INFO - [2025-02-04T22:28:50.603+0000] {dagbag.py:588} INFO - Filling up the DagBag from /home/airflow/.local/lib/python3.12/site-packages/airflow/example_dags/example_display_name.py
[2025-02-04T22:28:50.607+0000] {processor.py:925} INFO - DAG(s) 'example_display_name' retrieved from /home/airflow/.local/lib/python3.12/site-packages/airflow/example_dags/example_display_name.py
[2025-02-04T22:28:50.617+0000] {logging_mixin.py:190} INFO - [2025-02-04T22:28:50.617+0000] {dag.py:3239} INFO - Sync 1 DAGs
[2025-02-04T22:28:50.623+0000] {logging_mixin.py:190} INFO - [2025-02-04T22:28:50.623+0000] {dag.py:4180} INFO - Setting next_dagrun for example_display_name to None, run_after=None
[2025-02-04T22:28:50.630+0000] {processor.py:208} INFO - Processing /home/airflow/.local/lib/python3.12/site-packages/airflow/example_dags/example_display_name.py took 0.032 seconds
[2025-02-04T22:29:20.911+0000] {processor.py:186} INFO - Started process (PID=262) to work on /home/airflow/.local/lib/python3.12/site-packages/airflow/example_dags/example_display_name.py
[2025-02-04T22:29:20.914+0000] {processor.py:914} INFO - Processing file /home/airflow/.local/lib/python3.12/site-packages/airflow/example_dags/example_display_name.py for tasks to queue
[2025-02-04T22:29:20.920+0000] {logging_mixin.py:190} INFO - [2025-02-04T22:29:20.919+0000] {dagbag.py:588} INFO - Filling up the DagBag from /home/airflow/.local/lib/python3.12/site-packages/airflow/example_dags/example_display_name.py
[2025-02-04T22:29:20.925+0000] {processor.py:925} INFO - DAG(s) 'example_display_name' retrieved from /home/airflow/.local/lib/python3.12/site-packages/airflow/example_dags/example_display_name.py
[2025-02-04T22:29:20.936+0000] {logging_mixin.py:190} INFO - [2025-02-04T22:29:20.936+0000] {dag.py:3239} INFO - Sync 1 DAGs
[2025-02-04T22:29:20.942+0000] {logging_mixin.py:190} INFO - [2025-02-04T22:29:20.942+0000] {dag.py:4180} INFO - Setting next_dagrun for example_display_name to None, run_after=None
[2025-02-04T22:29:20.949+0000] {processor.py:208} INFO - Processing /home/airflow/.local/lib/python3.12/site-packages/airflow/example_dags/example_display_name.py took 0.042 seconds
