[2025-02-04T22:27:51.832+0000] {processor.py:186} INFO - Started process (PID=92) to work on /home/airflow/.local/lib/python3.12/site-packages/airflow/example_dags/example_setup_teardown.py
[2025-02-04T22:27:51.832+0000] {processor.py:914} INFO - Processing file /home/airflow/.local/lib/python3.12/site-packages/airflow/example_dags/example_setup_teardown.py for tasks to queue
[2025-02-04T22:27:51.834+0000] {logging_mixin.py:190} INFO - [2025-02-04T22:27:51.834+0000] {dagbag.py:588} INFO - Filling up the DagBag from /home/airflow/.local/lib/python3.12/site-packages/airflow/example_dags/example_setup_teardown.py
[2025-02-04T22:27:51.839+0000] {processor.py:925} INFO - DAG(s) 'example_setup_teardown' retrieved from /home/airflow/.local/lib/python3.12/site-packages/airflow/example_dags/example_setup_teardown.py
[2025-02-04T22:27:51.883+0000] {logging_mixin.py:190} INFO - [2025-02-04T22:27:51.883+0000] {override.py:1911} INFO - Created Permission View: can edit on DAG:example_setup_teardown
[2025-02-04T22:27:51.888+0000] {logging_mixin.py:190} INFO - [2025-02-04T22:27:51.888+0000] {override.py:1911} INFO - Created Permission View: can delete on DAG:example_setup_teardown
[2025-02-04T22:27:51.891+0000] {logging_mixin.py:190} INFO - [2025-02-04T22:27:51.891+0000] {override.py:1911} INFO - Created Permission View: can read on DAG:example_setup_teardown
[2025-02-04T22:27:51.894+0000] {logging_mixin.py:190} INFO - [2025-02-04T22:27:51.894+0000] {override.py:1911} INFO - Created Permission View: can create on DAG Run:example_setup_teardown
[2025-02-04T22:27:51.897+0000] {logging_mixin.py:190} INFO - [2025-02-04T22:27:51.896+0000] {override.py:1911} INFO - Created Permission View: can delete on DAG Run:example_setup_teardown
[2025-02-04T22:27:51.899+0000] {logging_mixin.py:190} INFO - [2025-02-04T22:27:51.899+0000] {override.py:1911} INFO - Created Permission View: can read on DAG Run:example_setup_teardown
[2025-02-04T22:27:51.902+0000] {logging_mixin.py:190} INFO - [2025-02-04T22:27:51.902+0000] {override.py:1911} INFO - Created Permission View: menu access on DAG Run:example_setup_teardown
[2025-02-04T22:27:51.902+0000] {logging_mixin.py:190} INFO - [2025-02-04T22:27:51.902+0000] {dag.py:3239} INFO - Sync 1 DAGs
[2025-02-04T22:27:51.907+0000] {logging_mixin.py:190} INFO - [2025-02-04T22:27:51.907+0000] {dag.py:3262} INFO - Creating ORM DAG for example_setup_teardown
[2025-02-04T22:27:51.908+0000] {logging_mixin.py:190} INFO - [2025-02-04T22:27:51.908+0000] {dag.py:4180} INFO - Setting next_dagrun for example_setup_teardown to None, run_after=None
[2025-02-04T22:27:51.916+0000] {processor.py:208} INFO - Processing /home/airflow/.local/lib/python3.12/site-packages/airflow/example_dags/example_setup_teardown.py took 0.087 seconds
[2025-02-04T22:28:22.372+0000] {processor.py:186} INFO - Started process (PID=155) to work on /home/airflow/.local/lib/python3.12/site-packages/airflow/example_dags/example_setup_teardown.py
[2025-02-04T22:28:22.373+0000] {processor.py:914} INFO - Processing file /home/airflow/.local/lib/python3.12/site-packages/airflow/example_dags/example_setup_teardown.py for tasks to queue
[2025-02-04T22:28:22.374+0000] {logging_mixin.py:190} INFO - [2025-02-04T22:28:22.374+0000] {dagbag.py:588} INFO - Filling up the DagBag from /home/airflow/.local/lib/python3.12/site-packages/airflow/example_dags/example_setup_teardown.py
[2025-02-04T22:28:22.378+0000] {processor.py:925} INFO - DAG(s) 'example_setup_teardown' retrieved from /home/airflow/.local/lib/python3.12/site-packages/airflow/example_dags/example_setup_teardown.py
[2025-02-04T22:28:22.387+0000] {logging_mixin.py:190} INFO - [2025-02-04T22:28:22.387+0000] {dag.py:3239} INFO - Sync 1 DAGs
[2025-02-04T22:28:22.392+0000] {logging_mixin.py:190} INFO - [2025-02-04T22:28:22.392+0000] {dag.py:4180} INFO - Setting next_dagrun for example_setup_teardown to None, run_after=None
[2025-02-04T22:28:22.399+0000] {processor.py:208} INFO - Processing /home/airflow/.local/lib/python3.12/site-packages/airflow/example_dags/example_setup_teardown.py took 0.029 seconds
[2025-02-04T22:28:53.884+0000] {processor.py:186} INFO - Started process (PID=220) to work on /home/airflow/.local/lib/python3.12/site-packages/airflow/example_dags/example_setup_teardown.py
[2025-02-04T22:28:53.886+0000] {processor.py:914} INFO - Processing file /home/airflow/.local/lib/python3.12/site-packages/airflow/example_dags/example_setup_teardown.py for tasks to queue
[2025-02-04T22:28:53.888+0000] {logging_mixin.py:190} INFO - [2025-02-04T22:28:53.887+0000] {dagbag.py:588} INFO - Filling up the DagBag from /home/airflow/.local/lib/python3.12/site-packages/airflow/example_dags/example_setup_teardown.py
[2025-02-04T22:28:53.892+0000] {processor.py:925} INFO - DAG(s) 'example_setup_teardown' retrieved from /home/airflow/.local/lib/python3.12/site-packages/airflow/example_dags/example_setup_teardown.py
[2025-02-04T22:28:53.900+0000] {logging_mixin.py:190} INFO - [2025-02-04T22:28:53.900+0000] {dag.py:3239} INFO - Sync 1 DAGs
[2025-02-04T22:28:53.905+0000] {logging_mixin.py:190} INFO - [2025-02-04T22:28:53.905+0000] {dag.py:4180} INFO - Setting next_dagrun for example_setup_teardown to None, run_after=None
[2025-02-04T22:28:53.915+0000] {processor.py:208} INFO - Processing /home/airflow/.local/lib/python3.12/site-packages/airflow/example_dags/example_setup_teardown.py took 0.033 seconds
[2025-02-04T22:29:24.327+0000] {processor.py:186} INFO - Started process (PID=292) to work on /home/airflow/.local/lib/python3.12/site-packages/airflow/example_dags/example_setup_teardown.py
[2025-02-04T22:29:24.328+0000] {processor.py:914} INFO - Processing file /home/airflow/.local/lib/python3.12/site-packages/airflow/example_dags/example_setup_teardown.py for tasks to queue
[2025-02-04T22:29:24.329+0000] {logging_mixin.py:190} INFO - [2025-02-04T22:29:24.328+0000] {dagbag.py:588} INFO - Filling up the DagBag from /home/airflow/.local/lib/python3.12/site-packages/airflow/example_dags/example_setup_teardown.py
[2025-02-04T22:29:24.333+0000] {processor.py:925} INFO - DAG(s) 'example_setup_teardown' retrieved from /home/airflow/.local/lib/python3.12/site-packages/airflow/example_dags/example_setup_teardown.py
[2025-02-04T22:29:24.344+0000] {logging_mixin.py:190} INFO - [2025-02-04T22:29:24.344+0000] {dag.py:3239} INFO - Sync 1 DAGs
[2025-02-04T22:29:24.350+0000] {logging_mixin.py:190} INFO - [2025-02-04T22:29:24.350+0000] {dag.py:4180} INFO - Setting next_dagrun for example_setup_teardown to None, run_after=None
[2025-02-04T22:29:24.357+0000] {processor.py:208} INFO - Processing /home/airflow/.local/lib/python3.12/site-packages/airflow/example_dags/example_setup_teardown.py took 0.033 seconds
