[2025-02-04T22:27:50.590+0000] {processor.py:186} INFO - Started process (PID=80) to work on /home/airflow/.local/lib/python3.12/site-packages/airflow/example_dags/example_python_decorator.py
[2025-02-04T22:27:50.590+0000] {processor.py:914} INFO - Processing file /home/airflow/.local/lib/python3.12/site-packages/airflow/example_dags/example_python_decorator.py for tasks to queue
[2025-02-04T22:27:50.592+0000] {logging_mixin.py:190} INFO - [2025-02-04T22:27:50.591+0000] {dagbag.py:588} INFO - Filling up the DagBag from /home/airflow/.local/lib/python3.12/site-packages/airflow/example_dags/example_python_decorator.py
[2025-02-04T22:27:50.599+0000] {processor.py:925} INFO - DAG(s) 'example_python_decorator' retrieved from /home/airflow/.local/lib/python3.12/site-packages/airflow/example_dags/example_python_decorator.py
[2025-02-04T22:27:50.641+0000] {logging_mixin.py:190} INFO - [2025-02-04T22:27:50.640+0000] {override.py:1911} INFO - Created Permission View: can edit on DAG:example_python_decorator
[2025-02-04T22:27:50.645+0000] {logging_mixin.py:190} INFO - [2025-02-04T22:27:50.645+0000] {override.py:1911} INFO - Created Permission View: can delete on DAG:example_python_decorator
[2025-02-04T22:27:50.646+0000] {logging_mixin.py:190} INFO - [2025-02-04T22:27:50.646+0000] {override.py:1911} INFO - Created Permission View: can read on DAG:example_python_decorator
[2025-02-04T22:27:50.648+0000] {logging_mixin.py:190} INFO - [2025-02-04T22:27:50.648+0000] {override.py:1911} INFO - Created Permission View: can create on DAG Run:example_python_decorator
[2025-02-04T22:27:50.649+0000] {logging_mixin.py:190} INFO - [2025-02-04T22:27:50.649+0000] {override.py:1911} INFO - Created Permission View: can delete on DAG Run:example_python_decorator
[2025-02-04T22:27:50.651+0000] {logging_mixin.py:190} INFO - [2025-02-04T22:27:50.651+0000] {override.py:1911} INFO - Created Permission View: can read on DAG Run:example_python_decorator
[2025-02-04T22:27:50.653+0000] {logging_mixin.py:190} INFO - [2025-02-04T22:27:50.653+0000] {override.py:1911} INFO - Created Permission View: menu access on DAG Run:example_python_decorator
[2025-02-04T22:27:50.653+0000] {logging_mixin.py:190} INFO - [2025-02-04T22:27:50.653+0000] {dag.py:3239} INFO - Sync 1 DAGs
[2025-02-04T22:27:50.658+0000] {logging_mixin.py:190} INFO - [2025-02-04T22:27:50.658+0000] {dag.py:3262} INFO - Creating ORM DAG for example_python_decorator
[2025-02-04T22:27:50.658+0000] {logging_mixin.py:190} INFO - [2025-02-04T22:27:50.658+0000] {dag.py:4180} INFO - Setting next_dagrun for example_python_decorator to None, run_after=None
[2025-02-04T22:27:50.663+0000] {processor.py:208} INFO - Processing /home/airflow/.local/lib/python3.12/site-packages/airflow/example_dags/example_python_decorator.py took 0.076 seconds
[2025-02-04T22:28:20.844+0000] {processor.py:186} INFO - Started process (PID=144) to work on /home/airflow/.local/lib/python3.12/site-packages/airflow/example_dags/example_python_decorator.py
[2025-02-04T22:28:20.844+0000] {processor.py:914} INFO - Processing file /home/airflow/.local/lib/python3.12/site-packages/airflow/example_dags/example_python_decorator.py for tasks to queue
[2025-02-04T22:28:20.846+0000] {logging_mixin.py:190} INFO - [2025-02-04T22:28:20.845+0000] {dagbag.py:588} INFO - Filling up the DagBag from /home/airflow/.local/lib/python3.12/site-packages/airflow/example_dags/example_python_decorator.py
[2025-02-04T22:28:20.853+0000] {processor.py:925} INFO - DAG(s) 'example_python_decorator' retrieved from /home/airflow/.local/lib/python3.12/site-packages/airflow/example_dags/example_python_decorator.py
[2025-02-04T22:28:20.863+0000] {logging_mixin.py:190} INFO - [2025-02-04T22:28:20.863+0000] {dag.py:3239} INFO - Sync 1 DAGs
[2025-02-04T22:28:20.869+0000] {logging_mixin.py:190} INFO - [2025-02-04T22:28:20.868+0000] {dag.py:4180} INFO - Setting next_dagrun for example_python_decorator to None, run_after=None
[2025-02-04T22:28:20.876+0000] {processor.py:208} INFO - Processing /home/airflow/.local/lib/python3.12/site-packages/airflow/example_dags/example_python_decorator.py took 0.035 seconds
[2025-02-04T22:28:51.083+0000] {processor.py:186} INFO - Started process (PID=208) to work on /home/airflow/.local/lib/python3.12/site-packages/airflow/example_dags/example_python_decorator.py
[2025-02-04T22:28:51.083+0000] {processor.py:914} INFO - Processing file /home/airflow/.local/lib/python3.12/site-packages/airflow/example_dags/example_python_decorator.py for tasks to queue
[2025-02-04T22:28:51.084+0000] {logging_mixin.py:190} INFO - [2025-02-04T22:28:51.084+0000] {dagbag.py:588} INFO - Filling up the DagBag from /home/airflow/.local/lib/python3.12/site-packages/airflow/example_dags/example_python_decorator.py
[2025-02-04T22:28:51.091+0000] {processor.py:925} INFO - DAG(s) 'example_python_decorator' retrieved from /home/airflow/.local/lib/python3.12/site-packages/airflow/example_dags/example_python_decorator.py
[2025-02-04T22:28:51.100+0000] {logging_mixin.py:190} INFO - [2025-02-04T22:28:51.100+0000] {dag.py:3239} INFO - Sync 1 DAGs
[2025-02-04T22:28:51.105+0000] {logging_mixin.py:190} INFO - [2025-02-04T22:28:51.105+0000] {dag.py:4180} INFO - Setting next_dagrun for example_python_decorator to None, run_after=None
[2025-02-04T22:28:51.116+0000] {processor.py:208} INFO - Processing /home/airflow/.local/lib/python3.12/site-packages/airflow/example_dags/example_python_decorator.py took 0.036 seconds
[2025-02-04T22:29:21.515+0000] {processor.py:186} INFO - Started process (PID=280) to work on /home/airflow/.local/lib/python3.12/site-packages/airflow/example_dags/example_python_decorator.py
[2025-02-04T22:29:21.516+0000] {processor.py:914} INFO - Processing file /home/airflow/.local/lib/python3.12/site-packages/airflow/example_dags/example_python_decorator.py for tasks to queue
[2025-02-04T22:29:21.517+0000] {logging_mixin.py:190} INFO - [2025-02-04T22:29:21.517+0000] {dagbag.py:588} INFO - Filling up the DagBag from /home/airflow/.local/lib/python3.12/site-packages/airflow/example_dags/example_python_decorator.py
[2025-02-04T22:29:21.524+0000] {processor.py:925} INFO - DAG(s) 'example_python_decorator' retrieved from /home/airflow/.local/lib/python3.12/site-packages/airflow/example_dags/example_python_decorator.py
[2025-02-04T22:29:21.534+0000] {logging_mixin.py:190} INFO - [2025-02-04T22:29:21.534+0000] {dag.py:3239} INFO - Sync 1 DAGs
[2025-02-04T22:29:21.540+0000] {logging_mixin.py:190} INFO - [2025-02-04T22:29:21.540+0000] {dag.py:4180} INFO - Setting next_dagrun for example_python_decorator to None, run_after=None
[2025-02-04T22:29:21.552+0000] {processor.py:208} INFO - Processing /home/airflow/.local/lib/python3.12/site-packages/airflow/example_dags/example_python_decorator.py took 0.039 seconds
