[2025-02-04T22:27:50.211+0000] {processor.py:186} INFO - Started process (PID=73) to work on /home/airflow/.local/lib/python3.12/site-packages/airflow/example_dags/example_complex.py
[2025-02-04T22:27:50.212+0000] {processor.py:914} INFO - Processing file /home/airflow/.local/lib/python3.12/site-packages/airflow/example_dags/example_complex.py for tasks to queue
[2025-02-04T22:27:50.213+0000] {logging_mixin.py:190} INFO - [2025-02-04T22:27:50.213+0000] {dagbag.py:588} INFO - Filling up the DagBag from /home/airflow/.local/lib/python3.12/site-packages/airflow/example_dags/example_complex.py
[2025-02-04T22:27:50.221+0000] {processor.py:925} INFO - DAG(s) 'example_complex' retrieved from /home/airflow/.local/lib/python3.12/site-packages/airflow/example_dags/example_complex.py
[2025-02-04T22:27:50.273+0000] {logging_mixin.py:190} INFO - [2025-02-04T22:27:50.273+0000] {override.py:1911} INFO - Created Permission View: can edit on DAG:example_complex
[2025-02-04T22:27:50.279+0000] {logging_mixin.py:190} INFO - [2025-02-04T22:27:50.278+0000] {override.py:1911} INFO - Created Permission View: can delete on DAG:example_complex
[2025-02-04T22:27:50.281+0000] {logging_mixin.py:190} INFO - [2025-02-04T22:27:50.280+0000] {override.py:1911} INFO - Created Permission View: can read on DAG:example_complex
[2025-02-04T22:27:50.282+0000] {logging_mixin.py:190} INFO - [2025-02-04T22:27:50.282+0000] {override.py:1911} INFO - Created Permission View: can create on DAG Run:example_complex
[2025-02-04T22:27:50.284+0000] {logging_mixin.py:190} INFO - [2025-02-04T22:27:50.284+0000] {override.py:1911} INFO - Created Permission View: can delete on DAG Run:example_complex
[2025-02-04T22:27:50.286+0000] {logging_mixin.py:190} INFO - [2025-02-04T22:27:50.286+0000] {override.py:1911} INFO - Created Permission View: can read on DAG Run:example_complex
[2025-02-04T22:27:50.288+0000] {logging_mixin.py:190} INFO - [2025-02-04T22:27:50.288+0000] {override.py:1911} INFO - Created Permission View: menu access on DAG Run:example_complex
[2025-02-04T22:27:50.289+0000] {logging_mixin.py:190} INFO - [2025-02-04T22:27:50.288+0000] {dag.py:3239} INFO - Sync 1 DAGs
[2025-02-04T22:27:50.294+0000] {logging_mixin.py:190} INFO - [2025-02-04T22:27:50.293+0000] {dag.py:3262} INFO - Creating ORM DAG for example_complex
[2025-02-04T22:27:50.294+0000] {logging_mixin.py:190} INFO - [2025-02-04T22:27:50.294+0000] {dag.py:4180} INFO - Setting next_dagrun for example_complex to None, run_after=None
[2025-02-04T22:27:50.301+0000] {processor.py:208} INFO - Processing /home/airflow/.local/lib/python3.12/site-packages/airflow/example_dags/example_complex.py took 0.093 seconds
[2025-02-04T22:28:20.688+0000] {processor.py:186} INFO - Started process (PID=137) to work on /home/airflow/.local/lib/python3.12/site-packages/airflow/example_dags/example_complex.py
[2025-02-04T22:28:20.689+0000] {processor.py:914} INFO - Processing file /home/airflow/.local/lib/python3.12/site-packages/airflow/example_dags/example_complex.py for tasks to queue
[2025-02-04T22:28:20.690+0000] {logging_mixin.py:190} INFO - [2025-02-04T22:28:20.690+0000] {dagbag.py:588} INFO - Filling up the DagBag from /home/airflow/.local/lib/python3.12/site-packages/airflow/example_dags/example_complex.py
[2025-02-04T22:28:20.695+0000] {processor.py:925} INFO - DAG(s) 'example_complex' retrieved from /home/airflow/.local/lib/python3.12/site-packages/airflow/example_dags/example_complex.py
[2025-02-04T22:28:20.708+0000] {logging_mixin.py:190} INFO - [2025-02-04T22:28:20.708+0000] {dag.py:3239} INFO - Sync 1 DAGs
[2025-02-04T22:28:20.714+0000] {logging_mixin.py:190} INFO - [2025-02-04T22:28:20.714+0000] {dag.py:4180} INFO - Setting next_dagrun for example_complex to None, run_after=None
[2025-02-04T22:28:20.725+0000] {processor.py:208} INFO - Processing /home/airflow/.local/lib/python3.12/site-packages/airflow/example_dags/example_complex.py took 0.039 seconds
[2025-02-04T22:28:50.904+0000] {processor.py:186} INFO - Started process (PID=201) to work on /home/airflow/.local/lib/python3.12/site-packages/airflow/example_dags/example_complex.py
[2025-02-04T22:28:50.904+0000] {processor.py:914} INFO - Processing file /home/airflow/.local/lib/python3.12/site-packages/airflow/example_dags/example_complex.py for tasks to queue
[2025-02-04T22:28:50.906+0000] {logging_mixin.py:190} INFO - [2025-02-04T22:28:50.906+0000] {dagbag.py:588} INFO - Filling up the DagBag from /home/airflow/.local/lib/python3.12/site-packages/airflow/example_dags/example_complex.py
[2025-02-04T22:28:50.913+0000] {processor.py:925} INFO - DAG(s) 'example_complex' retrieved from /home/airflow/.local/lib/python3.12/site-packages/airflow/example_dags/example_complex.py
[2025-02-04T22:28:50.929+0000] {logging_mixin.py:190} INFO - [2025-02-04T22:28:50.928+0000] {dag.py:3239} INFO - Sync 1 DAGs
[2025-02-04T22:28:50.934+0000] {logging_mixin.py:190} INFO - [2025-02-04T22:28:50.934+0000] {dag.py:4180} INFO - Setting next_dagrun for example_complex to None, run_after=None
[2025-02-04T22:28:50.940+0000] {processor.py:208} INFO - Processing /home/airflow/.local/lib/python3.12/site-packages/airflow/example_dags/example_complex.py took 0.039 seconds
[2025-02-04T22:29:21.271+0000] {processor.py:186} INFO - Started process (PID=273) to work on /home/airflow/.local/lib/python3.12/site-packages/airflow/example_dags/example_complex.py
[2025-02-04T22:29:21.272+0000] {processor.py:914} INFO - Processing file /home/airflow/.local/lib/python3.12/site-packages/airflow/example_dags/example_complex.py for tasks to queue
[2025-02-04T22:29:21.273+0000] {logging_mixin.py:190} INFO - [2025-02-04T22:29:21.273+0000] {dagbag.py:588} INFO - Filling up the DagBag from /home/airflow/.local/lib/python3.12/site-packages/airflow/example_dags/example_complex.py
[2025-02-04T22:29:21.279+0000] {processor.py:925} INFO - DAG(s) 'example_complex' retrieved from /home/airflow/.local/lib/python3.12/site-packages/airflow/example_dags/example_complex.py
[2025-02-04T22:29:21.294+0000] {logging_mixin.py:190} INFO - [2025-02-04T22:29:21.294+0000] {dag.py:3239} INFO - Sync 1 DAGs
[2025-02-04T22:29:21.301+0000] {logging_mixin.py:190} INFO - [2025-02-04T22:29:21.301+0000] {dag.py:4180} INFO - Setting next_dagrun for example_complex to None, run_after=None
[2025-02-04T22:29:21.310+0000] {processor.py:208} INFO - Processing /home/airflow/.local/lib/python3.12/site-packages/airflow/example_dags/example_complex.py took 0.041 seconds
