[2025-02-04T22:27:51.391+0000] {processor.py:186} INFO - Started process (PID=89) to work on /home/airflow/.local/lib/python3.12/site-packages/airflow/example_dags/example_sla_dag.py
[2025-02-04T22:27:51.391+0000] {processor.py:914} INFO - Processing file /home/airflow/.local/lib/python3.12/site-packages/airflow/example_dags/example_sla_dag.py for tasks to queue
[2025-02-04T22:27:51.393+0000] {logging_mixin.py:190} INFO - [2025-02-04T22:27:51.392+0000] {dagbag.py:588} INFO - Filling up the DagBag from /home/airflow/.local/lib/python3.12/site-packages/airflow/example_dags/example_sla_dag.py
[2025-02-04T22:27:51.398+0000] {processor.py:925} INFO - DAG(s) 'example_sla_dag' retrieved from /home/airflow/.local/lib/python3.12/site-packages/airflow/example_dags/example_sla_dag.py
[2025-02-04T22:27:51.441+0000] {logging_mixin.py:190} INFO - [2025-02-04T22:27:51.440+0000] {override.py:1911} INFO - Created Permission View: can edit on DAG:example_sla_dag
[2025-02-04T22:27:51.445+0000] {logging_mixin.py:190} INFO - [2025-02-04T22:27:51.445+0000] {override.py:1911} INFO - Created Permission View: can delete on DAG:example_sla_dag
[2025-02-04T22:27:51.451+0000] {logging_mixin.py:190} INFO - [2025-02-04T22:27:51.450+0000] {override.py:1911} INFO - Created Permission View: can read on DAG:example_sla_dag
[2025-02-04T22:27:51.457+0000] {logging_mixin.py:190} INFO - [2025-02-04T22:27:51.457+0000] {override.py:1911} INFO - Created Permission View: can create on DAG Run:example_sla_dag
[2025-02-04T22:27:51.458+0000] {logging_mixin.py:190} INFO - [2025-02-04T22:27:51.458+0000] {override.py:1911} INFO - Created Permission View: can delete on DAG Run:example_sla_dag
[2025-02-04T22:27:51.465+0000] {logging_mixin.py:190} INFO - [2025-02-04T22:27:51.465+0000] {override.py:1911} INFO - Created Permission View: can read on DAG Run:example_sla_dag
[2025-02-04T22:27:51.467+0000] {logging_mixin.py:190} INFO - [2025-02-04T22:27:51.467+0000] {override.py:1911} INFO - Created Permission View: menu access on DAG Run:example_sla_dag
[2025-02-04T22:27:51.467+0000] {logging_mixin.py:190} INFO - [2025-02-04T22:27:51.467+0000] {dag.py:3239} INFO - Sync 1 DAGs
[2025-02-04T22:27:51.474+0000] {logging_mixin.py:190} INFO - [2025-02-04T22:27:51.474+0000] {dag.py:3262} INFO - Creating ORM DAG for example_sla_dag
[2025-02-04T22:27:51.478+0000] {logging_mixin.py:190} INFO - [2025-02-04T22:27:51.478+0000] {dag.py:4180} INFO - Setting next_dagrun for example_sla_dag to 2025-02-04 22:24:00+00:00, run_after=2025-02-04 22:26:00+00:00
[2025-02-04T22:27:51.483+0000] {processor.py:208} INFO - Processing /home/airflow/.local/lib/python3.12/site-packages/airflow/example_dags/example_sla_dag.py took 0.095 seconds
[2025-02-04T22:28:22.323+0000] {processor.py:186} INFO - Started process (PID=153) to work on /home/airflow/.local/lib/python3.12/site-packages/airflow/example_dags/example_sla_dag.py
[2025-02-04T22:28:22.323+0000] {processor.py:914} INFO - Processing file /home/airflow/.local/lib/python3.12/site-packages/airflow/example_dags/example_sla_dag.py for tasks to queue
[2025-02-04T22:28:22.324+0000] {logging_mixin.py:190} INFO - [2025-02-04T22:28:22.324+0000] {dagbag.py:588} INFO - Filling up the DagBag from /home/airflow/.local/lib/python3.12/site-packages/airflow/example_dags/example_sla_dag.py
[2025-02-04T22:28:22.329+0000] {processor.py:925} INFO - DAG(s) 'example_sla_dag' retrieved from /home/airflow/.local/lib/python3.12/site-packages/airflow/example_dags/example_sla_dag.py
[2025-02-04T22:28:22.339+0000] {logging_mixin.py:190} INFO - [2025-02-04T22:28:22.339+0000] {dag.py:3239} INFO - Sync 1 DAGs
[2025-02-04T22:28:22.351+0000] {logging_mixin.py:190} INFO - [2025-02-04T22:28:22.351+0000] {dag.py:4180} INFO - Setting next_dagrun for example_sla_dag to 2025-02-04 22:26:00+00:00, run_after=2025-02-04 22:28:00+00:00
[2025-02-04T22:28:22.358+0000] {processor.py:208} INFO - Processing /home/airflow/.local/lib/python3.12/site-packages/airflow/example_dags/example_sla_dag.py took 0.038 seconds
[2025-02-04T22:28:53.603+0000] {processor.py:186} INFO - Started process (PID=217) to work on /home/airflow/.local/lib/python3.12/site-packages/airflow/example_dags/example_sla_dag.py
[2025-02-04T22:28:53.603+0000] {processor.py:914} INFO - Processing file /home/airflow/.local/lib/python3.12/site-packages/airflow/example_dags/example_sla_dag.py for tasks to queue
[2025-02-04T22:28:53.604+0000] {logging_mixin.py:190} INFO - [2025-02-04T22:28:53.604+0000] {dagbag.py:588} INFO - Filling up the DagBag from /home/airflow/.local/lib/python3.12/site-packages/airflow/example_dags/example_sla_dag.py
[2025-02-04T22:28:53.609+0000] {processor.py:925} INFO - DAG(s) 'example_sla_dag' retrieved from /home/airflow/.local/lib/python3.12/site-packages/airflow/example_dags/example_sla_dag.py
[2025-02-04T22:28:53.616+0000] {logging_mixin.py:190} INFO - [2025-02-04T22:28:53.616+0000] {dag.py:3239} INFO - Sync 1 DAGs
[2025-02-04T22:28:53.625+0000] {logging_mixin.py:190} INFO - [2025-02-04T22:28:53.625+0000] {dag.py:4180} INFO - Setting next_dagrun for example_sla_dag to 2025-02-04 22:26:00+00:00, run_after=2025-02-04 22:28:00+00:00
[2025-02-04T22:28:53.630+0000] {processor.py:208} INFO - Processing /home/airflow/.local/lib/python3.12/site-packages/airflow/example_dags/example_sla_dag.py took 0.030 seconds
[2025-02-04T22:29:24.056+0000] {processor.py:186} INFO - Started process (PID=289) to work on /home/airflow/.local/lib/python3.12/site-packages/airflow/example_dags/example_sla_dag.py
[2025-02-04T22:29:24.057+0000] {processor.py:914} INFO - Processing file /home/airflow/.local/lib/python3.12/site-packages/airflow/example_dags/example_sla_dag.py for tasks to queue
[2025-02-04T22:29:24.058+0000] {logging_mixin.py:190} INFO - [2025-02-04T22:29:24.058+0000] {dagbag.py:588} INFO - Filling up the DagBag from /home/airflow/.local/lib/python3.12/site-packages/airflow/example_dags/example_sla_dag.py
[2025-02-04T22:29:24.062+0000] {processor.py:925} INFO - DAG(s) 'example_sla_dag' retrieved from /home/airflow/.local/lib/python3.12/site-packages/airflow/example_dags/example_sla_dag.py
[2025-02-04T22:29:24.071+0000] {logging_mixin.py:190} INFO - [2025-02-04T22:29:24.070+0000] {dag.py:3239} INFO - Sync 1 DAGs
[2025-02-04T22:29:24.079+0000] {logging_mixin.py:190} INFO - [2025-02-04T22:29:24.079+0000] {dag.py:4180} INFO - Setting next_dagrun for example_sla_dag to 2025-02-04 22:26:00+00:00, run_after=2025-02-04 22:28:00+00:00
[2025-02-04T22:29:24.086+0000] {processor.py:208} INFO - Processing /home/airflow/.local/lib/python3.12/site-packages/airflow/example_dags/example_sla_dag.py took 0.032 seconds
