[2025-02-04T22:27:48.702+0000] {processor.py:186} INFO - Started process (PID=53) to work on /home/airflow/.local/lib/python3.12/site-packages/airflow/example_dags/example_latest_only.py
[2025-02-04T22:27:48.703+0000] {processor.py:914} INFO - Processing file /home/airflow/.local/lib/python3.12/site-packages/airflow/example_dags/example_latest_only.py for tasks to queue
[2025-02-04T22:27:48.705+0000] {logging_mixin.py:190} INFO - [2025-02-04T22:27:48.705+0000] {dagbag.py:588} INFO - Filling up the DagBag from /home/airflow/.local/lib/python3.12/site-packages/airflow/example_dags/example_latest_only.py
[2025-02-04T22:27:48.713+0000] {processor.py:925} INFO - DAG(s) 'latest_only' retrieved from /home/airflow/.local/lib/python3.12/site-packages/airflow/example_dags/example_latest_only.py
[2025-02-04T22:27:48.768+0000] {logging_mixin.py:190} INFO - [2025-02-04T22:27:48.768+0000] {override.py:1911} INFO - Created Permission View: can edit on DAG:latest_only
[2025-02-04T22:27:48.775+0000] {logging_mixin.py:190} INFO - [2025-02-04T22:27:48.774+0000] {override.py:1911} INFO - Created Permission View: can delete on DAG:latest_only
[2025-02-04T22:27:48.777+0000] {logging_mixin.py:190} INFO - [2025-02-04T22:27:48.777+0000] {override.py:1911} INFO - Created Permission View: can read on DAG:latest_only
[2025-02-04T22:27:48.779+0000] {logging_mixin.py:190} INFO - [2025-02-04T22:27:48.779+0000] {override.py:1911} INFO - Created Permission View: can create on DAG Run:latest_only
[2025-02-04T22:27:48.781+0000] {logging_mixin.py:190} INFO - [2025-02-04T22:27:48.781+0000] {override.py:1911} INFO - Created Permission View: can delete on DAG Run:latest_only
[2025-02-04T22:27:48.783+0000] {logging_mixin.py:190} INFO - [2025-02-04T22:27:48.783+0000] {override.py:1911} INFO - Created Permission View: can read on DAG Run:latest_only
[2025-02-04T22:27:48.785+0000] {logging_mixin.py:190} INFO - [2025-02-04T22:27:48.785+0000] {override.py:1911} INFO - Created Permission View: menu access on DAG Run:latest_only
[2025-02-04T22:27:48.785+0000] {logging_mixin.py:190} INFO - [2025-02-04T22:27:48.785+0000] {dag.py:3239} INFO - Sync 1 DAGs
[2025-02-04T22:27:48.791+0000] {logging_mixin.py:190} INFO - [2025-02-04T22:27:48.791+0000] {dag.py:3262} INFO - Creating ORM DAG for latest_only
[2025-02-04T22:27:48.796+0000] {logging_mixin.py:190} INFO - [2025-02-04T22:27:48.796+0000] {dag.py:4180} INFO - Setting next_dagrun for latest_only to 2025-02-04 16:00:00+00:00, run_after=2025-02-04 20:00:00+00:00
[2025-02-04T22:27:48.806+0000] {processor.py:208} INFO - Processing /home/airflow/.local/lib/python3.12/site-packages/airflow/example_dags/example_latest_only.py took 0.108 seconds
[2025-02-04T22:28:19.052+0000] {processor.py:186} INFO - Started process (PID=117) to work on /home/airflow/.local/lib/python3.12/site-packages/airflow/example_dags/example_latest_only.py
[2025-02-04T22:28:19.055+0000] {processor.py:914} INFO - Processing file /home/airflow/.local/lib/python3.12/site-packages/airflow/example_dags/example_latest_only.py for tasks to queue
[2025-02-04T22:28:19.057+0000] {logging_mixin.py:190} INFO - [2025-02-04T22:28:19.057+0000] {dagbag.py:588} INFO - Filling up the DagBag from /home/airflow/.local/lib/python3.12/site-packages/airflow/example_dags/example_latest_only.py
[2025-02-04T22:28:19.060+0000] {processor.py:925} INFO - DAG(s) 'latest_only' retrieved from /home/airflow/.local/lib/python3.12/site-packages/airflow/example_dags/example_latest_only.py
[2025-02-04T22:28:19.070+0000] {logging_mixin.py:190} INFO - [2025-02-04T22:28:19.069+0000] {dag.py:3239} INFO - Sync 1 DAGs
[2025-02-04T22:28:19.079+0000] {logging_mixin.py:190} INFO - [2025-02-04T22:28:19.079+0000] {dag.py:4180} INFO - Setting next_dagrun for latest_only to 2025-02-04 16:00:00+00:00, run_after=2025-02-04 20:00:00+00:00
[2025-02-04T22:28:19.085+0000] {processor.py:208} INFO - Processing /home/airflow/.local/lib/python3.12/site-packages/airflow/example_dags/example_latest_only.py took 0.036 seconds
[2025-02-04T22:28:49.292+0000] {processor.py:186} INFO - Started process (PID=181) to work on /home/airflow/.local/lib/python3.12/site-packages/airflow/example_dags/example_latest_only.py
[2025-02-04T22:28:49.293+0000] {processor.py:914} INFO - Processing file /home/airflow/.local/lib/python3.12/site-packages/airflow/example_dags/example_latest_only.py for tasks to queue
[2025-02-04T22:28:49.294+0000] {logging_mixin.py:190} INFO - [2025-02-04T22:28:49.294+0000] {dagbag.py:588} INFO - Filling up the DagBag from /home/airflow/.local/lib/python3.12/site-packages/airflow/example_dags/example_latest_only.py
[2025-02-04T22:28:49.298+0000] {processor.py:925} INFO - DAG(s) 'latest_only' retrieved from /home/airflow/.local/lib/python3.12/site-packages/airflow/example_dags/example_latest_only.py
[2025-02-04T22:28:49.307+0000] {logging_mixin.py:190} INFO - [2025-02-04T22:28:49.307+0000] {dag.py:3239} INFO - Sync 1 DAGs
[2025-02-04T22:28:49.315+0000] {logging_mixin.py:190} INFO - [2025-02-04T22:28:49.314+0000] {dag.py:4180} INFO - Setting next_dagrun for latest_only to 2025-02-04 16:00:00+00:00, run_after=2025-02-04 20:00:00+00:00
[2025-02-04T22:28:49.323+0000] {processor.py:208} INFO - Processing /home/airflow/.local/lib/python3.12/site-packages/airflow/example_dags/example_latest_only.py took 0.033 seconds
[2025-02-04T22:29:19.601+0000] {processor.py:186} INFO - Started process (PID=253) to work on /home/airflow/.local/lib/python3.12/site-packages/airflow/example_dags/example_latest_only.py
[2025-02-04T22:29:19.603+0000] {processor.py:914} INFO - Processing file /home/airflow/.local/lib/python3.12/site-packages/airflow/example_dags/example_latest_only.py for tasks to queue
[2025-02-04T22:29:19.604+0000] {logging_mixin.py:190} INFO - [2025-02-04T22:29:19.604+0000] {dagbag.py:588} INFO - Filling up the DagBag from /home/airflow/.local/lib/python3.12/site-packages/airflow/example_dags/example_latest_only.py
[2025-02-04T22:29:19.609+0000] {processor.py:925} INFO - DAG(s) 'latest_only' retrieved from /home/airflow/.local/lib/python3.12/site-packages/airflow/example_dags/example_latest_only.py
[2025-02-04T22:29:19.619+0000] {logging_mixin.py:190} INFO - [2025-02-04T22:29:19.618+0000] {dag.py:3239} INFO - Sync 1 DAGs
[2025-02-04T22:29:19.633+0000] {logging_mixin.py:190} INFO - [2025-02-04T22:29:19.632+0000] {dag.py:4180} INFO - Setting next_dagrun for latest_only to 2025-02-04 16:00:00+00:00, run_after=2025-02-04 20:00:00+00:00
[2025-02-04T22:29:19.641+0000] {processor.py:208} INFO - Processing /home/airflow/.local/lib/python3.12/site-packages/airflow/example_dags/example_latest_only.py took 0.043 seconds
