[2025-02-04T22:27:50.265+0000] {processor.py:186} INFO - Started process (PID=74) to work on /home/airflow/.local/lib/python3.12/site-packages/airflow/example_dags/example_task_group.py
[2025-02-04T22:27:50.266+0000] {processor.py:914} INFO - Processing file /home/airflow/.local/lib/python3.12/site-packages/airflow/example_dags/example_task_group.py for tasks to queue
[2025-02-04T22:27:50.267+0000] {logging_mixin.py:190} INFO - [2025-02-04T22:27:50.267+0000] {dagbag.py:588} INFO - Filling up the DagBag from /home/airflow/.local/lib/python3.12/site-packages/airflow/example_dags/example_task_group.py
[2025-02-04T22:27:50.272+0000] {processor.py:925} INFO - DAG(s) 'example_task_group' retrieved from /home/airflow/.local/lib/python3.12/site-packages/airflow/example_dags/example_task_group.py
[2025-02-04T22:27:50.318+0000] {logging_mixin.py:190} INFO - [2025-02-04T22:27:50.318+0000] {override.py:1911} INFO - Created Permission View: can edit on DAG:example_task_group
[2025-02-04T22:27:50.324+0000] {logging_mixin.py:190} INFO - [2025-02-04T22:27:50.324+0000] {override.py:1911} INFO - Created Permission View: can delete on DAG:example_task_group
[2025-02-04T22:27:50.330+0000] {logging_mixin.py:190} INFO - [2025-02-04T22:27:50.330+0000] {override.py:1911} INFO - Created Permission View: can read on DAG:example_task_group
[2025-02-04T22:27:50.339+0000] {logging_mixin.py:190} INFO - [2025-02-04T22:27:50.339+0000] {override.py:1911} INFO - Created Permission View: can create on DAG Run:example_task_group
[2025-02-04T22:27:50.346+0000] {logging_mixin.py:190} INFO - [2025-02-04T22:27:50.346+0000] {override.py:1911} INFO - Created Permission View: can delete on DAG Run:example_task_group
[2025-02-04T22:27:50.351+0000] {logging_mixin.py:190} INFO - [2025-02-04T22:27:50.351+0000] {override.py:1911} INFO - Created Permission View: can read on DAG Run:example_task_group
[2025-02-04T22:27:50.356+0000] {logging_mixin.py:190} INFO - [2025-02-04T22:27:50.356+0000] {override.py:1911} INFO - Created Permission View: menu access on DAG Run:example_task_group
[2025-02-04T22:27:50.356+0000] {logging_mixin.py:190} INFO - [2025-02-04T22:27:50.356+0000] {dag.py:3239} INFO - Sync 1 DAGs
[2025-02-04T22:27:50.362+0000] {logging_mixin.py:190} INFO - [2025-02-04T22:27:50.362+0000] {dag.py:3262} INFO - Creating ORM DAG for example_task_group
[2025-02-04T22:27:50.362+0000] {logging_mixin.py:190} INFO - [2025-02-04T22:27:50.362+0000] {dag.py:4180} INFO - Setting next_dagrun for example_task_group to None, run_after=None
[2025-02-04T22:27:50.372+0000] {processor.py:208} INFO - Processing /home/airflow/.local/lib/python3.12/site-packages/airflow/example_dags/example_task_group.py took 0.110 seconds
[2025-02-04T22:28:20.711+0000] {processor.py:186} INFO - Started process (PID=138) to work on /home/airflow/.local/lib/python3.12/site-packages/airflow/example_dags/example_task_group.py
[2025-02-04T22:28:20.711+0000] {processor.py:914} INFO - Processing file /home/airflow/.local/lib/python3.12/site-packages/airflow/example_dags/example_task_group.py for tasks to queue
[2025-02-04T22:28:20.713+0000] {logging_mixin.py:190} INFO - [2025-02-04T22:28:20.712+0000] {dagbag.py:588} INFO - Filling up the DagBag from /home/airflow/.local/lib/python3.12/site-packages/airflow/example_dags/example_task_group.py
[2025-02-04T22:28:20.716+0000] {processor.py:925} INFO - DAG(s) 'example_task_group' retrieved from /home/airflow/.local/lib/python3.12/site-packages/airflow/example_dags/example_task_group.py
[2025-02-04T22:28:20.726+0000] {logging_mixin.py:190} INFO - [2025-02-04T22:28:20.726+0000] {dag.py:3239} INFO - Sync 1 DAGs
[2025-02-04T22:28:20.732+0000] {logging_mixin.py:190} INFO - [2025-02-04T22:28:20.732+0000] {dag.py:4180} INFO - Setting next_dagrun for example_task_group to None, run_after=None
[2025-02-04T22:28:20.738+0000] {processor.py:208} INFO - Processing /home/airflow/.local/lib/python3.12/site-packages/airflow/example_dags/example_task_group.py took 0.030 seconds
[2025-02-04T22:28:50.942+0000] {processor.py:186} INFO - Started process (PID=202) to work on /home/airflow/.local/lib/python3.12/site-packages/airflow/example_dags/example_task_group.py
[2025-02-04T22:28:50.943+0000] {processor.py:914} INFO - Processing file /home/airflow/.local/lib/python3.12/site-packages/airflow/example_dags/example_task_group.py for tasks to queue
[2025-02-04T22:28:50.944+0000] {logging_mixin.py:190} INFO - [2025-02-04T22:28:50.944+0000] {dagbag.py:588} INFO - Filling up the DagBag from /home/airflow/.local/lib/python3.12/site-packages/airflow/example_dags/example_task_group.py
[2025-02-04T22:28:50.949+0000] {processor.py:925} INFO - DAG(s) 'example_task_group' retrieved from /home/airflow/.local/lib/python3.12/site-packages/airflow/example_dags/example_task_group.py
[2025-02-04T22:28:50.957+0000] {logging_mixin.py:190} INFO - [2025-02-04T22:28:50.957+0000] {dag.py:3239} INFO - Sync 1 DAGs
[2025-02-04T22:28:50.963+0000] {logging_mixin.py:190} INFO - [2025-02-04T22:28:50.962+0000] {dag.py:4180} INFO - Setting next_dagrun for example_task_group to None, run_after=None
[2025-02-04T22:28:50.972+0000] {processor.py:208} INFO - Processing /home/airflow/.local/lib/python3.12/site-packages/airflow/example_dags/example_task_group.py took 0.033 seconds
[2025-02-04T22:29:21.316+0000] {processor.py:186} INFO - Started process (PID=274) to work on /home/airflow/.local/lib/python3.12/site-packages/airflow/example_dags/example_task_group.py
[2025-02-04T22:29:21.316+0000] {processor.py:914} INFO - Processing file /home/airflow/.local/lib/python3.12/site-packages/airflow/example_dags/example_task_group.py for tasks to queue
[2025-02-04T22:29:21.320+0000] {logging_mixin.py:190} INFO - [2025-02-04T22:29:21.320+0000] {dagbag.py:588} INFO - Filling up the DagBag from /home/airflow/.local/lib/python3.12/site-packages/airflow/example_dags/example_task_group.py
[2025-02-04T22:29:21.328+0000] {processor.py:925} INFO - DAG(s) 'example_task_group' retrieved from /home/airflow/.local/lib/python3.12/site-packages/airflow/example_dags/example_task_group.py
[2025-02-04T22:29:21.344+0000] {logging_mixin.py:190} INFO - [2025-02-04T22:29:21.344+0000] {dag.py:3239} INFO - Sync 1 DAGs
[2025-02-04T22:29:21.359+0000] {logging_mixin.py:190} INFO - [2025-02-04T22:29:21.359+0000] {dag.py:4180} INFO - Setting next_dagrun for example_task_group to None, run_after=None
[2025-02-04T22:29:21.377+0000] {processor.py:208} INFO - Processing /home/airflow/.local/lib/python3.12/site-packages/airflow/example_dags/example_task_group.py took 0.066 seconds
