[2025-02-04T22:27:48.937+0000] {processor.py:186} INFO - Started process (PID=56) to work on /home/airflow/.local/lib/python3.12/site-packages/airflow/example_dags/example_outlet_event_extra.py
[2025-02-04T22:27:48.938+0000] {processor.py:914} INFO - Processing file /home/airflow/.local/lib/python3.12/site-packages/airflow/example_dags/example_outlet_event_extra.py for tasks to queue
[2025-02-04T22:27:48.939+0000] {logging_mixin.py:190} INFO - [2025-02-04T22:27:48.939+0000] {dagbag.py:588} INFO - Filling up the DagBag from /home/airflow/.local/lib/python3.12/site-packages/airflow/example_dags/example_outlet_event_extra.py
[2025-02-04T22:27:49.489+0000] {processor.py:925} INFO - DAG(s) 'dataset_with_extra_from_classic_operator', 'dataset_with_extra_by_yield', 'dataset_with_extra_by_context' retrieved from /home/airflow/.local/lib/python3.12/site-packages/airflow/example_dags/example_outlet_event_extra.py
[2025-02-04T22:27:49.525+0000] {logging_mixin.py:190} INFO - [2025-02-04T22:27:49.525+0000] {override.py:1911} INFO - Created Permission View: can edit on DAG:dataset_with_extra_from_classic_operator
[2025-02-04T22:27:49.531+0000] {logging_mixin.py:190} INFO - [2025-02-04T22:27:49.530+0000] {override.py:1911} INFO - Created Permission View: can delete on DAG:dataset_with_extra_from_classic_operator
[2025-02-04T22:27:49.535+0000] {logging_mixin.py:190} INFO - [2025-02-04T22:27:49.535+0000] {override.py:1911} INFO - Created Permission View: can read on DAG:dataset_with_extra_from_classic_operator
[2025-02-04T22:27:49.540+0000] {logging_mixin.py:190} INFO - [2025-02-04T22:27:49.539+0000] {override.py:1911} INFO - Created Permission View: can create on DAG Run:dataset_with_extra_from_classic_operator
[2025-02-04T22:27:49.543+0000] {logging_mixin.py:190} INFO - [2025-02-04T22:27:49.543+0000] {override.py:1911} INFO - Created Permission View: can delete on DAG Run:dataset_with_extra_from_classic_operator
[2025-02-04T22:27:49.546+0000] {logging_mixin.py:190} INFO - [2025-02-04T22:27:49.546+0000] {override.py:1911} INFO - Created Permission View: can read on DAG Run:dataset_with_extra_from_classic_operator
[2025-02-04T22:27:49.550+0000] {logging_mixin.py:190} INFO - [2025-02-04T22:27:49.550+0000] {override.py:1911} INFO - Created Permission View: menu access on DAG Run:dataset_with_extra_from_classic_operator
[2025-02-04T22:27:49.557+0000] {logging_mixin.py:190} INFO - [2025-02-04T22:27:49.556+0000] {override.py:1911} INFO - Created Permission View: can edit on DAG:dataset_with_extra_by_yield
[2025-02-04T22:27:49.559+0000] {logging_mixin.py:190} INFO - [2025-02-04T22:27:49.558+0000] {override.py:1911} INFO - Created Permission View: can delete on DAG:dataset_with_extra_by_yield
[2025-02-04T22:27:49.560+0000] {logging_mixin.py:190} INFO - [2025-02-04T22:27:49.560+0000] {override.py:1911} INFO - Created Permission View: can read on DAG:dataset_with_extra_by_yield
[2025-02-04T22:27:49.562+0000] {logging_mixin.py:190} INFO - [2025-02-04T22:27:49.562+0000] {override.py:1911} INFO - Created Permission View: can create on DAG Run:dataset_with_extra_by_yield
[2025-02-04T22:27:49.564+0000] {logging_mixin.py:190} INFO - [2025-02-04T22:27:49.564+0000] {override.py:1911} INFO - Created Permission View: can delete on DAG Run:dataset_with_extra_by_yield
[2025-02-04T22:27:49.568+0000] {logging_mixin.py:190} INFO - [2025-02-04T22:27:49.568+0000] {override.py:1911} INFO - Created Permission View: can read on DAG Run:dataset_with_extra_by_yield
[2025-02-04T22:27:49.572+0000] {logging_mixin.py:190} INFO - [2025-02-04T22:27:49.572+0000] {override.py:1911} INFO - Created Permission View: menu access on DAG Run:dataset_with_extra_by_yield
[2025-02-04T22:27:49.580+0000] {logging_mixin.py:190} INFO - [2025-02-04T22:27:49.580+0000] {override.py:1911} INFO - Created Permission View: can edit on DAG:dataset_with_extra_by_context
[2025-02-04T22:27:49.585+0000] {logging_mixin.py:190} INFO - [2025-02-04T22:27:49.585+0000] {override.py:1911} INFO - Created Permission View: can delete on DAG:dataset_with_extra_by_context
[2025-02-04T22:27:49.587+0000] {logging_mixin.py:190} INFO - [2025-02-04T22:27:49.587+0000] {override.py:1911} INFO - Created Permission View: can read on DAG:dataset_with_extra_by_context
[2025-02-04T22:27:49.593+0000] {logging_mixin.py:190} INFO - [2025-02-04T22:27:49.593+0000] {override.py:1911} INFO - Created Permission View: can create on DAG Run:dataset_with_extra_by_context
[2025-02-04T22:27:49.597+0000] {logging_mixin.py:190} INFO - [2025-02-04T22:27:49.597+0000] {override.py:1911} INFO - Created Permission View: can delete on DAG Run:dataset_with_extra_by_context
[2025-02-04T22:27:49.599+0000] {logging_mixin.py:190} INFO - [2025-02-04T22:27:49.599+0000] {override.py:1911} INFO - Created Permission View: can read on DAG Run:dataset_with_extra_by_context
[2025-02-04T22:27:49.600+0000] {logging_mixin.py:190} INFO - [2025-02-04T22:27:49.600+0000] {override.py:1911} INFO - Created Permission View: menu access on DAG Run:dataset_with_extra_by_context
[2025-02-04T22:27:49.601+0000] {logging_mixin.py:190} INFO - [2025-02-04T22:27:49.601+0000] {dag.py:3239} INFO - Sync 3 DAGs
[2025-02-04T22:27:49.606+0000] {logging_mixin.py:190} INFO - [2025-02-04T22:27:49.606+0000] {dag.py:3262} INFO - Creating ORM DAG for dataset_with_extra_by_yield
[2025-02-04T22:27:49.606+0000] {logging_mixin.py:190} INFO - [2025-02-04T22:27:49.606+0000] {dag.py:3262} INFO - Creating ORM DAG for dataset_with_extra_by_context
[2025-02-04T22:27:49.607+0000] {logging_mixin.py:190} INFO - [2025-02-04T22:27:49.607+0000] {dag.py:3262} INFO - Creating ORM DAG for dataset_with_extra_from_classic_operator
[2025-02-04T22:27:49.611+0000] {logging_mixin.py:190} INFO - [2025-02-04T22:27:49.611+0000] {dag.py:4180} INFO - Setting next_dagrun for dataset_with_extra_by_context to 2025-02-03 00:00:00+00:00, run_after=2025-02-04 00:00:00+00:00
[2025-02-04T22:27:49.612+0000] {logging_mixin.py:190} INFO - [2025-02-04T22:27:49.611+0000] {dag.py:4180} INFO - Setting next_dagrun for dataset_with_extra_by_yield to 2025-02-03 00:00:00+00:00, run_after=2025-02-04 00:00:00+00:00
[2025-02-04T22:27:49.612+0000] {logging_mixin.py:190} INFO - [2025-02-04T22:27:49.612+0000] {dag.py:4180} INFO - Setting next_dagrun for dataset_with_extra_from_classic_operator to 2025-02-03 00:00:00+00:00, run_after=2025-02-04 00:00:00+00:00
[2025-02-04T22:27:49.620+0000] {processor.py:208} INFO - Processing /home/airflow/.local/lib/python3.12/site-packages/airflow/example_dags/example_outlet_event_extra.py took 0.686 seconds
[2025-02-04T22:28:20.176+0000] {processor.py:186} INFO - Started process (PID=121) to work on /home/airflow/.local/lib/python3.12/site-packages/airflow/example_dags/example_outlet_event_extra.py
[2025-02-04T22:28:20.177+0000] {processor.py:914} INFO - Processing file /home/airflow/.local/lib/python3.12/site-packages/airflow/example_dags/example_outlet_event_extra.py for tasks to queue
[2025-02-04T22:28:20.180+0000] {logging_mixin.py:190} INFO - [2025-02-04T22:28:20.179+0000] {dagbag.py:588} INFO - Filling up the DagBag from /home/airflow/.local/lib/python3.12/site-packages/airflow/example_dags/example_outlet_event_extra.py
[2025-02-04T22:28:20.421+0000] {processor.py:925} INFO - DAG(s) 'dataset_with_extra_by_context', 'dataset_with_extra_from_classic_operator', 'dataset_with_extra_by_yield' retrieved from /home/airflow/.local/lib/python3.12/site-packages/airflow/example_dags/example_outlet_event_extra.py
[2025-02-04T22:28:20.433+0000] {logging_mixin.py:190} INFO - [2025-02-04T22:28:20.433+0000] {dag.py:3239} INFO - Sync 3 DAGs
[2025-02-04T22:28:20.441+0000] {logging_mixin.py:190} INFO - [2025-02-04T22:28:20.441+0000] {dag.py:4180} INFO - Setting next_dagrun for dataset_with_extra_by_context to 2025-02-03 00:00:00+00:00, run_after=2025-02-04 00:00:00+00:00
[2025-02-04T22:28:20.444+0000] {logging_mixin.py:190} INFO - [2025-02-04T22:28:20.444+0000] {dag.py:4180} INFO - Setting next_dagrun for dataset_with_extra_by_yield to 2025-02-03 00:00:00+00:00, run_after=2025-02-04 00:00:00+00:00
[2025-02-04T22:28:20.445+0000] {logging_mixin.py:190} INFO - [2025-02-04T22:28:20.445+0000] {dag.py:4180} INFO - Setting next_dagrun for dataset_with_extra_from_classic_operator to 2025-02-03 00:00:00+00:00, run_after=2025-02-04 00:00:00+00:00
[2025-02-04T22:28:20.457+0000] {processor.py:208} INFO - Processing /home/airflow/.local/lib/python3.12/site-packages/airflow/example_dags/example_outlet_event_extra.py took 0.286 seconds
[2025-02-04T22:28:50.537+0000] {processor.py:186} INFO - Started process (PID=189) to work on /home/airflow/.local/lib/python3.12/site-packages/airflow/example_dags/example_outlet_event_extra.py
[2025-02-04T22:28:50.538+0000] {processor.py:914} INFO - Processing file /home/airflow/.local/lib/python3.12/site-packages/airflow/example_dags/example_outlet_event_extra.py for tasks to queue
[2025-02-04T22:28:50.539+0000] {logging_mixin.py:190} INFO - [2025-02-04T22:28:50.539+0000] {dagbag.py:588} INFO - Filling up the DagBag from /home/airflow/.local/lib/python3.12/site-packages/airflow/example_dags/example_outlet_event_extra.py
[2025-02-04T22:28:50.758+0000] {processor.py:925} INFO - DAG(s) 'dataset_with_extra_by_yield', 'dataset_with_extra_from_classic_operator', 'dataset_with_extra_by_context' retrieved from /home/airflow/.local/lib/python3.12/site-packages/airflow/example_dags/example_outlet_event_extra.py
[2025-02-04T22:28:50.767+0000] {logging_mixin.py:190} INFO - [2025-02-04T22:28:50.766+0000] {dag.py:3239} INFO - Sync 3 DAGs
[2025-02-04T22:28:50.775+0000] {logging_mixin.py:190} INFO - [2025-02-04T22:28:50.775+0000] {dag.py:4180} INFO - Setting next_dagrun for dataset_with_extra_by_context to 2025-02-03 00:00:00+00:00, run_after=2025-02-04 00:00:00+00:00
[2025-02-04T22:28:50.777+0000] {logging_mixin.py:190} INFO - [2025-02-04T22:28:50.777+0000] {dag.py:4180} INFO - Setting next_dagrun for dataset_with_extra_by_yield to 2025-02-03 00:00:00+00:00, run_after=2025-02-04 00:00:00+00:00
[2025-02-04T22:28:50.778+0000] {logging_mixin.py:190} INFO - [2025-02-04T22:28:50.778+0000] {dag.py:4180} INFO - Setting next_dagrun for dataset_with_extra_from_classic_operator to 2025-02-03 00:00:00+00:00, run_after=2025-02-04 00:00:00+00:00
[2025-02-04T22:28:50.787+0000] {processor.py:208} INFO - Processing /home/airflow/.local/lib/python3.12/site-packages/airflow/example_dags/example_outlet_event_extra.py took 0.253 seconds
[2025-02-04T22:29:20.962+0000] {processor.py:186} INFO - Started process (PID=264) to work on /home/airflow/.local/lib/python3.12/site-packages/airflow/example_dags/example_outlet_event_extra.py
[2025-02-04T22:29:20.963+0000] {processor.py:914} INFO - Processing file /home/airflow/.local/lib/python3.12/site-packages/airflow/example_dags/example_outlet_event_extra.py for tasks to queue
[2025-02-04T22:29:20.965+0000] {logging_mixin.py:190} INFO - [2025-02-04T22:29:20.964+0000] {dagbag.py:588} INFO - Filling up the DagBag from /home/airflow/.local/lib/python3.12/site-packages/airflow/example_dags/example_outlet_event_extra.py
[2025-02-04T22:29:21.170+0000] {processor.py:925} INFO - DAG(s) 'dataset_with_extra_by_yield', 'dataset_with_extra_from_classic_operator', 'dataset_with_extra_by_context' retrieved from /home/airflow/.local/lib/python3.12/site-packages/airflow/example_dags/example_outlet_event_extra.py
[2025-02-04T22:29:21.179+0000] {logging_mixin.py:190} INFO - [2025-02-04T22:29:21.179+0000] {dag.py:3239} INFO - Sync 3 DAGs
[2025-02-04T22:29:21.187+0000] {logging_mixin.py:190} INFO - [2025-02-04T22:29:21.187+0000] {dag.py:4180} INFO - Setting next_dagrun for dataset_with_extra_by_context to 2025-02-03 00:00:00+00:00, run_after=2025-02-04 00:00:00+00:00
[2025-02-04T22:29:21.189+0000] {logging_mixin.py:190} INFO - [2025-02-04T22:29:21.188+0000] {dag.py:4180} INFO - Setting next_dagrun for dataset_with_extra_by_yield to 2025-02-03 00:00:00+00:00, run_after=2025-02-04 00:00:00+00:00
[2025-02-04T22:29:21.190+0000] {logging_mixin.py:190} INFO - [2025-02-04T22:29:21.190+0000] {dag.py:4180} INFO - Setting next_dagrun for dataset_with_extra_from_classic_operator to 2025-02-03 00:00:00+00:00, run_after=2025-02-04 00:00:00+00:00
[2025-02-04T22:29:21.200+0000] {processor.py:208} INFO - Processing /home/airflow/.local/lib/python3.12/site-packages/airflow/example_dags/example_outlet_event_extra.py took 0.241 seconds
