[2025-02-04T22:27:51.929+0000] {processor.py:186} INFO - Started process (PID=93) to work on /home/airflow/.local/lib/python3.12/site-packages/airflow/example_dags/example_latest_only_with_trigger.py
[2025-02-04T22:27:51.930+0000] {processor.py:914} INFO - Processing file /home/airflow/.local/lib/python3.12/site-packages/airflow/example_dags/example_latest_only_with_trigger.py for tasks to queue
[2025-02-04T22:27:51.931+0000] {logging_mixin.py:190} INFO - [2025-02-04T22:27:51.931+0000] {dagbag.py:588} INFO - Filling up the DagBag from /home/airflow/.local/lib/python3.12/site-packages/airflow/example_dags/example_latest_only_with_trigger.py
[2025-02-04T22:27:51.936+0000] {processor.py:925} INFO - DAG(s) 'latest_only_with_trigger' retrieved from /home/airflow/.local/lib/python3.12/site-packages/airflow/example_dags/example_latest_only_with_trigger.py
[2025-02-04T22:27:51.981+0000] {logging_mixin.py:190} INFO - [2025-02-04T22:27:51.981+0000] {override.py:1911} INFO - Created Permission View: can edit on DAG:latest_only_with_trigger
[2025-02-04T22:27:51.985+0000] {logging_mixin.py:190} INFO - [2025-02-04T22:27:51.985+0000] {override.py:1911} INFO - Created Permission View: can delete on DAG:latest_only_with_trigger
[2025-02-04T22:27:51.990+0000] {logging_mixin.py:190} INFO - [2025-02-04T22:27:51.990+0000] {override.py:1911} INFO - Created Permission View: can read on DAG:latest_only_with_trigger
[2025-02-04T22:27:51.994+0000] {logging_mixin.py:190} INFO - [2025-02-04T22:27:51.994+0000] {override.py:1911} INFO - Created Permission View: can create on DAG Run:latest_only_with_trigger
[2025-02-04T22:27:51.997+0000] {logging_mixin.py:190} INFO - [2025-02-04T22:27:51.997+0000] {override.py:1911} INFO - Created Permission View: can delete on DAG Run:latest_only_with_trigger
[2025-02-04T22:27:52.000+0000] {logging_mixin.py:190} INFO - [2025-02-04T22:27:52.000+0000] {override.py:1911} INFO - Created Permission View: can read on DAG Run:latest_only_with_trigger
[2025-02-04T22:27:52.003+0000] {logging_mixin.py:190} INFO - [2025-02-04T22:27:52.003+0000] {override.py:1911} INFO - Created Permission View: menu access on DAG Run:latest_only_with_trigger
[2025-02-04T22:27:52.003+0000] {logging_mixin.py:190} INFO - [2025-02-04T22:27:52.003+0000] {dag.py:3239} INFO - Sync 1 DAGs
[2025-02-04T22:27:52.009+0000] {logging_mixin.py:190} INFO - [2025-02-04T22:27:52.008+0000] {dag.py:3262} INFO - Creating ORM DAG for latest_only_with_trigger
[2025-02-04T22:27:52.013+0000] {logging_mixin.py:190} INFO - [2025-02-04T22:27:52.013+0000] {dag.py:4180} INFO - Setting next_dagrun for latest_only_with_trigger to 2025-02-04 16:00:00+00:00, run_after=2025-02-04 20:00:00+00:00
[2025-02-04T22:27:52.020+0000] {processor.py:208} INFO - Processing /home/airflow/.local/lib/python3.12/site-packages/airflow/example_dags/example_latest_only_with_trigger.py took 0.094 seconds
[2025-02-04T22:28:22.579+0000] {processor.py:186} INFO - Started process (PID=157) to work on /home/airflow/.local/lib/python3.12/site-packages/airflow/example_dags/example_latest_only_with_trigger.py
[2025-02-04T22:28:22.580+0000] {processor.py:914} INFO - Processing file /home/airflow/.local/lib/python3.12/site-packages/airflow/example_dags/example_latest_only_with_trigger.py for tasks to queue
[2025-02-04T22:28:22.582+0000] {logging_mixin.py:190} INFO - [2025-02-04T22:28:22.582+0000] {dagbag.py:588} INFO - Filling up the DagBag from /home/airflow/.local/lib/python3.12/site-packages/airflow/example_dags/example_latest_only_with_trigger.py
[2025-02-04T22:28:22.586+0000] {processor.py:925} INFO - DAG(s) 'latest_only_with_trigger' retrieved from /home/airflow/.local/lib/python3.12/site-packages/airflow/example_dags/example_latest_only_with_trigger.py
[2025-02-04T22:28:22.597+0000] {logging_mixin.py:190} INFO - [2025-02-04T22:28:22.597+0000] {dag.py:3239} INFO - Sync 1 DAGs
[2025-02-04T22:28:22.605+0000] {logging_mixin.py:190} INFO - [2025-02-04T22:28:22.605+0000] {dag.py:4180} INFO - Setting next_dagrun for latest_only_with_trigger to 2025-02-04 16:00:00+00:00, run_after=2025-02-04 20:00:00+00:00
[2025-02-04T22:28:22.614+0000] {processor.py:208} INFO - Processing /home/airflow/.local/lib/python3.12/site-packages/airflow/example_dags/example_latest_only_with_trigger.py took 0.037 seconds
[2025-02-04T22:28:53.898+0000] {processor.py:186} INFO - Started process (PID=221) to work on /home/airflow/.local/lib/python3.12/site-packages/airflow/example_dags/example_latest_only_with_trigger.py
[2025-02-04T22:28:53.900+0000] {processor.py:914} INFO - Processing file /home/airflow/.local/lib/python3.12/site-packages/airflow/example_dags/example_latest_only_with_trigger.py for tasks to queue
[2025-02-04T22:28:53.901+0000] {logging_mixin.py:190} INFO - [2025-02-04T22:28:53.901+0000] {dagbag.py:588} INFO - Filling up the DagBag from /home/airflow/.local/lib/python3.12/site-packages/airflow/example_dags/example_latest_only_with_trigger.py
[2025-02-04T22:28:53.904+0000] {processor.py:925} INFO - DAG(s) 'latest_only_with_trigger' retrieved from /home/airflow/.local/lib/python3.12/site-packages/airflow/example_dags/example_latest_only_with_trigger.py
[2025-02-04T22:28:53.914+0000] {logging_mixin.py:190} INFO - [2025-02-04T22:28:53.914+0000] {dag.py:3239} INFO - Sync 1 DAGs
[2025-02-04T22:28:53.922+0000] {logging_mixin.py:190} INFO - [2025-02-04T22:28:53.922+0000] {dag.py:4180} INFO - Setting next_dagrun for latest_only_with_trigger to 2025-02-04 16:00:00+00:00, run_after=2025-02-04 20:00:00+00:00
[2025-02-04T22:28:53.928+0000] {processor.py:208} INFO - Processing /home/airflow/.local/lib/python3.12/site-packages/airflow/example_dags/example_latest_only_with_trigger.py took 0.033 seconds
[2025-02-04T22:29:24.368+0000] {processor.py:186} INFO - Started process (PID=293) to work on /home/airflow/.local/lib/python3.12/site-packages/airflow/example_dags/example_latest_only_with_trigger.py
[2025-02-04T22:29:24.368+0000] {processor.py:914} INFO - Processing file /home/airflow/.local/lib/python3.12/site-packages/airflow/example_dags/example_latest_only_with_trigger.py for tasks to queue
[2025-02-04T22:29:24.369+0000] {logging_mixin.py:190} INFO - [2025-02-04T22:29:24.369+0000] {dagbag.py:588} INFO - Filling up the DagBag from /home/airflow/.local/lib/python3.12/site-packages/airflow/example_dags/example_latest_only_with_trigger.py
[2025-02-04T22:29:24.372+0000] {processor.py:925} INFO - DAG(s) 'latest_only_with_trigger' retrieved from /home/airflow/.local/lib/python3.12/site-packages/airflow/example_dags/example_latest_only_with_trigger.py
[2025-02-04T22:29:24.384+0000] {logging_mixin.py:190} INFO - [2025-02-04T22:29:24.384+0000] {dag.py:3239} INFO - Sync 1 DAGs
[2025-02-04T22:29:24.394+0000] {logging_mixin.py:190} INFO - [2025-02-04T22:29:24.394+0000] {dag.py:4180} INFO - Setting next_dagrun for latest_only_with_trigger to 2025-02-04 16:00:00+00:00, run_after=2025-02-04 20:00:00+00:00
[2025-02-04T22:29:24.402+0000] {processor.py:208} INFO - Processing /home/airflow/.local/lib/python3.12/site-packages/airflow/example_dags/example_latest_only_with_trigger.py took 0.037 seconds
