[2025-02-04T22:27:52.508+0000] {processor.py:186} INFO - Started process (PID=102) to work on /home/airflow/.local/lib/python3.12/site-packages/airflow/example_dags/example_task_group_decorator.py
[2025-02-04T22:27:52.508+0000] {processor.py:914} INFO - Processing file /home/airflow/.local/lib/python3.12/site-packages/airflow/example_dags/example_task_group_decorator.py for tasks to queue
[2025-02-04T22:27:52.509+0000] {logging_mixin.py:190} INFO - [2025-02-04T22:27:52.509+0000] {dagbag.py:588} INFO - Filling up the DagBag from /home/airflow/.local/lib/python3.12/site-packages/airflow/example_dags/example_task_group_decorator.py
[2025-02-04T22:27:52.518+0000] {processor.py:925} INFO - DAG(s) 'example_task_group_decorator' retrieved from /home/airflow/.local/lib/python3.12/site-packages/airflow/example_dags/example_task_group_decorator.py
[2025-02-04T22:27:52.569+0000] {logging_mixin.py:190} INFO - [2025-02-04T22:27:52.569+0000] {override.py:1911} INFO - Created Permission View: can edit on DAG:example_task_group_decorator
[2025-02-04T22:27:52.577+0000] {logging_mixin.py:190} INFO - [2025-02-04T22:27:52.577+0000] {override.py:1911} INFO - Created Permission View: can delete on DAG:example_task_group_decorator
[2025-02-04T22:27:52.582+0000] {logging_mixin.py:190} INFO - [2025-02-04T22:27:52.582+0000] {override.py:1911} INFO - Created Permission View: can read on DAG:example_task_group_decorator
[2025-02-04T22:27:52.590+0000] {logging_mixin.py:190} INFO - [2025-02-04T22:27:52.589+0000] {override.py:1911} INFO - Created Permission View: can create on DAG Run:example_task_group_decorator
[2025-02-04T22:27:52.592+0000] {logging_mixin.py:190} INFO - [2025-02-04T22:27:52.592+0000] {override.py:1911} INFO - Created Permission View: can delete on DAG Run:example_task_group_decorator
[2025-02-04T22:27:52.595+0000] {logging_mixin.py:190} INFO - [2025-02-04T22:27:52.595+0000] {override.py:1911} INFO - Created Permission View: can read on DAG Run:example_task_group_decorator
[2025-02-04T22:27:52.597+0000] {logging_mixin.py:190} INFO - [2025-02-04T22:27:52.597+0000] {override.py:1911} INFO - Created Permission View: menu access on DAG Run:example_task_group_decorator
[2025-02-04T22:27:52.597+0000] {logging_mixin.py:190} INFO - [2025-02-04T22:27:52.597+0000] {dag.py:3239} INFO - Sync 1 DAGs
[2025-02-04T22:27:52.603+0000] {logging_mixin.py:190} INFO - [2025-02-04T22:27:52.603+0000] {dag.py:3262} INFO - Creating ORM DAG for example_task_group_decorator
[2025-02-04T22:27:52.603+0000] {logging_mixin.py:190} INFO - [2025-02-04T22:27:52.603+0000] {dag.py:4180} INFO - Setting next_dagrun for example_task_group_decorator to None, run_after=None
[2025-02-04T22:27:52.612+0000] {processor.py:208} INFO - Processing /home/airflow/.local/lib/python3.12/site-packages/airflow/example_dags/example_task_group_decorator.py took 0.109 seconds
[2025-02-04T22:28:22.849+0000] {processor.py:186} INFO - Started process (PID=166) to work on /home/airflow/.local/lib/python3.12/site-packages/airflow/example_dags/example_task_group_decorator.py
[2025-02-04T22:28:22.849+0000] {processor.py:914} INFO - Processing file /home/airflow/.local/lib/python3.12/site-packages/airflow/example_dags/example_task_group_decorator.py for tasks to queue
[2025-02-04T22:28:22.851+0000] {logging_mixin.py:190} INFO - [2025-02-04T22:28:22.850+0000] {dagbag.py:588} INFO - Filling up the DagBag from /home/airflow/.local/lib/python3.12/site-packages/airflow/example_dags/example_task_group_decorator.py
[2025-02-04T22:28:22.857+0000] {processor.py:925} INFO - DAG(s) 'example_task_group_decorator' retrieved from /home/airflow/.local/lib/python3.12/site-packages/airflow/example_dags/example_task_group_decorator.py
[2025-02-04T22:28:22.868+0000] {logging_mixin.py:190} INFO - [2025-02-04T22:28:22.868+0000] {dag.py:3239} INFO - Sync 1 DAGs
[2025-02-04T22:28:22.879+0000] {logging_mixin.py:190} INFO - [2025-02-04T22:28:22.879+0000] {dag.py:4180} INFO - Setting next_dagrun for example_task_group_decorator to None, run_after=None
[2025-02-04T22:28:22.886+0000] {processor.py:208} INFO - Processing /home/airflow/.local/lib/python3.12/site-packages/airflow/example_dags/example_task_group_decorator.py took 0.040 seconds
[2025-02-04T22:28:54.153+0000] {processor.py:186} INFO - Started process (PID=230) to work on /home/airflow/.local/lib/python3.12/site-packages/airflow/example_dags/example_task_group_decorator.py
[2025-02-04T22:28:54.157+0000] {processor.py:914} INFO - Processing file /home/airflow/.local/lib/python3.12/site-packages/airflow/example_dags/example_task_group_decorator.py for tasks to queue
[2025-02-04T22:28:54.159+0000] {logging_mixin.py:190} INFO - [2025-02-04T22:28:54.159+0000] {dagbag.py:588} INFO - Filling up the DagBag from /home/airflow/.local/lib/python3.12/site-packages/airflow/example_dags/example_task_group_decorator.py
[2025-02-04T22:28:54.166+0000] {processor.py:925} INFO - DAG(s) 'example_task_group_decorator' retrieved from /home/airflow/.local/lib/python3.12/site-packages/airflow/example_dags/example_task_group_decorator.py
[2025-02-04T22:28:54.177+0000] {logging_mixin.py:190} INFO - [2025-02-04T22:28:54.177+0000] {dag.py:3239} INFO - Sync 1 DAGs
[2025-02-04T22:28:54.183+0000] {logging_mixin.py:190} INFO - [2025-02-04T22:28:54.183+0000] {dag.py:4180} INFO - Setting next_dagrun for example_task_group_decorator to None, run_after=None
[2025-02-04T22:28:54.189+0000] {processor.py:208} INFO - Processing /home/airflow/.local/lib/python3.12/site-packages/airflow/example_dags/example_task_group_decorator.py took 0.038 seconds
[2025-02-04T22:29:24.595+0000] {processor.py:186} INFO - Started process (PID=302) to work on /home/airflow/.local/lib/python3.12/site-packages/airflow/example_dags/example_task_group_decorator.py
[2025-02-04T22:29:24.596+0000] {processor.py:914} INFO - Processing file /home/airflow/.local/lib/python3.12/site-packages/airflow/example_dags/example_task_group_decorator.py for tasks to queue
[2025-02-04T22:29:24.597+0000] {logging_mixin.py:190} INFO - [2025-02-04T22:29:24.597+0000] {dagbag.py:588} INFO - Filling up the DagBag from /home/airflow/.local/lib/python3.12/site-packages/airflow/example_dags/example_task_group_decorator.py
[2025-02-04T22:29:24.606+0000] {processor.py:925} INFO - DAG(s) 'example_task_group_decorator' retrieved from /home/airflow/.local/lib/python3.12/site-packages/airflow/example_dags/example_task_group_decorator.py
[2025-02-04T22:29:24.616+0000] {logging_mixin.py:190} INFO - [2025-02-04T22:29:24.616+0000] {dag.py:3239} INFO - Sync 1 DAGs
[2025-02-04T22:29:24.622+0000] {logging_mixin.py:190} INFO - [2025-02-04T22:29:24.622+0000] {dag.py:4180} INFO - Setting next_dagrun for example_task_group_decorator to None, run_after=None
[2025-02-04T22:29:24.634+0000] {processor.py:208} INFO - Processing /home/airflow/.local/lib/python3.12/site-packages/airflow/example_dags/example_task_group_decorator.py took 0.042 seconds
