[2025-02-04T22:27:50.496+0000] {processor.py:186} INFO - Started process (PID=78) to work on /home/airflow/.local/lib/python3.12/site-packages/airflow/example_dags/example_xcom.py
[2025-02-04T22:27:50.496+0000] {processor.py:914} INFO - Processing file /home/airflow/.local/lib/python3.12/site-packages/airflow/example_dags/example_xcom.py for tasks to queue
[2025-02-04T22:27:50.497+0000] {logging_mixin.py:190} INFO - [2025-02-04T22:27:50.497+0000] {dagbag.py:588} INFO - Filling up the DagBag from /home/airflow/.local/lib/python3.12/site-packages/airflow/example_dags/example_xcom.py
[2025-02-04T22:27:50.502+0000] {processor.py:925} INFO - DAG(s) 'example_xcom' retrieved from /home/airflow/.local/lib/python3.12/site-packages/airflow/example_dags/example_xcom.py
[2025-02-04T22:27:50.545+0000] {logging_mixin.py:190} INFO - [2025-02-04T22:27:50.544+0000] {override.py:1911} INFO - Created Permission View: can edit on DAG:example_xcom
[2025-02-04T22:27:50.548+0000] {logging_mixin.py:190} INFO - [2025-02-04T22:27:50.548+0000] {override.py:1911} INFO - Created Permission View: can delete on DAG:example_xcom
[2025-02-04T22:27:50.550+0000] {logging_mixin.py:190} INFO - [2025-02-04T22:27:50.550+0000] {override.py:1911} INFO - Created Permission View: can read on DAG:example_xcom
[2025-02-04T22:27:50.552+0000] {logging_mixin.py:190} INFO - [2025-02-04T22:27:50.551+0000] {override.py:1911} INFO - Created Permission View: can create on DAG Run:example_xcom
[2025-02-04T22:27:50.553+0000] {logging_mixin.py:190} INFO - [2025-02-04T22:27:50.553+0000] {override.py:1911} INFO - Created Permission View: can delete on DAG Run:example_xcom
[2025-02-04T22:27:50.555+0000] {logging_mixin.py:190} INFO - [2025-02-04T22:27:50.555+0000] {override.py:1911} INFO - Created Permission View: can read on DAG Run:example_xcom
[2025-02-04T22:27:50.556+0000] {logging_mixin.py:190} INFO - [2025-02-04T22:27:50.556+0000] {override.py:1911} INFO - Created Permission View: menu access on DAG Run:example_xcom
[2025-02-04T22:27:50.557+0000] {logging_mixin.py:190} INFO - [2025-02-04T22:27:50.557+0000] {dag.py:3239} INFO - Sync 1 DAGs
[2025-02-04T22:27:50.561+0000] {logging_mixin.py:190} INFO - [2025-02-04T22:27:50.561+0000] {dag.py:3262} INFO - Creating ORM DAG for example_xcom
[2025-02-04T22:27:50.565+0000] {logging_mixin.py:190} INFO - [2025-02-04T22:27:50.565+0000] {dag.py:4180} INFO - Setting next_dagrun for example_xcom to 2021-01-01 00:00:00+00:00, run_after=2021-01-01 00:00:00+00:00
[2025-02-04T22:27:50.573+0000] {processor.py:208} INFO - Processing /home/airflow/.local/lib/python3.12/site-packages/airflow/example_dags/example_xcom.py took 0.081 seconds
[2025-02-04T22:28:20.799+0000] {processor.py:186} INFO - Started process (PID=142) to work on /home/airflow/.local/lib/python3.12/site-packages/airflow/example_dags/example_xcom.py
[2025-02-04T22:28:20.801+0000] {processor.py:914} INFO - Processing file /home/airflow/.local/lib/python3.12/site-packages/airflow/example_dags/example_xcom.py for tasks to queue
[2025-02-04T22:28:20.803+0000] {logging_mixin.py:190} INFO - [2025-02-04T22:28:20.802+0000] {dagbag.py:588} INFO - Filling up the DagBag from /home/airflow/.local/lib/python3.12/site-packages/airflow/example_dags/example_xcom.py
[2025-02-04T22:28:20.808+0000] {processor.py:925} INFO - DAG(s) 'example_xcom' retrieved from /home/airflow/.local/lib/python3.12/site-packages/airflow/example_dags/example_xcom.py
[2025-02-04T22:28:20.816+0000] {logging_mixin.py:190} INFO - [2025-02-04T22:28:20.816+0000] {dag.py:3239} INFO - Sync 1 DAGs
[2025-02-04T22:28:20.824+0000] {logging_mixin.py:190} INFO - [2025-02-04T22:28:20.824+0000] {dag.py:4180} INFO - Setting next_dagrun for example_xcom to 2021-01-01 00:00:00+00:00, run_after=2021-01-01 00:00:00+00:00
[2025-02-04T22:28:20.832+0000] {processor.py:208} INFO - Processing /home/airflow/.local/lib/python3.12/site-packages/airflow/example_dags/example_xcom.py took 0.035 seconds
[2025-02-04T22:28:51.036+0000] {processor.py:186} INFO - Started process (PID=206) to work on /home/airflow/.local/lib/python3.12/site-packages/airflow/example_dags/example_xcom.py
[2025-02-04T22:28:51.036+0000] {processor.py:914} INFO - Processing file /home/airflow/.local/lib/python3.12/site-packages/airflow/example_dags/example_xcom.py for tasks to queue
[2025-02-04T22:28:51.037+0000] {logging_mixin.py:190} INFO - [2025-02-04T22:28:51.037+0000] {dagbag.py:588} INFO - Filling up the DagBag from /home/airflow/.local/lib/python3.12/site-packages/airflow/example_dags/example_xcom.py
[2025-02-04T22:28:51.042+0000] {processor.py:925} INFO - DAG(s) 'example_xcom' retrieved from /home/airflow/.local/lib/python3.12/site-packages/airflow/example_dags/example_xcom.py
[2025-02-04T22:28:51.052+0000] {logging_mixin.py:190} INFO - [2025-02-04T22:28:51.052+0000] {dag.py:3239} INFO - Sync 1 DAGs
[2025-02-04T22:28:51.061+0000] {logging_mixin.py:190} INFO - [2025-02-04T22:28:51.061+0000] {dag.py:4180} INFO - Setting next_dagrun for example_xcom to 2021-01-01 00:00:00+00:00, run_after=2021-01-01 00:00:00+00:00
[2025-02-04T22:28:51.069+0000] {processor.py:208} INFO - Processing /home/airflow/.local/lib/python3.12/site-packages/airflow/example_dags/example_xcom.py took 0.036 seconds
[2025-02-04T22:29:21.454+0000] {processor.py:186} INFO - Started process (PID=278) to work on /home/airflow/.local/lib/python3.12/site-packages/airflow/example_dags/example_xcom.py
[2025-02-04T22:29:21.454+0000] {processor.py:914} INFO - Processing file /home/airflow/.local/lib/python3.12/site-packages/airflow/example_dags/example_xcom.py for tasks to queue
[2025-02-04T22:29:21.455+0000] {logging_mixin.py:190} INFO - [2025-02-04T22:29:21.455+0000] {dagbag.py:588} INFO - Filling up the DagBag from /home/airflow/.local/lib/python3.12/site-packages/airflow/example_dags/example_xcom.py
[2025-02-04T22:29:21.460+0000] {processor.py:925} INFO - DAG(s) 'example_xcom' retrieved from /home/airflow/.local/lib/python3.12/site-packages/airflow/example_dags/example_xcom.py
[2025-02-04T22:29:21.472+0000] {logging_mixin.py:190} INFO - [2025-02-04T22:29:21.471+0000] {dag.py:3239} INFO - Sync 1 DAGs
[2025-02-04T22:29:21.481+0000] {logging_mixin.py:190} INFO - [2025-02-04T22:29:21.481+0000] {dag.py:4180} INFO - Setting next_dagrun for example_xcom to 2021-01-01 00:00:00+00:00, run_after=2021-01-01 00:00:00+00:00
[2025-02-04T22:29:21.491+0000] {processor.py:208} INFO - Processing /home/airflow/.local/lib/python3.12/site-packages/airflow/example_dags/example_xcom.py took 0.040 seconds
