[2025-02-04T22:27:51.498+0000] {processor.py:186} INFO - Started process (PID=91) to work on /home/airflow/.local/lib/python3.12/site-packages/airflow/example_dags/example_datasets.py
[2025-02-04T22:27:51.499+0000] {processor.py:914} INFO - Processing file /home/airflow/.local/lib/python3.12/site-packages/airflow/example_dags/example_datasets.py for tasks to queue
[2025-02-04T22:27:51.500+0000] {logging_mixin.py:190} INFO - [2025-02-04T22:27:51.500+0000] {dagbag.py:588} INFO - Filling up the DagBag from /home/airflow/.local/lib/python3.12/site-packages/airflow/example_dags/example_datasets.py
[2025-02-04T22:27:51.728+0000] {processor.py:925} INFO - DAG(s) 'consume_1_or_both_2_and_3_with_dataset_expressions', 'conditional_dataset_and_time_based_timetable', 'dataset_consumes_unknown_never_scheduled', 'dataset_consumes_1_never_scheduled', 'dataset_produces_2', 'dataset_consumes_1', 'consume_1_or_2_with_dataset_expressions', 'dataset_produces_1', 'dataset_consumes_1_and_2', 'consume_1_and_2_with_dataset_expressions' retrieved from /home/airflow/.local/lib/python3.12/site-packages/airflow/example_dags/example_datasets.py
[2025-02-04T22:27:51.775+0000] {logging_mixin.py:190} INFO - [2025-02-04T22:27:51.775+0000] {override.py:1911} INFO - Created Permission View: can edit on DAG:consume_1_or_both_2_and_3_with_dataset_expressions
[2025-02-04T22:27:51.780+0000] {logging_mixin.py:190} INFO - [2025-02-04T22:27:51.780+0000] {override.py:1911} INFO - Created Permission View: can delete on DAG:consume_1_or_both_2_and_3_with_dataset_expressions
[2025-02-04T22:27:51.782+0000] {logging_mixin.py:190} INFO - [2025-02-04T22:27:51.782+0000] {override.py:1911} INFO - Created Permission View: can read on DAG:consume_1_or_both_2_and_3_with_dataset_expressions
[2025-02-04T22:27:51.785+0000] {logging_mixin.py:190} INFO - [2025-02-04T22:27:51.785+0000] {override.py:1911} INFO - Created Permission View: can create on DAG Run:consume_1_or_both_2_and_3_with_dataset_expressions
[2025-02-04T22:27:51.788+0000] {logging_mixin.py:190} INFO - [2025-02-04T22:27:51.788+0000] {override.py:1911} INFO - Created Permission View: can delete on DAG Run:consume_1_or_both_2_and_3_with_dataset_expressions
[2025-02-04T22:27:51.791+0000] {logging_mixin.py:190} INFO - [2025-02-04T22:27:51.791+0000] {override.py:1911} INFO - Created Permission View: can read on DAG Run:consume_1_or_both_2_and_3_with_dataset_expressions
[2025-02-04T22:27:51.794+0000] {logging_mixin.py:190} INFO - [2025-02-04T22:27:51.794+0000] {override.py:1911} INFO - Created Permission View: menu access on DAG Run:consume_1_or_both_2_and_3_with_dataset_expressions
[2025-02-04T22:27:51.799+0000] {logging_mixin.py:190} INFO - [2025-02-04T22:27:51.799+0000] {override.py:1911} INFO - Created Permission View: can edit on DAG:conditional_dataset_and_time_based_timetable
[2025-02-04T22:27:51.803+0000] {logging_mixin.py:190} INFO - [2025-02-04T22:27:51.802+0000] {override.py:1911} INFO - Created Permission View: can delete on DAG:conditional_dataset_and_time_based_timetable
[2025-02-04T22:27:51.807+0000] {logging_mixin.py:190} INFO - [2025-02-04T22:27:51.807+0000] {override.py:1911} INFO - Created Permission View: can read on DAG:conditional_dataset_and_time_based_timetable
[2025-02-04T22:27:51.809+0000] {logging_mixin.py:190} INFO - [2025-02-04T22:27:51.809+0000] {override.py:1911} INFO - Created Permission View: can create on DAG Run:conditional_dataset_and_time_based_timetable
[2025-02-04T22:27:51.812+0000] {logging_mixin.py:190} INFO - [2025-02-04T22:27:51.812+0000] {override.py:1911} INFO - Created Permission View: can delete on DAG Run:conditional_dataset_and_time_based_timetable
[2025-02-04T22:27:51.816+0000] {logging_mixin.py:190} INFO - [2025-02-04T22:27:51.816+0000] {override.py:1911} INFO - Created Permission View: can read on DAG Run:conditional_dataset_and_time_based_timetable
[2025-02-04T22:27:51.819+0000] {logging_mixin.py:190} INFO - [2025-02-04T22:27:51.818+0000] {override.py:1911} INFO - Created Permission View: menu access on DAG Run:conditional_dataset_and_time_based_timetable
[2025-02-04T22:27:51.822+0000] {logging_mixin.py:190} INFO - [2025-02-04T22:27:51.822+0000] {override.py:1911} INFO - Created Permission View: can edit on DAG:dataset_consumes_unknown_never_scheduled
[2025-02-04T22:27:51.824+0000] {logging_mixin.py:190} INFO - [2025-02-04T22:27:51.824+0000] {override.py:1911} INFO - Created Permission View: can delete on DAG:dataset_consumes_unknown_never_scheduled
[2025-02-04T22:27:51.826+0000] {logging_mixin.py:190} INFO - [2025-02-04T22:27:51.825+0000] {override.py:1911} INFO - Created Permission View: can read on DAG:dataset_consumes_unknown_never_scheduled
[2025-02-04T22:27:51.827+0000] {logging_mixin.py:190} INFO - [2025-02-04T22:27:51.827+0000] {override.py:1911} INFO - Created Permission View: can create on DAG Run:dataset_consumes_unknown_never_scheduled
[2025-02-04T22:27:51.829+0000] {logging_mixin.py:190} INFO - [2025-02-04T22:27:51.829+0000] {override.py:1911} INFO - Created Permission View: can delete on DAG Run:dataset_consumes_unknown_never_scheduled
[2025-02-04T22:27:51.831+0000] {logging_mixin.py:190} INFO - [2025-02-04T22:27:51.831+0000] {override.py:1911} INFO - Created Permission View: can read on DAG Run:dataset_consumes_unknown_never_scheduled
[2025-02-04T22:27:51.833+0000] {logging_mixin.py:190} INFO - [2025-02-04T22:27:51.833+0000] {override.py:1911} INFO - Created Permission View: menu access on DAG Run:dataset_consumes_unknown_never_scheduled
[2025-02-04T22:27:51.837+0000] {logging_mixin.py:190} INFO - [2025-02-04T22:27:51.837+0000] {override.py:1911} INFO - Created Permission View: can edit on DAG:dataset_consumes_1_never_scheduled
[2025-02-04T22:27:51.840+0000] {logging_mixin.py:190} INFO - [2025-02-04T22:27:51.840+0000] {override.py:1911} INFO - Created Permission View: can delete on DAG:dataset_consumes_1_never_scheduled
[2025-02-04T22:27:51.844+0000] {logging_mixin.py:190} INFO - [2025-02-04T22:27:51.844+0000] {override.py:1911} INFO - Created Permission View: can read on DAG:dataset_consumes_1_never_scheduled
[2025-02-04T22:27:51.850+0000] {logging_mixin.py:190} INFO - [2025-02-04T22:27:51.849+0000] {override.py:1911} INFO - Created Permission View: can create on DAG Run:dataset_consumes_1_never_scheduled
[2025-02-04T22:27:51.852+0000] {logging_mixin.py:190} INFO - [2025-02-04T22:27:51.852+0000] {override.py:1911} INFO - Created Permission View: can delete on DAG Run:dataset_consumes_1_never_scheduled
[2025-02-04T22:27:51.856+0000] {logging_mixin.py:190} INFO - [2025-02-04T22:27:51.856+0000] {override.py:1911} INFO - Created Permission View: can read on DAG Run:dataset_consumes_1_never_scheduled
[2025-02-04T22:27:51.857+0000] {logging_mixin.py:190} INFO - [2025-02-04T22:27:51.857+0000] {override.py:1911} INFO - Created Permission View: menu access on DAG Run:dataset_consumes_1_never_scheduled
[2025-02-04T22:27:51.861+0000] {logging_mixin.py:190} INFO - [2025-02-04T22:27:51.861+0000] {override.py:1911} INFO - Created Permission View: can edit on DAG:dataset_produces_2
[2025-02-04T22:27:51.863+0000] {logging_mixin.py:190} INFO - [2025-02-04T22:27:51.862+0000] {override.py:1911} INFO - Created Permission View: can delete on DAG:dataset_produces_2
[2025-02-04T22:27:51.864+0000] {logging_mixin.py:190} INFO - [2025-02-04T22:27:51.864+0000] {override.py:1911} INFO - Created Permission View: can read on DAG:dataset_produces_2
[2025-02-04T22:27:51.866+0000] {logging_mixin.py:190} INFO - [2025-02-04T22:27:51.866+0000] {override.py:1911} INFO - Created Permission View: can create on DAG Run:dataset_produces_2
[2025-02-04T22:27:51.867+0000] {logging_mixin.py:190} INFO - [2025-02-04T22:27:51.867+0000] {override.py:1911} INFO - Created Permission View: can delete on DAG Run:dataset_produces_2
[2025-02-04T22:27:51.868+0000] {logging_mixin.py:190} INFO - [2025-02-04T22:27:51.868+0000] {override.py:1911} INFO - Created Permission View: can read on DAG Run:dataset_produces_2
[2025-02-04T22:27:51.870+0000] {logging_mixin.py:190} INFO - [2025-02-04T22:27:51.870+0000] {override.py:1911} INFO - Created Permission View: menu access on DAG Run:dataset_produces_2
[2025-02-04T22:27:51.873+0000] {logging_mixin.py:190} INFO - [2025-02-04T22:27:51.873+0000] {override.py:1911} INFO - Created Permission View: can edit on DAG:dataset_consumes_1
[2025-02-04T22:27:51.875+0000] {logging_mixin.py:190} INFO - [2025-02-04T22:27:51.875+0000] {override.py:1911} INFO - Created Permission View: can delete on DAG:dataset_consumes_1
[2025-02-04T22:27:51.877+0000] {logging_mixin.py:190} INFO - [2025-02-04T22:27:51.877+0000] {override.py:1911} INFO - Created Permission View: can read on DAG:dataset_consumes_1
[2025-02-04T22:27:51.878+0000] {logging_mixin.py:190} INFO - [2025-02-04T22:27:51.878+0000] {override.py:1911} INFO - Created Permission View: can create on DAG Run:dataset_consumes_1
[2025-02-04T22:27:51.881+0000] {logging_mixin.py:190} INFO - [2025-02-04T22:27:51.881+0000] {override.py:1911} INFO - Created Permission View: can delete on DAG Run:dataset_consumes_1
[2025-02-04T22:27:51.884+0000] {logging_mixin.py:190} INFO - [2025-02-04T22:27:51.884+0000] {override.py:1911} INFO - Created Permission View: can read on DAG Run:dataset_consumes_1
[2025-02-04T22:27:51.888+0000] {logging_mixin.py:190} INFO - [2025-02-04T22:27:51.888+0000] {override.py:1911} INFO - Created Permission View: menu access on DAG Run:dataset_consumes_1
[2025-02-04T22:27:51.892+0000] {logging_mixin.py:190} INFO - [2025-02-04T22:27:51.892+0000] {override.py:1911} INFO - Created Permission View: can edit on DAG:consume_1_or_2_with_dataset_expressions
[2025-02-04T22:27:51.895+0000] {logging_mixin.py:190} INFO - [2025-02-04T22:27:51.895+0000] {override.py:1911} INFO - Created Permission View: can delete on DAG:consume_1_or_2_with_dataset_expressions
[2025-02-04T22:27:51.897+0000] {logging_mixin.py:190} INFO - [2025-02-04T22:27:51.897+0000] {override.py:1911} INFO - Created Permission View: can read on DAG:consume_1_or_2_with_dataset_expressions
[2025-02-04T22:27:51.900+0000] {logging_mixin.py:190} INFO - [2025-02-04T22:27:51.900+0000] {override.py:1911} INFO - Created Permission View: can create on DAG Run:consume_1_or_2_with_dataset_expressions
[2025-02-04T22:27:51.903+0000] {logging_mixin.py:190} INFO - [2025-02-04T22:27:51.903+0000] {override.py:1911} INFO - Created Permission View: can delete on DAG Run:consume_1_or_2_with_dataset_expressions
[2025-02-04T22:27:51.906+0000] {logging_mixin.py:190} INFO - [2025-02-04T22:27:51.906+0000] {override.py:1911} INFO - Created Permission View: can read on DAG Run:consume_1_or_2_with_dataset_expressions
[2025-02-04T22:27:51.909+0000] {logging_mixin.py:190} INFO - [2025-02-04T22:27:51.909+0000] {override.py:1911} INFO - Created Permission View: menu access on DAG Run:consume_1_or_2_with_dataset_expressions
[2025-02-04T22:27:51.914+0000] {logging_mixin.py:190} INFO - [2025-02-04T22:27:51.914+0000] {override.py:1911} INFO - Created Permission View: can edit on DAG:dataset_produces_1
[2025-02-04T22:27:51.917+0000] {logging_mixin.py:190} INFO - [2025-02-04T22:27:51.917+0000] {override.py:1911} INFO - Created Permission View: can delete on DAG:dataset_produces_1
[2025-02-04T22:27:51.922+0000] {logging_mixin.py:190} INFO - [2025-02-04T22:27:51.922+0000] {override.py:1911} INFO - Created Permission View: can read on DAG:dataset_produces_1
[2025-02-04T22:27:51.923+0000] {logging_mixin.py:190} INFO - [2025-02-04T22:27:51.923+0000] {override.py:1911} INFO - Created Permission View: can create on DAG Run:dataset_produces_1
[2025-02-04T22:27:51.925+0000] {logging_mixin.py:190} INFO - [2025-02-04T22:27:51.925+0000] {override.py:1911} INFO - Created Permission View: can delete on DAG Run:dataset_produces_1
[2025-02-04T22:27:51.927+0000] {logging_mixin.py:190} INFO - [2025-02-04T22:27:51.927+0000] {override.py:1911} INFO - Created Permission View: can read on DAG Run:dataset_produces_1
[2025-02-04T22:27:51.928+0000] {logging_mixin.py:190} INFO - [2025-02-04T22:27:51.928+0000] {override.py:1911} INFO - Created Permission View: menu access on DAG Run:dataset_produces_1
[2025-02-04T22:27:51.935+0000] {logging_mixin.py:190} INFO - [2025-02-04T22:27:51.935+0000] {override.py:1911} INFO - Created Permission View: can edit on DAG:dataset_consumes_1_and_2
[2025-02-04T22:27:51.938+0000] {logging_mixin.py:190} INFO - [2025-02-04T22:27:51.938+0000] {override.py:1911} INFO - Created Permission View: can delete on DAG:dataset_consumes_1_and_2
[2025-02-04T22:27:51.940+0000] {logging_mixin.py:190} INFO - [2025-02-04T22:27:51.940+0000] {override.py:1911} INFO - Created Permission View: can read on DAG:dataset_consumes_1_and_2
[2025-02-04T22:27:51.945+0000] {logging_mixin.py:190} INFO - [2025-02-04T22:27:51.945+0000] {override.py:1911} INFO - Created Permission View: can create on DAG Run:dataset_consumes_1_and_2
[2025-02-04T22:27:51.952+0000] {logging_mixin.py:190} INFO - [2025-02-04T22:27:51.951+0000] {override.py:1911} INFO - Created Permission View: can delete on DAG Run:dataset_consumes_1_and_2
[2025-02-04T22:27:51.956+0000] {logging_mixin.py:190} INFO - [2025-02-04T22:27:51.956+0000] {override.py:1911} INFO - Created Permission View: can read on DAG Run:dataset_consumes_1_and_2
[2025-02-04T22:27:51.959+0000] {logging_mixin.py:190} INFO - [2025-02-04T22:27:51.959+0000] {override.py:1911} INFO - Created Permission View: menu access on DAG Run:dataset_consumes_1_and_2
[2025-02-04T22:27:51.964+0000] {logging_mixin.py:190} INFO - [2025-02-04T22:27:51.964+0000] {override.py:1911} INFO - Created Permission View: can edit on DAG:consume_1_and_2_with_dataset_expressions
[2025-02-04T22:27:51.967+0000] {logging_mixin.py:190} INFO - [2025-02-04T22:27:51.967+0000] {override.py:1911} INFO - Created Permission View: can delete on DAG:consume_1_and_2_with_dataset_expressions
[2025-02-04T22:27:51.970+0000] {logging_mixin.py:190} INFO - [2025-02-04T22:27:51.970+0000] {override.py:1911} INFO - Created Permission View: can read on DAG:consume_1_and_2_with_dataset_expressions
[2025-02-04T22:27:51.975+0000] {logging_mixin.py:190} INFO - [2025-02-04T22:27:51.975+0000] {override.py:1911} INFO - Created Permission View: can create on DAG Run:consume_1_and_2_with_dataset_expressions
[2025-02-04T22:27:51.978+0000] {logging_mixin.py:190} INFO - [2025-02-04T22:27:51.978+0000] {override.py:1911} INFO - Created Permission View: can delete on DAG Run:consume_1_and_2_with_dataset_expressions
[2025-02-04T22:27:51.980+0000] {logging_mixin.py:190} INFO - [2025-02-04T22:27:51.980+0000] {override.py:1911} INFO - Created Permission View: can read on DAG Run:consume_1_and_2_with_dataset_expressions
[2025-02-04T22:27:51.984+0000] {logging_mixin.py:190} INFO - [2025-02-04T22:27:51.984+0000] {override.py:1911} INFO - Created Permission View: menu access on DAG Run:consume_1_and_2_with_dataset_expressions
[2025-02-04T22:27:51.984+0000] {logging_mixin.py:190} INFO - [2025-02-04T22:27:51.984+0000] {dag.py:3239} INFO - Sync 10 DAGs
[2025-02-04T22:27:51.989+0000] {logging_mixin.py:190} INFO - [2025-02-04T22:27:51.989+0000] {dag.py:3262} INFO - Creating ORM DAG for dataset_consumes_1
[2025-02-04T22:27:51.990+0000] {logging_mixin.py:190} INFO - [2025-02-04T22:27:51.990+0000] {dag.py:3262} INFO - Creating ORM DAG for dataset_consumes_1_never_scheduled
[2025-02-04T22:27:51.990+0000] {logging_mixin.py:190} INFO - [2025-02-04T22:27:51.990+0000] {dag.py:3262} INFO - Creating ORM DAG for dataset_consumes_unknown_never_scheduled
[2025-02-04T22:27:51.990+0000] {logging_mixin.py:190} INFO - [2025-02-04T22:27:51.990+0000] {dag.py:3262} INFO - Creating ORM DAG for conditional_dataset_and_time_based_timetable
[2025-02-04T22:27:51.991+0000] {logging_mixin.py:190} INFO - [2025-02-04T22:27:51.991+0000] {dag.py:3262} INFO - Creating ORM DAG for dataset_produces_2
[2025-02-04T22:27:51.991+0000] {logging_mixin.py:190} INFO - [2025-02-04T22:27:51.991+0000] {dag.py:3262} INFO - Creating ORM DAG for consume_1_or_both_2_and_3_with_dataset_expressions
[2025-02-04T22:27:51.991+0000] {logging_mixin.py:190} INFO - [2025-02-04T22:27:51.991+0000] {dag.py:3262} INFO - Creating ORM DAG for consume_1_and_2_with_dataset_expressions
[2025-02-04T22:27:51.992+0000] {logging_mixin.py:190} INFO - [2025-02-04T22:27:51.991+0000] {dag.py:3262} INFO - Creating ORM DAG for consume_1_or_2_with_dataset_expressions
[2025-02-04T22:27:51.992+0000] {logging_mixin.py:190} INFO - [2025-02-04T22:27:51.992+0000] {dag.py:3262} INFO - Creating ORM DAG for dataset_produces_1
[2025-02-04T22:27:51.992+0000] {logging_mixin.py:190} INFO - [2025-02-04T22:27:51.992+0000] {dag.py:3262} INFO - Creating ORM DAG for dataset_consumes_1_and_2
[2025-02-04T22:27:51.996+0000] {logging_mixin.py:190} INFO - [2025-02-04T22:27:51.996+0000] {dag.py:4180} INFO - Setting next_dagrun for conditional_dataset_and_time_based_timetable to 2025-01-29 01:00:00+00:00, run_after=2025-01-29 01:00:00+00:00
[2025-02-04T22:27:51.997+0000] {logging_mixin.py:190} INFO - [2025-02-04T22:27:51.997+0000] {dag.py:4180} INFO - Setting next_dagrun for consume_1_and_2_with_dataset_expressions to None, run_after=None
[2025-02-04T22:27:51.997+0000] {logging_mixin.py:190} INFO - [2025-02-04T22:27:51.997+0000] {dag.py:4180} INFO - Setting next_dagrun for consume_1_or_2_with_dataset_expressions to None, run_after=None
[2025-02-04T22:27:51.997+0000] {logging_mixin.py:190} INFO - [2025-02-04T22:27:51.997+0000] {dag.py:4180} INFO - Setting next_dagrun for consume_1_or_both_2_and_3_with_dataset_expressions to None, run_after=None
[2025-02-04T22:27:51.998+0000] {logging_mixin.py:190} INFO - [2025-02-04T22:27:51.997+0000] {dag.py:4180} INFO - Setting next_dagrun for dataset_consumes_1 to None, run_after=None
[2025-02-04T22:27:51.998+0000] {logging_mixin.py:190} INFO - [2025-02-04T22:27:51.998+0000] {dag.py:4180} INFO - Setting next_dagrun for dataset_consumes_1_and_2 to None, run_after=None
[2025-02-04T22:27:51.998+0000] {logging_mixin.py:190} INFO - [2025-02-04T22:27:51.998+0000] {dag.py:4180} INFO - Setting next_dagrun for dataset_consumes_1_never_scheduled to None, run_after=None
[2025-02-04T22:27:51.998+0000] {logging_mixin.py:190} INFO - [2025-02-04T22:27:51.998+0000] {dag.py:4180} INFO - Setting next_dagrun for dataset_consumes_unknown_never_scheduled to None, run_after=None
[2025-02-04T22:27:51.999+0000] {logging_mixin.py:190} INFO - [2025-02-04T22:27:51.999+0000] {dag.py:4180} INFO - Setting next_dagrun for dataset_produces_1 to 2025-02-03 00:00:00+00:00, run_after=2025-02-04 00:00:00+00:00
[2025-02-04T22:27:52.000+0000] {logging_mixin.py:190} INFO - [2025-02-04T22:27:52.000+0000] {dag.py:4180} INFO - Setting next_dagrun for dataset_produces_2 to None, run_after=None
[2025-02-04T22:27:52.021+0000] {processor.py:208} INFO - Processing /home/airflow/.local/lib/python3.12/site-packages/airflow/example_dags/example_datasets.py took 0.525 seconds
[2025-02-04T22:28:22.411+0000] {processor.py:186} INFO - Started process (PID=156) to work on /home/airflow/.local/lib/python3.12/site-packages/airflow/example_dags/example_datasets.py
[2025-02-04T22:28:22.411+0000] {processor.py:914} INFO - Processing file /home/airflow/.local/lib/python3.12/site-packages/airflow/example_dags/example_datasets.py for tasks to queue
[2025-02-04T22:28:22.412+0000] {logging_mixin.py:190} INFO - [2025-02-04T22:28:22.412+0000] {dagbag.py:588} INFO - Filling up the DagBag from /home/airflow/.local/lib/python3.12/site-packages/airflow/example_dags/example_datasets.py
[2025-02-04T22:28:22.611+0000] {processor.py:925} INFO - DAG(s) 'conditional_dataset_and_time_based_timetable', 'dataset_consumes_unknown_never_scheduled', 'dataset_consumes_1_never_scheduled', 'consume_1_or_2_with_dataset_expressions', 'consume_1_and_2_with_dataset_expressions', 'dataset_consumes_1', 'consume_1_or_both_2_and_3_with_dataset_expressions', 'dataset_produces_2', 'dataset_produces_1', 'dataset_consumes_1_and_2' retrieved from /home/airflow/.local/lib/python3.12/site-packages/airflow/example_dags/example_datasets.py
[2025-02-04T22:28:22.629+0000] {logging_mixin.py:190} INFO - [2025-02-04T22:28:22.629+0000] {dag.py:3239} INFO - Sync 10 DAGs
[2025-02-04T22:28:22.640+0000] {logging_mixin.py:190} INFO - [2025-02-04T22:28:22.640+0000] {dag.py:4180} INFO - Setting next_dagrun for conditional_dataset_and_time_based_timetable to 2025-01-29 01:00:00+00:00, run_after=2025-01-29 01:00:00+00:00
[2025-02-04T22:28:22.642+0000] {logging_mixin.py:190} INFO - [2025-02-04T22:28:22.642+0000] {dag.py:4180} INFO - Setting next_dagrun for consume_1_and_2_with_dataset_expressions to None, run_after=None
[2025-02-04T22:28:22.643+0000] {logging_mixin.py:190} INFO - [2025-02-04T22:28:22.643+0000] {dag.py:4180} INFO - Setting next_dagrun for consume_1_or_2_with_dataset_expressions to None, run_after=None
[2025-02-04T22:28:22.644+0000] {logging_mixin.py:190} INFO - [2025-02-04T22:28:22.644+0000] {dag.py:4180} INFO - Setting next_dagrun for consume_1_or_both_2_and_3_with_dataset_expressions to None, run_after=None
[2025-02-04T22:28:22.644+0000] {logging_mixin.py:190} INFO - [2025-02-04T22:28:22.644+0000] {dag.py:4180} INFO - Setting next_dagrun for dataset_consumes_1 to None, run_after=None
[2025-02-04T22:28:22.645+0000] {logging_mixin.py:190} INFO - [2025-02-04T22:28:22.645+0000] {dag.py:4180} INFO - Setting next_dagrun for dataset_consumes_1_and_2 to None, run_after=None
[2025-02-04T22:28:22.645+0000] {logging_mixin.py:190} INFO - [2025-02-04T22:28:22.645+0000] {dag.py:4180} INFO - Setting next_dagrun for dataset_consumes_1_never_scheduled to None, run_after=None
[2025-02-04T22:28:22.646+0000] {logging_mixin.py:190} INFO - [2025-02-04T22:28:22.646+0000] {dag.py:4180} INFO - Setting next_dagrun for dataset_consumes_unknown_never_scheduled to None, run_after=None
[2025-02-04T22:28:22.647+0000] {logging_mixin.py:190} INFO - [2025-02-04T22:28:22.647+0000] {dag.py:4180} INFO - Setting next_dagrun for dataset_produces_1 to 2025-02-03 00:00:00+00:00, run_after=2025-02-04 00:00:00+00:00
[2025-02-04T22:28:22.647+0000] {logging_mixin.py:190} INFO - [2025-02-04T22:28:22.647+0000] {dag.py:4180} INFO - Setting next_dagrun for dataset_produces_2 to None, run_after=None
[2025-02-04T22:28:22.660+0000] {processor.py:208} INFO - Processing /home/airflow/.local/lib/python3.12/site-packages/airflow/example_dags/example_datasets.py took 0.252 seconds
[2025-02-04T22:28:53.643+0000] {processor.py:186} INFO - Started process (PID=219) to work on /home/airflow/.local/lib/python3.12/site-packages/airflow/example_dags/example_datasets.py
[2025-02-04T22:28:53.644+0000] {processor.py:914} INFO - Processing file /home/airflow/.local/lib/python3.12/site-packages/airflow/example_dags/example_datasets.py for tasks to queue
[2025-02-04T22:28:53.646+0000] {logging_mixin.py:190} INFO - [2025-02-04T22:28:53.645+0000] {dagbag.py:588} INFO - Filling up the DagBag from /home/airflow/.local/lib/python3.12/site-packages/airflow/example_dags/example_datasets.py
[2025-02-04T22:28:53.836+0000] {processor.py:925} INFO - DAG(s) 'consume_1_or_2_with_dataset_expressions', 'consume_1_or_both_2_and_3_with_dataset_expressions', 'dataset_produces_1', 'dataset_produces_2', 'dataset_consumes_1_and_2', 'dataset_consumes_1', 'conditional_dataset_and_time_based_timetable', 'dataset_consumes_1_never_scheduled', 'dataset_consumes_unknown_never_scheduled', 'consume_1_and_2_with_dataset_expressions' retrieved from /home/airflow/.local/lib/python3.12/site-packages/airflow/example_dags/example_datasets.py
[2025-02-04T22:28:53.854+0000] {logging_mixin.py:190} INFO - [2025-02-04T22:28:53.853+0000] {dag.py:3239} INFO - Sync 10 DAGs
[2025-02-04T22:28:53.863+0000] {logging_mixin.py:190} INFO - [2025-02-04T22:28:53.863+0000] {dag.py:4180} INFO - Setting next_dagrun for conditional_dataset_and_time_based_timetable to 2025-01-29 01:00:00+00:00, run_after=2025-01-29 01:00:00+00:00
[2025-02-04T22:28:53.864+0000] {logging_mixin.py:190} INFO - [2025-02-04T22:28:53.864+0000] {dag.py:4180} INFO - Setting next_dagrun for consume_1_and_2_with_dataset_expressions to None, run_after=None
[2025-02-04T22:28:53.865+0000] {logging_mixin.py:190} INFO - [2025-02-04T22:28:53.865+0000] {dag.py:4180} INFO - Setting next_dagrun for consume_1_or_2_with_dataset_expressions to None, run_after=None
[2025-02-04T22:28:53.865+0000] {logging_mixin.py:190} INFO - [2025-02-04T22:28:53.865+0000] {dag.py:4180} INFO - Setting next_dagrun for consume_1_or_both_2_and_3_with_dataset_expressions to None, run_after=None
[2025-02-04T22:28:53.866+0000] {logging_mixin.py:190} INFO - [2025-02-04T22:28:53.866+0000] {dag.py:4180} INFO - Setting next_dagrun for dataset_consumes_1 to None, run_after=None
[2025-02-04T22:28:53.866+0000] {logging_mixin.py:190} INFO - [2025-02-04T22:28:53.866+0000] {dag.py:4180} INFO - Setting next_dagrun for dataset_consumes_1_and_2 to None, run_after=None
[2025-02-04T22:28:53.867+0000] {logging_mixin.py:190} INFO - [2025-02-04T22:28:53.867+0000] {dag.py:4180} INFO - Setting next_dagrun for dataset_consumes_1_never_scheduled to None, run_after=None
[2025-02-04T22:28:53.868+0000] {logging_mixin.py:190} INFO - [2025-02-04T22:28:53.868+0000] {dag.py:4180} INFO - Setting next_dagrun for dataset_consumes_unknown_never_scheduled to None, run_after=None
[2025-02-04T22:28:53.868+0000] {logging_mixin.py:190} INFO - [2025-02-04T22:28:53.868+0000] {dag.py:4180} INFO - Setting next_dagrun for dataset_produces_1 to 2025-02-03 00:00:00+00:00, run_after=2025-02-04 00:00:00+00:00
[2025-02-04T22:28:53.870+0000] {logging_mixin.py:190} INFO - [2025-02-04T22:28:53.870+0000] {dag.py:4180} INFO - Setting next_dagrun for dataset_produces_2 to None, run_after=None
[2025-02-04T22:28:53.882+0000] {processor.py:208} INFO - Processing /home/airflow/.local/lib/python3.12/site-packages/airflow/example_dags/example_datasets.py took 0.241 seconds
[2025-02-04T22:29:24.098+0000] {processor.py:186} INFO - Started process (PID=291) to work on /home/airflow/.local/lib/python3.12/site-packages/airflow/example_dags/example_datasets.py
[2025-02-04T22:29:24.099+0000] {processor.py:914} INFO - Processing file /home/airflow/.local/lib/python3.12/site-packages/airflow/example_dags/example_datasets.py for tasks to queue
[2025-02-04T22:29:24.100+0000] {logging_mixin.py:190} INFO - [2025-02-04T22:29:24.100+0000] {dagbag.py:588} INFO - Filling up the DagBag from /home/airflow/.local/lib/python3.12/site-packages/airflow/example_dags/example_datasets.py
[2025-02-04T22:29:24.297+0000] {processor.py:925} INFO - DAG(s) 'dataset_produces_1', 'consume_1_or_2_with_dataset_expressions', 'dataset_consumes_1', 'dataset_produces_2', 'consume_1_and_2_with_dataset_expressions', 'consume_1_or_both_2_and_3_with_dataset_expressions', 'dataset_consumes_1_never_scheduled', 'conditional_dataset_and_time_based_timetable', 'dataset_consumes_unknown_never_scheduled', 'dataset_consumes_1_and_2' retrieved from /home/airflow/.local/lib/python3.12/site-packages/airflow/example_dags/example_datasets.py
[2025-02-04T22:29:24.317+0000] {logging_mixin.py:190} INFO - [2025-02-04T22:29:24.317+0000] {dag.py:3239} INFO - Sync 10 DAGs
[2025-02-04T22:29:24.327+0000] {logging_mixin.py:190} INFO - [2025-02-04T22:29:24.326+0000] {dag.py:4180} INFO - Setting next_dagrun for conditional_dataset_and_time_based_timetable to 2025-01-29 01:00:00+00:00, run_after=2025-01-29 01:00:00+00:00
[2025-02-04T22:29:24.328+0000] {logging_mixin.py:190} INFO - [2025-02-04T22:29:24.328+0000] {dag.py:4180} INFO - Setting next_dagrun for consume_1_and_2_with_dataset_expressions to None, run_after=None
[2025-02-04T22:29:24.330+0000] {logging_mixin.py:190} INFO - [2025-02-04T22:29:24.330+0000] {dag.py:4180} INFO - Setting next_dagrun for consume_1_or_2_with_dataset_expressions to None, run_after=None
[2025-02-04T22:29:24.331+0000] {logging_mixin.py:190} INFO - [2025-02-04T22:29:24.331+0000] {dag.py:4180} INFO - Setting next_dagrun for consume_1_or_both_2_and_3_with_dataset_expressions to None, run_after=None
[2025-02-04T22:29:24.332+0000] {logging_mixin.py:190} INFO - [2025-02-04T22:29:24.332+0000] {dag.py:4180} INFO - Setting next_dagrun for dataset_consumes_1 to None, run_after=None
[2025-02-04T22:29:24.333+0000] {logging_mixin.py:190} INFO - [2025-02-04T22:29:24.333+0000] {dag.py:4180} INFO - Setting next_dagrun for dataset_consumes_1_and_2 to None, run_after=None
[2025-02-04T22:29:24.336+0000] {logging_mixin.py:190} INFO - [2025-02-04T22:29:24.336+0000] {dag.py:4180} INFO - Setting next_dagrun for dataset_consumes_1_never_scheduled to None, run_after=None
[2025-02-04T22:29:24.337+0000] {logging_mixin.py:190} INFO - [2025-02-04T22:29:24.337+0000] {dag.py:4180} INFO - Setting next_dagrun for dataset_consumes_unknown_never_scheduled to None, run_after=None
[2025-02-04T22:29:24.338+0000] {logging_mixin.py:190} INFO - [2025-02-04T22:29:24.338+0000] {dag.py:4180} INFO - Setting next_dagrun for dataset_produces_1 to 2025-02-03 00:00:00+00:00, run_after=2025-02-04 00:00:00+00:00
[2025-02-04T22:29:24.338+0000] {logging_mixin.py:190} INFO - [2025-02-04T22:29:24.338+0000] {dag.py:4180} INFO - Setting next_dagrun for dataset_produces_2 to None, run_after=None
[2025-02-04T22:29:24.352+0000] {processor.py:208} INFO - Processing /home/airflow/.local/lib/python3.12/site-packages/airflow/example_dags/example_datasets.py took 0.256 seconds
