[2025-02-04T22:27:50.513+0000] {processor.py:186} INFO - Started process (PID=79) to work on /home/airflow/.local/lib/python3.12/site-packages/airflow/example_dags/example_workday_timetable.py
[2025-02-04T22:27:50.514+0000] {processor.py:914} INFO - Processing file /home/airflow/.local/lib/python3.12/site-packages/airflow/example_dags/example_workday_timetable.py for tasks to queue
[2025-02-04T22:27:50.515+0000] {logging_mixin.py:190} INFO - [2025-02-04T22:27:50.515+0000] {dagbag.py:588} INFO - Filling up the DagBag from /home/airflow/.local/lib/python3.12/site-packages/airflow/example_dags/example_workday_timetable.py
[2025-02-04T22:27:50.519+0000] {processor.py:925} INFO - DAG(s) 'example_workday_timetable' retrieved from /home/airflow/.local/lib/python3.12/site-packages/airflow/example_dags/example_workday_timetable.py
[2025-02-04T22:27:50.561+0000] {logging_mixin.py:190} INFO - [2025-02-04T22:27:50.561+0000] {override.py:1911} INFO - Created Permission View: can edit on DAG:example_workday_timetable
[2025-02-04T22:27:50.568+0000] {logging_mixin.py:190} INFO - [2025-02-04T22:27:50.568+0000] {override.py:1911} INFO - Created Permission View: can delete on DAG:example_workday_timetable
[2025-02-04T22:27:50.570+0000] {logging_mixin.py:190} INFO - [2025-02-04T22:27:50.570+0000] {override.py:1911} INFO - Created Permission View: can read on DAG:example_workday_timetable
[2025-02-04T22:27:50.574+0000] {logging_mixin.py:190} INFO - [2025-02-04T22:27:50.573+0000] {override.py:1911} INFO - Created Permission View: can create on DAG Run:example_workday_timetable
[2025-02-04T22:27:50.578+0000] {logging_mixin.py:190} INFO - [2025-02-04T22:27:50.578+0000] {override.py:1911} INFO - Created Permission View: can delete on DAG Run:example_workday_timetable
[2025-02-04T22:27:50.580+0000] {logging_mixin.py:190} INFO - [2025-02-04T22:27:50.580+0000] {override.py:1911} INFO - Created Permission View: can read on DAG Run:example_workday_timetable
[2025-02-04T22:27:50.582+0000] {logging_mixin.py:190} INFO - [2025-02-04T22:27:50.582+0000] {override.py:1911} INFO - Created Permission View: menu access on DAG Run:example_workday_timetable
[2025-02-04T22:27:50.582+0000] {logging_mixin.py:190} INFO - [2025-02-04T22:27:50.582+0000] {dag.py:3239} INFO - Sync 1 DAGs
[2025-02-04T22:27:50.587+0000] {logging_mixin.py:190} INFO - [2025-02-04T22:27:50.587+0000] {dag.py:3262} INFO - Creating ORM DAG for example_workday_timetable
[2025-02-04T22:27:50.606+0000] {logging_mixin.py:190} INFO - [2025-02-04T22:27:50.606+0000] {dag.py:4180} INFO - Setting next_dagrun for example_workday_timetable to 2021-01-04 00:00:00+00:00, run_after=2021-01-05 00:00:00+00:00
[2025-02-04T22:27:50.613+0000] {processor.py:208} INFO - Processing /home/airflow/.local/lib/python3.12/site-packages/airflow/example_dags/example_workday_timetable.py took 0.103 seconds
[2025-02-04T22:28:20.819+0000] {processor.py:186} INFO - Started process (PID=143) to work on /home/airflow/.local/lib/python3.12/site-packages/airflow/example_dags/example_workday_timetable.py
[2025-02-04T22:28:20.820+0000] {processor.py:914} INFO - Processing file /home/airflow/.local/lib/python3.12/site-packages/airflow/example_dags/example_workday_timetable.py for tasks to queue
[2025-02-04T22:28:20.821+0000] {logging_mixin.py:190} INFO - [2025-02-04T22:28:20.821+0000] {dagbag.py:588} INFO - Filling up the DagBag from /home/airflow/.local/lib/python3.12/site-packages/airflow/example_dags/example_workday_timetable.py
[2025-02-04T22:28:20.823+0000] {processor.py:925} INFO - DAG(s) 'example_workday_timetable' retrieved from /home/airflow/.local/lib/python3.12/site-packages/airflow/example_dags/example_workday_timetable.py
[2025-02-04T22:28:20.832+0000] {logging_mixin.py:190} INFO - [2025-02-04T22:28:20.832+0000] {dag.py:3239} INFO - Sync 1 DAGs
[2025-02-04T22:28:20.856+0000] {logging_mixin.py:190} INFO - [2025-02-04T22:28:20.856+0000] {dag.py:4180} INFO - Setting next_dagrun for example_workday_timetable to 2021-01-04 00:00:00+00:00, run_after=2021-01-05 00:00:00+00:00
[2025-02-04T22:28:20.864+0000] {processor.py:208} INFO - Processing /home/airflow/.local/lib/python3.12/site-packages/airflow/example_dags/example_workday_timetable.py took 0.047 seconds
[2025-02-04T22:28:51.045+0000] {processor.py:186} INFO - Started process (PID=207) to work on /home/airflow/.local/lib/python3.12/site-packages/airflow/example_dags/example_workday_timetable.py
[2025-02-04T22:28:51.045+0000] {processor.py:914} INFO - Processing file /home/airflow/.local/lib/python3.12/site-packages/airflow/example_dags/example_workday_timetable.py for tasks to queue
[2025-02-04T22:28:51.047+0000] {logging_mixin.py:190} INFO - [2025-02-04T22:28:51.047+0000] {dagbag.py:588} INFO - Filling up the DagBag from /home/airflow/.local/lib/python3.12/site-packages/airflow/example_dags/example_workday_timetable.py
[2025-02-04T22:28:51.050+0000] {processor.py:925} INFO - DAG(s) 'example_workday_timetable' retrieved from /home/airflow/.local/lib/python3.12/site-packages/airflow/example_dags/example_workday_timetable.py
[2025-02-04T22:28:51.059+0000] {logging_mixin.py:190} INFO - [2025-02-04T22:28:51.059+0000] {dag.py:3239} INFO - Sync 1 DAGs
[2025-02-04T22:28:51.081+0000] {logging_mixin.py:190} INFO - [2025-02-04T22:28:51.081+0000] {dag.py:4180} INFO - Setting next_dagrun for example_workday_timetable to 2021-01-04 00:00:00+00:00, run_after=2021-01-05 00:00:00+00:00
[2025-02-04T22:28:51.088+0000] {processor.py:208} INFO - Processing /home/airflow/.local/lib/python3.12/site-packages/airflow/example_dags/example_workday_timetable.py took 0.046 seconds
[2025-02-04T22:29:21.464+0000] {processor.py:186} INFO - Started process (PID=279) to work on /home/airflow/.local/lib/python3.12/site-packages/airflow/example_dags/example_workday_timetable.py
[2025-02-04T22:29:21.464+0000] {processor.py:914} INFO - Processing file /home/airflow/.local/lib/python3.12/site-packages/airflow/example_dags/example_workday_timetable.py for tasks to queue
[2025-02-04T22:29:21.466+0000] {logging_mixin.py:190} INFO - [2025-02-04T22:29:21.466+0000] {dagbag.py:588} INFO - Filling up the DagBag from /home/airflow/.local/lib/python3.12/site-packages/airflow/example_dags/example_workday_timetable.py
[2025-02-04T22:29:21.469+0000] {processor.py:925} INFO - DAG(s) 'example_workday_timetable' retrieved from /home/airflow/.local/lib/python3.12/site-packages/airflow/example_dags/example_workday_timetable.py
[2025-02-04T22:29:21.480+0000] {logging_mixin.py:190} INFO - [2025-02-04T22:29:21.480+0000] {dag.py:3239} INFO - Sync 1 DAGs
[2025-02-04T22:29:21.515+0000] {logging_mixin.py:190} INFO - [2025-02-04T22:29:21.515+0000] {dag.py:4180} INFO - Setting next_dagrun for example_workday_timetable to 2021-01-04 00:00:00+00:00, run_after=2021-01-05 00:00:00+00:00
[2025-02-04T22:29:21.522+0000] {processor.py:208} INFO - Processing /home/airflow/.local/lib/python3.12/site-packages/airflow/example_dags/example_workday_timetable.py took 0.062 seconds
