[2025-02-04T22:27:50.965+0000] {processor.py:186} INFO - Started process (PID=87) to work on /home/airflow/.local/lib/python3.12/site-packages/airflow/example_dags/example_dataset_alias_with_no_taskflow.py
[2025-02-04T22:27:50.965+0000] {processor.py:914} INFO - Processing file /home/airflow/.local/lib/python3.12/site-packages/airflow/example_dags/example_dataset_alias_with_no_taskflow.py for tasks to queue
[2025-02-04T22:27:50.968+0000] {logging_mixin.py:190} INFO - [2025-02-04T22:27:50.967+0000] {dagbag.py:588} INFO - Filling up the DagBag from /home/airflow/.local/lib/python3.12/site-packages/airflow/example_dags/example_dataset_alias_with_no_taskflow.py
[2025-02-04T22:27:51.223+0000] {processor.py:925} INFO - DAG(s) 'dataset_alias_example_alias_producer_with_no_taskflow', 'dataset_alias_example_alias_consumer_with_no_taskflow', 'dataset_s3_bucket_consumer_with_no_taskflow', 'dataset_s3_bucket_producer_with_no_taskflow' retrieved from /home/airflow/.local/lib/python3.12/site-packages/airflow/example_dags/example_dataset_alias_with_no_taskflow.py
[2025-02-04T22:27:51.259+0000] {logging_mixin.py:190} INFO - [2025-02-04T22:27:51.259+0000] {override.py:1911} INFO - Created Permission View: can edit on DAG:dataset_alias_example_alias_producer_with_no_taskflow
[2025-02-04T22:27:51.264+0000] {logging_mixin.py:190} INFO - [2025-02-04T22:27:51.264+0000] {override.py:1911} INFO - Created Permission View: can delete on DAG:dataset_alias_example_alias_producer_with_no_taskflow
[2025-02-04T22:27:51.268+0000] {logging_mixin.py:190} INFO - [2025-02-04T22:27:51.268+0000] {override.py:1911} INFO - Created Permission View: can read on DAG:dataset_alias_example_alias_producer_with_no_taskflow
[2025-02-04T22:27:51.274+0000] {logging_mixin.py:190} INFO - [2025-02-04T22:27:51.274+0000] {override.py:1911} INFO - Created Permission View: can create on DAG Run:dataset_alias_example_alias_producer_with_no_taskflow
[2025-02-04T22:27:51.277+0000] {logging_mixin.py:190} INFO - [2025-02-04T22:27:51.277+0000] {override.py:1911} INFO - Created Permission View: can delete on DAG Run:dataset_alias_example_alias_producer_with_no_taskflow
[2025-02-04T22:27:51.281+0000] {logging_mixin.py:190} INFO - [2025-02-04T22:27:51.281+0000] {override.py:1911} INFO - Created Permission View: can read on DAG Run:dataset_alias_example_alias_producer_with_no_taskflow
[2025-02-04T22:27:51.286+0000] {logging_mixin.py:190} INFO - [2025-02-04T22:27:51.286+0000] {override.py:1911} INFO - Created Permission View: menu access on DAG Run:dataset_alias_example_alias_producer_with_no_taskflow
[2025-02-04T22:27:51.293+0000] {logging_mixin.py:190} INFO - [2025-02-04T22:27:51.293+0000] {override.py:1911} INFO - Created Permission View: can edit on DAG:dataset_alias_example_alias_consumer_with_no_taskflow
[2025-02-04T22:27:51.299+0000] {logging_mixin.py:190} INFO - [2025-02-04T22:27:51.299+0000] {override.py:1911} INFO - Created Permission View: can delete on DAG:dataset_alias_example_alias_consumer_with_no_taskflow
[2025-02-04T22:27:51.300+0000] {logging_mixin.py:190} INFO - [2025-02-04T22:27:51.300+0000] {override.py:1911} INFO - Created Permission View: can read on DAG:dataset_alias_example_alias_consumer_with_no_taskflow
[2025-02-04T22:27:51.304+0000] {logging_mixin.py:190} INFO - [2025-02-04T22:27:51.304+0000] {override.py:1911} INFO - Created Permission View: can create on DAG Run:dataset_alias_example_alias_consumer_with_no_taskflow
[2025-02-04T22:27:51.308+0000] {logging_mixin.py:190} INFO - [2025-02-04T22:27:51.308+0000] {override.py:1911} INFO - Created Permission View: can delete on DAG Run:dataset_alias_example_alias_consumer_with_no_taskflow
[2025-02-04T22:27:51.310+0000] {logging_mixin.py:190} INFO - [2025-02-04T22:27:51.310+0000] {override.py:1911} INFO - Created Permission View: can read on DAG Run:dataset_alias_example_alias_consumer_with_no_taskflow
[2025-02-04T22:27:51.313+0000] {logging_mixin.py:190} INFO - [2025-02-04T22:27:51.313+0000] {override.py:1911} INFO - Created Permission View: menu access on DAG Run:dataset_alias_example_alias_consumer_with_no_taskflow
[2025-02-04T22:27:51.319+0000] {logging_mixin.py:190} INFO - [2025-02-04T22:27:51.319+0000] {override.py:1911} INFO - Created Permission View: can edit on DAG:dataset_s3_bucket_consumer_with_no_taskflow
[2025-02-04T22:27:51.321+0000] {logging_mixin.py:190} INFO - [2025-02-04T22:27:51.321+0000] {override.py:1911} INFO - Created Permission View: can delete on DAG:dataset_s3_bucket_consumer_with_no_taskflow
[2025-02-04T22:27:51.324+0000] {logging_mixin.py:190} INFO - [2025-02-04T22:27:51.324+0000] {override.py:1911} INFO - Created Permission View: can read on DAG:dataset_s3_bucket_consumer_with_no_taskflow
[2025-02-04T22:27:51.327+0000] {logging_mixin.py:190} INFO - [2025-02-04T22:27:51.327+0000] {override.py:1911} INFO - Created Permission View: can create on DAG Run:dataset_s3_bucket_consumer_with_no_taskflow
[2025-02-04T22:27:51.330+0000] {logging_mixin.py:190} INFO - [2025-02-04T22:27:51.329+0000] {override.py:1911} INFO - Created Permission View: can delete on DAG Run:dataset_s3_bucket_consumer_with_no_taskflow
[2025-02-04T22:27:51.333+0000] {logging_mixin.py:190} INFO - [2025-02-04T22:27:51.333+0000] {override.py:1911} INFO - Created Permission View: can read on DAG Run:dataset_s3_bucket_consumer_with_no_taskflow
[2025-02-04T22:27:51.335+0000] {logging_mixin.py:190} INFO - [2025-02-04T22:27:51.335+0000] {override.py:1911} INFO - Created Permission View: menu access on DAG Run:dataset_s3_bucket_consumer_with_no_taskflow
[2025-02-04T22:27:51.341+0000] {logging_mixin.py:190} INFO - [2025-02-04T22:27:51.341+0000] {override.py:1911} INFO - Created Permission View: can edit on DAG:dataset_s3_bucket_producer_with_no_taskflow
[2025-02-04T22:27:51.344+0000] {logging_mixin.py:190} INFO - [2025-02-04T22:27:51.344+0000] {override.py:1911} INFO - Created Permission View: can delete on DAG:dataset_s3_bucket_producer_with_no_taskflow
[2025-02-04T22:27:51.347+0000] {logging_mixin.py:190} INFO - [2025-02-04T22:27:51.346+0000] {override.py:1911} INFO - Created Permission View: can read on DAG:dataset_s3_bucket_producer_with_no_taskflow
[2025-02-04T22:27:51.349+0000] {logging_mixin.py:190} INFO - [2025-02-04T22:27:51.349+0000] {override.py:1911} INFO - Created Permission View: can create on DAG Run:dataset_s3_bucket_producer_with_no_taskflow
[2025-02-04T22:27:51.352+0000] {logging_mixin.py:190} INFO - [2025-02-04T22:27:51.352+0000] {override.py:1911} INFO - Created Permission View: can delete on DAG Run:dataset_s3_bucket_producer_with_no_taskflow
[2025-02-04T22:27:51.354+0000] {logging_mixin.py:190} INFO - [2025-02-04T22:27:51.354+0000] {override.py:1911} INFO - Created Permission View: can read on DAG Run:dataset_s3_bucket_producer_with_no_taskflow
[2025-02-04T22:27:51.355+0000] {logging_mixin.py:190} INFO - [2025-02-04T22:27:51.355+0000] {override.py:1911} INFO - Created Permission View: menu access on DAG Run:dataset_s3_bucket_producer_with_no_taskflow
[2025-02-04T22:27:51.356+0000] {logging_mixin.py:190} INFO - [2025-02-04T22:27:51.356+0000] {dag.py:3239} INFO - Sync 4 DAGs
[2025-02-04T22:27:51.361+0000] {logging_mixin.py:190} INFO - [2025-02-04T22:27:51.361+0000] {dag.py:3262} INFO - Creating ORM DAG for dataset_alias_example_alias_producer_with_no_taskflow
[2025-02-04T22:27:51.362+0000] {logging_mixin.py:190} INFO - [2025-02-04T22:27:51.362+0000] {dag.py:3262} INFO - Creating ORM DAG for dataset_s3_bucket_consumer_with_no_taskflow
[2025-02-04T22:27:51.362+0000] {logging_mixin.py:190} INFO - [2025-02-04T22:27:51.362+0000] {dag.py:3262} INFO - Creating ORM DAG for dataset_alias_example_alias_consumer_with_no_taskflow
[2025-02-04T22:27:51.363+0000] {logging_mixin.py:190} INFO - [2025-02-04T22:27:51.363+0000] {dag.py:3262} INFO - Creating ORM DAG for dataset_s3_bucket_producer_with_no_taskflow
[2025-02-04T22:27:51.367+0000] {logging_mixin.py:190} INFO - [2025-02-04T22:27:51.367+0000] {dag.py:4180} INFO - Setting next_dagrun for dataset_alias_example_alias_consumer_with_no_taskflow to None, run_after=None
[2025-02-04T22:27:51.367+0000] {logging_mixin.py:190} INFO - [2025-02-04T22:27:51.367+0000] {dag.py:4180} INFO - Setting next_dagrun for dataset_alias_example_alias_producer_with_no_taskflow to None, run_after=None
[2025-02-04T22:27:51.368+0000] {logging_mixin.py:190} INFO - [2025-02-04T22:27:51.368+0000] {dag.py:4180} INFO - Setting next_dagrun for dataset_s3_bucket_consumer_with_no_taskflow to None, run_after=None
[2025-02-04T22:27:51.368+0000] {logging_mixin.py:190} INFO - [2025-02-04T22:27:51.368+0000] {dag.py:4180} INFO - Setting next_dagrun for dataset_s3_bucket_producer_with_no_taskflow to None, run_after=None
[2025-02-04T22:27:51.380+0000] {processor.py:208} INFO - Processing /home/airflow/.local/lib/python3.12/site-packages/airflow/example_dags/example_dataset_alias_with_no_taskflow.py took 0.418 seconds
[2025-02-04T22:28:22.044+0000] {processor.py:186} INFO - Started process (PID=151) to work on /home/airflow/.local/lib/python3.12/site-packages/airflow/example_dags/example_dataset_alias_with_no_taskflow.py
[2025-02-04T22:28:22.045+0000] {processor.py:914} INFO - Processing file /home/airflow/.local/lib/python3.12/site-packages/airflow/example_dags/example_dataset_alias_with_no_taskflow.py for tasks to queue
[2025-02-04T22:28:22.047+0000] {logging_mixin.py:190} INFO - [2025-02-04T22:28:22.047+0000] {dagbag.py:588} INFO - Filling up the DagBag from /home/airflow/.local/lib/python3.12/site-packages/airflow/example_dags/example_dataset_alias_with_no_taskflow.py
[2025-02-04T22:28:22.277+0000] {processor.py:925} INFO - DAG(s) 'dataset_alias_example_alias_consumer_with_no_taskflow', 'dataset_s3_bucket_producer_with_no_taskflow', 'dataset_s3_bucket_consumer_with_no_taskflow', 'dataset_alias_example_alias_producer_with_no_taskflow' retrieved from /home/airflow/.local/lib/python3.12/site-packages/airflow/example_dags/example_dataset_alias_with_no_taskflow.py
[2025-02-04T22:28:22.286+0000] {logging_mixin.py:190} INFO - [2025-02-04T22:28:22.286+0000] {dag.py:3239} INFO - Sync 4 DAGs
[2025-02-04T22:28:22.297+0000] {logging_mixin.py:190} INFO - [2025-02-04T22:28:22.297+0000] {dag.py:4180} INFO - Setting next_dagrun for dataset_alias_example_alias_consumer_with_no_taskflow to None, run_after=None
[2025-02-04T22:28:22.301+0000] {logging_mixin.py:190} INFO - [2025-02-04T22:28:22.301+0000] {dag.py:4180} INFO - Setting next_dagrun for dataset_alias_example_alias_producer_with_no_taskflow to None, run_after=None
[2025-02-04T22:28:22.302+0000] {logging_mixin.py:190} INFO - [2025-02-04T22:28:22.302+0000] {dag.py:4180} INFO - Setting next_dagrun for dataset_s3_bucket_consumer_with_no_taskflow to None, run_after=None
[2025-02-04T22:28:22.302+0000] {logging_mixin.py:190} INFO - [2025-02-04T22:28:22.302+0000] {dag.py:4180} INFO - Setting next_dagrun for dataset_s3_bucket_producer_with_no_taskflow to None, run_after=None
[2025-02-04T22:28:22.310+0000] {processor.py:208} INFO - Processing /home/airflow/.local/lib/python3.12/site-packages/airflow/example_dags/example_dataset_alias_with_no_taskflow.py took 0.272 seconds
[2025-02-04T22:28:53.268+0000] {processor.py:186} INFO - Started process (PID=215) to work on /home/airflow/.local/lib/python3.12/site-packages/airflow/example_dags/example_dataset_alias_with_no_taskflow.py
[2025-02-04T22:28:53.268+0000] {processor.py:914} INFO - Processing file /home/airflow/.local/lib/python3.12/site-packages/airflow/example_dags/example_dataset_alias_with_no_taskflow.py for tasks to queue
[2025-02-04T22:28:53.272+0000] {logging_mixin.py:190} INFO - [2025-02-04T22:28:53.272+0000] {dagbag.py:588} INFO - Filling up the DagBag from /home/airflow/.local/lib/python3.12/site-packages/airflow/example_dags/example_dataset_alias_with_no_taskflow.py
[2025-02-04T22:28:53.557+0000] {processor.py:925} INFO - DAG(s) 'dataset_s3_bucket_producer_with_no_taskflow', 'dataset_s3_bucket_consumer_with_no_taskflow', 'dataset_alias_example_alias_producer_with_no_taskflow', 'dataset_alias_example_alias_consumer_with_no_taskflow' retrieved from /home/airflow/.local/lib/python3.12/site-packages/airflow/example_dags/example_dataset_alias_with_no_taskflow.py
[2025-02-04T22:28:53.566+0000] {logging_mixin.py:190} INFO - [2025-02-04T22:28:53.566+0000] {dag.py:3239} INFO - Sync 4 DAGs
[2025-02-04T22:28:53.577+0000] {logging_mixin.py:190} INFO - [2025-02-04T22:28:53.577+0000] {dag.py:4180} INFO - Setting next_dagrun for dataset_alias_example_alias_consumer_with_no_taskflow to None, run_after=None
[2025-02-04T22:28:53.578+0000] {logging_mixin.py:190} INFO - [2025-02-04T22:28:53.578+0000] {dag.py:4180} INFO - Setting next_dagrun for dataset_alias_example_alias_producer_with_no_taskflow to None, run_after=None
[2025-02-04T22:28:53.579+0000] {logging_mixin.py:190} INFO - [2025-02-04T22:28:53.579+0000] {dag.py:4180} INFO - Setting next_dagrun for dataset_s3_bucket_consumer_with_no_taskflow to None, run_after=None
[2025-02-04T22:28:53.579+0000] {logging_mixin.py:190} INFO - [2025-02-04T22:28:53.579+0000] {dag.py:4180} INFO - Setting next_dagrun for dataset_s3_bucket_producer_with_no_taskflow to None, run_after=None
[2025-02-04T22:28:53.590+0000] {processor.py:208} INFO - Processing /home/airflow/.local/lib/python3.12/site-packages/airflow/example_dags/example_dataset_alias_with_no_taskflow.py took 0.327 seconds
[2025-02-04T22:29:23.756+0000] {processor.py:186} INFO - Started process (PID=287) to work on /home/airflow/.local/lib/python3.12/site-packages/airflow/example_dags/example_dataset_alias_with_no_taskflow.py
[2025-02-04T22:29:23.757+0000] {processor.py:914} INFO - Processing file /home/airflow/.local/lib/python3.12/site-packages/airflow/example_dags/example_dataset_alias_with_no_taskflow.py for tasks to queue
[2025-02-04T22:29:23.759+0000] {logging_mixin.py:190} INFO - [2025-02-04T22:29:23.759+0000] {dagbag.py:588} INFO - Filling up the DagBag from /home/airflow/.local/lib/python3.12/site-packages/airflow/example_dags/example_dataset_alias_with_no_taskflow.py
[2025-02-04T22:29:24.014+0000] {processor.py:925} INFO - DAG(s) 'dataset_alias_example_alias_producer_with_no_taskflow', 'dataset_s3_bucket_producer_with_no_taskflow', 'dataset_alias_example_alias_consumer_with_no_taskflow', 'dataset_s3_bucket_consumer_with_no_taskflow' retrieved from /home/airflow/.local/lib/python3.12/site-packages/airflow/example_dags/example_dataset_alias_with_no_taskflow.py
[2025-02-04T22:29:24.023+0000] {logging_mixin.py:190} INFO - [2025-02-04T22:29:24.023+0000] {dag.py:3239} INFO - Sync 4 DAGs
[2025-02-04T22:29:24.032+0000] {logging_mixin.py:190} INFO - [2025-02-04T22:29:24.032+0000] {dag.py:4180} INFO - Setting next_dagrun for dataset_alias_example_alias_consumer_with_no_taskflow to None, run_after=None
[2025-02-04T22:29:24.035+0000] {logging_mixin.py:190} INFO - [2025-02-04T22:29:24.035+0000] {dag.py:4180} INFO - Setting next_dagrun for dataset_alias_example_alias_producer_with_no_taskflow to None, run_after=None
[2025-02-04T22:29:24.036+0000] {logging_mixin.py:190} INFO - [2025-02-04T22:29:24.036+0000] {dag.py:4180} INFO - Setting next_dagrun for dataset_s3_bucket_consumer_with_no_taskflow to None, run_after=None
[2025-02-04T22:29:24.037+0000] {logging_mixin.py:190} INFO - [2025-02-04T22:29:24.037+0000] {dag.py:4180} INFO - Setting next_dagrun for dataset_s3_bucket_producer_with_no_taskflow to None, run_after=None
[2025-02-04T22:29:24.046+0000] {processor.py:208} INFO - Processing /home/airflow/.local/lib/python3.12/site-packages/airflow/example_dags/example_dataset_alias_with_no_taskflow.py took 0.294 seconds
