[2025-02-04T22:27:49.025+0000] {processor.py:186} INFO - Started process (PID=57) to work on /home/airflow/.local/lib/python3.12/site-packages/airflow/example_dags/example_setup_teardown_taskflow.py
[2025-02-04T22:27:49.025+0000] {processor.py:914} INFO - Processing file /home/airflow/.local/lib/python3.12/site-packages/airflow/example_dags/example_setup_teardown_taskflow.py for tasks to queue
[2025-02-04T22:27:49.026+0000] {logging_mixin.py:190} INFO - [2025-02-04T22:27:49.026+0000] {dagbag.py:588} INFO - Filling up the DagBag from /home/airflow/.local/lib/python3.12/site-packages/airflow/example_dags/example_setup_teardown_taskflow.py
[2025-02-04T22:27:49.032+0000] {processor.py:925} INFO - DAG(s) 'example_setup_teardown_taskflow' retrieved from /home/airflow/.local/lib/python3.12/site-packages/airflow/example_dags/example_setup_teardown_taskflow.py
[2025-02-04T22:27:49.076+0000] {logging_mixin.py:190} INFO - [2025-02-04T22:27:49.075+0000] {override.py:1911} INFO - Created Permission View: can edit on DAG:example_setup_teardown_taskflow
[2025-02-04T22:27:49.079+0000] {logging_mixin.py:190} INFO - [2025-02-04T22:27:49.079+0000] {override.py:1911} INFO - Created Permission View: can delete on DAG:example_setup_teardown_taskflow
[2025-02-04T22:27:49.082+0000] {logging_mixin.py:190} INFO - [2025-02-04T22:27:49.082+0000] {override.py:1911} INFO - Created Permission View: can read on DAG:example_setup_teardown_taskflow
[2025-02-04T22:27:49.084+0000] {logging_mixin.py:190} INFO - [2025-02-04T22:27:49.084+0000] {override.py:1911} INFO - Created Permission View: can create on DAG Run:example_setup_teardown_taskflow
[2025-02-04T22:27:49.086+0000] {logging_mixin.py:190} INFO - [2025-02-04T22:27:49.086+0000] {override.py:1911} INFO - Created Permission View: can delete on DAG Run:example_setup_teardown_taskflow
[2025-02-04T22:27:49.088+0000] {logging_mixin.py:190} INFO - [2025-02-04T22:27:49.088+0000] {override.py:1911} INFO - Created Permission View: can read on DAG Run:example_setup_teardown_taskflow
[2025-02-04T22:27:49.090+0000] {logging_mixin.py:190} INFO - [2025-02-04T22:27:49.090+0000] {override.py:1911} INFO - Created Permission View: menu access on DAG Run:example_setup_teardown_taskflow
[2025-02-04T22:27:49.090+0000] {logging_mixin.py:190} INFO - [2025-02-04T22:27:49.090+0000] {dag.py:3239} INFO - Sync 1 DAGs
[2025-02-04T22:27:49.096+0000] {logging_mixin.py:190} INFO - [2025-02-04T22:27:49.096+0000] {dag.py:3262} INFO - Creating ORM DAG for example_setup_teardown_taskflow
[2025-02-04T22:27:49.096+0000] {logging_mixin.py:190} INFO - [2025-02-04T22:27:49.096+0000] {dag.py:4180} INFO - Setting next_dagrun for example_setup_teardown_taskflow to None, run_after=None
[2025-02-04T22:27:49.104+0000] {processor.py:208} INFO - Processing /home/airflow/.local/lib/python3.12/site-packages/airflow/example_dags/example_setup_teardown_taskflow.py took 0.081 seconds
[2025-02-04T22:28:19.143+0000] {processor.py:186} INFO - Started process (PID=120) to work on /home/airflow/.local/lib/python3.12/site-packages/airflow/example_dags/example_setup_teardown_taskflow.py
[2025-02-04T22:28:19.144+0000] {processor.py:914} INFO - Processing file /home/airflow/.local/lib/python3.12/site-packages/airflow/example_dags/example_setup_teardown_taskflow.py for tasks to queue
[2025-02-04T22:28:19.145+0000] {logging_mixin.py:190} INFO - [2025-02-04T22:28:19.145+0000] {dagbag.py:588} INFO - Filling up the DagBag from /home/airflow/.local/lib/python3.12/site-packages/airflow/example_dags/example_setup_teardown_taskflow.py
[2025-02-04T22:28:19.150+0000] {processor.py:925} INFO - DAG(s) 'example_setup_teardown_taskflow' retrieved from /home/airflow/.local/lib/python3.12/site-packages/airflow/example_dags/example_setup_teardown_taskflow.py
[2025-02-04T22:28:19.159+0000] {logging_mixin.py:190} INFO - [2025-02-04T22:28:19.159+0000] {dag.py:3239} INFO - Sync 1 DAGs
[2025-02-04T22:28:19.164+0000] {logging_mixin.py:190} INFO - [2025-02-04T22:28:19.164+0000] {dag.py:4180} INFO - Setting next_dagrun for example_setup_teardown_taskflow to None, run_after=None
[2025-02-04T22:28:19.171+0000] {processor.py:208} INFO - Processing /home/airflow/.local/lib/python3.12/site-packages/airflow/example_dags/example_setup_teardown_taskflow.py took 0.031 seconds
[2025-02-04T22:28:49.373+0000] {processor.py:186} INFO - Started process (PID=184) to work on /home/airflow/.local/lib/python3.12/site-packages/airflow/example_dags/example_setup_teardown_taskflow.py
[2025-02-04T22:28:49.376+0000] {processor.py:914} INFO - Processing file /home/airflow/.local/lib/python3.12/site-packages/airflow/example_dags/example_setup_teardown_taskflow.py for tasks to queue
[2025-02-04T22:28:49.377+0000] {logging_mixin.py:190} INFO - [2025-02-04T22:28:49.377+0000] {dagbag.py:588} INFO - Filling up the DagBag from /home/airflow/.local/lib/python3.12/site-packages/airflow/example_dags/example_setup_teardown_taskflow.py
[2025-02-04T22:28:49.383+0000] {processor.py:925} INFO - DAG(s) 'example_setup_teardown_taskflow' retrieved from /home/airflow/.local/lib/python3.12/site-packages/airflow/example_dags/example_setup_teardown_taskflow.py
[2025-02-04T22:28:49.393+0000] {logging_mixin.py:190} INFO - [2025-02-04T22:28:49.393+0000] {dag.py:3239} INFO - Sync 1 DAGs
[2025-02-04T22:28:49.399+0000] {logging_mixin.py:190} INFO - [2025-02-04T22:28:49.399+0000] {dag.py:4180} INFO - Setting next_dagrun for example_setup_teardown_taskflow to None, run_after=None
[2025-02-04T22:28:49.410+0000] {processor.py:208} INFO - Processing /home/airflow/.local/lib/python3.12/site-packages/airflow/example_dags/example_setup_teardown_taskflow.py took 0.038 seconds
[2025-02-04T22:29:19.693+0000] {processor.py:186} INFO - Started process (PID=256) to work on /home/airflow/.local/lib/python3.12/site-packages/airflow/example_dags/example_setup_teardown_taskflow.py
[2025-02-04T22:29:19.696+0000] {processor.py:914} INFO - Processing file /home/airflow/.local/lib/python3.12/site-packages/airflow/example_dags/example_setup_teardown_taskflow.py for tasks to queue
[2025-02-04T22:29:19.697+0000] {logging_mixin.py:190} INFO - [2025-02-04T22:29:19.697+0000] {dagbag.py:588} INFO - Filling up the DagBag from /home/airflow/.local/lib/python3.12/site-packages/airflow/example_dags/example_setup_teardown_taskflow.py
[2025-02-04T22:29:19.702+0000] {processor.py:925} INFO - DAG(s) 'example_setup_teardown_taskflow' retrieved from /home/airflow/.local/lib/python3.12/site-packages/airflow/example_dags/example_setup_teardown_taskflow.py
[2025-02-04T22:29:19.711+0000] {logging_mixin.py:190} INFO - [2025-02-04T22:29:19.710+0000] {dag.py:3239} INFO - Sync 1 DAGs
[2025-02-04T22:29:19.716+0000] {logging_mixin.py:190} INFO - [2025-02-04T22:29:19.716+0000] {dag.py:4180} INFO - Setting next_dagrun for example_setup_teardown_taskflow to None, run_after=None
[2025-02-04T22:29:19.723+0000] {processor.py:208} INFO - Processing /home/airflow/.local/lib/python3.12/site-packages/airflow/example_dags/example_setup_teardown_taskflow.py took 0.033 seconds
