[2025-02-04T22:27:48.837+0000] {processor.py:186} INFO - Started process (PID=54) to work on /home/airflow/.local/lib/python3.12/site-packages/airflow/example_dags/example_params_trigger_ui.py
[2025-02-04T22:27:48.837+0000] {processor.py:914} INFO - Processing file /home/airflow/.local/lib/python3.12/site-packages/airflow/example_dags/example_params_trigger_ui.py for tasks to queue
[2025-02-04T22:27:48.838+0000] {logging_mixin.py:190} INFO - [2025-02-04T22:27:48.838+0000] {dagbag.py:588} INFO - Filling up the DagBag from /home/airflow/.local/lib/python3.12/site-packages/airflow/example_dags/example_params_trigger_ui.py
[2025-02-04T22:27:48.844+0000] {processor.py:925} INFO - DAG(s) 'example_params_trigger_ui' retrieved from /home/airflow/.local/lib/python3.12/site-packages/airflow/example_dags/example_params_trigger_ui.py
[2025-02-04T22:27:48.894+0000] {logging_mixin.py:190} INFO - [2025-02-04T22:27:48.894+0000] {override.py:1911} INFO - Created Permission View: can edit on DAG:example_params_trigger_ui
[2025-02-04T22:27:48.898+0000] {logging_mixin.py:190} INFO - [2025-02-04T22:27:48.897+0000] {override.py:1911} INFO - Created Permission View: can delete on DAG:example_params_trigger_ui
[2025-02-04T22:27:48.899+0000] {logging_mixin.py:190} INFO - [2025-02-04T22:27:48.899+0000] {override.py:1911} INFO - Created Permission View: can read on DAG:example_params_trigger_ui
[2025-02-04T22:27:48.901+0000] {logging_mixin.py:190} INFO - [2025-02-04T22:27:48.901+0000] {override.py:1911} INFO - Created Permission View: can create on DAG Run:example_params_trigger_ui
[2025-02-04T22:27:48.903+0000] {logging_mixin.py:190} INFO - [2025-02-04T22:27:48.903+0000] {override.py:1911} INFO - Created Permission View: can delete on DAG Run:example_params_trigger_ui
[2025-02-04T22:27:48.905+0000] {logging_mixin.py:190} INFO - [2025-02-04T22:27:48.905+0000] {override.py:1911} INFO - Created Permission View: can read on DAG Run:example_params_trigger_ui
[2025-02-04T22:27:48.906+0000] {logging_mixin.py:190} INFO - [2025-02-04T22:27:48.906+0000] {override.py:1911} INFO - Created Permission View: menu access on DAG Run:example_params_trigger_ui
[2025-02-04T22:27:48.907+0000] {logging_mixin.py:190} INFO - [2025-02-04T22:27:48.907+0000] {dag.py:3239} INFO - Sync 1 DAGs
[2025-02-04T22:27:48.912+0000] {logging_mixin.py:190} INFO - [2025-02-04T22:27:48.912+0000] {dag.py:3262} INFO - Creating ORM DAG for example_params_trigger_ui
[2025-02-04T22:27:48.912+0000] {logging_mixin.py:190} INFO - [2025-02-04T22:27:48.912+0000] {dag.py:4180} INFO - Setting next_dagrun for example_params_trigger_ui to None, run_after=None
[2025-02-04T22:27:48.918+0000] {processor.py:208} INFO - Processing /home/airflow/.local/lib/python3.12/site-packages/airflow/example_dags/example_params_trigger_ui.py took 0.085 seconds
[2025-02-04T22:28:19.088+0000] {processor.py:186} INFO - Started process (PID=118) to work on /home/airflow/.local/lib/python3.12/site-packages/airflow/example_dags/example_params_trigger_ui.py
[2025-02-04T22:28:19.089+0000] {processor.py:914} INFO - Processing file /home/airflow/.local/lib/python3.12/site-packages/airflow/example_dags/example_params_trigger_ui.py for tasks to queue
[2025-02-04T22:28:19.090+0000] {logging_mixin.py:190} INFO - [2025-02-04T22:28:19.090+0000] {dagbag.py:588} INFO - Filling up the DagBag from /home/airflow/.local/lib/python3.12/site-packages/airflow/example_dags/example_params_trigger_ui.py
[2025-02-04T22:28:19.095+0000] {processor.py:925} INFO - DAG(s) 'example_params_trigger_ui' retrieved from /home/airflow/.local/lib/python3.12/site-packages/airflow/example_dags/example_params_trigger_ui.py
[2025-02-04T22:28:19.114+0000] {logging_mixin.py:190} INFO - [2025-02-04T22:28:19.114+0000] {dag.py:3239} INFO - Sync 1 DAGs
[2025-02-04T22:28:19.120+0000] {logging_mixin.py:190} INFO - [2025-02-04T22:28:19.120+0000] {dag.py:4180} INFO - Setting next_dagrun for example_params_trigger_ui to None, run_after=None
[2025-02-04T22:28:19.130+0000] {processor.py:208} INFO - Processing /home/airflow/.local/lib/python3.12/site-packages/airflow/example_dags/example_params_trigger_ui.py took 0.044 seconds
[2025-02-04T22:28:49.330+0000] {processor.py:186} INFO - Started process (PID=182) to work on /home/airflow/.local/lib/python3.12/site-packages/airflow/example_dags/example_params_trigger_ui.py
[2025-02-04T22:28:49.330+0000] {processor.py:914} INFO - Processing file /home/airflow/.local/lib/python3.12/site-packages/airflow/example_dags/example_params_trigger_ui.py for tasks to queue
[2025-02-04T22:28:49.331+0000] {logging_mixin.py:190} INFO - [2025-02-04T22:28:49.331+0000] {dagbag.py:588} INFO - Filling up the DagBag from /home/airflow/.local/lib/python3.12/site-packages/airflow/example_dags/example_params_trigger_ui.py
[2025-02-04T22:28:49.336+0000] {processor.py:925} INFO - DAG(s) 'example_params_trigger_ui' retrieved from /home/airflow/.local/lib/python3.12/site-packages/airflow/example_dags/example_params_trigger_ui.py
[2025-02-04T22:28:49.349+0000] {logging_mixin.py:190} INFO - [2025-02-04T22:28:49.349+0000] {dag.py:3239} INFO - Sync 1 DAGs
[2025-02-04T22:28:49.354+0000] {logging_mixin.py:190} INFO - [2025-02-04T22:28:49.354+0000] {dag.py:4180} INFO - Setting next_dagrun for example_params_trigger_ui to None, run_after=None
[2025-02-04T22:28:49.360+0000] {processor.py:208} INFO - Processing /home/airflow/.local/lib/python3.12/site-packages/airflow/example_dags/example_params_trigger_ui.py took 0.033 seconds
[2025-02-04T22:29:19.632+0000] {processor.py:186} INFO - Started process (PID=254) to work on /home/airflow/.local/lib/python3.12/site-packages/airflow/example_dags/example_params_trigger_ui.py
[2025-02-04T22:29:19.633+0000] {processor.py:914} INFO - Processing file /home/airflow/.local/lib/python3.12/site-packages/airflow/example_dags/example_params_trigger_ui.py for tasks to queue
[2025-02-04T22:29:19.634+0000] {logging_mixin.py:190} INFO - [2025-02-04T22:29:19.634+0000] {dagbag.py:588} INFO - Filling up the DagBag from /home/airflow/.local/lib/python3.12/site-packages/airflow/example_dags/example_params_trigger_ui.py
[2025-02-04T22:29:19.641+0000] {processor.py:925} INFO - DAG(s) 'example_params_trigger_ui' retrieved from /home/airflow/.local/lib/python3.12/site-packages/airflow/example_dags/example_params_trigger_ui.py
[2025-02-04T22:29:19.660+0000] {logging_mixin.py:190} INFO - [2025-02-04T22:29:19.660+0000] {dag.py:3239} INFO - Sync 1 DAGs
[2025-02-04T22:29:19.667+0000] {logging_mixin.py:190} INFO - [2025-02-04T22:29:19.667+0000] {dag.py:4180} INFO - Setting next_dagrun for example_params_trigger_ui to None, run_after=None
[2025-02-04T22:29:19.676+0000] {processor.py:208} INFO - Processing /home/airflow/.local/lib/python3.12/site-packages/airflow/example_dags/example_params_trigger_ui.py took 0.047 seconds
