[2025-02-04T22:27:52.114+0000] {processor.py:186} INFO - Started process (PID=95) to work on /home/airflow/.local/lib/python3.12/site-packages/airflow/example_dags/example_python_operator.py
[2025-02-04T22:27:52.115+0000] {processor.py:914} INFO - Processing file /home/airflow/.local/lib/python3.12/site-packages/airflow/example_dags/example_python_operator.py for tasks to queue
[2025-02-04T22:27:52.116+0000] {logging_mixin.py:190} INFO - [2025-02-04T22:27:52.116+0000] {dagbag.py:588} INFO - Filling up the DagBag from /home/airflow/.local/lib/python3.12/site-packages/airflow/example_dags/example_python_operator.py
[2025-02-04T22:27:52.123+0000] {processor.py:925} INFO - DAG(s) 'example_python_operator' retrieved from /home/airflow/.local/lib/python3.12/site-packages/airflow/example_dags/example_python_operator.py
[2025-02-04T22:27:52.167+0000] {logging_mixin.py:190} INFO - [2025-02-04T22:27:52.166+0000] {override.py:1911} INFO - Created Permission View: can edit on DAG:example_python_operator
[2025-02-04T22:27:52.172+0000] {logging_mixin.py:190} INFO - [2025-02-04T22:27:52.172+0000] {override.py:1911} INFO - Created Permission View: can delete on DAG:example_python_operator
[2025-02-04T22:27:52.175+0000] {logging_mixin.py:190} INFO - [2025-02-04T22:27:52.175+0000] {override.py:1911} INFO - Created Permission View: can read on DAG:example_python_operator
[2025-02-04T22:27:52.178+0000] {logging_mixin.py:190} INFO - [2025-02-04T22:27:52.178+0000] {override.py:1911} INFO - Created Permission View: can create on DAG Run:example_python_operator
[2025-02-04T22:27:52.180+0000] {logging_mixin.py:190} INFO - [2025-02-04T22:27:52.180+0000] {override.py:1911} INFO - Created Permission View: can delete on DAG Run:example_python_operator
[2025-02-04T22:27:52.183+0000] {logging_mixin.py:190} INFO - [2025-02-04T22:27:52.183+0000] {override.py:1911} INFO - Created Permission View: can read on DAG Run:example_python_operator
[2025-02-04T22:27:52.185+0000] {logging_mixin.py:190} INFO - [2025-02-04T22:27:52.185+0000] {override.py:1911} INFO - Created Permission View: menu access on DAG Run:example_python_operator
[2025-02-04T22:27:52.185+0000] {logging_mixin.py:190} INFO - [2025-02-04T22:27:52.185+0000] {dag.py:3239} INFO - Sync 1 DAGs
[2025-02-04T22:27:52.191+0000] {logging_mixin.py:190} INFO - [2025-02-04T22:27:52.191+0000] {dag.py:3262} INFO - Creating ORM DAG for example_python_operator
[2025-02-04T22:27:52.191+0000] {logging_mixin.py:190} INFO - [2025-02-04T22:27:52.191+0000] {dag.py:4180} INFO - Setting next_dagrun for example_python_operator to None, run_after=None
[2025-02-04T22:27:52.200+0000] {processor.py:208} INFO - Processing /home/airflow/.local/lib/python3.12/site-packages/airflow/example_dags/example_python_operator.py took 0.088 seconds
[2025-02-04T22:28:22.675+0000] {processor.py:186} INFO - Started process (PID=159) to work on /home/airflow/.local/lib/python3.12/site-packages/airflow/example_dags/example_python_operator.py
[2025-02-04T22:28:22.675+0000] {processor.py:914} INFO - Processing file /home/airflow/.local/lib/python3.12/site-packages/airflow/example_dags/example_python_operator.py for tasks to queue
[2025-02-04T22:28:22.677+0000] {logging_mixin.py:190} INFO - [2025-02-04T22:28:22.676+0000] {dagbag.py:588} INFO - Filling up the DagBag from /home/airflow/.local/lib/python3.12/site-packages/airflow/example_dags/example_python_operator.py
[2025-02-04T22:28:22.682+0000] {processor.py:925} INFO - DAG(s) 'example_python_operator' retrieved from /home/airflow/.local/lib/python3.12/site-packages/airflow/example_dags/example_python_operator.py
[2025-02-04T22:28:22.693+0000] {logging_mixin.py:190} INFO - [2025-02-04T22:28:22.693+0000] {dag.py:3239} INFO - Sync 1 DAGs
[2025-02-04T22:28:22.699+0000] {logging_mixin.py:190} INFO - [2025-02-04T22:28:22.699+0000] {dag.py:4180} INFO - Setting next_dagrun for example_python_operator to None, run_after=None
[2025-02-04T22:28:22.708+0000] {processor.py:208} INFO - Processing /home/airflow/.local/lib/python3.12/site-packages/airflow/example_dags/example_python_operator.py took 0.035 seconds
[2025-02-04T22:28:53.942+0000] {processor.py:186} INFO - Started process (PID=223) to work on /home/airflow/.local/lib/python3.12/site-packages/airflow/example_dags/example_python_operator.py
[2025-02-04T22:28:53.945+0000] {processor.py:914} INFO - Processing file /home/airflow/.local/lib/python3.12/site-packages/airflow/example_dags/example_python_operator.py for tasks to queue
[2025-02-04T22:28:53.946+0000] {logging_mixin.py:190} INFO - [2025-02-04T22:28:53.946+0000] {dagbag.py:588} INFO - Filling up the DagBag from /home/airflow/.local/lib/python3.12/site-packages/airflow/example_dags/example_python_operator.py
[2025-02-04T22:28:53.951+0000] {processor.py:925} INFO - DAG(s) 'example_python_operator' retrieved from /home/airflow/.local/lib/python3.12/site-packages/airflow/example_dags/example_python_operator.py
[2025-02-04T22:28:53.963+0000] {logging_mixin.py:190} INFO - [2025-02-04T22:28:53.963+0000] {dag.py:3239} INFO - Sync 1 DAGs
[2025-02-04T22:28:53.970+0000] {logging_mixin.py:190} INFO - [2025-02-04T22:28:53.969+0000] {dag.py:4180} INFO - Setting next_dagrun for example_python_operator to None, run_after=None
[2025-02-04T22:28:53.981+0000] {processor.py:208} INFO - Processing /home/airflow/.local/lib/python3.12/site-packages/airflow/example_dags/example_python_operator.py took 0.042 seconds
[2025-02-04T22:29:24.413+0000] {processor.py:186} INFO - Started process (PID=295) to work on /home/airflow/.local/lib/python3.12/site-packages/airflow/example_dags/example_python_operator.py
[2025-02-04T22:29:24.413+0000] {processor.py:914} INFO - Processing file /home/airflow/.local/lib/python3.12/site-packages/airflow/example_dags/example_python_operator.py for tasks to queue
[2025-02-04T22:29:24.414+0000] {logging_mixin.py:190} INFO - [2025-02-04T22:29:24.414+0000] {dagbag.py:588} INFO - Filling up the DagBag from /home/airflow/.local/lib/python3.12/site-packages/airflow/example_dags/example_python_operator.py
[2025-02-04T22:29:24.420+0000] {processor.py:925} INFO - DAG(s) 'example_python_operator' retrieved from /home/airflow/.local/lib/python3.12/site-packages/airflow/example_dags/example_python_operator.py
[2025-02-04T22:29:24.428+0000] {logging_mixin.py:190} INFO - [2025-02-04T22:29:24.428+0000] {dag.py:3239} INFO - Sync 1 DAGs
[2025-02-04T22:29:24.433+0000] {logging_mixin.py:190} INFO - [2025-02-04T22:29:24.432+0000] {dag.py:4180} INFO - Setting next_dagrun for example_python_operator to None, run_after=None
[2025-02-04T22:29:24.438+0000] {processor.py:208} INFO - Processing /home/airflow/.local/lib/python3.12/site-packages/airflow/example_dags/example_python_operator.py took 0.027 seconds
