[2025-02-04T22:27:48.932+0000] {processor.py:186} INFO - Started process (PID=55) to work on /home/airflow/.local/lib/python3.12/site-packages/airflow/example_dags/example_kubernetes_executor.py
[2025-02-04T22:27:48.932+0000] {processor.py:914} INFO - Processing file /home/airflow/.local/lib/python3.12/site-packages/airflow/example_dags/example_kubernetes_executor.py for tasks to queue
[2025-02-04T22:27:48.934+0000] {logging_mixin.py:190} INFO - [2025-02-04T22:27:48.934+0000] {dagbag.py:588} INFO - Filling up the DagBag from /home/airflow/.local/lib/python3.12/site-packages/airflow/example_dags/example_kubernetes_executor.py
[2025-02-04T22:27:48.941+0000] {processor.py:925} INFO - DAG(s) 'example_kubernetes_executor' retrieved from /home/airflow/.local/lib/python3.12/site-packages/airflow/example_dags/example_kubernetes_executor.py
[2025-02-04T22:27:48.987+0000] {logging_mixin.py:190} INFO - [2025-02-04T22:27:48.987+0000] {override.py:1911} INFO - Created Permission View: can edit on DAG:example_kubernetes_executor
[2025-02-04T22:27:48.991+0000] {logging_mixin.py:190} INFO - [2025-02-04T22:27:48.991+0000] {override.py:1911} INFO - Created Permission View: can delete on DAG:example_kubernetes_executor
[2025-02-04T22:27:48.993+0000] {logging_mixin.py:190} INFO - [2025-02-04T22:27:48.992+0000] {override.py:1911} INFO - Created Permission View: can read on DAG:example_kubernetes_executor
[2025-02-04T22:27:48.995+0000] {logging_mixin.py:190} INFO - [2025-02-04T22:27:48.995+0000] {override.py:1911} INFO - Created Permission View: can create on DAG Run:example_kubernetes_executor
[2025-02-04T22:27:48.997+0000] {logging_mixin.py:190} INFO - [2025-02-04T22:27:48.997+0000] {override.py:1911} INFO - Created Permission View: can delete on DAG Run:example_kubernetes_executor
[2025-02-04T22:27:48.999+0000] {logging_mixin.py:190} INFO - [2025-02-04T22:27:48.999+0000] {override.py:1911} INFO - Created Permission View: can read on DAG Run:example_kubernetes_executor
[2025-02-04T22:27:49.000+0000] {logging_mixin.py:190} INFO - [2025-02-04T22:27:49.000+0000] {override.py:1911} INFO - Created Permission View: menu access on DAG Run:example_kubernetes_executor
[2025-02-04T22:27:49.000+0000] {logging_mixin.py:190} INFO - [2025-02-04T22:27:49.000+0000] {dag.py:3239} INFO - Sync 1 DAGs
[2025-02-04T22:27:49.006+0000] {logging_mixin.py:190} INFO - [2025-02-04T22:27:49.006+0000] {dag.py:3262} INFO - Creating ORM DAG for example_kubernetes_executor
[2025-02-04T22:27:49.006+0000] {logging_mixin.py:190} INFO - [2025-02-04T22:27:49.006+0000] {dag.py:4180} INFO - Setting next_dagrun for example_kubernetes_executor to None, run_after=None
[2025-02-04T22:27:49.012+0000] {processor.py:208} INFO - Processing /home/airflow/.local/lib/python3.12/site-packages/airflow/example_dags/example_kubernetes_executor.py took 0.083 seconds
[2025-02-04T22:28:19.098+0000] {processor.py:186} INFO - Started process (PID=119) to work on /home/airflow/.local/lib/python3.12/site-packages/airflow/example_dags/example_kubernetes_executor.py
[2025-02-04T22:28:19.098+0000] {processor.py:914} INFO - Processing file /home/airflow/.local/lib/python3.12/site-packages/airflow/example_dags/example_kubernetes_executor.py for tasks to queue
[2025-02-04T22:28:19.100+0000] {logging_mixin.py:190} INFO - [2025-02-04T22:28:19.100+0000] {dagbag.py:588} INFO - Filling up the DagBag from /home/airflow/.local/lib/python3.12/site-packages/airflow/example_dags/example_kubernetes_executor.py
[2025-02-04T22:28:19.109+0000] {processor.py:925} INFO - DAG(s) 'example_kubernetes_executor' retrieved from /home/airflow/.local/lib/python3.12/site-packages/airflow/example_dags/example_kubernetes_executor.py
[2025-02-04T22:28:19.122+0000] {logging_mixin.py:190} INFO - [2025-02-04T22:28:19.122+0000] {dag.py:3239} INFO - Sync 1 DAGs
[2025-02-04T22:28:19.133+0000] {logging_mixin.py:190} INFO - [2025-02-04T22:28:19.133+0000] {dag.py:4180} INFO - Setting next_dagrun for example_kubernetes_executor to None, run_after=None
[2025-02-04T22:28:19.140+0000] {processor.py:208} INFO - Processing /home/airflow/.local/lib/python3.12/site-packages/airflow/example_dags/example_kubernetes_executor.py took 0.045 seconds
[2025-02-04T22:28:49.372+0000] {processor.py:186} INFO - Started process (PID=183) to work on /home/airflow/.local/lib/python3.12/site-packages/airflow/example_dags/example_kubernetes_executor.py
[2025-02-04T22:28:49.372+0000] {processor.py:914} INFO - Processing file /home/airflow/.local/lib/python3.12/site-packages/airflow/example_dags/example_kubernetes_executor.py for tasks to queue
[2025-02-04T22:28:49.373+0000] {logging_mixin.py:190} INFO - [2025-02-04T22:28:49.373+0000] {dagbag.py:588} INFO - Filling up the DagBag from /home/airflow/.local/lib/python3.12/site-packages/airflow/example_dags/example_kubernetes_executor.py
[2025-02-04T22:28:49.379+0000] {processor.py:925} INFO - DAG(s) 'example_kubernetes_executor' retrieved from /home/airflow/.local/lib/python3.12/site-packages/airflow/example_dags/example_kubernetes_executor.py
[2025-02-04T22:28:49.391+0000] {logging_mixin.py:190} INFO - [2025-02-04T22:28:49.391+0000] {dag.py:3239} INFO - Sync 1 DAGs
[2025-02-04T22:28:49.399+0000] {logging_mixin.py:190} INFO - [2025-02-04T22:28:49.399+0000] {dag.py:4180} INFO - Setting next_dagrun for example_kubernetes_executor to None, run_after=None
[2025-02-04T22:28:49.409+0000] {processor.py:208} INFO - Processing /home/airflow/.local/lib/python3.12/site-packages/airflow/example_dags/example_kubernetes_executor.py took 0.040 seconds
[2025-02-04T22:29:19.657+0000] {processor.py:186} INFO - Started process (PID=255) to work on /home/airflow/.local/lib/python3.12/site-packages/airflow/example_dags/example_kubernetes_executor.py
[2025-02-04T22:29:19.657+0000] {processor.py:914} INFO - Processing file /home/airflow/.local/lib/python3.12/site-packages/airflow/example_dags/example_kubernetes_executor.py for tasks to queue
[2025-02-04T22:29:19.659+0000] {logging_mixin.py:190} INFO - [2025-02-04T22:29:19.659+0000] {dagbag.py:588} INFO - Filling up the DagBag from /home/airflow/.local/lib/python3.12/site-packages/airflow/example_dags/example_kubernetes_executor.py
[2025-02-04T22:29:19.667+0000] {processor.py:925} INFO - DAG(s) 'example_kubernetes_executor' retrieved from /home/airflow/.local/lib/python3.12/site-packages/airflow/example_dags/example_kubernetes_executor.py
[2025-02-04T22:29:19.679+0000] {logging_mixin.py:190} INFO - [2025-02-04T22:29:19.679+0000] {dag.py:3239} INFO - Sync 1 DAGs
[2025-02-04T22:29:19.685+0000] {logging_mixin.py:190} INFO - [2025-02-04T22:29:19.685+0000] {dag.py:4180} INFO - Setting next_dagrun for example_kubernetes_executor to None, run_after=None
[2025-02-04T22:29:19.692+0000] {processor.py:208} INFO - Processing /home/airflow/.local/lib/python3.12/site-packages/airflow/example_dags/example_kubernetes_executor.py took 0.038 seconds
