[2025-02-04T22:27:50.741+0000] {processor.py:186} INFO - Started process (PID=83) to work on /home/airflow/.local/lib/python3.12/site-packages/airflow/example_dags/example_params_ui_tutorial.py
[2025-02-04T22:27:50.742+0000] {processor.py:914} INFO - Processing file /home/airflow/.local/lib/python3.12/site-packages/airflow/example_dags/example_params_ui_tutorial.py for tasks to queue
[2025-02-04T22:27:50.744+0000] {logging_mixin.py:190} INFO - [2025-02-04T22:27:50.744+0000] {dagbag.py:588} INFO - Filling up the DagBag from /home/airflow/.local/lib/python3.12/site-packages/airflow/example_dags/example_params_ui_tutorial.py
[2025-02-04T22:27:50.750+0000] {processor.py:925} INFO - DAG(s) 'example_params_ui_tutorial' retrieved from /home/airflow/.local/lib/python3.12/site-packages/airflow/example_dags/example_params_ui_tutorial.py
[2025-02-04T22:27:50.801+0000] {logging_mixin.py:190} INFO - [2025-02-04T22:27:50.801+0000] {override.py:1911} INFO - Created Permission View: can edit on DAG:example_params_ui_tutorial
[2025-02-04T22:27:50.807+0000] {logging_mixin.py:190} INFO - [2025-02-04T22:27:50.807+0000] {override.py:1911} INFO - Created Permission View: can delete on DAG:example_params_ui_tutorial
[2025-02-04T22:27:50.811+0000] {logging_mixin.py:190} INFO - [2025-02-04T22:27:50.810+0000] {override.py:1911} INFO - Created Permission View: can read on DAG:example_params_ui_tutorial
[2025-02-04T22:27:50.814+0000] {logging_mixin.py:190} INFO - [2025-02-04T22:27:50.814+0000] {override.py:1911} INFO - Created Permission View: can create on DAG Run:example_params_ui_tutorial
[2025-02-04T22:27:50.819+0000] {logging_mixin.py:190} INFO - [2025-02-04T22:27:50.818+0000] {override.py:1911} INFO - Created Permission View: can delete on DAG Run:example_params_ui_tutorial
[2025-02-04T22:27:50.820+0000] {logging_mixin.py:190} INFO - [2025-02-04T22:27:50.820+0000] {override.py:1911} INFO - Created Permission View: can read on DAG Run:example_params_ui_tutorial
[2025-02-04T22:27:50.824+0000] {logging_mixin.py:190} INFO - [2025-02-04T22:27:50.824+0000] {override.py:1911} INFO - Created Permission View: menu access on DAG Run:example_params_ui_tutorial
[2025-02-04T22:27:50.825+0000] {logging_mixin.py:190} INFO - [2025-02-04T22:27:50.825+0000] {dag.py:3239} INFO - Sync 1 DAGs
[2025-02-04T22:27:50.830+0000] {logging_mixin.py:190} INFO - [2025-02-04T22:27:50.829+0000] {dag.py:3262} INFO - Creating ORM DAG for example_params_ui_tutorial
[2025-02-04T22:27:50.832+0000] {logging_mixin.py:190} INFO - [2025-02-04T22:27:50.832+0000] {dag.py:4180} INFO - Setting next_dagrun for example_params_ui_tutorial to None, run_after=None
[2025-02-04T22:27:50.840+0000] {processor.py:208} INFO - Processing /home/airflow/.local/lib/python3.12/site-packages/airflow/example_dags/example_params_ui_tutorial.py took 0.102 seconds
[2025-02-04T22:28:20.934+0000] {processor.py:186} INFO - Started process (PID=147) to work on /home/airflow/.local/lib/python3.12/site-packages/airflow/example_dags/example_params_ui_tutorial.py
[2025-02-04T22:28:20.934+0000] {processor.py:914} INFO - Processing file /home/airflow/.local/lib/python3.12/site-packages/airflow/example_dags/example_params_ui_tutorial.py for tasks to queue
[2025-02-04T22:28:20.935+0000] {logging_mixin.py:190} INFO - [2025-02-04T22:28:20.935+0000] {dagbag.py:588} INFO - Filling up the DagBag from /home/airflow/.local/lib/python3.12/site-packages/airflow/example_dags/example_params_ui_tutorial.py
[2025-02-04T22:28:20.939+0000] {processor.py:925} INFO - DAG(s) 'example_params_ui_tutorial' retrieved from /home/airflow/.local/lib/python3.12/site-packages/airflow/example_dags/example_params_ui_tutorial.py
[2025-02-04T22:28:20.955+0000] {logging_mixin.py:190} INFO - [2025-02-04T22:28:20.955+0000] {dag.py:3239} INFO - Sync 1 DAGs
[2025-02-04T22:28:20.960+0000] {logging_mixin.py:190} INFO - [2025-02-04T22:28:20.960+0000] {dag.py:4180} INFO - Setting next_dagrun for example_params_ui_tutorial to None, run_after=None
[2025-02-04T22:28:20.971+0000] {processor.py:208} INFO - Processing /home/airflow/.local/lib/python3.12/site-packages/airflow/example_dags/example_params_ui_tutorial.py took 0.040 seconds
[2025-02-04T22:28:51.150+0000] {processor.py:186} INFO - Started process (PID=211) to work on /home/airflow/.local/lib/python3.12/site-packages/airflow/example_dags/example_params_ui_tutorial.py
[2025-02-04T22:28:51.152+0000] {processor.py:914} INFO - Processing file /home/airflow/.local/lib/python3.12/site-packages/airflow/example_dags/example_params_ui_tutorial.py for tasks to queue
[2025-02-04T22:28:51.153+0000] {logging_mixin.py:190} INFO - [2025-02-04T22:28:51.153+0000] {dagbag.py:588} INFO - Filling up the DagBag from /home/airflow/.local/lib/python3.12/site-packages/airflow/example_dags/example_params_ui_tutorial.py
[2025-02-04T22:28:51.157+0000] {processor.py:925} INFO - DAG(s) 'example_params_ui_tutorial' retrieved from /home/airflow/.local/lib/python3.12/site-packages/airflow/example_dags/example_params_ui_tutorial.py
[2025-02-04T22:28:51.174+0000] {logging_mixin.py:190} INFO - [2025-02-04T22:28:51.174+0000] {dag.py:3239} INFO - Sync 1 DAGs
[2025-02-04T22:28:51.181+0000] {logging_mixin.py:190} INFO - [2025-02-04T22:28:51.181+0000] {dag.py:4180} INFO - Setting next_dagrun for example_params_ui_tutorial to None, run_after=None
[2025-02-04T22:28:51.187+0000] {processor.py:208} INFO - Processing /home/airflow/.local/lib/python3.12/site-packages/airflow/example_dags/example_params_ui_tutorial.py took 0.039 seconds
[2025-02-04T22:29:21.621+0000] {processor.py:186} INFO - Started process (PID=283) to work on /home/airflow/.local/lib/python3.12/site-packages/airflow/example_dags/example_params_ui_tutorial.py
[2025-02-04T22:29:21.623+0000] {processor.py:914} INFO - Processing file /home/airflow/.local/lib/python3.12/site-packages/airflow/example_dags/example_params_ui_tutorial.py for tasks to queue
[2025-02-04T22:29:21.624+0000] {logging_mixin.py:190} INFO - [2025-02-04T22:29:21.624+0000] {dagbag.py:588} INFO - Filling up the DagBag from /home/airflow/.local/lib/python3.12/site-packages/airflow/example_dags/example_params_ui_tutorial.py
[2025-02-04T22:29:21.630+0000] {processor.py:925} INFO - DAG(s) 'example_params_ui_tutorial' retrieved from /home/airflow/.local/lib/python3.12/site-packages/airflow/example_dags/example_params_ui_tutorial.py
[2025-02-04T22:29:21.653+0000] {logging_mixin.py:190} INFO - [2025-02-04T22:29:21.653+0000] {dag.py:3239} INFO - Sync 1 DAGs
[2025-02-04T22:29:21.659+0000] {logging_mixin.py:190} INFO - [2025-02-04T22:29:21.659+0000] {dag.py:4180} INFO - Setting next_dagrun for example_params_ui_tutorial to None, run_after=None
[2025-02-04T22:29:21.666+0000] {processor.py:208} INFO - Processing /home/airflow/.local/lib/python3.12/site-packages/airflow/example_dags/example_params_ui_tutorial.py took 0.049 seconds
