[2025-02-04T22:27:50.854+0000] {processor.py:186} INFO - Started process (PID=85) to work on /home/airflow/.local/lib/python3.12/site-packages/airflow/example_dags/example_bash_decorator.py
[2025-02-04T22:27:50.854+0000] {processor.py:914} INFO - Processing file /home/airflow/.local/lib/python3.12/site-packages/airflow/example_dags/example_bash_decorator.py for tasks to queue
[2025-02-04T22:27:50.855+0000] {logging_mixin.py:190} INFO - [2025-02-04T22:27:50.855+0000] {dagbag.py:588} INFO - Filling up the DagBag from /home/airflow/.local/lib/python3.12/site-packages/airflow/example_dags/example_bash_decorator.py
[2025-02-04T22:27:50.864+0000] {processor.py:925} INFO - DAG(s) 'example_bash_decorator' retrieved from /home/airflow/.local/lib/python3.12/site-packages/airflow/example_dags/example_bash_decorator.py
[2025-02-04T22:27:50.908+0000] {logging_mixin.py:190} INFO - [2025-02-04T22:27:50.908+0000] {override.py:1911} INFO - Created Permission View: can edit on DAG:example_bash_decorator
[2025-02-04T22:27:50.917+0000] {logging_mixin.py:190} INFO - [2025-02-04T22:27:50.917+0000] {override.py:1911} INFO - Created Permission View: can delete on DAG:example_bash_decorator
[2025-02-04T22:27:50.921+0000] {logging_mixin.py:190} INFO - [2025-02-04T22:27:50.920+0000] {override.py:1911} INFO - Created Permission View: can read on DAG:example_bash_decorator
[2025-02-04T22:27:50.925+0000] {logging_mixin.py:190} INFO - [2025-02-04T22:27:50.925+0000] {override.py:1911} INFO - Created Permission View: can create on DAG Run:example_bash_decorator
[2025-02-04T22:27:50.930+0000] {logging_mixin.py:190} INFO - [2025-02-04T22:27:50.929+0000] {override.py:1911} INFO - Created Permission View: can delete on DAG Run:example_bash_decorator
[2025-02-04T22:27:50.934+0000] {logging_mixin.py:190} INFO - [2025-02-04T22:27:50.934+0000] {override.py:1911} INFO - Created Permission View: can read on DAG Run:example_bash_decorator
[2025-02-04T22:27:50.938+0000] {logging_mixin.py:190} INFO - [2025-02-04T22:27:50.937+0000] {override.py:1911} INFO - Created Permission View: menu access on DAG Run:example_bash_decorator
[2025-02-04T22:27:50.938+0000] {logging_mixin.py:190} INFO - [2025-02-04T22:27:50.938+0000] {dag.py:3239} INFO - Sync 1 DAGs
[2025-02-04T22:27:50.942+0000] {logging_mixin.py:190} INFO - [2025-02-04T22:27:50.942+0000] {dag.py:3262} INFO - Creating ORM DAG for example_bash_decorator
[2025-02-04T22:27:50.943+0000] {logging_mixin.py:190} INFO - [2025-02-04T22:27:50.943+0000] {dag.py:4180} INFO - Setting next_dagrun for example_bash_decorator to None, run_after=None
[2025-02-04T22:27:50.950+0000] {processor.py:208} INFO - Processing /home/airflow/.local/lib/python3.12/site-packages/airflow/example_dags/example_bash_decorator.py took 0.099 seconds
[2025-02-04T22:28:20.982+0000] {processor.py:186} INFO - Started process (PID=149) to work on /home/airflow/.local/lib/python3.12/site-packages/airflow/example_dags/example_bash_decorator.py
[2025-02-04T22:28:20.982+0000] {processor.py:914} INFO - Processing file /home/airflow/.local/lib/python3.12/site-packages/airflow/example_dags/example_bash_decorator.py for tasks to queue
[2025-02-04T22:28:20.983+0000] {logging_mixin.py:190} INFO - [2025-02-04T22:28:20.983+0000] {dagbag.py:588} INFO - Filling up the DagBag from /home/airflow/.local/lib/python3.12/site-packages/airflow/example_dags/example_bash_decorator.py
[2025-02-04T22:28:20.989+0000] {processor.py:925} INFO - DAG(s) 'example_bash_decorator' retrieved from /home/airflow/.local/lib/python3.12/site-packages/airflow/example_dags/example_bash_decorator.py
[2025-02-04T22:28:20.998+0000] {logging_mixin.py:190} INFO - [2025-02-04T22:28:20.998+0000] {dag.py:3239} INFO - Sync 1 DAGs
[2025-02-04T22:28:21.002+0000] {logging_mixin.py:190} INFO - [2025-02-04T22:28:21.002+0000] {dag.py:4180} INFO - Setting next_dagrun for example_bash_decorator to None, run_after=None
[2025-02-04T22:28:21.008+0000] {processor.py:208} INFO - Processing /home/airflow/.local/lib/python3.12/site-packages/airflow/example_dags/example_bash_decorator.py took 0.028 seconds
[2025-02-04T22:28:51.201+0000] {processor.py:186} INFO - Started process (PID=213) to work on /home/airflow/.local/lib/python3.12/site-packages/airflow/example_dags/example_bash_decorator.py
[2025-02-04T22:28:51.201+0000] {processor.py:914} INFO - Processing file /home/airflow/.local/lib/python3.12/site-packages/airflow/example_dags/example_bash_decorator.py for tasks to queue
[2025-02-04T22:28:51.202+0000] {logging_mixin.py:190} INFO - [2025-02-04T22:28:51.202+0000] {dagbag.py:588} INFO - Filling up the DagBag from /home/airflow/.local/lib/python3.12/site-packages/airflow/example_dags/example_bash_decorator.py
[2025-02-04T22:28:51.210+0000] {processor.py:925} INFO - DAG(s) 'example_bash_decorator' retrieved from /home/airflow/.local/lib/python3.12/site-packages/airflow/example_dags/example_bash_decorator.py
[2025-02-04T22:28:51.220+0000] {logging_mixin.py:190} INFO - [2025-02-04T22:28:51.220+0000] {dag.py:3239} INFO - Sync 1 DAGs
[2025-02-04T22:28:51.225+0000] {logging_mixin.py:190} INFO - [2025-02-04T22:28:51.225+0000] {dag.py:4180} INFO - Setting next_dagrun for example_bash_decorator to None, run_after=None
[2025-02-04T22:28:51.231+0000] {processor.py:208} INFO - Processing /home/airflow/.local/lib/python3.12/site-packages/airflow/example_dags/example_bash_decorator.py took 0.033 seconds
[2025-02-04T22:29:21.680+0000] {processor.py:186} INFO - Started process (PID=285) to work on /home/airflow/.local/lib/python3.12/site-packages/airflow/example_dags/example_bash_decorator.py
[2025-02-04T22:29:21.682+0000] {processor.py:914} INFO - Processing file /home/airflow/.local/lib/python3.12/site-packages/airflow/example_dags/example_bash_decorator.py for tasks to queue
[2025-02-04T22:29:21.683+0000] {logging_mixin.py:190} INFO - [2025-02-04T22:29:21.683+0000] {dagbag.py:588} INFO - Filling up the DagBag from /home/airflow/.local/lib/python3.12/site-packages/airflow/example_dags/example_bash_decorator.py
[2025-02-04T22:29:21.690+0000] {processor.py:925} INFO - DAG(s) 'example_bash_decorator' retrieved from /home/airflow/.local/lib/python3.12/site-packages/airflow/example_dags/example_bash_decorator.py
[2025-02-04T22:29:21.701+0000] {logging_mixin.py:190} INFO - [2025-02-04T22:29:21.701+0000] {dag.py:3239} INFO - Sync 1 DAGs
[2025-02-04T22:29:21.707+0000] {logging_mixin.py:190} INFO - [2025-02-04T22:29:21.707+0000] {dag.py:4180} INFO - Setting next_dagrun for example_bash_decorator to None, run_after=None
[2025-02-04T22:29:21.714+0000] {processor.py:208} INFO - Processing /home/airflow/.local/lib/python3.12/site-packages/airflow/example_dags/example_bash_decorator.py took 0.037 seconds
