[2025-02-04T22:27:51.013+0000] {processor.py:186} INFO - Started process (PID=88) to work on /home/airflow/.local/lib/python3.12/site-packages/airflow/example_dags/example_inlet_event_extra.py
[2025-02-04T22:27:51.014+0000] {processor.py:914} INFO - Processing file /home/airflow/.local/lib/python3.12/site-packages/airflow/example_dags/example_inlet_event_extra.py for tasks to queue
[2025-02-04T22:27:51.015+0000] {logging_mixin.py:190} INFO - [2025-02-04T22:27:51.015+0000] {dagbag.py:588} INFO - Filling up the DagBag from /home/airflow/.local/lib/python3.12/site-packages/airflow/example_dags/example_inlet_event_extra.py
[2025-02-04T22:27:51.261+0000] {processor.py:925} INFO - DAG(s) 'read_dataset_event', 'read_dataset_event_from_classic' retrieved from /home/airflow/.local/lib/python3.12/site-packages/airflow/example_dags/example_inlet_event_extra.py
[2025-02-04T22:27:51.313+0000] {logging_mixin.py:190} INFO - [2025-02-04T22:27:51.312+0000] {override.py:1911} INFO - Created Permission View: can edit on DAG:read_dataset_event
[2025-02-04T22:27:51.316+0000] {logging_mixin.py:190} INFO - [2025-02-04T22:27:51.316+0000] {override.py:1911} INFO - Created Permission View: can delete on DAG:read_dataset_event
[2025-02-04T22:27:51.319+0000] {logging_mixin.py:190} INFO - [2025-02-04T22:27:51.319+0000] {override.py:1911} INFO - Created Permission View: can read on DAG:read_dataset_event
[2025-02-04T22:27:51.322+0000] {logging_mixin.py:190} INFO - [2025-02-04T22:27:51.322+0000] {override.py:1911} INFO - Created Permission View: can create on DAG Run:read_dataset_event
[2025-02-04T22:27:51.324+0000] {logging_mixin.py:190} INFO - [2025-02-04T22:27:51.324+0000] {override.py:1911} INFO - Created Permission View: can delete on DAG Run:read_dataset_event
[2025-02-04T22:27:51.327+0000] {logging_mixin.py:190} INFO - [2025-02-04T22:27:51.327+0000] {override.py:1911} INFO - Created Permission View: can read on DAG Run:read_dataset_event
[2025-02-04T22:27:51.329+0000] {logging_mixin.py:190} INFO - [2025-02-04T22:27:51.329+0000] {override.py:1911} INFO - Created Permission View: menu access on DAG Run:read_dataset_event
[2025-02-04T22:27:51.335+0000] {logging_mixin.py:190} INFO - [2025-02-04T22:27:51.335+0000] {override.py:1911} INFO - Created Permission View: can edit on DAG:read_dataset_event_from_classic
[2025-02-04T22:27:51.339+0000] {logging_mixin.py:190} INFO - [2025-02-04T22:27:51.339+0000] {override.py:1911} INFO - Created Permission View: can delete on DAG:read_dataset_event_from_classic
[2025-02-04T22:27:51.342+0000] {logging_mixin.py:190} INFO - [2025-02-04T22:27:51.341+0000] {override.py:1911} INFO - Created Permission View: can read on DAG:read_dataset_event_from_classic
[2025-02-04T22:27:51.344+0000] {logging_mixin.py:190} INFO - [2025-02-04T22:27:51.344+0000] {override.py:1911} INFO - Created Permission View: can create on DAG Run:read_dataset_event_from_classic
[2025-02-04T22:27:51.347+0000] {logging_mixin.py:190} INFO - [2025-02-04T22:27:51.347+0000] {override.py:1911} INFO - Created Permission View: can delete on DAG Run:read_dataset_event_from_classic
[2025-02-04T22:27:51.349+0000] {logging_mixin.py:190} INFO - [2025-02-04T22:27:51.349+0000] {override.py:1911} INFO - Created Permission View: can read on DAG Run:read_dataset_event_from_classic
[2025-02-04T22:27:51.352+0000] {logging_mixin.py:190} INFO - [2025-02-04T22:27:51.351+0000] {override.py:1911} INFO - Created Permission View: menu access on DAG Run:read_dataset_event_from_classic
[2025-02-04T22:27:51.352+0000] {logging_mixin.py:190} INFO - [2025-02-04T22:27:51.352+0000] {dag.py:3239} INFO - Sync 2 DAGs
[2025-02-04T22:27:51.357+0000] {logging_mixin.py:190} INFO - [2025-02-04T22:27:51.357+0000] {dag.py:3262} INFO - Creating ORM DAG for read_dataset_event_from_classic
[2025-02-04T22:27:51.359+0000] {logging_mixin.py:190} INFO - [2025-02-04T22:27:51.359+0000] {dag.py:3262} INFO - Creating ORM DAG for read_dataset_event
[2025-02-04T22:27:51.364+0000] {logging_mixin.py:190} INFO - [2025-02-04T22:27:51.364+0000] {dag.py:4180} INFO - Setting next_dagrun for read_dataset_event to 2025-02-03 00:00:00+00:00, run_after=2025-02-04 00:00:00+00:00
[2025-02-04T22:27:51.365+0000] {logging_mixin.py:190} INFO - [2025-02-04T22:27:51.365+0000] {dag.py:4180} INFO - Setting next_dagrun for read_dataset_event_from_classic to 2025-02-03 00:00:00+00:00, run_after=2025-02-04 00:00:00+00:00
[2025-02-04T22:27:51.374+0000] {processor.py:208} INFO - Processing /home/airflow/.local/lib/python3.12/site-packages/airflow/example_dags/example_inlet_event_extra.py took 0.364 seconds
[2025-02-04T22:28:22.048+0000] {processor.py:186} INFO - Started process (PID=152) to work on /home/airflow/.local/lib/python3.12/site-packages/airflow/example_dags/example_inlet_event_extra.py
[2025-02-04T22:28:22.051+0000] {processor.py:914} INFO - Processing file /home/airflow/.local/lib/python3.12/site-packages/airflow/example_dags/example_inlet_event_extra.py for tasks to queue
[2025-02-04T22:28:22.053+0000] {logging_mixin.py:190} INFO - [2025-02-04T22:28:22.053+0000] {dagbag.py:588} INFO - Filling up the DagBag from /home/airflow/.local/lib/python3.12/site-packages/airflow/example_dags/example_inlet_event_extra.py
[2025-02-04T22:28:22.289+0000] {processor.py:925} INFO - DAG(s) 'read_dataset_event_from_classic', 'read_dataset_event' retrieved from /home/airflow/.local/lib/python3.12/site-packages/airflow/example_dags/example_inlet_event_extra.py
[2025-02-04T22:28:22.298+0000] {logging_mixin.py:190} INFO - [2025-02-04T22:28:22.297+0000] {dag.py:3239} INFO - Sync 2 DAGs
[2025-02-04T22:28:22.306+0000] {logging_mixin.py:190} INFO - [2025-02-04T22:28:22.306+0000] {dag.py:4180} INFO - Setting next_dagrun for read_dataset_event to 2025-02-03 00:00:00+00:00, run_after=2025-02-04 00:00:00+00:00
[2025-02-04T22:28:22.308+0000] {logging_mixin.py:190} INFO - [2025-02-04T22:28:22.308+0000] {dag.py:4180} INFO - Setting next_dagrun for read_dataset_event_from_classic to 2025-02-03 00:00:00+00:00, run_after=2025-02-04 00:00:00+00:00
[2025-02-04T22:28:22.314+0000] {processor.py:208} INFO - Processing /home/airflow/.local/lib/python3.12/site-packages/airflow/example_dags/example_inlet_event_extra.py took 0.271 seconds
[2025-02-04T22:28:53.279+0000] {processor.py:186} INFO - Started process (PID=216) to work on /home/airflow/.local/lib/python3.12/site-packages/airflow/example_dags/example_inlet_event_extra.py
[2025-02-04T22:28:53.283+0000] {processor.py:914} INFO - Processing file /home/airflow/.local/lib/python3.12/site-packages/airflow/example_dags/example_inlet_event_extra.py for tasks to queue
[2025-02-04T22:28:53.285+0000] {logging_mixin.py:190} INFO - [2025-02-04T22:28:53.285+0000] {dagbag.py:588} INFO - Filling up the DagBag from /home/airflow/.local/lib/python3.12/site-packages/airflow/example_dags/example_inlet_event_extra.py
[2025-02-04T22:28:53.560+0000] {processor.py:925} INFO - DAG(s) 'read_dataset_event_from_classic', 'read_dataset_event' retrieved from /home/airflow/.local/lib/python3.12/site-packages/airflow/example_dags/example_inlet_event_extra.py
[2025-02-04T22:28:53.571+0000] {logging_mixin.py:190} INFO - [2025-02-04T22:28:53.571+0000] {dag.py:3239} INFO - Sync 2 DAGs
[2025-02-04T22:28:53.579+0000] {logging_mixin.py:190} INFO - [2025-02-04T22:28:53.579+0000] {dag.py:4180} INFO - Setting next_dagrun for read_dataset_event to 2025-02-03 00:00:00+00:00, run_after=2025-02-04 00:00:00+00:00
[2025-02-04T22:28:53.582+0000] {logging_mixin.py:190} INFO - [2025-02-04T22:28:53.582+0000] {dag.py:4180} INFO - Setting next_dagrun for read_dataset_event_from_classic to 2025-02-03 00:00:00+00:00, run_after=2025-02-04 00:00:00+00:00
[2025-02-04T22:28:53.591+0000] {processor.py:208} INFO - Processing /home/airflow/.local/lib/python3.12/site-packages/airflow/example_dags/example_inlet_event_extra.py took 0.321 seconds
[2025-02-04T22:29:23.761+0000] {processor.py:186} INFO - Started process (PID=288) to work on /home/airflow/.local/lib/python3.12/site-packages/airflow/example_dags/example_inlet_event_extra.py
[2025-02-04T22:29:23.765+0000] {processor.py:914} INFO - Processing file /home/airflow/.local/lib/python3.12/site-packages/airflow/example_dags/example_inlet_event_extra.py for tasks to queue
[2025-02-04T22:29:23.766+0000] {logging_mixin.py:190} INFO - [2025-02-04T22:29:23.766+0000] {dagbag.py:588} INFO - Filling up the DagBag from /home/airflow/.local/lib/python3.12/site-packages/airflow/example_dags/example_inlet_event_extra.py
[2025-02-04T22:29:24.003+0000] {processor.py:925} INFO - DAG(s) 'read_dataset_event', 'read_dataset_event_from_classic' retrieved from /home/airflow/.local/lib/python3.12/site-packages/airflow/example_dags/example_inlet_event_extra.py
[2025-02-04T22:29:24.019+0000] {logging_mixin.py:190} INFO - [2025-02-04T22:29:24.019+0000] {dag.py:3239} INFO - Sync 2 DAGs
[2025-02-04T22:29:24.030+0000] {logging_mixin.py:190} INFO - [2025-02-04T22:29:24.029+0000] {dag.py:4180} INFO - Setting next_dagrun for read_dataset_event to 2025-02-03 00:00:00+00:00, run_after=2025-02-04 00:00:00+00:00
[2025-02-04T22:29:24.031+0000] {logging_mixin.py:190} INFO - [2025-02-04T22:29:24.031+0000] {dag.py:4180} INFO - Setting next_dagrun for read_dataset_event_from_classic to 2025-02-03 00:00:00+00:00, run_after=2025-02-04 00:00:00+00:00
[2025-02-04T22:29:24.042+0000] {processor.py:208} INFO - Processing /home/airflow/.local/lib/python3.12/site-packages/airflow/example_dags/example_inlet_event_extra.py took 0.285 seconds
