[2025-02-04T22:27:49.761+0000] {processor.py:186} INFO - Started process (PID=65) to work on /home/airflow/.local/lib/python3.12/site-packages/airflow/example_dags/example_short_circuit_decorator.py
[2025-02-04T22:27:49.761+0000] {processor.py:914} INFO - Processing file /home/airflow/.local/lib/python3.12/site-packages/airflow/example_dags/example_short_circuit_decorator.py for tasks to queue
[2025-02-04T22:27:49.762+0000] {logging_mixin.py:190} INFO - [2025-02-04T22:27:49.762+0000] {dagbag.py:588} INFO - Filling up the DagBag from /home/airflow/.local/lib/python3.12/site-packages/airflow/example_dags/example_short_circuit_decorator.py
[2025-02-04T22:27:49.768+0000] {processor.py:925} INFO - DAG(s) 'example_short_circuit_decorator' retrieved from /home/airflow/.local/lib/python3.12/site-packages/airflow/example_dags/example_short_circuit_decorator.py
[2025-02-04T22:27:49.812+0000] {logging_mixin.py:190} INFO - [2025-02-04T22:27:49.812+0000] {override.py:1911} INFO - Created Permission View: can edit on DAG:example_short_circuit_decorator
[2025-02-04T22:27:49.816+0000] {logging_mixin.py:190} INFO - [2025-02-04T22:27:49.815+0000] {override.py:1911} INFO - Created Permission View: can delete on DAG:example_short_circuit_decorator
[2025-02-04T22:27:49.817+0000] {logging_mixin.py:190} INFO - [2025-02-04T22:27:49.817+0000] {override.py:1911} INFO - Created Permission View: can read on DAG:example_short_circuit_decorator
[2025-02-04T22:27:49.819+0000] {logging_mixin.py:190} INFO - [2025-02-04T22:27:49.819+0000] {override.py:1911} INFO - Created Permission View: can create on DAG Run:example_short_circuit_decorator
[2025-02-04T22:27:49.821+0000] {logging_mixin.py:190} INFO - [2025-02-04T22:27:49.821+0000] {override.py:1911} INFO - Created Permission View: can delete on DAG Run:example_short_circuit_decorator
[2025-02-04T22:27:49.822+0000] {logging_mixin.py:190} INFO - [2025-02-04T22:27:49.822+0000] {override.py:1911} INFO - Created Permission View: can read on DAG Run:example_short_circuit_decorator
[2025-02-04T22:27:49.824+0000] {logging_mixin.py:190} INFO - [2025-02-04T22:27:49.824+0000] {override.py:1911} INFO - Created Permission View: menu access on DAG Run:example_short_circuit_decorator
[2025-02-04T22:27:49.824+0000] {logging_mixin.py:190} INFO - [2025-02-04T22:27:49.824+0000] {dag.py:3239} INFO - Sync 1 DAGs
[2025-02-04T22:27:49.830+0000] {logging_mixin.py:190} INFO - [2025-02-04T22:27:49.830+0000] {dag.py:3262} INFO - Creating ORM DAG for example_short_circuit_decorator
[2025-02-04T22:27:49.830+0000] {logging_mixin.py:190} INFO - [2025-02-04T22:27:49.830+0000] {dag.py:4180} INFO - Setting next_dagrun for example_short_circuit_decorator to None, run_after=None
[2025-02-04T22:27:49.837+0000] {processor.py:208} INFO - Processing /home/airflow/.local/lib/python3.12/site-packages/airflow/example_dags/example_short_circuit_decorator.py took 0.079 seconds
[2025-02-04T22:28:20.488+0000] {processor.py:186} INFO - Started process (PID=129) to work on /home/airflow/.local/lib/python3.12/site-packages/airflow/example_dags/example_short_circuit_decorator.py
[2025-02-04T22:28:20.489+0000] {processor.py:914} INFO - Processing file /home/airflow/.local/lib/python3.12/site-packages/airflow/example_dags/example_short_circuit_decorator.py for tasks to queue
[2025-02-04T22:28:20.490+0000] {logging_mixin.py:190} INFO - [2025-02-04T22:28:20.490+0000] {dagbag.py:588} INFO - Filling up the DagBag from /home/airflow/.local/lib/python3.12/site-packages/airflow/example_dags/example_short_circuit_decorator.py
[2025-02-04T22:28:20.496+0000] {processor.py:925} INFO - DAG(s) 'example_short_circuit_decorator' retrieved from /home/airflow/.local/lib/python3.12/site-packages/airflow/example_dags/example_short_circuit_decorator.py
[2025-02-04T22:28:20.508+0000] {logging_mixin.py:190} INFO - [2025-02-04T22:28:20.508+0000] {dag.py:3239} INFO - Sync 1 DAGs
[2025-02-04T22:28:20.515+0000] {logging_mixin.py:190} INFO - [2025-02-04T22:28:20.515+0000] {dag.py:4180} INFO - Setting next_dagrun for example_short_circuit_decorator to None, run_after=None
[2025-02-04T22:28:20.522+0000] {processor.py:208} INFO - Processing /home/airflow/.local/lib/python3.12/site-packages/airflow/example_dags/example_short_circuit_decorator.py took 0.037 seconds
[2025-02-04T22:28:50.686+0000] {processor.py:186} INFO - Started process (PID=193) to work on /home/airflow/.local/lib/python3.12/site-packages/airflow/example_dags/example_short_circuit_decorator.py
[2025-02-04T22:28:50.686+0000] {processor.py:914} INFO - Processing file /home/airflow/.local/lib/python3.12/site-packages/airflow/example_dags/example_short_circuit_decorator.py for tasks to queue
[2025-02-04T22:28:50.687+0000] {logging_mixin.py:190} INFO - [2025-02-04T22:28:50.687+0000] {dagbag.py:588} INFO - Filling up the DagBag from /home/airflow/.local/lib/python3.12/site-packages/airflow/example_dags/example_short_circuit_decorator.py
[2025-02-04T22:28:50.692+0000] {processor.py:925} INFO - DAG(s) 'example_short_circuit_decorator' retrieved from /home/airflow/.local/lib/python3.12/site-packages/airflow/example_dags/example_short_circuit_decorator.py
[2025-02-04T22:28:50.701+0000] {logging_mixin.py:190} INFO - [2025-02-04T22:28:50.701+0000] {dag.py:3239} INFO - Sync 1 DAGs
[2025-02-04T22:28:50.707+0000] {logging_mixin.py:190} INFO - [2025-02-04T22:28:50.706+0000] {dag.py:4180} INFO - Setting next_dagrun for example_short_circuit_decorator to None, run_after=None
[2025-02-04T22:28:50.713+0000] {processor.py:208} INFO - Processing /home/airflow/.local/lib/python3.12/site-packages/airflow/example_dags/example_short_circuit_decorator.py took 0.029 seconds
[2025-02-04T22:29:21.003+0000] {processor.py:186} INFO - Started process (PID=265) to work on /home/airflow/.local/lib/python3.12/site-packages/airflow/example_dags/example_short_circuit_decorator.py
[2025-02-04T22:29:21.005+0000] {processor.py:914} INFO - Processing file /home/airflow/.local/lib/python3.12/site-packages/airflow/example_dags/example_short_circuit_decorator.py for tasks to queue
[2025-02-04T22:29:21.007+0000] {logging_mixin.py:190} INFO - [2025-02-04T22:29:21.007+0000] {dagbag.py:588} INFO - Filling up the DagBag from /home/airflow/.local/lib/python3.12/site-packages/airflow/example_dags/example_short_circuit_decorator.py
[2025-02-04T22:29:21.013+0000] {processor.py:925} INFO - DAG(s) 'example_short_circuit_decorator' retrieved from /home/airflow/.local/lib/python3.12/site-packages/airflow/example_dags/example_short_circuit_decorator.py
[2025-02-04T22:29:21.025+0000] {logging_mixin.py:190} INFO - [2025-02-04T22:29:21.025+0000] {dag.py:3239} INFO - Sync 1 DAGs
[2025-02-04T22:29:21.032+0000] {logging_mixin.py:190} INFO - [2025-02-04T22:29:21.031+0000] {dag.py:4180} INFO - Setting next_dagrun for example_short_circuit_decorator to None, run_after=None
[2025-02-04T22:29:21.043+0000] {processor.py:208} INFO - Processing /home/airflow/.local/lib/python3.12/site-packages/airflow/example_dags/example_short_circuit_decorator.py took 0.042 seconds
