[2025-02-04T22:27:49.563+0000] {processor.py:186} INFO - Started process (PID=62) to work on /home/airflow/.local/lib/python3.12/site-packages/airflow/example_dags/example_nested_branch_dag.py
[2025-02-04T22:27:49.564+0000] {processor.py:914} INFO - Processing file /home/airflow/.local/lib/python3.12/site-packages/airflow/example_dags/example_nested_branch_dag.py for tasks to queue
[2025-02-04T22:27:49.565+0000] {logging_mixin.py:190} INFO - [2025-02-04T22:27:49.565+0000] {dagbag.py:588} INFO - Filling up the DagBag from /home/airflow/.local/lib/python3.12/site-packages/airflow/example_dags/example_nested_branch_dag.py
[2025-02-04T22:27:49.572+0000] {processor.py:925} INFO - DAG(s) 'example_nested_branch_dag' retrieved from /home/airflow/.local/lib/python3.12/site-packages/airflow/example_dags/example_nested_branch_dag.py
[2025-02-04T22:27:49.630+0000] {logging_mixin.py:190} INFO - [2025-02-04T22:27:49.629+0000] {override.py:1911} INFO - Created Permission View: can edit on DAG:example_nested_branch_dag
[2025-02-04T22:27:49.635+0000] {logging_mixin.py:190} INFO - [2025-02-04T22:27:49.635+0000] {override.py:1911} INFO - Created Permission View: can delete on DAG:example_nested_branch_dag
[2025-02-04T22:27:49.637+0000] {logging_mixin.py:190} INFO - [2025-02-04T22:27:49.637+0000] {override.py:1911} INFO - Created Permission View: can read on DAG:example_nested_branch_dag
[2025-02-04T22:27:49.639+0000] {logging_mixin.py:190} INFO - [2025-02-04T22:27:49.639+0000] {override.py:1911} INFO - Created Permission View: can create on DAG Run:example_nested_branch_dag
[2025-02-04T22:27:49.641+0000] {logging_mixin.py:190} INFO - [2025-02-04T22:27:49.641+0000] {override.py:1911} INFO - Created Permission View: can delete on DAG Run:example_nested_branch_dag
[2025-02-04T22:27:49.643+0000] {logging_mixin.py:190} INFO - [2025-02-04T22:27:49.643+0000] {override.py:1911} INFO - Created Permission View: can read on DAG Run:example_nested_branch_dag
[2025-02-04T22:27:49.648+0000] {logging_mixin.py:190} INFO - [2025-02-04T22:27:49.648+0000] {override.py:1911} INFO - Created Permission View: menu access on DAG Run:example_nested_branch_dag
[2025-02-04T22:27:49.649+0000] {logging_mixin.py:190} INFO - [2025-02-04T22:27:49.649+0000] {dag.py:3239} INFO - Sync 1 DAGs
[2025-02-04T22:27:49.655+0000] {logging_mixin.py:190} INFO - [2025-02-04T22:27:49.655+0000] {dag.py:3262} INFO - Creating ORM DAG for example_nested_branch_dag
[2025-02-04T22:27:49.659+0000] {logging_mixin.py:190} INFO - [2025-02-04T22:27:49.659+0000] {dag.py:4180} INFO - Setting next_dagrun for example_nested_branch_dag to 2025-02-03 00:00:00+00:00, run_after=2025-02-04 00:00:00+00:00
[2025-02-04T22:27:49.665+0000] {processor.py:208} INFO - Processing /home/airflow/.local/lib/python3.12/site-packages/airflow/example_dags/example_nested_branch_dag.py took 0.104 seconds
[2025-02-04T22:28:20.389+0000] {processor.py:186} INFO - Started process (PID=126) to work on /home/airflow/.local/lib/python3.12/site-packages/airflow/example_dags/example_nested_branch_dag.py
[2025-02-04T22:28:20.390+0000] {processor.py:914} INFO - Processing file /home/airflow/.local/lib/python3.12/site-packages/airflow/example_dags/example_nested_branch_dag.py for tasks to queue
[2025-02-04T22:28:20.391+0000] {logging_mixin.py:190} INFO - [2025-02-04T22:28:20.391+0000] {dagbag.py:588} INFO - Filling up the DagBag from /home/airflow/.local/lib/python3.12/site-packages/airflow/example_dags/example_nested_branch_dag.py
[2025-02-04T22:28:20.396+0000] {processor.py:925} INFO - DAG(s) 'example_nested_branch_dag' retrieved from /home/airflow/.local/lib/python3.12/site-packages/airflow/example_dags/example_nested_branch_dag.py
[2025-02-04T22:28:20.406+0000] {logging_mixin.py:190} INFO - [2025-02-04T22:28:20.406+0000] {dag.py:3239} INFO - Sync 1 DAGs
[2025-02-04T22:28:20.416+0000] {logging_mixin.py:190} INFO - [2025-02-04T22:28:20.416+0000] {dag.py:4180} INFO - Setting next_dagrun for example_nested_branch_dag to 2025-02-03 00:00:00+00:00, run_after=2025-02-04 00:00:00+00:00
[2025-02-04T22:28:20.425+0000] {processor.py:208} INFO - Processing /home/airflow/.local/lib/python3.12/site-packages/airflow/example_dags/example_nested_branch_dag.py took 0.039 seconds
[2025-02-04T22:28:50.551+0000] {processor.py:186} INFO - Started process (PID=190) to work on /home/airflow/.local/lib/python3.12/site-packages/airflow/example_dags/example_nested_branch_dag.py
[2025-02-04T22:28:50.551+0000] {processor.py:914} INFO - Processing file /home/airflow/.local/lib/python3.12/site-packages/airflow/example_dags/example_nested_branch_dag.py for tasks to queue
[2025-02-04T22:28:50.552+0000] {logging_mixin.py:190} INFO - [2025-02-04T22:28:50.552+0000] {dagbag.py:588} INFO - Filling up the DagBag from /home/airflow/.local/lib/python3.12/site-packages/airflow/example_dags/example_nested_branch_dag.py
[2025-02-04T22:28:50.558+0000] {processor.py:925} INFO - DAG(s) 'example_nested_branch_dag' retrieved from /home/airflow/.local/lib/python3.12/site-packages/airflow/example_dags/example_nested_branch_dag.py
[2025-02-04T22:28:50.569+0000] {logging_mixin.py:190} INFO - [2025-02-04T22:28:50.569+0000] {dag.py:3239} INFO - Sync 1 DAGs
[2025-02-04T22:28:50.579+0000] {logging_mixin.py:190} INFO - [2025-02-04T22:28:50.579+0000] {dag.py:4180} INFO - Setting next_dagrun for example_nested_branch_dag to 2025-02-03 00:00:00+00:00, run_after=2025-02-04 00:00:00+00:00
[2025-02-04T22:28:50.586+0000] {processor.py:208} INFO - Processing /home/airflow/.local/lib/python3.12/site-packages/airflow/example_dags/example_nested_branch_dag.py took 0.038 seconds
[2025-02-04T22:29:20.891+0000] {processor.py:186} INFO - Started process (PID=261) to work on /home/airflow/.local/lib/python3.12/site-packages/airflow/example_dags/example_nested_branch_dag.py
[2025-02-04T22:29:20.895+0000] {processor.py:914} INFO - Processing file /home/airflow/.local/lib/python3.12/site-packages/airflow/example_dags/example_nested_branch_dag.py for tasks to queue
[2025-02-04T22:29:20.896+0000] {logging_mixin.py:190} INFO - [2025-02-04T22:29:20.896+0000] {dagbag.py:588} INFO - Filling up the DagBag from /home/airflow/.local/lib/python3.12/site-packages/airflow/example_dags/example_nested_branch_dag.py
[2025-02-04T22:29:20.903+0000] {processor.py:925} INFO - DAG(s) 'example_nested_branch_dag' retrieved from /home/airflow/.local/lib/python3.12/site-packages/airflow/example_dags/example_nested_branch_dag.py
[2025-02-04T22:29:20.915+0000] {logging_mixin.py:190} INFO - [2025-02-04T22:29:20.915+0000] {dag.py:3239} INFO - Sync 1 DAGs
[2025-02-04T22:29:20.926+0000] {logging_mixin.py:190} INFO - [2025-02-04T22:29:20.926+0000] {dag.py:4180} INFO - Setting next_dagrun for example_nested_branch_dag to 2025-02-03 00:00:00+00:00, run_after=2025-02-04 00:00:00+00:00
[2025-02-04T22:29:20.936+0000] {processor.py:208} INFO - Processing /home/airflow/.local/lib/python3.12/site-packages/airflow/example_dags/example_nested_branch_dag.py took 0.050 seconds
