[2025-02-04T22:27:52.033+0000] {processor.py:186} INFO - Started process (PID=94) to work on /home/airflow/.local/lib/python3.12/site-packages/airflow/example_dags/example_branch_day_of_week_operator.py
[2025-02-04T22:27:52.033+0000] {processor.py:914} INFO - Processing file /home/airflow/.local/lib/python3.12/site-packages/airflow/example_dags/example_branch_day_of_week_operator.py for tasks to queue
[2025-02-04T22:27:52.034+0000] {logging_mixin.py:190} INFO - [2025-02-04T22:27:52.034+0000] {dagbag.py:588} INFO - Filling up the DagBag from /home/airflow/.local/lib/python3.12/site-packages/airflow/example_dags/example_branch_day_of_week_operator.py
[2025-02-04T22:27:52.040+0000] {processor.py:925} INFO - DAG(s) 'example_weekday_branch_operator' retrieved from /home/airflow/.local/lib/python3.12/site-packages/airflow/example_dags/example_branch_day_of_week_operator.py
[2025-02-04T22:27:52.078+0000] {logging_mixin.py:190} INFO - [2025-02-04T22:27:52.078+0000] {override.py:1911} INFO - Created Permission View: can edit on DAG:example_weekday_branch_operator
[2025-02-04T22:27:52.081+0000] {logging_mixin.py:190} INFO - [2025-02-04T22:27:52.081+0000] {override.py:1911} INFO - Created Permission View: can delete on DAG:example_weekday_branch_operator
[2025-02-04T22:27:52.083+0000] {logging_mixin.py:190} INFO - [2025-02-04T22:27:52.083+0000] {override.py:1911} INFO - Created Permission View: can read on DAG:example_weekday_branch_operator
[2025-02-04T22:27:52.084+0000] {logging_mixin.py:190} INFO - [2025-02-04T22:27:52.084+0000] {override.py:1911} INFO - Created Permission View: can create on DAG Run:example_weekday_branch_operator
[2025-02-04T22:27:52.086+0000] {logging_mixin.py:190} INFO - [2025-02-04T22:27:52.086+0000] {override.py:1911} INFO - Created Permission View: can delete on DAG Run:example_weekday_branch_operator
[2025-02-04T22:27:52.087+0000] {logging_mixin.py:190} INFO - [2025-02-04T22:27:52.087+0000] {override.py:1911} INFO - Created Permission View: can read on DAG Run:example_weekday_branch_operator
[2025-02-04T22:27:52.089+0000] {logging_mixin.py:190} INFO - [2025-02-04T22:27:52.089+0000] {override.py:1911} INFO - Created Permission View: menu access on DAG Run:example_weekday_branch_operator
[2025-02-04T22:27:52.089+0000] {logging_mixin.py:190} INFO - [2025-02-04T22:27:52.089+0000] {dag.py:3239} INFO - Sync 1 DAGs
[2025-02-04T22:27:52.093+0000] {logging_mixin.py:190} INFO - [2025-02-04T22:27:52.093+0000] {dag.py:3262} INFO - Creating ORM DAG for example_weekday_branch_operator
[2025-02-04T22:27:52.097+0000] {logging_mixin.py:190} INFO - [2025-02-04T22:27:52.097+0000] {dag.py:4180} INFO - Setting next_dagrun for example_weekday_branch_operator to 2025-02-03 00:00:00+00:00, run_after=2025-02-04 00:00:00+00:00
[2025-02-04T22:27:52.102+0000] {processor.py:208} INFO - Processing /home/airflow/.local/lib/python3.12/site-packages/airflow/example_dags/example_branch_day_of_week_operator.py took 0.072 seconds
[2025-02-04T22:28:22.630+0000] {processor.py:186} INFO - Started process (PID=158) to work on /home/airflow/.local/lib/python3.12/site-packages/airflow/example_dags/example_branch_day_of_week_operator.py
[2025-02-04T22:28:22.633+0000] {processor.py:914} INFO - Processing file /home/airflow/.local/lib/python3.12/site-packages/airflow/example_dags/example_branch_day_of_week_operator.py for tasks to queue
[2025-02-04T22:28:22.635+0000] {logging_mixin.py:190} INFO - [2025-02-04T22:28:22.634+0000] {dagbag.py:588} INFO - Filling up the DagBag from /home/airflow/.local/lib/python3.12/site-packages/airflow/example_dags/example_branch_day_of_week_operator.py
[2025-02-04T22:28:22.640+0000] {processor.py:925} INFO - DAG(s) 'example_weekday_branch_operator' retrieved from /home/airflow/.local/lib/python3.12/site-packages/airflow/example_dags/example_branch_day_of_week_operator.py
[2025-02-04T22:28:22.650+0000] {logging_mixin.py:190} INFO - [2025-02-04T22:28:22.650+0000] {dag.py:3239} INFO - Sync 1 DAGs
[2025-02-04T22:28:22.660+0000] {logging_mixin.py:190} INFO - [2025-02-04T22:28:22.660+0000] {dag.py:4180} INFO - Setting next_dagrun for example_weekday_branch_operator to 2025-02-03 00:00:00+00:00, run_after=2025-02-04 00:00:00+00:00
[2025-02-04T22:28:22.668+0000] {processor.py:208} INFO - Processing /home/airflow/.local/lib/python3.12/site-packages/airflow/example_dags/example_branch_day_of_week_operator.py took 0.041 seconds
[2025-02-04T22:28:53.929+0000] {processor.py:186} INFO - Started process (PID=222) to work on /home/airflow/.local/lib/python3.12/site-packages/airflow/example_dags/example_branch_day_of_week_operator.py
[2025-02-04T22:28:53.932+0000] {processor.py:914} INFO - Processing file /home/airflow/.local/lib/python3.12/site-packages/airflow/example_dags/example_branch_day_of_week_operator.py for tasks to queue
[2025-02-04T22:28:53.933+0000] {logging_mixin.py:190} INFO - [2025-02-04T22:28:53.933+0000] {dagbag.py:588} INFO - Filling up the DagBag from /home/airflow/.local/lib/python3.12/site-packages/airflow/example_dags/example_branch_day_of_week_operator.py
[2025-02-04T22:28:53.937+0000] {processor.py:925} INFO - DAG(s) 'example_weekday_branch_operator' retrieved from /home/airflow/.local/lib/python3.12/site-packages/airflow/example_dags/example_branch_day_of_week_operator.py
[2025-02-04T22:28:53.945+0000] {logging_mixin.py:190} INFO - [2025-02-04T22:28:53.945+0000] {dag.py:3239} INFO - Sync 1 DAGs
[2025-02-04T22:28:53.954+0000] {logging_mixin.py:190} INFO - [2025-02-04T22:28:53.954+0000] {dag.py:4180} INFO - Setting next_dagrun for example_weekday_branch_operator to 2025-02-03 00:00:00+00:00, run_after=2025-02-04 00:00:00+00:00
[2025-02-04T22:28:53.962+0000] {processor.py:208} INFO - Processing /home/airflow/.local/lib/python3.12/site-packages/airflow/example_dags/example_branch_day_of_week_operator.py took 0.035 seconds
[2025-02-04T22:29:24.371+0000] {processor.py:186} INFO - Started process (PID=294) to work on /home/airflow/.local/lib/python3.12/site-packages/airflow/example_dags/example_branch_day_of_week_operator.py
[2025-02-04T22:29:24.373+0000] {processor.py:914} INFO - Processing file /home/airflow/.local/lib/python3.12/site-packages/airflow/example_dags/example_branch_day_of_week_operator.py for tasks to queue
[2025-02-04T22:29:24.375+0000] {logging_mixin.py:190} INFO - [2025-02-04T22:29:24.375+0000] {dagbag.py:588} INFO - Filling up the DagBag from /home/airflow/.local/lib/python3.12/site-packages/airflow/example_dags/example_branch_day_of_week_operator.py
[2025-02-04T22:29:24.380+0000] {processor.py:925} INFO - DAG(s) 'example_weekday_branch_operator' retrieved from /home/airflow/.local/lib/python3.12/site-packages/airflow/example_dags/example_branch_day_of_week_operator.py
[2025-02-04T22:29:24.390+0000] {logging_mixin.py:190} INFO - [2025-02-04T22:29:24.390+0000] {dag.py:3239} INFO - Sync 1 DAGs
[2025-02-04T22:29:24.399+0000] {logging_mixin.py:190} INFO - [2025-02-04T22:29:24.399+0000] {dag.py:4180} INFO - Setting next_dagrun for example_weekday_branch_operator to 2025-02-03 00:00:00+00:00, run_after=2025-02-04 00:00:00+00:00
[2025-02-04T22:29:24.406+0000] {processor.py:208} INFO - Processing /home/airflow/.local/lib/python3.12/site-packages/airflow/example_dags/example_branch_day_of_week_operator.py took 0.038 seconds
