[2025-02-04T22:27:49.904+0000] {processor.py:186} INFO - Started process (PID=68) to work on /home/airflow/.local/lib/python3.12/site-packages/airflow/example_dags/tutorial_dag.py
[2025-02-04T22:27:49.904+0000] {processor.py:914} INFO - Processing file /home/airflow/.local/lib/python3.12/site-packages/airflow/example_dags/tutorial_dag.py for tasks to queue
[2025-02-04T22:27:49.906+0000] {logging_mixin.py:190} INFO - [2025-02-04T22:27:49.906+0000] {dagbag.py:588} INFO - Filling up the DagBag from /home/airflow/.local/lib/python3.12/site-packages/airflow/example_dags/tutorial_dag.py
[2025-02-04T22:27:49.911+0000] {processor.py:925} INFO - DAG(s) 'tutorial_dag' retrieved from /home/airflow/.local/lib/python3.12/site-packages/airflow/example_dags/tutorial_dag.py
[2025-02-04T22:27:49.961+0000] {logging_mixin.py:190} INFO - [2025-02-04T22:27:49.960+0000] {override.py:1911} INFO - Created Permission View: can edit on DAG:tutorial_dag
[2025-02-04T22:27:49.966+0000] {logging_mixin.py:190} INFO - [2025-02-04T22:27:49.966+0000] {override.py:1911} INFO - Created Permission View: can delete on DAG:tutorial_dag
[2025-02-04T22:27:49.970+0000] {logging_mixin.py:190} INFO - [2025-02-04T22:27:49.970+0000] {override.py:1911} INFO - Created Permission View: can read on DAG:tutorial_dag
[2025-02-04T22:27:49.973+0000] {logging_mixin.py:190} INFO - [2025-02-04T22:27:49.973+0000] {override.py:1911} INFO - Created Permission View: can create on DAG Run:tutorial_dag
[2025-02-04T22:27:49.975+0000] {logging_mixin.py:190} INFO - [2025-02-04T22:27:49.974+0000] {override.py:1911} INFO - Created Permission View: can delete on DAG Run:tutorial_dag
[2025-02-04T22:27:49.976+0000] {logging_mixin.py:190} INFO - [2025-02-04T22:27:49.976+0000] {override.py:1911} INFO - Created Permission View: can read on DAG Run:tutorial_dag
[2025-02-04T22:27:49.979+0000] {logging_mixin.py:190} INFO - [2025-02-04T22:27:49.979+0000] {override.py:1911} INFO - Created Permission View: menu access on DAG Run:tutorial_dag
[2025-02-04T22:27:49.979+0000] {logging_mixin.py:190} INFO - [2025-02-04T22:27:49.979+0000] {dag.py:3239} INFO - Sync 1 DAGs
[2025-02-04T22:27:49.984+0000] {logging_mixin.py:190} INFO - [2025-02-04T22:27:49.984+0000] {dag.py:3262} INFO - Creating ORM DAG for tutorial_dag
[2025-02-04T22:27:49.984+0000] {logging_mixin.py:190} INFO - [2025-02-04T22:27:49.984+0000] {dag.py:4180} INFO - Setting next_dagrun for tutorial_dag to None, run_after=None
[2025-02-04T22:27:49.995+0000] {processor.py:208} INFO - Processing /home/airflow/.local/lib/python3.12/site-packages/airflow/example_dags/tutorial_dag.py took 0.094 seconds
[2025-02-04T22:28:20.566+0000] {processor.py:186} INFO - Started process (PID=132) to work on /home/airflow/.local/lib/python3.12/site-packages/airflow/example_dags/tutorial_dag.py
[2025-02-04T22:28:20.566+0000] {processor.py:914} INFO - Processing file /home/airflow/.local/lib/python3.12/site-packages/airflow/example_dags/tutorial_dag.py for tasks to queue
[2025-02-04T22:28:20.567+0000] {logging_mixin.py:190} INFO - [2025-02-04T22:28:20.567+0000] {dagbag.py:588} INFO - Filling up the DagBag from /home/airflow/.local/lib/python3.12/site-packages/airflow/example_dags/tutorial_dag.py
[2025-02-04T22:28:20.572+0000] {processor.py:925} INFO - DAG(s) 'tutorial_dag' retrieved from /home/airflow/.local/lib/python3.12/site-packages/airflow/example_dags/tutorial_dag.py
[2025-02-04T22:28:20.584+0000] {logging_mixin.py:190} INFO - [2025-02-04T22:28:20.584+0000] {dag.py:3239} INFO - Sync 1 DAGs
[2025-02-04T22:28:20.591+0000] {logging_mixin.py:190} INFO - [2025-02-04T22:28:20.591+0000] {dag.py:4180} INFO - Setting next_dagrun for tutorial_dag to None, run_after=None
[2025-02-04T22:28:20.601+0000] {processor.py:208} INFO - Processing /home/airflow/.local/lib/python3.12/site-packages/airflow/example_dags/tutorial_dag.py took 0.038 seconds
[2025-02-04T22:28:50.806+0000] {processor.py:186} INFO - Started process (PID=196) to work on /home/airflow/.local/lib/python3.12/site-packages/airflow/example_dags/tutorial_dag.py
[2025-02-04T22:28:50.806+0000] {processor.py:914} INFO - Processing file /home/airflow/.local/lib/python3.12/site-packages/airflow/example_dags/tutorial_dag.py for tasks to queue
[2025-02-04T22:28:50.807+0000] {logging_mixin.py:190} INFO - [2025-02-04T22:28:50.807+0000] {dagbag.py:588} INFO - Filling up the DagBag from /home/airflow/.local/lib/python3.12/site-packages/airflow/example_dags/tutorial_dag.py
[2025-02-04T22:28:50.810+0000] {processor.py:925} INFO - DAG(s) 'tutorial_dag' retrieved from /home/airflow/.local/lib/python3.12/site-packages/airflow/example_dags/tutorial_dag.py
[2025-02-04T22:28:50.818+0000] {logging_mixin.py:190} INFO - [2025-02-04T22:28:50.818+0000] {dag.py:3239} INFO - Sync 1 DAGs
[2025-02-04T22:28:50.823+0000] {logging_mixin.py:190} INFO - [2025-02-04T22:28:50.823+0000] {dag.py:4180} INFO - Setting next_dagrun for tutorial_dag to None, run_after=None
[2025-02-04T22:28:50.833+0000] {processor.py:208} INFO - Processing /home/airflow/.local/lib/python3.12/site-packages/airflow/example_dags/tutorial_dag.py took 0.030 seconds
[2025-02-04T22:29:21.144+0000] {processor.py:186} INFO - Started process (PID=268) to work on /home/airflow/.local/lib/python3.12/site-packages/airflow/example_dags/tutorial_dag.py
[2025-02-04T22:29:21.144+0000] {processor.py:914} INFO - Processing file /home/airflow/.local/lib/python3.12/site-packages/airflow/example_dags/tutorial_dag.py for tasks to queue
[2025-02-04T22:29:21.145+0000] {logging_mixin.py:190} INFO - [2025-02-04T22:29:21.145+0000] {dagbag.py:588} INFO - Filling up the DagBag from /home/airflow/.local/lib/python3.12/site-packages/airflow/example_dags/tutorial_dag.py
[2025-02-04T22:29:21.148+0000] {processor.py:925} INFO - DAG(s) 'tutorial_dag' retrieved from /home/airflow/.local/lib/python3.12/site-packages/airflow/example_dags/tutorial_dag.py
[2025-02-04T22:29:21.156+0000] {logging_mixin.py:190} INFO - [2025-02-04T22:29:21.156+0000] {dag.py:3239} INFO - Sync 1 DAGs
[2025-02-04T22:29:21.162+0000] {logging_mixin.py:190} INFO - [2025-02-04T22:29:21.161+0000] {dag.py:4180} INFO - Setting next_dagrun for tutorial_dag to None, run_after=None
[2025-02-04T22:29:21.168+0000] {processor.py:208} INFO - Processing /home/airflow/.local/lib/python3.12/site-packages/airflow/example_dags/tutorial_dag.py took 0.027 seconds
