[2025-02-04T22:27:52.310+0000] {processor.py:186} INFO - Started process (PID=99) to work on /home/airflow/.local/lib/python3.12/site-packages/airflow/example_dags/tutorial_taskflow_api.py
[2025-02-04T22:27:52.310+0000] {processor.py:914} INFO - Processing file /home/airflow/.local/lib/python3.12/site-packages/airflow/example_dags/tutorial_taskflow_api.py for tasks to queue
[2025-02-04T22:27:52.311+0000] {logging_mixin.py:190} INFO - [2025-02-04T22:27:52.311+0000] {dagbag.py:588} INFO - Filling up the DagBag from /home/airflow/.local/lib/python3.12/site-packages/airflow/example_dags/tutorial_taskflow_api.py
[2025-02-04T22:27:52.316+0000] {processor.py:925} INFO - DAG(s) 'tutorial_taskflow_api' retrieved from /home/airflow/.local/lib/python3.12/site-packages/airflow/example_dags/tutorial_taskflow_api.py
[2025-02-04T22:27:52.368+0000] {logging_mixin.py:190} INFO - [2025-02-04T22:27:52.368+0000] {override.py:1911} INFO - Created Permission View: can edit on DAG:tutorial_taskflow_api
[2025-02-04T22:27:52.373+0000] {logging_mixin.py:190} INFO - [2025-02-04T22:27:52.373+0000] {override.py:1911} INFO - Created Permission View: can delete on DAG:tutorial_taskflow_api
[2025-02-04T22:27:52.375+0000] {logging_mixin.py:190} INFO - [2025-02-04T22:27:52.375+0000] {override.py:1911} INFO - Created Permission View: can read on DAG:tutorial_taskflow_api
[2025-02-04T22:27:52.377+0000] {logging_mixin.py:190} INFO - [2025-02-04T22:27:52.377+0000] {override.py:1911} INFO - Created Permission View: can create on DAG Run:tutorial_taskflow_api
[2025-02-04T22:27:52.379+0000] {logging_mixin.py:190} INFO - [2025-02-04T22:27:52.379+0000] {override.py:1911} INFO - Created Permission View: can delete on DAG Run:tutorial_taskflow_api
[2025-02-04T22:27:52.380+0000] {logging_mixin.py:190} INFO - [2025-02-04T22:27:52.380+0000] {override.py:1911} INFO - Created Permission View: can read on DAG Run:tutorial_taskflow_api
[2025-02-04T22:27:52.382+0000] {logging_mixin.py:190} INFO - [2025-02-04T22:27:52.382+0000] {override.py:1911} INFO - Created Permission View: menu access on DAG Run:tutorial_taskflow_api
[2025-02-04T22:27:52.383+0000] {logging_mixin.py:190} INFO - [2025-02-04T22:27:52.383+0000] {dag.py:3239} INFO - Sync 1 DAGs
[2025-02-04T22:27:52.389+0000] {logging_mixin.py:190} INFO - [2025-02-04T22:27:52.388+0000] {dag.py:3262} INFO - Creating ORM DAG for tutorial_taskflow_api
[2025-02-04T22:27:52.389+0000] {logging_mixin.py:190} INFO - [2025-02-04T22:27:52.389+0000] {dag.py:4180} INFO - Setting next_dagrun for tutorial_taskflow_api to None, run_after=None
[2025-02-04T22:27:52.400+0000] {processor.py:208} INFO - Processing /home/airflow/.local/lib/python3.12/site-packages/airflow/example_dags/tutorial_taskflow_api.py took 0.093 seconds
[2025-02-04T22:28:22.768+0000] {processor.py:186} INFO - Started process (PID=163) to work on /home/airflow/.local/lib/python3.12/site-packages/airflow/example_dags/tutorial_taskflow_api.py
[2025-02-04T22:28:22.768+0000] {processor.py:914} INFO - Processing file /home/airflow/.local/lib/python3.12/site-packages/airflow/example_dags/tutorial_taskflow_api.py for tasks to queue
[2025-02-04T22:28:22.769+0000] {logging_mixin.py:190} INFO - [2025-02-04T22:28:22.769+0000] {dagbag.py:588} INFO - Filling up the DagBag from /home/airflow/.local/lib/python3.12/site-packages/airflow/example_dags/tutorial_taskflow_api.py
[2025-02-04T22:28:22.773+0000] {processor.py:925} INFO - DAG(s) 'tutorial_taskflow_api' retrieved from /home/airflow/.local/lib/python3.12/site-packages/airflow/example_dags/tutorial_taskflow_api.py
[2025-02-04T22:28:22.781+0000] {logging_mixin.py:190} INFO - [2025-02-04T22:28:22.781+0000] {dag.py:3239} INFO - Sync 1 DAGs
[2025-02-04T22:28:22.786+0000] {logging_mixin.py:190} INFO - [2025-02-04T22:28:22.786+0000] {dag.py:4180} INFO - Setting next_dagrun for tutorial_taskflow_api to None, run_after=None
[2025-02-04T22:28:22.795+0000] {processor.py:208} INFO - Processing /home/airflow/.local/lib/python3.12/site-packages/airflow/example_dags/tutorial_taskflow_api.py took 0.029 seconds
[2025-02-04T22:28:54.043+0000] {processor.py:186} INFO - Started process (PID=227) to work on /home/airflow/.local/lib/python3.12/site-packages/airflow/example_dags/tutorial_taskflow_api.py
[2025-02-04T22:28:54.043+0000] {processor.py:914} INFO - Processing file /home/airflow/.local/lib/python3.12/site-packages/airflow/example_dags/tutorial_taskflow_api.py for tasks to queue
[2025-02-04T22:28:54.045+0000] {logging_mixin.py:190} INFO - [2025-02-04T22:28:54.045+0000] {dagbag.py:588} INFO - Filling up the DagBag from /home/airflow/.local/lib/python3.12/site-packages/airflow/example_dags/tutorial_taskflow_api.py
[2025-02-04T22:28:54.051+0000] {processor.py:925} INFO - DAG(s) 'tutorial_taskflow_api' retrieved from /home/airflow/.local/lib/python3.12/site-packages/airflow/example_dags/tutorial_taskflow_api.py
[2025-02-04T22:28:54.060+0000] {logging_mixin.py:190} INFO - [2025-02-04T22:28:54.060+0000] {dag.py:3239} INFO - Sync 1 DAGs
[2025-02-04T22:28:54.065+0000] {logging_mixin.py:190} INFO - [2025-02-04T22:28:54.065+0000] {dag.py:4180} INFO - Setting next_dagrun for tutorial_taskflow_api to None, run_after=None
[2025-02-04T22:28:54.074+0000] {processor.py:208} INFO - Processing /home/airflow/.local/lib/python3.12/site-packages/airflow/example_dags/tutorial_taskflow_api.py took 0.034 seconds
[2025-02-04T22:29:24.505+0000] {processor.py:186} INFO - Started process (PID=299) to work on /home/airflow/.local/lib/python3.12/site-packages/airflow/example_dags/tutorial_taskflow_api.py
[2025-02-04T22:29:24.508+0000] {processor.py:914} INFO - Processing file /home/airflow/.local/lib/python3.12/site-packages/airflow/example_dags/tutorial_taskflow_api.py for tasks to queue
[2025-02-04T22:29:24.509+0000] {logging_mixin.py:190} INFO - [2025-02-04T22:29:24.509+0000] {dagbag.py:588} INFO - Filling up the DagBag from /home/airflow/.local/lib/python3.12/site-packages/airflow/example_dags/tutorial_taskflow_api.py
[2025-02-04T22:29:24.512+0000] {processor.py:925} INFO - DAG(s) 'tutorial_taskflow_api' retrieved from /home/airflow/.local/lib/python3.12/site-packages/airflow/example_dags/tutorial_taskflow_api.py
[2025-02-04T22:29:24.523+0000] {logging_mixin.py:190} INFO - [2025-02-04T22:29:24.523+0000] {dag.py:3239} INFO - Sync 1 DAGs
[2025-02-04T22:29:24.528+0000] {logging_mixin.py:190} INFO - [2025-02-04T22:29:24.528+0000] {dag.py:4180} INFO - Setting next_dagrun for tutorial_taskflow_api to None, run_after=None
[2025-02-04T22:29:24.535+0000] {processor.py:208} INFO - Processing /home/airflow/.local/lib/python3.12/site-packages/airflow/example_dags/tutorial_taskflow_api.py took 0.033 seconds
