[2025-02-04T22:27:52.214+0000] {processor.py:186} INFO - Started process (PID=97) to work on /home/airflow/.local/lib/python3.12/site-packages/airflow/example_dags/tutorial_taskflow_templates.py
[2025-02-04T22:27:52.214+0000] {processor.py:914} INFO - Processing file /home/airflow/.local/lib/python3.12/site-packages/airflow/example_dags/tutorial_taskflow_templates.py for tasks to queue
[2025-02-04T22:27:52.215+0000] {logging_mixin.py:190} INFO - [2025-02-04T22:27:52.215+0000] {dagbag.py:588} INFO - Filling up the DagBag from /home/airflow/.local/lib/python3.12/site-packages/airflow/example_dags/tutorial_taskflow_templates.py
[2025-02-04T22:27:52.222+0000] {processor.py:925} INFO - DAG(s) 'tutorial_taskflow_templates' retrieved from /home/airflow/.local/lib/python3.12/site-packages/airflow/example_dags/tutorial_taskflow_templates.py
[2025-02-04T22:27:52.266+0000] {logging_mixin.py:190} INFO - [2025-02-04T22:27:52.266+0000] {override.py:1911} INFO - Created Permission View: can edit on DAG:tutorial_taskflow_templates
[2025-02-04T22:27:52.269+0000] {logging_mixin.py:190} INFO - [2025-02-04T22:27:52.269+0000] {override.py:1911} INFO - Created Permission View: can delete on DAG:tutorial_taskflow_templates
[2025-02-04T22:27:52.271+0000] {logging_mixin.py:190} INFO - [2025-02-04T22:27:52.271+0000] {override.py:1911} INFO - Created Permission View: can read on DAG:tutorial_taskflow_templates
[2025-02-04T22:27:52.273+0000] {logging_mixin.py:190} INFO - [2025-02-04T22:27:52.273+0000] {override.py:1911} INFO - Created Permission View: can create on DAG Run:tutorial_taskflow_templates
[2025-02-04T22:27:52.275+0000] {logging_mixin.py:190} INFO - [2025-02-04T22:27:52.275+0000] {override.py:1911} INFO - Created Permission View: can delete on DAG Run:tutorial_taskflow_templates
[2025-02-04T22:27:52.276+0000] {logging_mixin.py:190} INFO - [2025-02-04T22:27:52.276+0000] {override.py:1911} INFO - Created Permission View: can read on DAG Run:tutorial_taskflow_templates
[2025-02-04T22:27:52.281+0000] {logging_mixin.py:190} INFO - [2025-02-04T22:27:52.280+0000] {override.py:1911} INFO - Created Permission View: menu access on DAG Run:tutorial_taskflow_templates
[2025-02-04T22:27:52.281+0000] {logging_mixin.py:190} INFO - [2025-02-04T22:27:52.281+0000] {dag.py:3239} INFO - Sync 1 DAGs
[2025-02-04T22:27:52.287+0000] {logging_mixin.py:190} INFO - [2025-02-04T22:27:52.287+0000] {dag.py:3262} INFO - Creating ORM DAG for tutorial_taskflow_templates
[2025-02-04T22:27:52.291+0000] {logging_mixin.py:190} INFO - [2025-02-04T22:27:52.291+0000] {dag.py:4180} INFO - Setting next_dagrun for tutorial_taskflow_templates to 2025-02-03 00:00:00+00:00, run_after=2025-02-04 00:00:00+00:00
[2025-02-04T22:27:52.298+0000] {processor.py:208} INFO - Processing /home/airflow/.local/lib/python3.12/site-packages/airflow/example_dags/tutorial_taskflow_templates.py took 0.087 seconds
[2025-02-04T22:28:22.721+0000] {processor.py:186} INFO - Started process (PID=161) to work on /home/airflow/.local/lib/python3.12/site-packages/airflow/example_dags/tutorial_taskflow_templates.py
[2025-02-04T22:28:22.724+0000] {processor.py:914} INFO - Processing file /home/airflow/.local/lib/python3.12/site-packages/airflow/example_dags/tutorial_taskflow_templates.py for tasks to queue
[2025-02-04T22:28:22.725+0000] {logging_mixin.py:190} INFO - [2025-02-04T22:28:22.725+0000] {dagbag.py:588} INFO - Filling up the DagBag from /home/airflow/.local/lib/python3.12/site-packages/airflow/example_dags/tutorial_taskflow_templates.py
[2025-02-04T22:28:22.731+0000] {processor.py:925} INFO - DAG(s) 'tutorial_taskflow_templates' retrieved from /home/airflow/.local/lib/python3.12/site-packages/airflow/example_dags/tutorial_taskflow_templates.py
[2025-02-04T22:28:22.739+0000] {logging_mixin.py:190} INFO - [2025-02-04T22:28:22.739+0000] {dag.py:3239} INFO - Sync 1 DAGs
[2025-02-04T22:28:22.748+0000] {logging_mixin.py:190} INFO - [2025-02-04T22:28:22.748+0000] {dag.py:4180} INFO - Setting next_dagrun for tutorial_taskflow_templates to 2025-02-03 00:00:00+00:00, run_after=2025-02-04 00:00:00+00:00
[2025-02-04T22:28:22.756+0000] {processor.py:208} INFO - Processing /home/airflow/.local/lib/python3.12/site-packages/airflow/example_dags/tutorial_taskflow_templates.py took 0.038 seconds
[2025-02-04T22:28:53.997+0000] {processor.py:186} INFO - Started process (PID=225) to work on /home/airflow/.local/lib/python3.12/site-packages/airflow/example_dags/tutorial_taskflow_templates.py
[2025-02-04T22:28:53.998+0000] {processor.py:914} INFO - Processing file /home/airflow/.local/lib/python3.12/site-packages/airflow/example_dags/tutorial_taskflow_templates.py for tasks to queue
[2025-02-04T22:28:54.000+0000] {logging_mixin.py:190} INFO - [2025-02-04T22:28:53.999+0000] {dagbag.py:588} INFO - Filling up the DagBag from /home/airflow/.local/lib/python3.12/site-packages/airflow/example_dags/tutorial_taskflow_templates.py
[2025-02-04T22:28:54.007+0000] {processor.py:925} INFO - DAG(s) 'tutorial_taskflow_templates' retrieved from /home/airflow/.local/lib/python3.12/site-packages/airflow/example_dags/tutorial_taskflow_templates.py
[2025-02-04T22:28:54.017+0000] {logging_mixin.py:190} INFO - [2025-02-04T22:28:54.017+0000] {dag.py:3239} INFO - Sync 1 DAGs
[2025-02-04T22:28:54.025+0000] {logging_mixin.py:190} INFO - [2025-02-04T22:28:54.025+0000] {dag.py:4180} INFO - Setting next_dagrun for tutorial_taskflow_templates to 2025-02-03 00:00:00+00:00, run_after=2025-02-04 00:00:00+00:00
[2025-02-04T22:28:54.031+0000] {processor.py:208} INFO - Processing /home/airflow/.local/lib/python3.12/site-packages/airflow/example_dags/tutorial_taskflow_templates.py took 0.037 seconds
[2025-02-04T22:29:24.449+0000] {processor.py:186} INFO - Started process (PID=297) to work on /home/airflow/.local/lib/python3.12/site-packages/airflow/example_dags/tutorial_taskflow_templates.py
[2025-02-04T22:29:24.450+0000] {processor.py:914} INFO - Processing file /home/airflow/.local/lib/python3.12/site-packages/airflow/example_dags/tutorial_taskflow_templates.py for tasks to queue
[2025-02-04T22:29:24.451+0000] {logging_mixin.py:190} INFO - [2025-02-04T22:29:24.451+0000] {dagbag.py:588} INFO - Filling up the DagBag from /home/airflow/.local/lib/python3.12/site-packages/airflow/example_dags/tutorial_taskflow_templates.py
[2025-02-04T22:29:24.458+0000] {processor.py:925} INFO - DAG(s) 'tutorial_taskflow_templates' retrieved from /home/airflow/.local/lib/python3.12/site-packages/airflow/example_dags/tutorial_taskflow_templates.py
[2025-02-04T22:29:24.466+0000] {logging_mixin.py:190} INFO - [2025-02-04T22:29:24.466+0000] {dag.py:3239} INFO - Sync 1 DAGs
[2025-02-04T22:29:24.475+0000] {logging_mixin.py:190} INFO - [2025-02-04T22:29:24.475+0000] {dag.py:4180} INFO - Setting next_dagrun for tutorial_taskflow_templates to 2025-02-03 00:00:00+00:00, run_after=2025-02-04 00:00:00+00:00
[2025-02-04T22:29:24.481+0000] {processor.py:208} INFO - Processing /home/airflow/.local/lib/python3.12/site-packages/airflow/example_dags/tutorial_taskflow_templates.py took 0.034 seconds
