[2025-02-04T22:27:52.275+0000] {processor.py:186} INFO - Started process (PID=98) to work on /home/airflow/.local/lib/python3.12/site-packages/airflow/example_dags/tutorial.py
[2025-02-04T22:27:52.275+0000] {processor.py:914} INFO - Processing file /home/airflow/.local/lib/python3.12/site-packages/airflow/example_dags/tutorial.py for tasks to queue
[2025-02-04T22:27:52.276+0000] {logging_mixin.py:190} INFO - [2025-02-04T22:27:52.276+0000] {dagbag.py:588} INFO - Filling up the DagBag from /home/airflow/.local/lib/python3.12/site-packages/airflow/example_dags/tutorial.py
[2025-02-04T22:27:52.281+0000] {processor.py:925} INFO - DAG(s) 'tutorial' retrieved from /home/airflow/.local/lib/python3.12/site-packages/airflow/example_dags/tutorial.py
[2025-02-04T22:27:52.323+0000] {logging_mixin.py:190} INFO - [2025-02-04T22:27:52.323+0000] {override.py:1911} INFO - Created Permission View: can edit on DAG:tutorial
[2025-02-04T22:27:52.331+0000] {logging_mixin.py:190} INFO - [2025-02-04T22:27:52.331+0000] {override.py:1911} INFO - Created Permission View: can delete on DAG:tutorial
[2025-02-04T22:27:52.337+0000] {logging_mixin.py:190} INFO - [2025-02-04T22:27:52.337+0000] {override.py:1911} INFO - Created Permission View: can read on DAG:tutorial
[2025-02-04T22:27:52.338+0000] {logging_mixin.py:190} INFO - [2025-02-04T22:27:52.338+0000] {override.py:1911} INFO - Created Permission View: can create on DAG Run:tutorial
[2025-02-04T22:27:52.342+0000] {logging_mixin.py:190} INFO - [2025-02-04T22:27:52.342+0000] {override.py:1911} INFO - Created Permission View: can delete on DAG Run:tutorial
[2025-02-04T22:27:52.344+0000] {logging_mixin.py:190} INFO - [2025-02-04T22:27:52.344+0000] {override.py:1911} INFO - Created Permission View: can read on DAG Run:tutorial
[2025-02-04T22:27:52.350+0000] {logging_mixin.py:190} INFO - [2025-02-04T22:27:52.350+0000] {override.py:1911} INFO - Created Permission View: menu access on DAG Run:tutorial
[2025-02-04T22:27:52.351+0000] {logging_mixin.py:190} INFO - [2025-02-04T22:27:52.351+0000] {dag.py:3239} INFO - Sync 1 DAGs
[2025-02-04T22:27:52.355+0000] {logging_mixin.py:190} INFO - [2025-02-04T22:27:52.355+0000] {dag.py:3262} INFO - Creating ORM DAG for tutorial
[2025-02-04T22:27:52.359+0000] {logging_mixin.py:190} INFO - [2025-02-04T22:27:52.359+0000] {dag.py:4180} INFO - Setting next_dagrun for tutorial to 2025-02-03 00:00:00+00:00, run_after=2025-02-04 00:00:00+00:00
[2025-02-04T22:27:52.366+0000] {processor.py:208} INFO - Processing /home/airflow/.local/lib/python3.12/site-packages/airflow/example_dags/tutorial.py took 0.094 seconds
[2025-02-04T22:28:22.734+0000] {processor.py:186} INFO - Started process (PID=162) to work on /home/airflow/.local/lib/python3.12/site-packages/airflow/example_dags/tutorial.py
[2025-02-04T22:28:22.735+0000] {processor.py:914} INFO - Processing file /home/airflow/.local/lib/python3.12/site-packages/airflow/example_dags/tutorial.py for tasks to queue
[2025-02-04T22:28:22.736+0000] {logging_mixin.py:190} INFO - [2025-02-04T22:28:22.736+0000] {dagbag.py:588} INFO - Filling up the DagBag from /home/airflow/.local/lib/python3.12/site-packages/airflow/example_dags/tutorial.py
[2025-02-04T22:28:22.740+0000] {processor.py:925} INFO - DAG(s) 'tutorial' retrieved from /home/airflow/.local/lib/python3.12/site-packages/airflow/example_dags/tutorial.py
[2025-02-04T22:28:22.750+0000] {logging_mixin.py:190} INFO - [2025-02-04T22:28:22.750+0000] {dag.py:3239} INFO - Sync 1 DAGs
[2025-02-04T22:28:22.759+0000] {logging_mixin.py:190} INFO - [2025-02-04T22:28:22.759+0000] {dag.py:4180} INFO - Setting next_dagrun for tutorial to 2025-02-03 00:00:00+00:00, run_after=2025-02-04 00:00:00+00:00
[2025-02-04T22:28:22.765+0000] {processor.py:208} INFO - Processing /home/airflow/.local/lib/python3.12/site-packages/airflow/example_dags/tutorial.py took 0.034 seconds
[2025-02-04T22:28:54.038+0000] {processor.py:186} INFO - Started process (PID=226) to work on /home/airflow/.local/lib/python3.12/site-packages/airflow/example_dags/tutorial.py
[2025-02-04T22:28:54.038+0000] {processor.py:914} INFO - Processing file /home/airflow/.local/lib/python3.12/site-packages/airflow/example_dags/tutorial.py for tasks to queue
[2025-02-04T22:28:54.040+0000] {logging_mixin.py:190} INFO - [2025-02-04T22:28:54.039+0000] {dagbag.py:588} INFO - Filling up the DagBag from /home/airflow/.local/lib/python3.12/site-packages/airflow/example_dags/tutorial.py
[2025-02-04T22:28:54.044+0000] {processor.py:925} INFO - DAG(s) 'tutorial' retrieved from /home/airflow/.local/lib/python3.12/site-packages/airflow/example_dags/tutorial.py
[2025-02-04T22:28:54.052+0000] {logging_mixin.py:190} INFO - [2025-02-04T22:28:54.052+0000] {dag.py:3239} INFO - Sync 1 DAGs
[2025-02-04T22:28:54.061+0000] {logging_mixin.py:190} INFO - [2025-02-04T22:28:54.061+0000] {dag.py:4180} INFO - Setting next_dagrun for tutorial to 2025-02-03 00:00:00+00:00, run_after=2025-02-04 00:00:00+00:00
[2025-02-04T22:28:54.072+0000] {processor.py:208} INFO - Processing /home/airflow/.local/lib/python3.12/site-packages/airflow/example_dags/tutorial.py took 0.037 seconds
[2025-02-04T22:29:24.494+0000] {processor.py:186} INFO - Started process (PID=298) to work on /home/airflow/.local/lib/python3.12/site-packages/airflow/example_dags/tutorial.py
[2025-02-04T22:29:24.495+0000] {processor.py:914} INFO - Processing file /home/airflow/.local/lib/python3.12/site-packages/airflow/example_dags/tutorial.py for tasks to queue
[2025-02-04T22:29:24.496+0000] {logging_mixin.py:190} INFO - [2025-02-04T22:29:24.496+0000] {dagbag.py:588} INFO - Filling up the DagBag from /home/airflow/.local/lib/python3.12/site-packages/airflow/example_dags/tutorial.py
[2025-02-04T22:29:24.500+0000] {processor.py:925} INFO - DAG(s) 'tutorial' retrieved from /home/airflow/.local/lib/python3.12/site-packages/airflow/example_dags/tutorial.py
[2025-02-04T22:29:24.508+0000] {logging_mixin.py:190} INFO - [2025-02-04T22:29:24.508+0000] {dag.py:3239} INFO - Sync 1 DAGs
[2025-02-04T22:29:24.516+0000] {logging_mixin.py:190} INFO - [2025-02-04T22:29:24.516+0000] {dag.py:4180} INFO - Setting next_dagrun for tutorial to 2025-02-03 00:00:00+00:00, run_after=2025-02-04 00:00:00+00:00
[2025-02-04T22:29:24.524+0000] {processor.py:208} INFO - Processing /home/airflow/.local/lib/python3.12/site-packages/airflow/example_dags/tutorial.py took 0.033 seconds
