[2025-02-11T05:00:01.250+0000] {local_task_job_runner.py:123} INFO - ::group::Pre task execution logs
[2025-02-11T05:00:01.274+0000] {taskinstance.py:2613} INFO - Dependencies all met for dep_context=non-requeueable deps ti=<TaskInstance: sec_data_pipeline.extract_zips manual__2025-02-11T04:52:28.341441+00:00 [queued]>
[2025-02-11T05:00:01.285+0000] {taskinstance.py:2613} INFO - Dependencies all met for dep_context=requeueable deps ti=<TaskInstance: sec_data_pipeline.extract_zips manual__2025-02-11T04:52:28.341441+00:00 [queued]>
[2025-02-11T05:00:01.288+0000] {taskinstance.py:2866} INFO - Starting attempt 2 of 2
[2025-02-11T05:00:01.304+0000] {taskinstance.py:2889} INFO - Executing <Task(PythonOperator): extract_zips> on 2025-02-11 04:52:28.341441+00:00
[2025-02-11T05:00:01.315+0000] {warnings.py:112} WARNING - /home/***/.local/lib/python3.12/site-packages/***/task/task_runner/standard_task_runner.py:70: DeprecationWarning: This process (pid=66) is multi-threaded, use of fork() may lead to deadlocks in the child.
  pid = os.fork()

[2025-02-11T05:00:01.318+0000] {standard_task_runner.py:72} INFO - Started process 68 to run task
[2025-02-11T05:00:01.318+0000] {standard_task_runner.py:104} INFO - Running: ['***', 'tasks', 'run', 'sec_data_pipeline', 'extract_zips', 'manual__2025-02-11T04:52:28.341441+00:00', '--job-id', '19', '--raw', '--subdir', 'DAGS_FOLDER/zip.py', '--cfg-path', '/tmp/tmpjnecmxil']
[2025-02-11T05:00:01.322+0000] {standard_task_runner.py:105} INFO - Job 19: Subtask extract_zips
[2025-02-11T05:00:01.388+0000] {task_command.py:467} INFO - Running <TaskInstance: sec_data_pipeline.extract_zips manual__2025-02-11T04:52:28.341441+00:00 [running]> on host 7505875b4e7c
[2025-02-11T05:00:01.484+0000] {taskinstance.py:3132} INFO - Exporting env vars: AIRFLOW_CTX_DAG_OWNER='***' AIRFLOW_CTX_DAG_ID='sec_data_pipeline' AIRFLOW_CTX_TASK_ID='extract_zips' AIRFLOW_CTX_EXECUTION_DATE='2025-02-11T04:52:28.341441+00:00' AIRFLOW_CTX_TRY_NUMBER='2' AIRFLOW_CTX_DAG_RUN_ID='manual__2025-02-11T04:52:28.341441+00:00'
[2025-02-11T05:00:01.487+0000] {taskinstance.py:731} INFO - ::endgroup::
[2025-02-11T05:00:01.515+0000] {logging_mixin.py:190} INFO - ⚠️ Skipping /opt/***/tmp/sec_zips/2024q4.zip - Not a valid ZIP file
[2025-02-11T05:00:01.516+0000] {logging_mixin.py:190} INFO - ⚠️ Skipping /opt/***/tmp/sec_zips/2009q3.zip - Not a valid ZIP file
[2025-02-11T05:00:01.517+0000] {logging_mixin.py:190} INFO - ⚠️ Skipping /opt/***/tmp/sec_zips/2022q4.zip - Not a valid ZIP file
[2025-02-11T05:00:01.518+0000] {logging_mixin.py:190} INFO - ⚠️ Skipping /opt/***/tmp/sec_zips/2023q1.zip - Not a valid ZIP file
[2025-02-11T05:00:01.518+0000] {logging_mixin.py:190} INFO - ⚠️ Skipping /opt/***/tmp/sec_zips/2012q2.zip - Not a valid ZIP file
[2025-02-11T05:00:01.519+0000] {logging_mixin.py:190} INFO - ⚠️ Skipping /opt/***/tmp/sec_zips/2020q2.zip - Not a valid ZIP file
[2025-02-11T05:00:01.521+0000] {logging_mixin.py:190} INFO - ⚠️ Skipping /opt/***/tmp/sec_zips/2014q4.zip - Not a valid ZIP file
[2025-02-11T05:00:01.522+0000] {logging_mixin.py:190} INFO - ⚠️ Skipping /opt/***/tmp/sec_zips/2016q3.zip - Not a valid ZIP file
[2025-02-11T05:00:01.522+0000] {logging_mixin.py:190} INFO - ⚠️ Skipping /opt/***/tmp/sec_zips/2009q2.zip - Not a valid ZIP file
[2025-02-11T05:00:01.523+0000] {logging_mixin.py:190} INFO - ⚠️ Skipping /opt/***/tmp/sec_zips/2019q2.zip - Not a valid ZIP file
[2025-02-11T05:00:01.524+0000] {logging_mixin.py:190} INFO - ⚠️ Skipping /opt/***/tmp/sec_zips/2018q4.zip - Not a valid ZIP file
[2025-02-11T05:00:01.525+0000] {logging_mixin.py:190} INFO - ⚠️ Skipping /opt/***/tmp/sec_zips/2016q2.zip - Not a valid ZIP file
[2025-02-11T05:00:01.526+0000] {logging_mixin.py:190} INFO - ⚠️ Skipping /opt/***/tmp/sec_zips/2014q1.zip - Not a valid ZIP file
[2025-02-11T05:00:01.526+0000] {logging_mixin.py:190} INFO - ⚠️ Skipping /opt/***/tmp/sec_zips/2015q2.zip - Not a valid ZIP file
[2025-02-11T05:00:01.527+0000] {logging_mixin.py:190} INFO - ⚠️ Skipping /opt/***/tmp/sec_zips/2009q1.zip - Not a valid ZIP file
[2025-02-11T05:00:01.528+0000] {logging_mixin.py:190} INFO - ⚠️ Skipping /opt/***/tmp/sec_zips/2020q1.zip - Not a valid ZIP file
[2025-02-11T05:00:01.529+0000] {logging_mixin.py:190} INFO - ⚠️ Skipping /opt/***/tmp/sec_zips/2013q2.zip - Not a valid ZIP file
[2025-02-11T05:00:01.529+0000] {logging_mixin.py:190} INFO - ⚠️ Skipping /opt/***/tmp/sec_zips/2011q3.zip - Not a valid ZIP file
[2025-02-11T05:00:01.530+0000] {logging_mixin.py:190} INFO - ⚠️ Skipping /opt/***/tmp/sec_zips/2023q3.zip - Not a valid ZIP file
[2025-02-11T05:00:01.531+0000] {logging_mixin.py:190} INFO - ⚠️ Skipping /opt/***/tmp/sec_zips/2024q1.zip - Not a valid ZIP file
[2025-02-11T05:00:01.532+0000] {logging_mixin.py:190} INFO - ⚠️ Skipping /opt/***/tmp/sec_zips/2010q2.zip - Not a valid ZIP file
[2025-02-11T05:00:01.533+0000] {logging_mixin.py:190} INFO - ⚠️ Skipping /opt/***/tmp/sec_zips/2012q1.zip - Not a valid ZIP file
[2025-02-11T05:00:01.534+0000] {logging_mixin.py:190} INFO - ⚠️ Skipping /opt/***/tmp/sec_zips/2011q4.zip - Not a valid ZIP file
[2025-02-11T05:00:01.535+0000] {logging_mixin.py:190} INFO - ⚠️ Skipping /opt/***/tmp/sec_zips/2017q2.zip - Not a valid ZIP file
[2025-02-11T05:00:01.536+0000] {logging_mixin.py:190} INFO - ⚠️ Skipping /opt/***/tmp/sec_zips/2023q2.zip - Not a valid ZIP file
[2025-02-11T05:00:01.536+0000] {logging_mixin.py:190} INFO - ⚠️ Skipping /opt/***/tmp/sec_zips/2015q1.zip - Not a valid ZIP file
[2025-02-11T05:00:01.537+0000] {logging_mixin.py:190} INFO - ⚠️ Skipping /opt/***/tmp/sec_zips/2024q3.zip - Not a valid ZIP file
[2025-02-11T05:00:01.538+0000] {logging_mixin.py:190} INFO - ⚠️ Skipping /opt/***/tmp/sec_zips/2018q3.zip - Not a valid ZIP file
[2025-02-11T05:00:01.539+0000] {logging_mixin.py:190} INFO - ⚠️ Skipping /opt/***/tmp/sec_zips/2010q1.zip - Not a valid ZIP file
[2025-02-11T05:00:01.539+0000] {logging_mixin.py:190} INFO - ⚠️ Skipping /opt/***/tmp/sec_zips/2017q4.zip - Not a valid ZIP file
[2025-02-11T05:00:01.540+0000] {logging_mixin.py:190} INFO - ⚠️ Skipping /opt/***/tmp/sec_zips/2018q2.zip - Not a valid ZIP file
[2025-02-11T05:00:01.541+0000] {logging_mixin.py:190} INFO - ⚠️ Skipping /opt/***/tmp/sec_zips/2015q3.zip - Not a valid ZIP file
[2025-02-11T05:00:01.541+0000] {logging_mixin.py:190} INFO - ⚠️ Skipping /opt/***/tmp/sec_zips/2016q4.zip - Not a valid ZIP file
[2025-02-11T05:00:01.543+0000] {logging_mixin.py:190} INFO - ⚠️ Skipping /opt/***/tmp/sec_zips/2021q1.zip - Not a valid ZIP file
[2025-02-11T05:00:01.544+0000] {logging_mixin.py:190} INFO - ⚠️ Skipping /opt/***/tmp/sec_zips/2022q2.zip - Not a valid ZIP file
[2025-02-11T05:00:01.545+0000] {logging_mixin.py:190} INFO - ⚠️ Skipping /opt/***/tmp/sec_zips/2016q1.zip - Not a valid ZIP file
[2025-02-11T05:00:01.545+0000] {logging_mixin.py:190} INFO - ⚠️ Skipping /opt/***/tmp/sec_zips/2023q4.zip - Not a valid ZIP file
[2025-02-11T05:00:01.546+0000] {logging_mixin.py:190} INFO - ⚠️ Skipping /opt/***/tmp/sec_zips/2015q4.zip - Not a valid ZIP file
[2025-02-11T05:00:01.547+0000] {logging_mixin.py:190} INFO - ⚠️ Skipping /opt/***/tmp/sec_zips/2017q1.zip - Not a valid ZIP file
[2025-02-11T05:00:01.548+0000] {logging_mixin.py:190} INFO - ⚠️ Skipping /opt/***/tmp/sec_zips/2018q1.zip - Not a valid ZIP file
[2025-02-11T05:00:01.549+0000] {logging_mixin.py:190} INFO - ⚠️ Skipping /opt/***/tmp/sec_zips/2013q3.zip - Not a valid ZIP file
[2025-02-11T05:00:01.549+0000] {logging_mixin.py:190} INFO - ⚠️ Skipping /opt/***/tmp/sec_zips/2010q4.zip - Not a valid ZIP file
[2025-02-11T05:00:01.550+0000] {logging_mixin.py:190} INFO - ⚠️ Skipping /opt/***/tmp/sec_zips/2024q2.zip - Not a valid ZIP file
[2025-02-11T05:00:01.551+0000] {logging_mixin.py:190} INFO - ⚠️ Skipping /opt/***/tmp/sec_zips/2012q3.zip - Not a valid ZIP file
[2025-02-11T05:00:01.552+0000] {logging_mixin.py:190} INFO - ⚠️ Skipping /opt/***/tmp/sec_zips/2013q1.zip - Not a valid ZIP file
[2025-02-11T05:00:01.553+0000] {logging_mixin.py:190} INFO - ⚠️ Skipping /opt/***/tmp/sec_zips/2022q1.zip - Not a valid ZIP file
[2025-02-11T05:00:01.554+0000] {logging_mixin.py:190} INFO - ⚠️ Skipping /opt/***/tmp/sec_zips/2019q1.zip - Not a valid ZIP file
[2025-02-11T05:00:01.555+0000] {logging_mixin.py:190} INFO - ⚠️ Skipping /opt/***/tmp/sec_zips/2012q4.zip - Not a valid ZIP file
[2025-02-11T05:00:01.556+0000] {logging_mixin.py:190} INFO - ⚠️ Skipping /opt/***/tmp/sec_zips/2013q4.zip - Not a valid ZIP file
[2025-02-11T05:00:01.557+0000] {logging_mixin.py:190} INFO - ⚠️ Skipping /opt/***/tmp/sec_zips/2014q3.zip - Not a valid ZIP file
[2025-02-11T05:00:01.558+0000] {logging_mixin.py:190} INFO - ⚠️ Skipping /opt/***/tmp/sec_zips/2022q3.zip - Not a valid ZIP file
[2025-02-11T05:00:01.558+0000] {logging_mixin.py:190} INFO - ⚠️ Skipping /opt/***/tmp/sec_zips/2021q4.zip - Not a valid ZIP file
[2025-02-11T05:00:01.559+0000] {logging_mixin.py:190} INFO - ⚠️ Skipping /opt/***/tmp/sec_zips/2019q4.zip - Not a valid ZIP file
[2025-02-11T05:00:01.560+0000] {logging_mixin.py:190} INFO - ⚠️ Skipping /opt/***/tmp/sec_zips/2021q3.zip - Not a valid ZIP file
[2025-02-11T05:00:01.561+0000] {logging_mixin.py:190} INFO - ⚠️ Skipping /opt/***/tmp/sec_zips/2010q3.zip - Not a valid ZIP file
[2025-02-11T05:00:01.562+0000] {logging_mixin.py:190} INFO - ⚠️ Skipping /opt/***/tmp/sec_zips/2014q2.zip - Not a valid ZIP file
[2025-02-11T05:00:01.562+0000] {logging_mixin.py:190} INFO - ⚠️ Skipping /opt/***/tmp/sec_zips/2017q3.zip - Not a valid ZIP file
[2025-02-11T05:00:01.563+0000] {logging_mixin.py:190} INFO - ⚠️ Skipping /opt/***/tmp/sec_zips/2020q4.zip - Not a valid ZIP file
[2025-02-11T05:00:01.565+0000] {logging_mixin.py:190} INFO - ⚠️ Skipping /opt/***/tmp/sec_zips/2011q2.zip - Not a valid ZIP file
[2025-02-11T05:00:01.567+0000] {logging_mixin.py:190} INFO - ⚠️ Skipping /opt/***/tmp/sec_zips/2019q3.zip - Not a valid ZIP file
[2025-02-11T05:00:01.568+0000] {logging_mixin.py:190} INFO - ⚠️ Skipping /opt/***/tmp/sec_zips/2011q1.zip - Not a valid ZIP file
[2025-02-11T05:00:01.569+0000] {logging_mixin.py:190} INFO - ⚠️ Skipping /opt/***/tmp/sec_zips/2009q4.zip - Not a valid ZIP file
[2025-02-11T05:00:01.570+0000] {logging_mixin.py:190} INFO - ⚠️ Skipping /opt/***/tmp/sec_zips/2021q2.zip - Not a valid ZIP file
[2025-02-11T05:00:01.570+0000] {logging_mixin.py:190} INFO - ⚠️ Skipping /opt/***/tmp/sec_zips/2020q3.zip - Not a valid ZIP file
[2025-02-11T05:00:01.571+0000] {python.py:240} INFO - Done. Returned value was: /opt/***/tmp/sec_extracted
[2025-02-11T05:00:01.604+0000] {taskinstance.py:340} INFO - ::group::Post task execution logs
[2025-02-11T05:00:01.606+0000] {taskinstance.py:352} INFO - Marking task as SUCCESS. dag_id=sec_data_pipeline, task_id=extract_zips, run_id=manual__2025-02-11T04:52:28.341441+00:00, execution_date=20250211T045228, start_date=20250211T050001, end_date=20250211T050001
[2025-02-11T05:00:01.658+0000] {local_task_job_runner.py:266} INFO - Task exited with return code 0
[2025-02-11T05:00:01.696+0000] {taskinstance.py:3895} INFO - 1 downstream tasks scheduled from follow-on schedule check
[2025-02-11T05:00:01.701+0000] {local_task_job_runner.py:245} INFO - ::endgroup::
